2025-08-23 20:10:11,680 INFO [2025-08-23 20:10:11] C values: 1.245, 5.45, 15
[2025-08-23 21:09:18] Bournemouth vs Wolverhampton - C Values: {"T1_C": 1.05, "T2_C": 11, "T3_C": 81, "T4_C": 1.001, "T5_C": 1.05, "T6_C": 9.68, "T7_C": 2.53, "T8_C": 1.52, "T9_C": 1.975, "T10_C": 1.83, "T11_C": 2.2, "T12_C": 1.67, "T13_C": 6.8, "T14_C": 1.104, "T180_C": 6.8, "T181_C": 1.104}
[2025-08-23 21:12:30] Bournemouth vs Wolverhampton - C Values: {"T1_C": 1.05, "T2_C": 11, "T3_C": 101, "T4_C": 1.001, "T5_C": 1.05, "T6_C": 9.89, "T7_C": 2.78, "T8_C": 1.44, "T9_C": 2.175, "T10_C": 1.685, "T11_C": 2.41, "T12_C": 1.568, "T13_C": 7.7, "T14_C": 1.08, "T180_C": 7.7, "T181_C": 1.08}
[2025-08-23 21:13:01] Bournemouth vs Wolverhampton - C Values: {"T1_C": 1.06, "T2_C": 10, "T3_C": 81, "T4_C": 1.001, "T5_C": 1.06, "T6_C": 8.88, "T7_C": 2.94, "T8_C": 1.4, "T9_C": 2.175, "T10_C": 1.685, "T11_C": 2.55, "T12_C": 1.512, "T13_C": 6.8, "T14_C": 1.104, "T180_C": 6.8, "T181_C": 1.104}
[2025-08-23 21:13:32] Bournemouth vs Wolverhampton - C Values: {"T1_C": 1.07, "T2_C": 9, "T3_C": 81, "T4_C": 1.001, "T5_C": 1.07, "T6_C": 8.11, "T7_C": 3.064, "T8_C": 1.375, "T9_C": 2.175, "T10_C": 1.685, "T11_C": 2.68, "T12_C": 1.47, "T13_C": 6.2, "T14_C": 1.12, "T180_C": 6.2, "T181_C": 1.12}
[2025-08-23 21:14:03] Bournemouth vs Wolverhampton - C Values: {"T1_C": 1.07, "T2_C": 9, "T3_C": 81, "T4_C": 1.001, "T5_C": 1.07, "T6_C": 8.11, "T7_C": 3.2, "T8_C": 1.35, "T9_C": 2.28, "T10_C": 1.625, "T11_C": 2.68, "T12_C": 1.47, "T13_C": 6.2, "T14_C": 1.12, "T180_C": 6.2, "T181_C": 1.12}
[2025-08-23 21:14:34] Bournemouth vs Wolverhampton - C Values: {"T1_C": 1.06, "T2_C": 10, "T3_C": 81, "T4_C": 1.001, "T5_C": 1.06, "T6_C": 8.88, "T7_C": 3.064, "T8_C": 1.375, "T9_C": 2.28, "T10_C": 1.625, "T11_C": 2.68, "T12_C": 1.47, "T13_C": 6.65, "T14_C": 1.11, "T180_C": 6.65, "T181_C": 1.11}
[2025-08-23 21:15:04] Bournemouth vs Wolverhampton - C Values: {"T1_C": 1.03, "T2_C": 12.5, "T3_C": 149, "T7_C": 3.36, "T8_C": 1.32, "T9_C": 2.784, "T10_C": 1.44, "T11_C": 3.105, "T12_C": 1.37, "T13_C": 10, "T14_C": 1.048, "T180_C": 10, "T181_C": 1.048}
[2025-08-23 21:15:35] Bournemouth vs Wolverhampton - C Values: {"T1_C": 1.02, "T2_C": 14.5, "T3_C": 149, "T7_C": 2.78, "T8_C": 1.44, "T9_C": 2.28, "T10_C": 1.625, "T11_C": 2.55, "T12_C": 1.512, "T13_C": 10, "T14_C": 1.048, "T180_C": 10, "T181_C": 1.048}
[2025-08-23 21:16:06] Bournemouth vs Wolverhampton - C Values: {"T1_C": 1.02, "T2_C": 14.5, "T3_C": 196, "T7_C": 2.78, "T8_C": 1.44, "T9_C": 2.385, "T10_C": 1.575, "T11_C": 2.55, "T12_C": 1.512, "T13_C": 10, "T14_C": 1.048, "T180_C": 10, "T181_C": 1.048}
[2025-08-23 21:16:37] Bournemouth vs Wolverhampton - C Values: {"T1_C": 1.02, "T2_C": 14.5, "T3_C": 196, "T7_C": 2.94, "T8_C": 1.4, "T9_C": 2.485, "T10_C": 1.54, "T11_C": 2.68, "T12_C": 1.47, "T13_C": 10, "T14_C": 1.048, "T180_C": 10, "T181_C": 1.048}
[2025-08-23 21:17:07] Bournemouth vs Wolverhampton - C Values: {"T1_C": 1.016, "T2_C": 15, "T3_C": 372, "T7_C": 3.76, "T8_C": 1.27, "T9_C": 3.36, "T10_C": 1.32, "T11_C": 3.36, "T12_C": 1.325, "T13_C": 14.3, "T14_C": 1.016, "T180_C": 14.3, "T181_C": 1.016}
[2025-08-23 21:17:39] Bournemouth vs Wolverhampton - C Values: {"T1_C": 1.01, "T2_C": 16, "T3_C": 390, "T7_C": 3.92, "T8_C": 1.255, "T9_C": 3.32, "T10_C": 1.33, "T11_C": 3.6, "T12_C": 1.29, "T13_C": 14.3, "T14_C": 1.016, "T180_C": 14.3, "T181_C": 1.016}
[2025-08-23 21:18:10] Bournemouth vs Wolverhampton - C Values: {"T1_C": 1.016, "T2_C": 15, "T3_C": 293, "T7_C": 3.92, "T8_C": 1.255, "T9_C": 3.32, "T10_C": 1.33, "T11_C": 3.6, "T12_C": 1.29, "T13_C": 13.6, "T14_C": 1.02, "T180_C": 13.6, "T181_C": 1.02}
[2025-08-23 21:18:41] Bournemouth vs Wolverhampton - C Values: {"T1_C": 1.016, "T2_C": 15, "T3_C": 372, "T7_C": 4.72, "T8_C": 1.19, "T9_C": 4.06, "T10_C": 1.24, "T11_C": 4.17, "T12_C": 1.23, "T13_C": 14.3, "T14_C": 1.016, "T180_C": 14.3, "T181_C": 1.016}
[2025-08-23 21:19:13] Bournemouth vs Wolverhampton - C Values: {"T1_C": 1.016, "T2_C": 15, "T3_C": 309, "T7_C": 4.9, "T8_C": 1.175, "T11_C": 4.17, "T12_C": 1.23, "T13_C": 12.5, "T14_C": 1.025, "T180_C": 12.5, "T181_C": 1.025}
[2025-08-23 21:19:44] Bournemouth vs Wolverhampton - C Values: {"T1_C": 1.016, "T2_C": 15, "T3_C": 309, "T7_C": 4.76, "T8_C": 1.184, "T9_C": 4.06, "T10_C": 1.24, "T11_C": 4.34, "T12_C": 1.216, "T13_C": 12.5, "T14_C": 1.025, "T180_C": 12.5, "T181_C": 1.025}
[2025-08-23 21:20:14] Bournemouth vs Wolverhampton - C Values: {"T1_C": 1.016, "T2_C": 14.5, "T3_C": 352, "T7_C": 1.168, "T8_C": 5.05, "T11_C": 4.78, "T12_C": 1.184, "T13_C": 13.6, "T14_C": 1.02, "T180_C": 13.6, "T181_C": 1.02}
[2025-08-23 21:20:45] Bournemouth vs Wolverhampton - C Values: {"T1_C": 1.016, "T2_C": 15, "T3_C": 332, "T7_C": 1.168, "T8_C": 5.05, "T9_C": 4.78, "T10_C": 1.184, "T11_C": 5.25, "T12_C": 1.16, "T13_C": 13.6, "T14_C": 1.02, "T180_C": 13.6, "T181_C": 1.02}
[2025-08-23 21:21:17] Bournemouth vs Wolverhampton - C Values: {"T1_C": 1.016, "T2_C": 15, "T3_C": 309, "T7_C": 1.168, "T8_C": 5.05, "T9_C": 4.06, "T10_C": 1.24, "T11_C": 4.78, "T12_C": 1.184, "T13_C": 13.6, "T14_C": 1.02, "T180_C": 13.6, "T181_C": 1.02}
[2025-08-23 21:21:48] Bournemouth vs Wolverhampton - C Values: {"T1_C": 1.016, "T2_C": 15, "T3_C": 332, "T7_C": 1.168, "T8_C": 5.05, "T9_C": 4.78, "T10_C": 1.184, "T11_C": 5.25, "T12_C": 1.16, "T13_C": 13.6, "T14_C": 1.02, "T180_C": 13.6, "T181_C": 1.02}
[2025-08-23 21:22:10] Bournemouth vs Wolverhampton - C Values: {"T1_C": 1.016, "T2_C": 15, "T3_C": 372, "T7_C": 1.168, "T8_C": 5.05, "T9_C": 4.78, "T10_C": 1.184, "T11_C": 5.25, "T12_C": 1.16, "T13_C": 14.3, "T14_C": 1.016, "T180_C": 14.3, "T181_C": 1.016}
[2025-08-23 21:22:41] Bournemouth vs Wolverhampton - C Values: {"T1_C": 1.016, "T2_C": 15, "T3_C": 411, "T7_C": 1.175, "T8_C": 4.9, "T9_C": 5.45, "T10_C": 1.15, "T11_C": 5.7, "T12_C": 1.14, "T13_C": 14.3, "T14_C": 1.016, "T180_C": 14.3, "T181_C": 1.016}
[2025-08-23 21:22:59] Bournemouth vs Wolverhampton - C Values: {"T1_C": 1.016, "T2_C": 15, "T3_C": 411, "T7_C": 1.175, "T8_C": 4.9, "T9_C": 5.45, "T10_C": 1.15, "T11_C": 6.2, "T12_C": 1.12, "T13_C": 14.3, "T14_C": 1.016, "T180_C": 14.3, "T181_C": 1.016}
[2025-08-23 21:23:09] Bournemouth vs Wolverhampton - C Values: {"T1_C": 1.01, "T2_C": 16, "T3_C": 390, "T7_C": 1.175, "T8_C": 4.9, "T9_C": 6.05, "T10_C": 1.125, "T11_C": 6.2, "T12_C": 1.12, "T13_C": 15, "T14_C": 1.016, "T180_C": 15, "T181_C": 1.016}
[2025-08-23 21:23:21] Bournemouth vs Wolverhampton - C Values: {"T1_C": 1.01, "T2_C": 16, "T3_C": 390, "T7_C": 1.175, "T8_C": 4.9, "T9_C": 6.05, "T10_C": 1.125, "T11_C": 6.65, "T12_C": 1.11, "T13_C": 15, "T14_C": 1.016, "T180_C": 15, "T181_C": 1.016}
[2025-08-23 21:23:33] Bournemouth vs Wolverhampton - C Values: {"T1_C": 1.01, "T2_C": 16, "T3_C": 390, "T7_C": 1.175, "T8_C": 4.9, "T11_C": 6.65, "T12_C": 1.11, "T13_C": 15, "T14_C": 1.016, "T180_C": 15, "T181_C": 1.016}
[2025-08-23 21:23:46] Bournemouth vs Wolverhampton - C Values: {"T1_C": 1.01, "T2_C": 16, "T3_C": 390, "T7_C": 1.175, "T8_C": 4.9}
[2025-08-23 21:24:13] Bournemouth vs Wolverhampton - C Values: {"T1_C": 1.008, "T2_C": 17, "T3_C": 382, "T7_C": 1.175, "T8_C": 4.9}
[2025-08-23 21:24:26] Bournemouth vs Wolverhampton - C Values: {"T1_C": 1.008, "T2_C": 17, "T3_C": 382, "T7_C": 1.175, "T8_C": 4.9}
[2025-08-23 21:24:46] Bournemouth vs Wolverhampton - C Values: {"T1_C": 1.008, "T2_C": 17, "T3_C": 382, "T7_C": 1.175, "T8_C": 4.9}
[2025-08-23 21:24:55] Bournemouth vs Wolverhampton - C Values: {"T1_C": 1.008, "T2_C": 17, "T3_C": 340}
[2025-08-23 21:25:33] Bournemouth vs Wolverhampton - C Values: {"T1_C": 1.008, "T2_C": 18, "T3_C": 348}
[2025-08-23 21:25:46] Bournemouth vs Wolverhampton - C Values: {"T1_C": 1.005, "T2_C": 18, "T3_C": 317}
[2025-08-23 21:25:59] Bournemouth vs Wolverhampton - C Values: {"T1_C": 1.005, "T2_C": 18, "T3_C": 229}
[2025-08-23 21:26:17] Bournemouth vs Wolverhampton - C Values: {"T1_C": 1.005, "T2_C": 19, "T3_C": 235}
[2025-08-23 21:26:23] Bournemouth vs Wolverhampton - C Values: {"T1_C": 1.01, "T2_C": 16, "T3_C": 390}
