[2025-08-23 21:09:18] Brentford vs Birmingham - C Values: {"T1_C": 1.42, "T2_C": 3.68, "T3_C": 12.5, "T4_C": 1.04, "T5_C": 1.296, "T6_C": 2.915, "T7_C": 3.165, "T8_C": 1.36, "T9_C": 1.752, "T10_C": 2.075, "T11_C": 3.86, "T12_C": 1.26, "T13_C": 2.305, "T14_C": 1.616, "T180_C": 2.305, "T181_C": 1.616}
[2025-08-23 21:12:30] Brentford vs Birmingham - C Values: {"T1_C": 1.416, "T2_C": 3.5, "T3_C": 16, "T4_C": 1.025, "T5_C": 1.32, "T6_C": 2.925, "T7_C": 3.3, "T8_C": 1.33, "T9_C": 1.83, "T10_C": 1.975, "T11_C": 4.34, "T12_C": 1.216, "T13_C": 2.41, "T14_C": 1.568, "T180_C": 2.41, "T181_C": 1.568}
[2025-08-23 21:13:32] Brentford vs Birmingham - C Values: {"T1_C": 1.408, "T2_C": 3.48, "T3_C": 17, "T4_C": 1.02, "T5_C": 1.32, "T6_C": 2.96, "T7_C": 3.3, "T8_C": 1.33, "T9_C": 1.955, "T10_C": 1.848, "T11_C": 4.78, "T12_C": 1.184, "T13_C": 2.41, "T14_C": 1.568, "T180_C": 2.41, "T181_C": 1.568}
[2025-08-23 21:14:03] Brentford vs Birmingham - C Values: {"T1_C": 1.344, "T2_C": 3.78, "T3_C": 22, "T4_C": 1.01, "T5_C": 1.288, "T6_C": 3.275, "T7_C": 3.3, "T8_C": 1.33, "T9_C": 2.175, "T10_C": 1.685, "T11_C": 5.25, "T12_C": 1.16, "T13_C": 2.68, "T14_C": 1.47, "T180_C": 2.68, "T181_C": 1.47}
[2025-08-23 21:14:34] Brentford vs Birmingham - C Values: {"T1_C": 1.304, "T2_C": 3.75, "T3_C": 25, "T4_C": 1.01, "T5_C": 1.29, "T6_C": 3.36, "T7_C": 3.03, "T8_C": 1.384, "T9_C": 2.16, "T10_C": 1.696, "T11_C": 5.25, "T12_C": 1.16, "T13_C": 2.89, "T14_C": 1.416, "T180_C": 2.89, "T181_C": 1.416}
[2025-08-23 21:15:04] Brentford vs Birmingham - C Values: {"T1_C": 1.304, "T2_C": 4, "T3_C": 27, "T4_C": 1.006, "T5_C": 1.265, "T6_C": 3.52, "T7_C": 2.87, "T8_C": 1.42, "T9_C": 2.16, "T10_C": 1.696, "T11_C": 5.25, "T12_C": 1.16, "T13_C": 2.89, "T14_C": 1.416, "T180_C": 2.89, "T181_C": 1.416}
[2025-08-23 21:15:35] Brentford vs Birmingham - C Values: {"T1_C": 1.304, "T2_C": 4, "T3_C": 27, "T4_C": 1.006, "T5_C": 1.265, "T6_C": 3.52, "T7_C": 3.03, "T8_C": 1.384, "T9_C": 2.26, "T10_C": 1.64, "T11_C": 5.25, "T12_C": 1.16, "T13_C": 2.89, "T14_C": 1.416, "T180_C": 2.89, "T181_C": 1.416}
[2025-08-23 21:16:06] Brentford vs Birmingham - C Values: {"T1_C": 1.304, "T2_C": 4, "T3_C": 27, "T4_C": 1.006, "T5_C": 1.265, "T6_C": 3.52, "T7_C": 3.03, "T8_C": 1.384, "T9_C": 2.26, "T10_C": 1.64, "T11_C": 5.7, "T12_C": 1.14, "T13_C": 3.105, "T14_C": 1.37, "T180_C": 3.105, "T181_C": 1.37}
[2025-08-23 21:16:37] Brentford vs Birmingham - C Values: {"T1_C": 1.29, "T2_C": 4, "T3_C": 32, "T4_C": 1.001, "T5_C": 1.264, "T6_C": 3.6, "T7_C": 3.03, "T8_C": 1.384, "T9_C": 2.36, "T10_C": 1.59, "T11_C": 5.7, "T12_C": 1.14, "T13_C": 3.105, "T14_C": 1.37, "T180_C": 3.105, "T181_C": 1.37}
[2025-08-23 21:17:39] Brentford vs Birmingham - C Values: {"T1_C": 1.255, "T2_C": 4, "T3_C": 32, "T4_C": 1.003, "T5_C": 1.255, "T6_C": 3.69, "T7_C": 3.03, "T8_C": 1.384, "T9_C": 2.46, "T10_C": 1.545, "T11_C": 6.2, "T12_C": 1.12, "T13_C": 3.26, "T14_C": 1.34, "T180_C": 3.26, "T181_C": 1.34}
[2025-08-23 21:18:10] Brentford vs Birmingham - C Values: {"T1_C": 1.25, "T2_C": 4.33, "T3_C": 39, "T4_C": 1.001, "T5_C": 1.235, "T6_C": 3.93, "T7_C": 2.87, "T8_C": 1.42, "T9_C": 2.56, "T10_C": 1.51, "T11_C": 6.2, "T12_C": 1.12, "T13_C": 3.36, "T14_C": 1.325, "T180_C": 3.36, "T181_C": 1.325}
[2025-08-23 21:18:41] Brentford vs Birmingham - C Values: {"T1_C": 1.25, "T2_C": 4.33, "T3_C": 39, "T4_C": 1.001, "T5_C": 1.235, "T6_C": 3.93, "T7_C": 3.03, "T8_C": 1.384, "T9_C": 2.56, "T10_C": 1.51, "T11_C": 6.65, "T12_C": 1.11, "T13_C": 3.36, "T14_C": 1.325, "T180_C": 3.36, "T181_C": 1.325}
[2025-08-23 21:19:13] Brentford vs Birmingham - C Values: {"T1_C": 1.225, "T2_C": 4.33, "T3_C": 39, "T4_C": 1.001, "T5_C": 1.225, "T6_C": 4.01, "T7_C": 2.975, "T8_C": 1.395, "T9_C": 2.755, "T10_C": 1.45, "T11_C": 6.65, "T12_C": 1.11, "T13_C": 3.6, "T14_C": 1.29, "T180_C": 3.6, "T181_C": 1.29}
[2025-08-23 21:19:44] Brentford vs Birmingham - C Values: {"T1_C": 1.2, "T2_C": 4.75, "T3_C": 48, "T4_C": 1.001, "T5_C": 1.2, "T6_C": 4.39, "T7_C": 2.975, "T8_C": 1.395, "T9_C": 2.95, "T10_C": 1.4, "T11_C": 7.5, "T12_C": 1.085, "T13_C": 3.86, "T14_C": 1.26, "T180_C": 3.86, "T181_C": 1.26}
[2025-08-23 21:20:45] Brentford vs Birmingham - C Values: {"T1_C": 1.184, "T2_C": 5, "T3_C": 48, "T4_C": 1.001, "T5_C": 1.184, "T6_C": 4.61, "T7_C": 2.975, "T8_C": 1.395, "T9_C": 3.144, "T10_C": 1.36, "T11_C": 7.5, "T12_C": 1.085, "T13_C": 4.17, "T14_C": 1.23, "T180_C": 4.17, "T181_C": 1.23}
[2025-08-23 21:21:17] Brentford vs Birmingham - C Values: {"T1_C": 1.17, "T2_C": 5, "T3_C": 48, "T4_C": 1.001, "T5_C": 1.17, "T6_C": 4.67, "T7_C": 2.975, "T8_C": 1.395, "T9_C": 3.32, "T10_C": 1.33, "T11_C": 8.5, "T12_C": 1.07, "T13_C": 4.17, "T14_C": 1.23, "T180_C": 4.17, "T181_C": 1.23}
[2025-08-23 21:21:48] Brentford vs Birmingham - C Values: {"T1_C": 1.17, "T2_C": 5.45, "T3_C": 62, "T4_C": 1.001, "T5_C": 1.17, "T6_C": 5.08, "T7_C": 2.975, "T8_C": 1.395, "T9_C": 3.58, "T10_C": 1.29, "T11_C": 8.5, "T12_C": 1.07, "T13_C": 4.34, "T14_C": 1.216, "T180_C": 4.34, "T181_C": 1.216}
[2025-08-23 21:22:10] Brentford vs Birmingham - C Values: {"T1_C": 1.144, "T2_C": 5.5, "T3_C": 63, "T4_C": 1.001, "T5_C": 1.144, "T6_C": 5.18, "T7_C": 3.08, "T8_C": 1.375, "T9_C": 3.7, "T10_C": 1.275, "T11_C": 9.42, "T12_C": 1.056, "T13_C": 4.78, "T14_C": 1.184, "T180_C": 4.78, "T181_C": 1.184}
[2025-08-23 21:22:41] Brentford vs Birmingham - C Values: {"T1_C": 1.125, "T2_C": 6, "T3_C": 76, "T4_C": 1.001, "T5_C": 1.125, "T6_C": 5.67, "T7_C": 3.08, "T8_C": 1.375, "T11_C": 10, "T12_C": 1.048, "T13_C": 4.78, "T14_C": 1.184, "T180_C": 4.78, "T181_C": 1.184}
[2025-08-23 21:22:59] Brentford vs Birmingham - C Values: {"T1_C": 1.125, "T2_C": 6, "T3_C": 76, "T4_C": 1.001, "T5_C": 1.125, "T6_C": 5.67, "T7_C": 3.08, "T8_C": 1.375, "T9_C": 4.06, "T10_C": 1.24, "T11_C": 10, "T12_C": 1.048, "T13_C": 5.25, "T14_C": 1.16, "T180_C": 5.25, "T181_C": 1.16}
[2025-08-23 21:23:15] Brentford vs Birmingham - C Values: {"T1_C": 1.125, "T2_C": 6, "T3_C": 76, "T4_C": 1.001, "T5_C": 1.125, "T6_C": 5.67, "T7_C": 3.184, "T8_C": 1.352, "T9_C": 4.06, "T10_C": 1.24, "T11_C": 10, "T12_C": 1.048, "T13_C": 5.25, "T14_C": 1.16, "T180_C": 5.25, "T181_C": 1.16}
[2025-08-23 21:23:40] Brentford vs Birmingham - C Values: {"T1_C": 1.125, "T2_C": 6, "T3_C": 76, "T4_C": 1.001, "T5_C": 1.125, "T6_C": 5.67, "T7_C": 3.184, "T8_C": 1.352, "T11_C": 10, "T12_C": 1.048, "T13_C": 5.25, "T14_C": 1.16, "T180_C": 5.25, "T181_C": 1.16}
[2025-08-23 21:23:52] Brentford vs Birmingham - C Values: {"T1_C": 1.125, "T2_C": 6, "T3_C": 76, "T4_C": 1.001, "T5_C": 1.125, "T6_C": 5.67, "T7_C": 3.184, "T8_C": 1.352, "T11_C": 11.9, "T12_C": 1.03, "T13_C": 5.25, "T14_C": 1.16, "T180_C": 5.25, "T181_C": 1.16}
[2025-08-23 21:23:59] Brentford vs Birmingham - C Values: {"T1_C": 1.11, "T2_C": 6.5, "T3_C": 95, "T4_C": 1.001, "T5_C": 1.11, "T6_C": 6.17, "T7_C": 3.184, "T8_C": 1.352, "T9_C": 4.7, "T10_C": 1.19, "T11_C": 11.9, "T12_C": 1.03, "T13_C": 5.25, "T14_C": 1.16, "T180_C": 5.25, "T181_C": 1.16}
[2025-08-23 21:24:13] Brentford vs Birmingham - C Values: {"T1_C": 1.11, "T2_C": 6.5, "T3_C": 95, "T4_C": 1.001, "T5_C": 1.11, "T6_C": 6.17, "T7_C": 3.184, "T8_C": 1.352, "T9_C": 4.42, "T10_C": 1.21, "T11_C": 11.9, "T12_C": 1.03, "T13_C": 5.7, "T14_C": 1.14, "T180_C": 5.7, "T181_C": 1.14}
[2025-08-23 21:24:24] Brentford vs Birmingham - C Values: {"T1_C": 1.11, "T2_C": 6.5, "T3_C": 95, "T4_C": 1.001, "T5_C": 1.11, "T6_C": 6.17, "T7_C": 3.184, "T8_C": 1.352, "T9_C": 4.78, "T10_C": 1.184, "T11_C": 11.9, "T12_C": 1.03, "T13_C": 5.7, "T14_C": 1.14, "T180_C": 5.7, "T181_C": 1.14}
[2025-08-23 21:24:26] Brentford vs Birmingham - C Values: {"T1_C": 1.11, "T2_C": 6.5, "T3_C": 95, "T4_C": 1.001, "T5_C": 1.11, "T6_C": 6.17, "T7_C": 3.184, "T8_C": 1.352, "T9_C": 4.78, "T10_C": 1.184, "T11_C": 11.9, "T12_C": 1.03, "T13_C": 5.7, "T14_C": 1.14, "T180_C": 5.7, "T181_C": 1.14}
[2025-08-23 21:24:46] Brentford vs Birmingham - C Values: {"T1_C": 1.11, "T2_C": 6.5, "T3_C": 95, "T4_C": 1.001, "T5_C": 1.11, "T6_C": 6.17, "T7_C": 3.184, "T8_C": 1.352, "T9_C": 4.78, "T10_C": 1.184, "T11_C": 11.9, "T12_C": 1.03, "T13_C": 5.7, "T14_C": 1.14, "T180_C": 5.7, "T181_C": 1.14}
[2025-08-23 21:24:48] Brentford vs Birmingham - C Values: {"T1_C": 1.1, "T2_C": 7, "T3_C": 101, "T4_C": 1.001, "T5_C": 1.1, "T6_C": 6.59, "T7_C": 3.184, "T8_C": 1.352, "T9_C": 4.78, "T10_C": 1.184, "T11_C": 11.9, "T12_C": 1.03, "T13_C": 5.7, "T14_C": 1.14, "T180_C": 5.7, "T181_C": 1.14}
[2025-08-23 21:25:01] Brentford vs Birmingham - C Values: {"T1_C": 1.1, "T2_C": 7, "T3_C": 126, "T7_C": 3.184, "T8_C": 1.352, "T9_C": 4.78, "T10_C": 1.184, "T11_C": 11.9, "T12_C": 1.03, "T13_C": 6.2, "T14_C": 1.12, "T180_C": 6.2, "T181_C": 1.12}
[2025-08-23 21:25:22] Brentford vs Birmingham - C Values: {"T1_C": 1.07, "T2_C": 8.9, "T3_C": 150, "T7_C": 3.32, "T8_C": 1.33, "T9_C": 6.7, "T10_C": 1.104, "T11_C": 13.6, "T12_C": 1.02, "T13_C": 7.5, "T14_C": 1.085, "T180_C": 7.5, "T181_C": 1.085}
[2025-08-23 21:25:39] Brentford vs Birmingham - C Values: {"T1_C": 1.065, "T2_C": 8.9, "T3_C": 200, "T7_C": 3.32, "T8_C": 1.33, "T11_C": 14.3, "T12_C": 1.016, "T13_C": 8.5, "T14_C": 1.07, "T180_C": 8.5, "T181_C": 1.07}
[2025-08-23 21:25:53] Brentford vs Birmingham - C Values: {"T1_C": 1.065, "T2_C": 8.9, "T3_C": 200, "T7_C": 3.32, "T8_C": 1.33, "T9_C": 6.95, "T10_C": 1.1, "T11_C": 14.3, "T12_C": 1.016, "T13_C": 8.5, "T14_C": 1.07, "T180_C": 8.5, "T181_C": 1.07}
[2025-08-23 21:26:06] Brentford vs Birmingham - C Values: {"T1_C": 1.056, "T2_C": 9.9, "T3_C": 200, "T7_C": 3.32, "T8_C": 1.33, "T11_C": 14.3, "T12_C": 1.016, "T13_C": 9.42, "T14_C": 1.056, "T180_C": 9.42, "T181_C": 1.056}
[2025-08-23 21:26:23] Brentford vs Birmingham - C Values: {"T1_C": 1.056, "T2_C": 9.9, "T3_C": 249, "T7_C": 3.32, "T8_C": 1.33, "T11_C": 14.3, "T12_C": 1.016, "T13_C": 9.42, "T14_C": 1.056, "T180_C": 9.42, "T181_C": 1.056}
[2025-08-23 21:26:29] Brentford vs Birmingham - C Values: {"T1_C": 1.056, "T2_C": 9.9, "T3_C": 249, "T7_C": 3.32, "T8_C": 1.33, "T11_C": 15, "T12_C": 1.016, "T13_C": 9.42, "T14_C": 1.056, "T180_C": 9.42, "T181_C": 1.056}
[2025-08-23 21:26:48] Brentford vs Birmingham - C Values: {"T1_C": 1.045, "T2_C": 10.5, "T3_C": 249, "T7_C": 3.32, "T8_C": 1.33, "T9_C": 8.3, "T10_C": 1.07, "T11_C": 15, "T12_C": 1.016, "T13_C": 10, "T14_C": 1.048, "T180_C": 10, "T181_C": 1.048}
[2025-08-23 21:26:56] Brentford vs Birmingham - C Values: {"T1_C": 1.045, "T2_C": 10.5, "T3_C": 299, "T7_C": 3.32, "T8_C": 1.33, "T11_C": 15, "T12_C": 1.016, "T13_C": 10, "T14_C": 1.048, "T180_C": 10, "T181_C": 1.048}
[2025-08-23 21:27:01] Brentford vs Birmingham - C Values: {"T1_C": 1.045, "T2_C": 10.5, "T3_C": 299, "T7_C": 3.32, "T8_C": 1.33}
[2025-08-23 21:27:19] Brentford vs Birmingham - C Values: {"T1_C": 1.03, "T2_C": 12.5, "T3_C": 347, "T7_C": 3.32, "T8_C": 1.33}
[2025-08-23 21:27:26] Brentford vs Birmingham - C Values: {"T1_C": 1.03, "T2_C": 12.5, "T3_C": 347, "T7_C": 3.32, "T8_C": 1.33, "T9_C": 9.1, "T10_C": 1.06}
[2025-08-23 21:27:37] Brentford vs Birmingham - C Values: {"T1_C": 1.025, "T2_C": 12.5, "T3_C": 396, "T7_C": 3.32, "T8_C": 1.33}
[2025-08-23 21:27:55] Brentford vs Birmingham - C Values: {"T1_C": 1.025, "T2_C": 12.5, "T3_C": 447, "T7_C": 3.32, "T8_C": 1.33, "T9_C": 9.9, "T10_C": 1.05}
[2025-08-23 21:28:01] Brentford vs Birmingham - C Values: {"T1_C": 1.02, "T2_C": 14, "T3_C": 469}
[2025-08-23 21:28:26] Brentford vs Birmingham - C Values: {"T1_C": 1.016, "T2_C": 14.5, "T3_C": 436}
[2025-08-23 21:28:45] Brentford vs Birmingham - C Values: {"T1_C": 1.016, "T2_C": 15, "T3_C": 411}
[2025-08-23 21:29:09] Brentford vs Birmingham - C Values: {"T1_C": 1.01, "T2_C": 16, "T3_C": 390}
[2025-08-23 21:29:33] Brentford vs Birmingham - C Values: {"T1_C": 1.008, "T2_C": 17, "T3_C": 382}
