[2025-08-23 21:09:18] Burnley vs Sunderland - C Values: {"T1_C": 1.2, "T2_C": 4.75, "T3_C": 39, "T4_C": 1.001, "T5_C": 1.2, "T6_C": 4.33, "T7_C": 2.064, "T8_C": 1.76, "T9_C": 2.16, "T10_C": 1.696, "T11_C": 3.86, "T12_C": 1.26, "T13_C": 3.6, "T14_C": 1.29, "T180_C": 3.6, "T181_C": 1.29}
[2025-08-23 21:12:30] Burnley vs Sunderland - C Values: {"T1_C": 1.2, "T2_C": 4.75, "T3_C": 39, "T4_C": 1.001, "T5_C": 1.2, "T6_C": 4.33, "T7_C": 2.2, "T8_C": 1.67, "T9_C": 2.36, "T10_C": 1.59, "T11_C": 4.34, "T12_C": 1.216, "T13_C": 3.6, "T14_C": 1.29, "T180_C": 3.6, "T181_C": 1.29}
[2025-08-23 21:13:01] Burnley vs Sunderland - C Values: {"T1_C": 1.184, "T2_C": 5, "T3_C": 39, "T4_C": 1.001, "T5_C": 1.184, "T6_C": 4.54, "T7_C": 2.2, "T8_C": 1.67, "T9_C": 2.36, "T10_C": 1.59, "T11_C": 4.34, "T12_C": 1.216, "T13_C": 3.6, "T14_C": 1.29, "T180_C": 3.6, "T181_C": 1.29}
[2025-08-23 21:13:32] Burnley vs Sunderland - C Values: {"T1_C": 1.184, "T2_C": 5, "T3_C": 39, "T4_C": 1.001, "T5_C": 1.184, "T6_C": 4.54, "T7_C": 2.2, "T8_C": 1.67, "T9_C": 2.46, "T10_C": 1.545, "T11_C": 4.34, "T12_C": 1.216, "T13_C": 3.86, "T14_C": 1.26, "T180_C": 3.86, "T181_C": 1.26}
[2025-08-23 21:14:03] Burnley vs Sunderland - C Values: {"T1_C": 1.17, "T2_C": 5.5, "T3_C": 48, "T4_C": 1.001, "T5_C": 1.17, "T6_C": 4.99, "T7_C": 2.14, "T8_C": 1.71, "T9_C": 2.56, "T10_C": 1.51, "T11_C": 4.78, "T12_C": 1.184, "T13_C": 4.17, "T14_C": 1.23, "T180_C": 4.17, "T181_C": 1.23}
[2025-08-23 21:15:04] Burnley vs Sunderland - C Values: {"T1_C": 1.17, "T2_C": 5.5, "T3_C": 48, "T4_C": 1.001, "T5_C": 1.17, "T6_C": 4.99, "T7_C": 2.14, "T8_C": 1.71, "T9_C": 2.755, "T10_C": 1.45, "T11_C": 4.78, "T12_C": 1.184, "T13_C": 4.17, "T14_C": 1.23, "T180_C": 4.17, "T181_C": 1.23}
[2025-08-23 21:15:35] Burnley vs Sunderland - C Values: {"T1_C": 1.144, "T2_C": 5.5, "T3_C": 48, "T4_C": 1.001, "T5_C": 1.144, "T6_C": 5.09, "T7_C": 2.14, "T8_C": 1.71, "T9_C": 2.755, "T10_C": 1.45, "T11_C": 5.25, "T12_C": 1.16, "T13_C": 4.34, "T14_C": 1.216, "T180_C": 4.34, "T181_C": 1.216}
[2025-08-23 21:16:37] Burnley vs Sunderland - C Values: {"T1_C": 1.17, "T2_C": 5.5, "T3_C": 48, "T4_C": 1.001, "T5_C": 1.17, "T6_C": 4.99, "T7_C": 2.2, "T8_C": 1.67, "T9_C": 2.755, "T10_C": 1.45, "T11_C": 5.25, "T12_C": 1.16, "T13_C": 4.17, "T14_C": 1.23, "T180_C": 4.17, "T181_C": 1.23}
[2025-08-23 21:17:07] Burnley vs Sunderland - C Values: {"T1_C": 1.144, "T2_C": 5.5, "T3_C": 48, "T4_C": 1.001, "T5_C": 1.144, "T6_C": 5.09, "T7_C": 2.14, "T8_C": 1.71, "T9_C": 2.95, "T10_C": 1.4, "T11_C": 5.25, "T12_C": 1.16, "T13_C": 4.34, "T14_C": 1.216, "T180_C": 4.34, "T181_C": 1.216}
[2025-08-23 21:17:39] Burnley vs Sunderland - C Values: {"T1_C": 1.144, "T2_C": 6, "T3_C": 48, "T4_C": 1.001, "T5_C": 1.144, "T6_C": 5.41, "T7_C": 2.168, "T8_C": 1.69, "T9_C": 2.95, "T10_C": 1.4, "T11_C": 5.7, "T12_C": 1.14, "T13_C": 4.78, "T14_C": 1.184, "T180_C": 4.78, "T181_C": 1.184}
[2025-08-23 21:18:10] Burnley vs Sunderland - C Values: {"T1_C": 1.125, "T2_C": 6, "T3_C": 63, "T4_C": 1.001, "T5_C": 1.125, "T6_C": 5.6, "T7_C": 2.168, "T8_C": 1.69, "T9_C": 3.144, "T10_C": 1.36, "T11_C": 5.7, "T12_C": 1.14, "T13_C": 4.78, "T14_C": 1.184, "T180_C": 4.78, "T181_C": 1.184}
[2025-08-23 21:18:41] Burnley vs Sunderland - C Values: {"T1_C": 1.125, "T2_C": 6, "T3_C": 63, "T4_C": 1.001, "T5_C": 1.125, "T6_C": 5.6, "T7_C": 2.14, "T8_C": 1.71, "T9_C": 3.144, "T10_C": 1.36, "T11_C": 5.7, "T12_C": 1.14, "T13_C": 4.78, "T14_C": 1.184, "T180_C": 4.78, "T181_C": 1.184}
[2025-08-23 21:19:13] Burnley vs Sunderland - C Values: {"T1_C": 1.11, "T2_C": 6.5, "T3_C": 63, "T4_C": 1.001, "T5_C": 1.11, "T6_C": 6.02, "T7_C": 2.14, "T8_C": 1.71, "T9_C": 3.32, "T10_C": 1.33, "T11_C": 6.2, "T12_C": 1.12, "T13_C": 5.25, "T14_C": 1.16, "T180_C": 5.25, "T181_C": 1.16}
[2025-08-23 21:19:44] Burnley vs Sunderland - C Values: {"T1_C": 1.11, "T2_C": 6.5, "T3_C": 76, "T4_C": 1.001, "T5_C": 1.11, "T6_C": 6.09, "T7_C": 2.168, "T8_C": 1.69, "T9_C": 3.32, "T10_C": 1.33, "T11_C": 6.2, "T12_C": 1.12, "T13_C": 5.25, "T14_C": 1.16, "T180_C": 5.25, "T181_C": 1.16}
[2025-08-23 21:20:14] Burnley vs Sunderland - C Values: {"T1_C": 1.005, "T2_C": 20, "T3_C": 148, "T7_C": 2.395, "T8_C": 1.575, "T9_C": 3.58, "T10_C": 1.29, "T11_C": 7.5, "T12_C": 1.085, "T13_C": 5.25, "T14_C": 1.16, "T180_C": 5.25, "T181_C": 1.16}
[2025-08-23 21:20:45] Burnley vs Sunderland - C Values: {"T1_C": 1.005, "T2_C": 20, "T3_C": 148, "T7_C": 2.096, "T8_C": 1.74, "T9_C": 3.32, "T10_C": 1.33, "T11_C": 6.2, "T12_C": 1.12, "T13_C": 5.25, "T14_C": 1.16, "T180_C": 5.25, "T181_C": 1.16}
[2025-08-23 21:21:17] Burnley vs Sunderland - C Values: {"T1_C": 1.005, "T2_C": 20, "T3_C": 150, "T7_C": 2.096, "T8_C": 1.74, "T9_C": 3.58, "T10_C": 1.29, "T11_C": 6.65, "T12_C": 1.11, "T13_C": 5.7, "T14_C": 1.14, "T180_C": 5.7, "T181_C": 1.14}
[2025-08-23 21:21:48] Burnley vs Sunderland - C Values: {"T1_C": 1.005, "T2_C": 20, "T3_C": 172, "T7_C": 2.064, "T8_C": 1.76, "T9_C": 3.7, "T10_C": 1.275, "T11_C": 6.65, "T12_C": 1.11, "T13_C": 6.2, "T14_C": 1.12, "T180_C": 6.2, "T181_C": 1.12}
[2025-08-23 21:22:10] Burnley vs Sunderland - C Values: {"T1_C": 1.005, "T2_C": 20, "T3_C": 172, "T7_C": 2.064, "T8_C": 1.76, "T9_C": 4.06, "T10_C": 1.24, "T11_C": 6.65, "T12_C": 1.11, "T13_C": 6.2, "T14_C": 1.12, "T180_C": 6.2, "T181_C": 1.12}
[2025-08-23 21:22:41] Burnley vs Sunderland - C Values: {"T1_C": 1.005, "T2_C": 19, "T3_C": 194, "T7_C": 2.064, "T8_C": 1.76, "T9_C": 4.06, "T10_C": 1.24, "T11_C": 7.5, "T12_C": 1.085, "T13_C": 6.65, "T14_C": 1.11, "T180_C": 6.65, "T181_C": 1.11}
[2025-08-23 21:22:59] Burnley vs Sunderland - C Values: {"T1_C": 1.001, "T2_C": 20, "T3_C": 164, "T7_C": 2.064, "T8_C": 1.76, "T11_C": 7.5, "T12_C": 1.085, "T13_C": 6.65, "T14_C": 1.11, "T180_C": 6.65, "T181_C": 1.11}
[2025-08-23 21:23:04] Burnley vs Sunderland - C Values: {"T1_C": 1.001, "T2_C": 20, "T3_C": 164, "T7_C": 2.064, "T8_C": 1.76, "T9_C": 4.42, "T10_C": 1.21, "T11_C": 7.5, "T12_C": 1.085, "T13_C": 6.65, "T14_C": 1.11, "T180_C": 6.65, "T181_C": 1.11}
[2025-08-23 21:23:09] Burnley vs Sunderland - C Values: {"T1_C": 1.005, "T2_C": 20, "T3_C": 148, "T7_C": 2.04, "T8_C": 1.78, "T9_C": 3.32, "T10_C": 1.33, "T11_C": 6.2, "T12_C": 1.12, "T13_C": 5.7, "T14_C": 1.14, "T180_C": 5.7, "T181_C": 1.14}
[2025-08-23 21:23:15] Burnley vs Sunderland - C Values: {"T1_C": 1.005, "T2_C": 20, "T3_C": 148, "T7_C": 2.04, "T8_C": 1.78, "T9_C": 3.58, "T10_C": 1.29, "T11_C": 6.2, "T12_C": 1.12, "T13_C": 5.7, "T14_C": 1.14, "T180_C": 5.7, "T181_C": 1.14}
[2025-08-23 21:23:40] Burnley vs Sunderland - C Values: {"T1_C": 1.005, "T2_C": 20, "T3_C": 150, "T7_C": 2.064, "T8_C": 1.76, "T9_C": 3.58, "T10_C": 1.29, "T11_C": 6.2, "T12_C": 1.12, "T13_C": 5.7, "T14_C": 1.14, "T180_C": 5.7, "T181_C": 1.14}
[2025-08-23 21:23:46] Burnley vs Sunderland - C Values: {"T1_C": 1.005, "T2_C": 20, "T3_C": 172, "T7_C": 2.064, "T8_C": 1.76, "T9_C": 3.58, "T10_C": 1.29, "T11_C": 6.2, "T12_C": 1.12, "T13_C": 5.7, "T14_C": 1.14, "T180_C": 5.7, "T181_C": 1.14}
[2025-08-23 21:23:52] Burnley vs Sunderland - C Values: {"T1_C": 1.005, "T2_C": 20, "T3_C": 172, "T7_C": 1.856, "T8_C": 1.944, "T9_C": 3.32, "T10_C": 1.33, "T11_C": 5.25, "T12_C": 1.16, "T13_C": 5.7, "T14_C": 1.14, "T180_C": 5.7, "T181_C": 1.14}
[2025-08-23 21:23:59] Burnley vs Sunderland - C Values: {"T1_C": 1.005, "T2_C": 20, "T3_C": 172, "T7_C": 1.83, "T8_C": 1.975, "T9_C": 3.32, "T10_C": 1.33, "T11_C": 5.25, "T12_C": 1.16, "T13_C": 5.7, "T14_C": 1.14, "T180_C": 5.7, "T181_C": 1.14}
[2025-08-23 21:24:13] Burnley vs Sunderland - C Values: {"T1_C": 1.005, "T2_C": 20, "T3_C": 172, "T7_C": 1.83, "T8_C": 1.975, "T9_C": 3.32, "T10_C": 1.33, "T11_C": 5.7, "T12_C": 1.14, "T13_C": 5.7, "T14_C": 1.14, "T180_C": 5.7, "T181_C": 1.14}
[2025-08-23 21:24:17] Burnley vs Sunderland - C Values: {"T1_C": 1.005, "T2_C": 20, "T3_C": 172, "T7_C": 1.83, "T8_C": 1.975, "T9_C": 3.58, "T10_C": 1.29, "T11_C": 5.7, "T12_C": 1.14, "T13_C": 6.2, "T14_C": 1.12, "T180_C": 6.2, "T181_C": 1.12}
[2025-08-23 21:24:24] Burnley vs Sunderland - C Values: {"T1_C": 1.005, "T2_C": 20, "T3_C": 172, "T7_C": 2.064, "T8_C": 1.76, "T9_C": 3.7, "T10_C": 1.275, "T11_C": 6.65, "T12_C": 1.11, "T13_C": 6.2, "T14_C": 1.12, "T180_C": 6.2, "T181_C": 1.12}
[2025-08-23 21:24:26] Burnley vs Sunderland - C Values: {"T1_C": 1.005, "T2_C": 20, "T3_C": 172, "T7_C": 2.064, "T8_C": 1.76, "T9_C": 3.7, "T10_C": 1.275, "T11_C": 6.65, "T12_C": 1.11, "T13_C": 6.2, "T14_C": 1.12, "T180_C": 6.2, "T181_C": 1.12}
[2025-08-23 21:24:42] Burnley vs Sunderland - C Values: {"T1_C": 1.005, "T2_C": 20, "T3_C": 172, "T7_C": 1.904, "T8_C": 1.896, "T9_C": 15, "T10_C": 1.016, "T11_C": 6.2, "T12_C": 1.12, "T13_C": 6.2, "T14_C": 1.12, "T180_C": 6.2, "T181_C": 1.12}
[2025-08-23 21:24:46] Burnley vs Sunderland - C Values: {"T1_C": 1.005, "T2_C": 20, "T3_C": 172, "T7_C": 1.904, "T8_C": 1.896, "T9_C": 15, "T10_C": 1.016, "T11_C": 6.2, "T12_C": 1.12, "T13_C": 6.2, "T14_C": 1.12, "T180_C": 6.2, "T181_C": 1.12}
[2025-08-23 21:24:55] Burnley vs Sunderland - C Values: {"T1_C": 1.005, "T2_C": 20, "T3_C": 172, "T7_C": 1.904, "T8_C": 1.896, "T9_C": 3.92, "T10_C": 1.255, "T11_C": 6.2, "T12_C": 1.12, "T13_C": 6.2, "T14_C": 1.12, "T180_C": 6.2, "T181_C": 1.12}
[2025-08-23 21:25:08] Burnley vs Sunderland - C Values: {"T1_C": 1.005, "T2_C": 20, "T3_C": 172, "T7_C": 2.064, "T8_C": 1.76, "T9_C": 4.06, "T10_C": 1.24, "T11_C": 7.5, "T12_C": 1.085, "T13_C": 6.2, "T14_C": 1.12, "T180_C": 6.2, "T181_C": 1.12}
[2025-08-23 21:25:13] Burnley vs Sunderland - C Values: {"T1_C": 1.005, "T2_C": 19, "T3_C": 194, "T7_C": 2.064, "T8_C": 1.76, "T9_C": 4.06, "T10_C": 1.24, "T11_C": 7.5, "T12_C": 1.085, "T13_C": 6.65, "T14_C": 1.11, "T180_C": 6.65, "T181_C": 1.11}
[2025-08-23 21:25:33] Burnley vs Sunderland - C Values: {"T1_C": 1.005, "T2_C": 19, "T3_C": 194, "T7_C": 2.064, "T8_C": 1.76, "T11_C": 7.5, "T12_C": 1.085, "T13_C": 6.65, "T14_C": 1.11, "T180_C": 6.65, "T181_C": 1.11}
[2025-08-23 21:25:39] Burnley vs Sunderland - C Values: {"T1_C": 1.001, "T2_C": 20, "T3_C": 164, "T7_C": 2.064, "T8_C": 1.76, "T11_C": 7.5, "T12_C": 1.085, "T13_C": 6.65, "T14_C": 1.11, "T180_C": 6.65, "T181_C": 1.11}
[2025-08-23 21:25:59] Burnley vs Sunderland - C Values: {"T1_C": 1.001, "T2_C": 20, "T3_C": 164, "T7_C": 2.096, "T8_C": 1.74, "T9_C": 4.7, "T10_C": 1.19, "T11_C": 7.5, "T12_C": 1.085, "T13_C": 6.65, "T14_C": 1.11, "T180_C": 6.65, "T181_C": 1.11}
[2025-08-23 21:26:11] Burnley vs Sunderland - C Values: {"T1_C": 1.001, "T2_C": 20, "T3_C": 164, "T7_C": 2.096, "T8_C": 1.74, "T9_C": 4.42, "T10_C": 1.21, "T11_C": 7.5, "T12_C": 1.085, "T13_C": 6.65, "T14_C": 1.11, "T180_C": 6.65, "T181_C": 1.11}
[2025-08-23 21:26:17] Burnley vs Sunderland - C Values: {"T1_C": 1.001, "T2_C": 20, "T3_C": 164, "T7_C": 2.096, "T8_C": 1.74, "T9_C": 4.78, "T10_C": 1.184, "T11_C": 8.5, "T12_C": 1.07, "T13_C": 7.5, "T14_C": 1.085, "T180_C": 7.5, "T181_C": 1.085}
[2025-08-23 21:26:36] Burnley vs Sunderland - C Values: {"T1_C": 1.001, "T2_C": 20, "T3_C": 182, "T7_C": 2.096, "T8_C": 1.74, "T9_C": 4.78, "T10_C": 1.184, "T11_C": 8.5, "T12_C": 1.07, "T13_C": 7.5, "T14_C": 1.085, "T180_C": 7.5, "T181_C": 1.085}
[2025-08-23 21:27:01] Burnley vs Sunderland - C Values: {"T1_C": 1.001, "T2_C": 20, "T3_C": 182, "T7_C": 2.096, "T8_C": 1.74, "T11_C": 9.42, "T12_C": 1.056, "T13_C": 7.5, "T14_C": 1.085, "T180_C": 7.5, "T181_C": 1.085}
[2025-08-23 21:27:07] Burnley vs Sunderland - C Values: {"T1_C": 1.001, "T2_C": 20, "T3_C": 182, "T7_C": 2.096, "T8_C": 1.74, "T9_C": 5.45, "T10_C": 1.15, "T11_C": 9.42, "T12_C": 1.056, "T13_C": 8.5, "T14_C": 1.07, "T180_C": 8.5, "T181_C": 1.07}
[2025-08-23 21:27:31] Burnley vs Sunderland - C Values: {"T1_C": 1.001, "T2_C": 20, "T3_C": 200, "T7_C": 2.096, "T8_C": 1.74, "T9_C": 5.45, "T10_C": 1.15, "T11_C": 9.42, "T12_C": 1.056, "T13_C": 8.5, "T14_C": 1.07, "T180_C": 8.5, "T181_C": 1.07}
[2025-08-23 21:27:47] Burnley vs Sunderland - C Values: {"T1_C": 1.001, "T2_C": 20, "T3_C": 200, "T7_C": 2.096, "T8_C": 1.74, "T11_C": 10, "T12_C": 1.048, "T13_C": 8.5, "T14_C": 1.07, "T180_C": 8.5, "T181_C": 1.07}
[2025-08-23 21:28:07] Burnley vs Sunderland - C Values: {"T7_C": 2.14, "T8_C": 1.71, "T9_C": 6.45, "T10_C": 1.112, "T11_C": 10, "T12_C": 1.048, "T13_C": 9.42, "T14_C": 1.056, "T180_C": 9.42, "T181_C": 1.056}
[2025-08-23 21:28:20] Burnley vs Sunderland - C Values: {"T7_C": 2.14, "T8_C": 1.71, "T11_C": 10, "T12_C": 1.048, "T13_C": 9.42, "T14_C": 1.056, "T180_C": 9.42, "T181_C": 1.056}
[2025-08-23 21:28:26] Burnley vs Sunderland - C Values: {"T7_C": 2.075, "T8_C": 1.752, "T11_C": 10, "T12_C": 1.048, "T13_C": 9.42, "T14_C": 1.056, "T180_C": 9.42, "T181_C": 1.056}
[2025-08-23 21:28:39] Burnley vs Sunderland - C Values: {"T7_C": 2.075, "T8_C": 1.752, "T9_C": 7.1, "T10_C": 1.096, "T11_C": 11.9, "T12_C": 1.03, "T13_C": 10, "T14_C": 1.048, "T180_C": 10, "T181_C": 1.048}
[2025-08-23 21:28:45] Burnley vs Sunderland - C Values: {"T7_C": 2.075, "T8_C": 1.752, "T11_C": 11.9, "T12_C": 1.03, "T13_C": 10, "T14_C": 1.048, "T180_C": 10, "T181_C": 1.048}
[2025-08-23 21:29:03] Burnley vs Sunderland - C Values: {"T7_C": 2.075, "T8_C": 1.752, "T9_C": 6.95, "T10_C": 1.1, "T11_C": 11.9, "T12_C": 1.03, "T13_C": 10, "T14_C": 1.048, "T180_C": 10, "T181_C": 1.048}
[2025-08-23 21:29:21] Burnley vs Sunderland - C Values: {"T7_C": 2.075, "T8_C": 1.752, "T11_C": 11.9, "T12_C": 1.03, "T13_C": 10, "T14_C": 1.048, "T180_C": 10, "T181_C": 1.048}
[2025-08-23 21:29:27] Burnley vs Sunderland - C Values: {"T7_C": 2.075, "T8_C": 1.752, "T9_C": 7, "T10_C": 1.1, "T11_C": 12.5, "T12_C": 1.025, "T13_C": 11.9, "T14_C": 1.03, "T180_C": 11.9, "T181_C": 1.03}
[2025-08-23 21:29:33] Burnley vs Sunderland - C Values: {"T7_C": 2.075, "T8_C": 1.752, "T11_C": 12.5, "T12_C": 1.025, "T13_C": 11.9, "T14_C": 1.03, "T180_C": 11.9, "T181_C": 1.03}
[2025-08-23 21:29:52] Burnley vs Sunderland - C Values: {"T7_C": 2.075, "T8_C": 1.752, "T9_C": 8.3, "T10_C": 1.07}
[2025-08-23 21:29:59] Burnley vs Sunderland - C Values: {"T7_C": 2.1, "T8_C": 1.735}
[2025-08-23 21:30:31] Burnley vs Sunderland - C Values: {"T7_C": 2.1, "T8_C": 1.735, "T9_C": 9.1, "T10_C": 1.06}
[2025-08-23 21:30:43] Burnley vs Sunderland - C Values: {"T7_C": 2.1, "T8_C": 1.735}
