[2025-08-23 22:02:15] Genoa vs Lecce - C Values: {"T1_C": 1.752, "T2_C": 3.4, "T3_C": 5.25, "T4_C": 1.18, "T5_C": 1.336, "T6_C": 2.08, "T7_C": 2.408, "T8_C": 1.57, "T9_C": 1.875, "T10_C": 1.925, "T11_C": 2.145, "T12_C": 1.704, "T13_C": 1.9, "T14_C": 1.9, "T180_C": 2.22, "T181_C": 1.66}
[2025-08-23 22:04:18] Genoa vs Lecce - C Values: {"T1_C": 1.76, "T2_C": 3.46, "T3_C": 5.05, "T4_C": 1.185, "T5_C": 1.325, "T6_C": 2.075, "T7_C": 2.46, "T8_C": 1.545, "T9_C": 1.875, "T10_C": 1.925, "T11_C": 2.145, "T12_C": 1.704, "T13_C": 1.845, "T14_C": 1.955, "T180_C": 2.22, "T181_C": 1.66}
[2025-08-23 22:04:44] Genoa vs Lecce - C Values: {"T1_C": 1.76, "T2_C": 3.46, "T3_C": 5.05, "T4_C": 1.185, "T5_C": 1.325, "T6_C": 2.075, "T7_C": 2.46, "T8_C": 1.545, "T9_C": 1.875, "T10_C": 1.925, "T11_C": 2.245, "T12_C": 1.648, "T13_C": 1.845, "T14_C": 1.955, "T180_C": 2.22, "T181_C": 1.66}
[2025-08-23 22:04:50] Genoa vs Lecce - C Values: {"T1_C": 1.77, "T2_C": 3.42, "T3_C": 5.05, "T4_C": 1.19, "T5_C": 1.33, "T6_C": 2.06, "T7_C": 2.46, "T8_C": 1.545, "T9_C": 1.875, "T10_C": 1.925, "T11_C": 2.245, "T12_C": 1.648, "T13_C": 1.845, "T14_C": 1.955, "T180_C": 2.22, "T181_C": 1.66}
[2025-08-23 22:05:08] Genoa vs Lecce - C Values: {"T1_C": 1.792, "T2_C": 3.38, "T3_C": 4.98, "T4_C": 1.192, "T5_C": 1.34, "T6_C": 2.03, "T7_C": 2.46, "T8_C": 1.545, "T9_C": 1.875, "T10_C": 1.925, "T11_C": 2.245, "T12_C": 1.648, "T13_C": 1.845, "T14_C": 1.955, "T180_C": 2.22, "T181_C": 1.66}
[2025-08-23 22:05:27] Genoa vs Lecce - C Values: {"T1_C": 1.792, "T2_C": 3.38, "T3_C": 4.98, "T4_C": 1.192, "T5_C": 1.34, "T6_C": 2.03, "T7_C": 2.46, "T8_C": 1.545, "T9_C": 1.9, "T10_C": 1.9, "T11_C": 2.245, "T12_C": 1.648, "T13_C": 1.845, "T14_C": 1.955, "T180_C": 2.22, "T181_C": 1.66}
[2025-08-23 22:05:48] Genoa vs Lecce - C Values: {"T1_C": 1.792, "T2_C": 3.38, "T3_C": 4.98, "T4_C": 1.192, "T5_C": 1.34, "T6_C": 2.03, "T7_C": 2.53, "T8_C": 1.52, "T9_C": 1.9, "T10_C": 1.9, "T11_C": 2.245, "T12_C": 1.648, "T13_C": 1.845, "T14_C": 1.955, "T180_C": 2.22, "T181_C": 1.66}
[2025-08-23 22:06:43] Genoa vs Lecce - C Values: {"T1_C": 1.835, "T2_C": 3.3, "T3_C": 4.84, "T4_C": 1.2, "T5_C": 1.35, "T6_C": 1.98, "T7_C": 2.625, "T8_C": 1.49, "T9_C": 1.925, "T10_C": 1.875, "T11_C": 2.31, "T12_C": 1.615, "T13_C": 1.845, "T14_C": 1.955, "T180_C": 2.22, "T181_C": 1.66}
[2025-08-23 22:07:34] Genoa vs Lecce - C Values: {"T1_C": 1.85, "T2_C": 3.28, "T3_C": 4.8, "T4_C": 1.205, "T5_C": 1.352, "T6_C": 1.965, "T7_C": 2.704, "T8_C": 1.464, "T9_C": 1.925, "T10_C": 1.875, "T11_C": 2.31, "T12_C": 1.615, "T13_C": 1.77, "T14_C": 2.05, "T180_C": 2.22, "T181_C": 1.66}
[2025-08-23 22:07:52] Genoa vs Lecce - C Values: {"T1_C": 1.85, "T2_C": 3.28, "T3_C": 4.8, "T4_C": 1.205, "T5_C": 1.352, "T6_C": 1.965, "T7_C": 2.704, "T8_C": 1.464, "T9_C": 1.95, "T10_C": 1.85, "T11_C": 2.31, "T12_C": 1.615, "T13_C": 1.845, "T14_C": 1.955, "T180_C": 2.22, "T181_C": 1.66}
[2025-08-23 22:08:04] Genoa vs Lecce - C Values: {"T1_C": 1.87, "T2_C": 3.32, "T3_C": 4.58, "T4_C": 1.216, "T5_C": 1.35, "T6_C": 1.94, "T7_C": 2.704, "T8_C": 1.464, "T9_C": 1.95, "T10_C": 1.85, "T11_C": 2.31, "T12_C": 1.615, "T13_C": 1.77, "T14_C": 2.05, "T180_C": 2.22, "T181_C": 1.66}
[2025-08-23 22:08:28] Genoa vs Lecce - C Values: {"T1_C": 1.91, "T2_C": 3.24, "T3_C": 4.5, "T4_C": 1.225, "T5_C": 1.36, "T6_C": 1.9, "T7_C": 2.78, "T8_C": 1.44, "T9_C": 1.925, "T10_C": 1.875, "T11_C": 2.31, "T12_C": 1.615, "T13_C": 1.77, "T14_C": 2.05, "T180_C": 2.16, "T181_C": 1.696}
[2025-08-23 22:09:05] Genoa vs Lecce - C Values: {"T1_C": 1.91, "T2_C": 3.24, "T3_C": 4.5, "T4_C": 1.225, "T5_C": 1.36, "T6_C": 1.9, "T7_C": 2.78, "T8_C": 1.44, "T9_C": 1.95, "T10_C": 1.85, "T11_C": 2.31, "T12_C": 1.615, "T13_C": 1.77, "T14_C": 2.05, "T180_C": 2.16, "T181_C": 1.696}
[2025-08-23 22:09:24] Genoa vs Lecce - C Values: {"T1_C": 1.91, "T2_C": 3.24, "T3_C": 4.5, "T4_C": 1.225, "T5_C": 1.36, "T6_C": 1.9, "T7_C": 2.78, "T8_C": 1.44, "T9_C": 1.95, "T10_C": 1.85, "T11_C": 2.31, "T12_C": 1.615, "T13_C": 1.77, "T14_C": 2.05, "T180_C": 2.22, "T181_C": 1.66}
[2025-08-23 22:09:37] Genoa vs Lecce - C Values: {"T1_C": 1.91, "T2_C": 3.24, "T3_C": 4.5, "T4_C": 1.225, "T5_C": 1.36, "T6_C": 1.9, "T7_C": 2.78, "T8_C": 1.44, "T9_C": 1.98, "T10_C": 1.825, "T11_C": 1.61, "T12_C": 2.312, "T13_C": 1.77, "T14_C": 2.05, "T180_C": 2.22, "T181_C": 1.66}
[2025-08-23 22:10:30] Genoa vs Lecce - C Values: {"T1_C": 1.92, "T2_C": 3.22, "T3_C": 4.52, "T4_C": 1.22, "T5_C": 1.368, "T6_C": 1.896, "T7_C": 2.78, "T8_C": 1.44, "T9_C": 2.008, "T10_C": 1.8, "T11_C": 1.61, "T12_C": 2.312, "T13_C": 1.845, "T14_C": 1.955, "T180_C": 2.22, "T181_C": 1.66}
[2025-08-23 22:10:37] Genoa vs Lecce - C Values: {"T1_C": 1.92, "T2_C": 3.22, "T3_C": 4.52, "T4_C": 1.22, "T5_C": 1.368, "T6_C": 1.896, "T7_C": 2.78, "T8_C": 1.44, "T9_C": 1.98, "T10_C": 1.825, "T11_C": 1.61, "T12_C": 2.312, "T13_C": 1.77, "T14_C": 2.05, "T180_C": 2.22, "T181_C": 1.66}
[2025-08-23 22:10:43] Genoa vs Lecce - C Values: {"T1_C": 1.92, "T2_C": 3.22, "T3_C": 4.52, "T4_C": 1.22, "T5_C": 1.368, "T6_C": 1.896, "T7_C": 2.78, "T8_C": 1.44, "T9_C": 2.008, "T10_C": 1.8, "T11_C": 1.61, "T12_C": 2.312, "T13_C": 1.77, "T14_C": 2.05, "T180_C": 2.22, "T181_C": 1.66}
[2025-08-23 22:11:14] Genoa vs Lecce - C Values: {"T1_C": 1.92, "T2_C": 3.22, "T3_C": 4.52, "T4_C": 1.22, "T5_C": 1.368, "T6_C": 1.896, "T7_C": 2.78, "T8_C": 1.44, "T9_C": 2.04, "T10_C": 1.775, "T11_C": 1.61, "T12_C": 2.312, "T13_C": 1.845, "T14_C": 1.955, "T180_C": 2.22, "T181_C": 1.66}
[2025-08-23 22:11:20] Genoa vs Lecce - C Values: {"T1_C": 1.955, "T2_C": 3.2, "T3_C": 4.34, "T4_C": 1.235, "T5_C": 1.368, "T6_C": 1.86, "T7_C": 3.025, "T8_C": 1.384, "T9_C": 2.04, "T10_C": 1.775, "T11_C": 1.67, "T12_C": 2.205, "T13_C": 1.77, "T14_C": 2.05, "T180_C": 2.22, "T181_C": 1.66}
[2025-08-23 22:11:26] Genoa vs Lecce - C Values: {"T1_C": 1.975, "T2_C": 3.136, "T3_C": 4.38, "T4_C": 1.23, "T5_C": 1.38, "T6_C": 1.845, "T7_C": 3.025, "T8_C": 1.384, "T9_C": 2.11, "T10_C": 1.73, "T11_C": 1.67, "T12_C": 2.205, "T13_C": 1.845, "T14_C": 1.955, "T180_C": 2.33, "T181_C": 1.605}
[2025-08-23 22:11:56] Genoa vs Lecce - C Values: {"T1_C": 1.975, "T2_C": 3.136, "T3_C": 4.38, "T4_C": 1.23, "T5_C": 1.38, "T6_C": 1.845, "T7_C": 3.025, "T8_C": 1.384, "T9_C": 2.184, "T10_C": 1.68, "T11_C": 1.67, "T12_C": 2.205, "T13_C": 1.845, "T14_C": 1.955, "T180_C": 2.33, "T181_C": 1.605}
[2025-08-23 22:12:14] Genoa vs Lecce - C Values: {"T1_C": 1.975, "T2_C": 3.136, "T3_C": 4.38, "T4_C": 1.23, "T5_C": 1.38, "T6_C": 1.845, "T7_C": 3.025, "T8_C": 1.384, "T9_C": 2.184, "T10_C": 1.68, "T11_C": 1.67, "T12_C": 2.205, "T13_C": 1.77, "T14_C": 2.05, "T180_C": 2.33, "T181_C": 1.605}
[2025-08-23 22:12:33] Genoa vs Lecce - C Values: {"T1_C": 1.975, "T2_C": 3.136, "T3_C": 4.38, "T4_C": 1.23, "T5_C": 1.38, "T6_C": 1.845, "T7_C": 1.4, "T8_C": 2.94, "T9_C": 2.184, "T10_C": 1.68, "T11_C": 1.67, "T12_C": 2.205, "T13_C": 1.77, "T14_C": 2.05, "T180_C": 2.33, "T181_C": 1.605}
[2025-08-23 22:12:52] Genoa vs Lecce - C Values: {"T1_C": 1.975, "T2_C": 3.136, "T3_C": 4.38, "T4_C": 1.23, "T5_C": 1.38, "T6_C": 1.845, "T7_C": 3.025, "T8_C": 1.384, "T9_C": 2.23, "T10_C": 1.656, "T11_C": 1.744, "T12_C": 2.09, "T13_C": 1.845, "T14_C": 1.955, "T180_C": 2.33, "T181_C": 1.605}
[2025-08-23 22:13:04] Genoa vs Lecce - C Values: {"T1_C": 2.064, "T2_C": 3.125, "T3_C": 4.02, "T4_C": 1.26, "T5_C": 1.384, "T6_C": 1.775, "T7_C": 1.464, "T8_C": 2.704, "T9_C": 2.11, "T10_C": 1.73, "T11_C": 1.744, "T12_C": 2.09, "T13_C": 1.704, "T14_C": 2.145, "T180_C": 2.22, "T181_C": 1.66}
[2025-08-23 22:13:23] Genoa vs Lecce - C Values: {"T1_C": 2.064, "T2_C": 3.125, "T3_C": 4.02, "T4_C": 1.26, "T5_C": 1.384, "T6_C": 1.775, "T7_C": 1.464, "T8_C": 2.704, "T9_C": 2.11, "T10_C": 1.73, "T11_C": 1.744, "T12_C": 2.09, "T13_C": 1.77, "T14_C": 2.05, "T180_C": 2.22, "T181_C": 1.66}
[2025-08-23 22:13:42] Genoa vs Lecce - C Values: {"T1_C": 2.064, "T2_C": 3.125, "T3_C": 4.02, "T4_C": 1.26, "T5_C": 1.384, "T6_C": 1.775, "T7_C": 1.464, "T8_C": 2.704, "T9_C": 2.144, "T10_C": 1.704, "T11_C": 1.744, "T12_C": 2.09, "T13_C": 1.77, "T14_C": 2.05, "T180_C": 2.22, "T181_C": 1.66}
[2025-08-23 22:14:00] Genoa vs Lecce - C Values: {"T1_C": 2.064, "T2_C": 3.125, "T3_C": 4.02, "T4_C": 1.26, "T5_C": 1.384, "T6_C": 1.775, "T7_C": 1.464, "T8_C": 2.704, "T9_C": 2.184, "T10_C": 1.68, "T11_C": 1.744, "T12_C": 2.09, "T13_C": 1.77, "T14_C": 2.05, "T180_C": 2.22, "T181_C": 1.66}
[2025-08-23 22:14:38] Genoa vs Lecce - C Values: {"T1_C": 2.064, "T2_C": 3.125, "T3_C": 4.02, "T4_C": 1.26, "T5_C": 1.384, "T6_C": 1.775, "T7_C": 1.464, "T8_C": 2.704, "T9_C": 2.184, "T10_C": 1.68, "T11_C": 1.744, "T12_C": 2.09, "T13_C": 1.77, "T14_C": 2.05, "T180_C": 2.33, "T181_C": 1.605}
[2025-08-23 22:14:51] Genoa vs Lecce - C Values: {"T1_C": 2.064, "T2_C": 3.125, "T3_C": 4.02, "T4_C": 1.26, "T5_C": 1.384, "T6_C": 1.775, "T7_C": 1.44, "T8_C": 2.78, "T9_C": 2.23, "T10_C": 1.656, "T11_C": 1.744, "T12_C": 2.09, "T13_C": 1.77, "T14_C": 2.05, "T180_C": 2.33, "T181_C": 1.605}
[2025-08-23 22:14:56] Genoa vs Lecce - C Values: {"T1_C": 2.112, "T2_C": 3.02, "T3_C": 4.02, "T4_C": 1.26, "T5_C": 1.405, "T6_C": 1.74, "T7_C": 1.464, "T8_C": 2.704, "T9_C": 1.704, "T10_C": 2.144, "T11_C": 1.86, "T12_C": 1.94, "T13_C": 1.77, "T14_C": 2.05, "T180_C": 2.435, "T181_C": 1.555}
[2025-08-23 22:15:02] Genoa vs Lecce - C Values: {"T1_C": 2.085, "T2_C": 3.05, "T3_C": 4.06, "T4_C": 1.26, "T5_C": 1.395, "T6_C": 1.76, "T7_C": 1.44, "T8_C": 2.78, "T9_C": 1.704, "T10_C": 2.144, "T11_C": 1.845, "T12_C": 1.96, "T13_C": 1.845, "T14_C": 1.955, "T180_C": 2.435, "T181_C": 1.555}
[2025-08-23 22:15:32] Genoa vs Lecce - C Values: {"T1_C": 2.112, "T2_C": 3.02, "T3_C": 4.02, "T4_C": 1.26, "T5_C": 1.405, "T6_C": 1.74, "T7_C": 1.464, "T8_C": 2.704, "T9_C": 1.704, "T10_C": 2.144, "T11_C": 1.86, "T12_C": 1.94, "T13_C": 1.77, "T14_C": 2.05, "T180_C": 2.435, "T181_C": 1.555}
[2025-08-23 22:15:38] Genoa vs Lecce - C Values: {"T1_C": 2.112, "T2_C": 3.02, "T3_C": 4.02, "T4_C": 1.26, "T5_C": 1.405, "T6_C": 1.74, "T7_C": 1.464, "T8_C": 2.704, "T9_C": 1.704, "T10_C": 2.144, "T11_C": 1.85, "T12_C": 1.952, "T13_C": 1.845, "T14_C": 1.955, "T180_C": 2.435, "T181_C": 1.555}
[2025-08-23 22:15:56] Genoa vs Lecce - C Values: {"T1_C": 2.112, "T2_C": 3.02, "T3_C": 4.02, "T4_C": 1.26, "T5_C": 1.405, "T6_C": 1.74, "T7_C": 1.44, "T8_C": 2.78, "T9_C": 1.704, "T10_C": 2.144, "T11_C": 1.87, "T12_C": 1.93, "T13_C": 1.845, "T14_C": 1.955, "T180_C": 2.435, "T181_C": 1.555}
[2025-08-23 22:16:21] Genoa vs Lecce - C Values: {"T1_C": 2.112, "T2_C": 3.02, "T3_C": 4.02, "T4_C": 1.26, "T5_C": 1.405, "T6_C": 1.74, "T7_C": 1.464, "T8_C": 2.704, "T9_C": 1.704, "T10_C": 2.144, "T11_C": 1.896, "T12_C": 1.904, "T13_C": 1.845, "T14_C": 1.955, "T180_C": 2.435, "T181_C": 1.555}
[2025-08-23 22:16:34] Genoa vs Lecce - C Values: {"T1_C": 2.085, "T2_C": 3.05, "T3_C": 4.06, "T4_C": 1.26, "T5_C": 1.395, "T6_C": 1.76, "T7_C": 1.44, "T8_C": 2.78, "T9_C": 1.704, "T10_C": 2.144, "T11_C": 1.825, "T12_C": 1.98, "T13_C": 1.845, "T14_C": 1.955, "T180_C": 2.435, "T181_C": 1.555}
[2025-08-23 22:16:40] Genoa vs Lecce - C Values: {"T1_C": 2.112, "T2_C": 3.02, "T3_C": 4.02, "T4_C": 1.26, "T5_C": 1.405, "T6_C": 1.74, "T7_C": 1.464, "T8_C": 2.704, "T9_C": 1.704, "T10_C": 2.144, "T11_C": 1.855, "T12_C": 1.95, "T13_C": 1.845, "T14_C": 1.955, "T180_C": 2.435, "T181_C": 1.555}
[2025-08-23 22:16:52] Genoa vs Lecce - C Values: {"T1_C": 2.112, "T2_C": 3.02, "T3_C": 4.02, "T4_C": 1.26, "T5_C": 1.405, "T6_C": 1.74, "T7_C": 1.464, "T8_C": 2.704, "T9_C": 1.704, "T10_C": 2.144, "T11_C": 1.896, "T12_C": 1.904, "T13_C": 1.845, "T14_C": 1.955, "T180_C": 2.435, "T181_C": 1.555}
[2025-08-23 22:16:59] Genoa vs Lecce - C Values: {"T1_C": 2.05, "T2_C": 3, "T3_C": 4.32, "T4_C": 1.235, "T5_C": 1.41, "T6_C": 1.784, "T7_C": 1.44, "T8_C": 2.78, "T9_C": 1.704, "T10_C": 2.144, "T11_C": 1.88, "T12_C": 1.92, "T13_C": 1.845, "T14_C": 1.955, "T180_C": 2.435, "T181_C": 1.555}
[2025-08-23 22:17:04] Genoa vs Lecce - C Values: {"T1_C": 2.112, "T2_C": 3.02, "T3_C": 4.02, "T4_C": 1.26, "T5_C": 1.405, "T6_C": 1.74, "T7_C": 1.44, "T8_C": 2.78, "T9_C": 1.775, "T10_C": 2.048, "T11_C": 1.888, "T12_C": 1.912, "T13_C": 1.845, "T14_C": 1.955, "T180_C": 2.435, "T181_C": 1.555}
[2025-08-23 22:17:17] Genoa vs Lecce - C Values: {"T1_C": 2.112, "T2_C": 3.02, "T3_C": 4.02, "T4_C": 1.26, "T5_C": 1.405, "T6_C": 1.74, "T7_C": 1.464, "T8_C": 2.704, "T9_C": 1.775, "T10_C": 2.048, "T11_C": 1.91, "T12_C": 1.89, "T13_C": 1.845, "T14_C": 1.955, "T180_C": 2.435, "T181_C": 1.555}
[2025-08-23 22:17:34] Genoa vs Lecce - C Values: {"T1_C": 2.112, "T2_C": 3.02, "T3_C": 4.02, "T4_C": 1.26, "T5_C": 1.405, "T6_C": 1.74, "T7_C": 1.464, "T8_C": 2.704, "T9_C": 1.775, "T10_C": 2.048, "T11_C": 1.93, "T12_C": 1.87, "T13_C": 1.845, "T14_C": 1.955, "T180_C": 2.435, "T181_C": 1.555}
[2025-08-23 22:18:04] Genoa vs Lecce - C Values: {"T1_C": 2.144, "T2_C": 2.93, "T3_C": 4.08, "T4_C": 1.256, "T5_C": 1.42, "T6_C": 1.72, "T7_C": 1.464, "T8_C": 2.704, "T9_C": 1.775, "T10_C": 2.048, "T11_C": 1.944, "T12_C": 1.856, "T13_C": 1.845, "T14_C": 1.955, "T180_C": 2.575, "T181_C": 1.504}
[2025-08-23 22:18:41] Genoa vs Lecce - C Values: {"T1_C": 2.144, "T2_C": 2.93, "T3_C": 4.08, "T4_C": 1.256, "T5_C": 1.42, "T6_C": 1.72, "T7_C": 1.464, "T8_C": 2.704, "T9_C": 1.775, "T10_C": 2.048, "T11_C": 1.965, "T12_C": 1.84, "T13_C": 1.9, "T14_C": 1.9, "T180_C": 2.575, "T181_C": 1.504}
[2025-08-23 22:19:10] Genoa vs Lecce - C Values: {"T1_C": 2.2, "T2_C": 2.875, "T3_C": 3.98, "T4_C": 1.264, "T5_C": 1.435, "T6_C": 1.688, "T7_C": 1.49, "T8_C": 2.625, "T9_C": 1.775, "T10_C": 2.048, "T11_C": 1.984, "T12_C": 1.825, "T13_C": 1.845, "T14_C": 1.955, "T180_C": 2.575, "T181_C": 1.504}
[2025-08-23 22:19:15] Genoa vs Lecce - C Values: {"T1_C": 2.144, "T2_C": 2.93, "T3_C": 4.08, "T4_C": 1.256, "T5_C": 1.42, "T6_C": 1.72, "T7_C": 1.464, "T8_C": 2.704, "T9_C": 1.775, "T10_C": 2.048, "T11_C": 1.965, "T12_C": 1.84, "T13_C": 1.9, "T14_C": 1.9, "T180_C": 2.575, "T181_C": 1.504}
[2025-08-23 22:19:21] Genoa vs Lecce - C Values: {"T1_C": 2.2, "T2_C": 2.875, "T3_C": 3.98, "T4_C": 1.264, "T5_C": 1.435, "T6_C": 1.688, "T7_C": 1.49, "T8_C": 2.625, "T9_C": 1.775, "T10_C": 2.048, "T11_C": 1.984, "T12_C": 1.825, "T13_C": 1.845, "T14_C": 1.955, "T180_C": 2.575, "T181_C": 1.504}
[2025-08-23 22:19:34] Genoa vs Lecce - C Values: {"T1_C": 2.2, "T2_C": 2.875, "T3_C": 3.98, "T4_C": 1.264, "T5_C": 1.435, "T6_C": 1.688, "T7_C": 1.464, "T8_C": 2.704, "T9_C": 1.85, "T10_C": 1.95, "T11_C": 2.12, "T12_C": 1.72, "T13_C": 1.9, "T14_C": 1.9, "T180_C": 2.575, "T181_C": 1.504}
[2025-08-23 22:20:13] Genoa vs Lecce - C Values: {"T1_C": 2.2, "T2_C": 2.875, "T3_C": 3.98, "T4_C": 1.264, "T5_C": 1.435, "T6_C": 1.688, "T7_C": 1.464, "T8_C": 2.704, "T9_C": 1.85, "T10_C": 1.95, "T11_C": 2.12, "T12_C": 1.72, "T13_C": 1.9, "T14_C": 1.9, "T180_C": 2.71, "T181_C": 1.464}
[2025-08-23 22:20:25] Genoa vs Lecce - C Values: {"T1_C": 2.2, "T2_C": 2.875, "T3_C": 3.98, "T4_C": 1.264, "T5_C": 1.435, "T6_C": 1.688, "T7_C": 1.464, "T8_C": 2.704, "T9_C": 1.77, "T10_C": 2.05, "T11_C": 2.07, "T12_C": 1.755, "T13_C": 1.855, "T14_C": 1.945, "T180_C": 2.71, "T181_C": 1.464}
[2025-08-23 22:20:56] Genoa vs Lecce - C Values: {"T1_C": 2.2, "T2_C": 2.875, "T3_C": 3.98, "T4_C": 1.264, "T5_C": 1.435, "T6_C": 1.688, "T7_C": 1.49, "T8_C": 2.625, "T9_C": 1.77, "T10_C": 2.05, "T11_C": 2.07, "T12_C": 1.755, "T13_C": 1.855, "T14_C": 1.945, "T180_C": 2.71, "T181_C": 1.464}
[2025-08-23 22:21:25] Genoa vs Lecce - C Values: {"T1_C": 2.2, "T2_C": 2.875, "T3_C": 3.98, "T4_C": 1.264, "T5_C": 1.435, "T6_C": 1.688, "T7_C": 1.52, "T8_C": 2.53, "T9_C": 1.77, "T10_C": 2.05, "T11_C": 2.07, "T12_C": 1.755, "T13_C": 1.855, "T14_C": 1.945, "T180_C": 2.575, "T181_C": 1.504}
[2025-08-23 22:21:39] Genoa vs Lecce - C Values: {"T1_C": 2.232, "T2_C": 2.79, "T3_C": 4.04, "T4_C": 1.26, "T5_C": 1.46, "T6_C": 1.67, "T7_C": 1.49, "T8_C": 2.625, "T9_C": 1.77, "T10_C": 2.05, "T11_C": 2.07, "T12_C": 1.755, "T13_C": 1.855, "T14_C": 1.945, "T180_C": 2.71, "T181_C": 1.464}
[2025-08-23 22:22:23] Genoa vs Lecce - C Values: {"T1_C": 2.232, "T2_C": 2.79, "T3_C": 4.04, "T4_C": 1.26, "T5_C": 1.46, "T6_C": 1.67, "T7_C": 1.49, "T8_C": 2.625, "T9_C": 1.77, "T10_C": 2.05, "T11_C": 2.07, "T12_C": 1.755, "T13_C": 1.81, "T14_C": 2, "T180_C": 2.71, "T181_C": 1.464}
[2025-08-23 22:22:36] Genoa vs Lecce - C Values: {"T1_C": 2.232, "T2_C": 2.79, "T3_C": 4.04, "T4_C": 1.26, "T5_C": 1.46, "T6_C": 1.67, "T7_C": 1.49, "T8_C": 2.625, "T9_C": 1.85, "T10_C": 1.95, "T11_C": 2.07, "T12_C": 1.755, "T13_C": 1.81, "T14_C": 2, "T180_C": 2.71, "T181_C": 1.464}
[2025-08-23 22:23:40] Genoa vs Lecce - C Values: {"T1_C": 2.232, "T2_C": 2.79, "T3_C": 4.04, "T4_C": 1.26, "T5_C": 1.46, "T6_C": 1.67, "T7_C": 1.49, "T8_C": 2.625, "T9_C": 1.85, "T10_C": 1.95, "T11_C": 2.21, "T12_C": 1.664, "T13_C": 1.864, "T14_C": 1.936, "T180_C": 2.71, "T181_C": 1.464}
[2025-08-23 22:24:11] Genoa vs Lecce - C Values: {"T1_C": 2.232, "T2_C": 2.79, "T3_C": 4.04, "T4_C": 1.26, "T5_C": 1.46, "T6_C": 1.67, "T7_C": 1.49, "T8_C": 2.625, "T9_C": 1.85, "T10_C": 1.95, "T11_C": 2.21, "T12_C": 1.664, "T13_C": 1.864, "T14_C": 1.936, "T180_C": 2.915, "T181_C": 1.41}
[2025-08-23 22:25:04] Genoa vs Lecce - C Values: {"T1_C": 2.232, "T2_C": 2.79, "T3_C": 4.04, "T4_C": 1.26, "T5_C": 1.46, "T6_C": 1.67, "T7_C": 1.464, "T8_C": 2.704, "T9_C": 1.85, "T10_C": 1.95, "T11_C": 2.21, "T12_C": 1.664, "T13_C": 1.864, "T14_C": 1.936, "T180_C": 2.915, "T181_C": 1.41}
[2025-08-23 22:25:59] Genoa vs Lecce - C Values: {"T1_C": 2.232, "T2_C": 2.79, "T3_C": 4.04, "T4_C": 1.26, "T5_C": 1.46, "T6_C": 1.67, "T7_C": 1.464, "T8_C": 2.704, "T9_C": 1.85, "T10_C": 1.95, "T11_C": 2.21, "T12_C": 1.665, "T13_C": 1.864, "T14_C": 1.936, "T180_C": 2.915, "T181_C": 1.41}
[2025-08-23 22:26:11] Genoa vs Lecce - C Values: {"T1_C": 2.192, "T2_C": 2.74, "T3_C": 4.3, "T4_C": 1.235, "T5_C": 1.47, "T6_C": 1.69, "T7_C": 1.464, "T8_C": 2.704, "T9_C": 1.85, "T10_C": 1.95, "T11_C": 2.21, "T12_C": 1.665, "T13_C": 1.95, "T14_C": 1.85, "T180_C": 2.915, "T181_C": 1.41}
[2025-08-23 22:26:36] Genoa vs Lecce - C Values: {"T1_C": 2.192, "T2_C": 2.74, "T3_C": 4.3, "T4_C": 1.235, "T5_C": 1.47, "T6_C": 1.69, "T7_C": 1.44, "T8_C": 2.78, "T9_C": 1.975, "T10_C": 1.83, "T11_C": 2.21, "T12_C": 1.665, "T13_C": 1.95, "T14_C": 1.85, "T180_C": 2.915, "T181_C": 1.41}
[2025-08-23 22:27:08] Genoa vs Lecce - C Values: {"T1_C": 2.192, "T2_C": 2.74, "T3_C": 4.3, "T4_C": 1.235, "T5_C": 1.47, "T6_C": 1.69, "T7_C": 1.44, "T8_C": 2.78, "T9_C": 1.975, "T10_C": 1.83, "T11_C": 2.21, "T12_C": 1.665, "T13_C": 1.95, "T14_C": 1.85, "T180_C": 3.14, "T181_C": 1.36}
[2025-08-23 22:28:02] Genoa vs Lecce - C Values: {"T1_C": 2.192, "T2_C": 2.74, "T3_C": 4.3, "T4_C": 1.235, "T5_C": 1.47, "T6_C": 1.69, "T7_C": 1.44, "T8_C": 2.78, "T9_C": 1.975, "T10_C": 1.83, "T11_C": 2.21, "T12_C": 1.664, "T13_C": 1.95, "T14_C": 1.85, "T180_C": 3.14, "T181_C": 1.36}
[2025-08-23 22:28:20] Genoa vs Lecce - C Values: {"T1_C": 2.225, "T2_C": 2.66, "T3_C": 4.38, "T4_C": 1.23, "T5_C": 1.496, "T6_C": 1.67, "T7_C": 1.44, "T8_C": 2.78, "T9_C": 1.975, "T10_C": 1.83, "T11_C": 2.21, "T12_C": 1.664, "T13_C": 1.95, "T14_C": 1.85, "T180_C": 3.14, "T181_C": 1.36}
[2025-08-23 22:28:33] Genoa vs Lecce - C Values: {"T1_C": 2.192, "T2_C": 2.74, "T3_C": 4.3, "T4_C": 1.235, "T5_C": 1.47, "T6_C": 1.69, "T7_C": 1.44, "T8_C": 2.78, "T9_C": 1.975, "T10_C": 1.83, "T11_C": 2.21, "T12_C": 1.664, "T13_C": 1.95, "T14_C": 1.85, "T180_C": 3.14, "T181_C": 1.36}
[2025-08-23 22:28:45] Genoa vs Lecce - C Values: {"T1_C": 2.225, "T2_C": 2.66, "T3_C": 4.38, "T4_C": 1.23, "T5_C": 1.496, "T6_C": 1.67, "T7_C": 1.44, "T8_C": 2.78, "T9_C": 2.07, "T10_C": 1.752, "T11_C": 2.264, "T12_C": 1.635, "T13_C": 1.95, "T14_C": 1.85, "T180_C": 3.14, "T181_C": 1.36}
[2025-08-23 22:29:17] Genoa vs Lecce - C Values: {"T1_C": 2.225, "T2_C": 2.66, "T3_C": 4.38, "T4_C": 1.23, "T5_C": 1.496, "T6_C": 1.67, "T7_C": 1.464, "T8_C": 2.704, "T9_C": 2.07, "T10_C": 1.752, "T11_C": 2.405, "T12_C": 1.57, "T13_C": 1.95, "T14_C": 1.85, "T180_C": 3.14, "T181_C": 1.36}
[2025-08-23 22:30:30] Genoa vs Lecce - C Values: {"T1_C": 2.264, "T2_C": 2.62, "T3_C": 4.34, "T4_C": 1.232, "T5_C": 1.51, "T6_C": 1.65, "T7_C": 1.44, "T8_C": 2.78, "T9_C": 2.184, "T10_C": 1.68, "T11_C": 1.615, "T12_C": 2.31, "T13_C": 2.045, "T14_C": 1.775, "T180_C": 3.3, "T181_C": 1.335}
[2025-08-23 22:31:02] Genoa vs Lecce - C Values: {"T1_C": 2.264, "T2_C": 2.62, "T3_C": 4.34, "T4_C": 1.232, "T5_C": 1.51, "T6_C": 1.65, "T7_C": 1.464, "T8_C": 2.704, "T9_C": 2.184, "T10_C": 1.68, "T11_C": 1.615, "T12_C": 2.31, "T13_C": 2.045, "T14_C": 1.775, "T180_C": 3.3, "T181_C": 1.335}
[2025-08-23 22:31:40] Genoa vs Lecce - C Values: {"T1_C": 2.336, "T2_C": 2.64, "T3_C": 4.06, "T4_C": 1.26, "T5_C": 1.5, "T6_C": 1.616, "T7_C": 1.49, "T8_C": 2.625, "T9_C": 2.184, "T10_C": 1.68, "T11_C": 1.615, "T12_C": 2.31, "T13_C": 1.95, "T14_C": 1.85, "T180_C": 3.3, "T181_C": 1.335}
[2025-08-23 22:32:30] Genoa vs Lecce - C Values: {"T1_C": 2.336, "T2_C": 2.64, "T3_C": 4.06, "T4_C": 1.26, "T5_C": 1.5, "T6_C": 1.616, "T7_C": 1.49, "T8_C": 2.625, "T9_C": 2.184, "T10_C": 1.68, "T11_C": 1.615, "T12_C": 2.31, "T13_C": 2.045, "T14_C": 1.775, "T180_C": 3.3, "T181_C": 1.335}
[2025-08-23 22:32:42] Genoa vs Lecce - C Values: {"T1_C": 2.336, "T2_C": 2.64, "T3_C": 4.06, "T4_C": 1.26, "T5_C": 1.5, "T6_C": 1.616, "T7_C": 1.49, "T8_C": 2.625, "T9_C": 2.29, "T10_C": 1.625, "T11_C": 1.615, "T12_C": 2.31, "T13_C": 2.045, "T14_C": 1.775, "T180_C": 3.3, "T181_C": 1.335}
[2025-08-23 22:32:49] Genoa vs Lecce - C Values: {"T1_C": 2.296, "T2_C": 2.595, "T3_C": 4.3, "T4_C": 1.235, "T5_C": 1.515, "T6_C": 1.635, "T7_C": 1.49, "T8_C": 2.625, "T9_C": 2.29, "T10_C": 1.625, "T11_C": 1.615, "T12_C": 2.31, "T13_C": 2.045, "T14_C": 1.775, "T180_C": 3.3, "T181_C": 1.335}
[2025-08-23 22:32:55] Genoa vs Lecce - C Values: {"T1_C": 2.325, "T2_C": 2.53, "T3_C": 4.38, "T4_C": 1.23, "T5_C": 1.536, "T6_C": 1.62, "T7_C": 1.49, "T8_C": 2.625, "T9_C": 2.29, "T10_C": 1.625, "T11_C": 1.648, "T12_C": 2.245, "T13_C": 2.045, "T14_C": 1.775, "T180_C": 3.38, "T181_C": 1.32}
[2025-08-23 22:33:58] Genoa vs Lecce - C Values: {"T1_C": 2.325, "T2_C": 2.53, "T3_C": 4.38, "T4_C": 1.23, "T5_C": 1.536, "T6_C": 1.62, "T7_C": 1.49, "T8_C": 2.625, "T9_C": 2.175, "T10_C": 1.685, "T11_C": 1.616, "T12_C": 2.3, "T13_C": 2.045, "T14_C": 1.775, "T180_C": 3.38, "T181_C": 1.32}
[2025-08-23 22:34:17] Genoa vs Lecce - C Values: {"T1_C": 2.325, "T2_C": 2.53, "T3_C": 4.38, "T4_C": 1.23, "T5_C": 1.536, "T6_C": 1.62, "T7_C": 1.49, "T8_C": 2.625, "T9_C": 2.175, "T10_C": 1.685, "T11_C": 1.616, "T12_C": 2.3, "T13_C": 2.136, "T14_C": 1.71, "T180_C": 3.38, "T181_C": 1.32}
[2025-08-23 22:35:06] Genoa vs Lecce - C Values: {"T1_C": 2.325, "T2_C": 2.53, "T3_C": 4.38, "T4_C": 1.23, "T5_C": 1.536, "T6_C": 1.62, "T7_C": 1.49, "T8_C": 2.625, "T9_C": 2.28, "T10_C": 1.625, "T11_C": 1.616, "T12_C": 2.3, "T13_C": 2.136, "T14_C": 1.71, "T180_C": 3.38, "T181_C": 1.32}
[2025-08-23 22:35:44] Genoa vs Lecce - C Values: {"T1_C": 2.375, "T2_C": 2.496, "T3_C": 4.32, "T4_C": 1.235, "T5_C": 1.55, "T6_C": 1.6, "T7_C": 1.49, "T8_C": 2.625, "T9_C": 2.28, "T10_C": 1.625, "T11_C": 1.616, "T12_C": 2.3, "T13_C": 2.136, "T14_C": 1.71, "T180_C": 3.64, "T181_C": 1.285}
[2025-08-23 22:35:58] Genoa vs Lecce - C Values: {"T1_C": 2.325, "T2_C": 2.53, "T3_C": 4.38, "T4_C": 1.23, "T5_C": 1.536, "T6_C": 1.62, "T7_C": 1.464, "T8_C": 2.704, "T9_C": 2.28, "T10_C": 1.625, "T11_C": 1.616, "T12_C": 2.3, "T13_C": 2.136, "T14_C": 1.71, "T180_C": 3.64, "T181_C": 1.285}
[2025-08-23 22:37:04] Genoa vs Lecce - C Values: {"T1_C": 2.325, "T2_C": 2.53, "T3_C": 4.38, "T4_C": 1.23, "T5_C": 1.536, "T6_C": 1.62, "T7_C": 1.464, "T8_C": 2.704, "T9_C": 2.385, "T10_C": 1.575, "T11_C": 1.67, "T12_C": 2.2, "T13_C": 2.2, "T14_C": 1.67, "T180_C": 3.64, "T181_C": 1.285}
[2025-08-23 22:37:15] Genoa vs Lecce - C Values: {"T1_C": 2.325, "T2_C": 2.53, "T3_C": 4.38, "T4_C": 1.23, "T5_C": 1.536, "T6_C": 1.62, "T7_C": 1.464, "T8_C": 2.704, "T9_C": 2.325, "T10_C": 1.608, "T11_C": 1.67, "T12_C": 2.2, "T13_C": 2.2, "T14_C": 1.67, "T180_C": 3.64, "T181_C": 1.285}
[2025-08-23 22:37:37] Genoa vs Lecce - C Values: {"T1_C": 2.39, "T2_C": 2.416, "T3_C": 4.52, "T4_C": 1.22, "T5_C": 1.58, "T6_C": 1.59, "T7_C": 1.464, "T8_C": 2.704, "T9_C": 2.325, "T10_C": 1.608, "T11_C": 1.67, "T12_C": 2.2, "T13_C": 2.2, "T14_C": 1.67, "T180_C": 3.64, "T181_C": 1.285}
[2025-08-23 22:38:40] Genoa vs Lecce - C Values: {"T1_C": 2.39, "T2_C": 2.416, "T3_C": 4.52, "T4_C": 1.22, "T5_C": 1.58, "T6_C": 1.59, "T7_C": 1.464, "T8_C": 2.704, "T9_C": 1.615, "T10_C": 2.31, "T11_C": 1.67, "T12_C": 2.2, "T13_C": 2.305, "T14_C": 1.616, "T180_C": 3.9, "T181_C": 1.256}
[2025-08-23 22:38:43] Genoa vs Lecce - C Values: {"T1_C": 2.39, "T2_C": 2.416, "T3_C": 4.52, "T4_C": 1.22, "T5_C": 1.58, "T6_C": 1.59, "T7_C": 1.464, "T8_C": 2.704, "T9_C": 1.615, "T10_C": 2.31, "T11_C": 1.67, "T12_C": 2.2, "T13_C": 2.305, "T14_C": 1.616, "T180_C": 3.9, "T181_C": 1.256}
[2025-08-23 22:38:51] Genoa vs Lecce - C Values: {"T1_C": 2.39, "T2_C": 2.416, "T3_C": 4.52, "T4_C": 1.22, "T5_C": 1.58, "T6_C": 1.59, "T7_C": 1.464, "T8_C": 2.704, "T9_C": 1.615, "T10_C": 2.31, "T11_C": 1.67, "T12_C": 2.2, "T13_C": 2.2, "T14_C": 1.67, "T180_C": 3.9, "T181_C": 1.256}
[2025-08-23 22:39:17] Genoa vs Lecce - C Values: {"T1_C": 2.39, "T2_C": 2.416, "T3_C": 4.52, "T4_C": 1.22, "T5_C": 1.58, "T6_C": 1.59, "T7_C": 1.464, "T8_C": 2.704, "T9_C": 1.615, "T10_C": 2.31, "T11_C": 1.67, "T12_C": 2.2, "T13_C": 2.305, "T14_C": 1.616, "T180_C": 3.9, "T181_C": 1.256}
[2025-08-23 22:39:36] Genoa vs Lecce - C Values: {"T1_C": 2.4, "T2_C": 2.4, "T3_C": 4.54, "T4_C": 1.22, "T5_C": 1.59, "T6_C": 1.59, "T7_C": 1.44, "T8_C": 2.78, "T9_C": 1.64, "T10_C": 2.256, "T11_C": 1.67, "T12_C": 2.2, "T13_C": 2.305, "T14_C": 1.616, "T180_C": 3.9, "T181_C": 1.256}
[2025-08-23 22:39:42] Genoa vs Lecce - C Values: {"T1_C": 2.4, "T2_C": 2.4, "T3_C": 4.54, "T4_C": 1.22, "T5_C": 1.59, "T6_C": 1.59, "T7_C": 1.464, "T8_C": 2.704, "T9_C": 1.64, "T10_C": 2.256, "T11_C": 1.735, "T12_C": 2.1, "T13_C": 2.305, "T14_C": 1.616, "T180_C": 3.9, "T181_C": 1.256}
[2025-08-23 22:40:25] Genoa vs Lecce - C Values: {"T1_C": 2.42, "T2_C": 2.32, "T3_C": 4.78, "T4_C": 1.205, "T5_C": 1.625, "T6_C": 1.58, "T7_C": 1.44, "T8_C": 2.78, "T9_C": 1.685, "T10_C": 2.175, "T11_C": 1.735, "T12_C": 2.1, "T13_C": 2.41, "T14_C": 1.568, "T180_C": 4.21, "T181_C": 1.225}
[2025-08-23 22:40:38] Genoa vs Lecce - C Values: {"T1_C": 2.448, "T2_C": 2.344, "T3_C": 4.58, "T4_C": 1.216, "T5_C": 1.61, "T6_C": 1.57, "T7_C": 1.464, "T8_C": 2.704, "T9_C": 1.685, "T10_C": 2.175, "T11_C": 1.735, "T12_C": 2.1, "T13_C": 2.41, "T14_C": 1.568, "T180_C": 4.21, "T181_C": 1.225}
[2025-08-23 22:41:15] Genoa vs Lecce - C Values: {"T1_C": 2.42, "T2_C": 2.32, "T3_C": 4.78, "T4_C": 1.205, "T5_C": 1.625, "T6_C": 1.58, "T7_C": 1.464, "T8_C": 2.704, "T9_C": 1.7, "T10_C": 2.152, "T11_C": 1.735, "T12_C": 2.1, "T13_C": 2.41, "T14_C": 1.568, "T180_C": 4.21, "T181_C": 1.225}
[2025-08-23 22:41:46] Genoa vs Lecce - C Values: {"T1_C": 2.42, "T2_C": 2.32, "T3_C": 4.78, "T4_C": 1.205, "T5_C": 1.625, "T6_C": 1.58, "T7_C": 1.464, "T8_C": 2.704, "T9_C": 1.735, "T10_C": 2.1, "T11_C": 1.8, "T12_C": 2.008, "T13_C": 2.41, "T14_C": 1.568, "T180_C": 4.21, "T181_C": 1.225}
[2025-08-23 22:42:39] Genoa vs Lecce - C Values: {"T1_C": 2.505, "T2_C": 2.255, "T3_C": 4.76, "T4_C": 1.208, "T5_C": 1.656, "T6_C": 1.544, "T7_C": 1.464, "T8_C": 2.704, "T9_C": 1.75, "T10_C": 2.075, "T11_C": 1.8, "T12_C": 2.008, "T13_C": 2.41, "T14_C": 1.568, "T180_C": 4.38, "T181_C": 1.215}
[2025-08-23 22:43:34] Genoa vs Lecce - C Values: {"T1_C": 2.445, "T2_C": 2.29, "T3_C": 4.82, "T4_C": 1.2, "T5_C": 1.64, "T6_C": 1.57, "T7_C": 1.44, "T8_C": 2.78, "T9_C": 1.75, "T10_C": 2.075, "T11_C": 1.8, "T12_C": 2.008, "T13_C": 2.41, "T14_C": 1.568, "T180_C": 4.38, "T181_C": 1.215}
[2025-08-23 22:43:41] Genoa vs Lecce - C Values: {"T1_C": 2.445, "T2_C": 2.29, "T3_C": 4.82, "T4_C": 1.2, "T5_C": 1.64, "T6_C": 1.57, "T7_C": 1.464, "T8_C": 2.704, "T9_C": 1.75, "T10_C": 2.075, "T11_C": 1.8, "T12_C": 2.008, "T13_C": 2.41, "T14_C": 1.568, "T180_C": 4.38, "T181_C": 1.215}
[2025-08-23 22:43:47] Genoa vs Lecce - C Values: {"T1_C": 2.42, "T2_C": 2.32, "T3_C": 4.78, "T4_C": 1.205, "T5_C": 1.625, "T6_C": 1.58, "T7_C": 1.464, "T8_C": 2.704, "T9_C": 1.735, "T10_C": 2.1, "T11_C": 1.8, "T12_C": 2.008, "T13_C": 2.41, "T14_C": 1.568, "T180_C": 4.21, "T181_C": 1.225}
[2025-08-23 22:43:59] Genoa vs Lecce - C Values: {"T1_C": 2.445, "T2_C": 2.29, "T3_C": 4.82, "T4_C": 1.2, "T5_C": 1.64, "T6_C": 1.57, "T7_C": 1.464, "T8_C": 2.704, "T9_C": 1.75, "T10_C": 2.075, "T11_C": 1.8, "T12_C": 2.008, "T13_C": 2.41, "T14_C": 1.568, "T180_C": 4.38, "T181_C": 1.215}
[2025-08-23 22:44:17] Genoa vs Lecce - C Values: {"T1_C": 2.445, "T2_C": 2.29, "T3_C": 4.82, "T4_C": 1.2, "T5_C": 1.64, "T6_C": 1.57, "T7_C": 1.44, "T8_C": 2.78, "T9_C": 1.75, "T10_C": 2.075, "T11_C": 1.8, "T12_C": 2.008, "T13_C": 2.41, "T14_C": 1.568, "T180_C": 4.38, "T181_C": 1.215}
[2025-08-23 22:44:24] Genoa vs Lecce - C Values: {"T1_C": 2.445, "T2_C": 2.29, "T3_C": 4.82, "T4_C": 1.2, "T5_C": 1.64, "T6_C": 1.57, "T7_C": 1.44, "T8_C": 2.78, "T9_C": 1.77, "T10_C": 2.05, "T11_C": 1.8, "T12_C": 2.008, "T13_C": 2.55, "T14_C": 1.512, "T180_C": 4.38, "T181_C": 1.215}
[2025-08-23 22:44:42] Genoa vs Lecce - C Values: {"T1_C": 2.505, "T2_C": 2.255, "T3_C": 4.76, "T4_C": 1.208, "T5_C": 1.656, "T6_C": 1.544, "T7_C": 1.464, "T8_C": 2.704, "T9_C": 1.77, "T10_C": 2.05, "T11_C": 1.8, "T12_C": 2.008, "T13_C": 2.41, "T14_C": 1.568, "T180_C": 4.38, "T181_C": 1.215}
[2025-08-23 22:45:01] Genoa vs Lecce - C Values: {"T1_C": 2.505, "T2_C": 2.255, "T3_C": 4.76, "T4_C": 1.208, "T5_C": 1.656, "T6_C": 1.544, "T7_C": 1.464, "T8_C": 2.704, "T9_C": 1.785, "T10_C": 2.025, "T11_C": 1.8, "T12_C": 2.008, "T13_C": 2.55, "T14_C": 1.512, "T180_C": 4.38, "T181_C": 1.215}
[2025-08-23 22:45:26] Genoa vs Lecce - C Values: {"T1_C": 2.445, "T2_C": 2.29, "T3_C": 4.82, "T4_C": 1.2, "T5_C": 1.64, "T6_C": 1.57, "T7_C": 1.44, "T8_C": 2.78, "T9_C": 1.785, "T10_C": 2.025, "T11_C": 1.8, "T12_C": 2.008, "T13_C": 2.55, "T14_C": 1.512, "T180_C": 4.38, "T181_C": 1.215}
[2025-08-23 22:45:33] Genoa vs Lecce - C Values: {"T1_C": 2.42, "T2_C": 2.264, "T3_C": 5, "T4_C": 1.19, "T5_C": 1.65, "T6_C": 1.58, "T7_C": 1.44, "T8_C": 2.78, "T9_C": 1.77, "T10_C": 2.05, "T11_C": 1.8, "T12_C": 2.008, "T13_C": 2.55, "T14_C": 1.512, "T180_C": 4.38, "T181_C": 1.215}
[2025-08-23 22:46:03] Genoa vs Lecce - C Values: {"T1_C": 2.42, "T2_C": 2.264, "T3_C": 5, "T4_C": 1.19, "T5_C": 1.65, "T6_C": 1.58, "T7_C": 1.44, "T8_C": 2.78, "T9_C": 1.785, "T10_C": 2.025, "T11_C": 1.8, "T12_C": 2.008, "T13_C": 2.55, "T14_C": 1.512, "T180_C": 4.38, "T181_C": 1.215}
[2025-08-23 22:46:56] Genoa vs Lecce - C Values: {"T1_C": 2.42, "T2_C": 2.264, "T3_C": 5, "T4_C": 1.19, "T5_C": 1.65, "T6_C": 1.58, "T7_C": 1.44, "T8_C": 2.78, "T9_C": 1.808, "T10_C": 2, "T11_C": 1.8, "T12_C": 2.008, "T13_C": 2.55, "T14_C": 1.512, "T180_C": 4.38, "T181_C": 1.215}
[2025-08-23 22:47:12] Genoa vs Lecce - C Values: {"T1_C": 2.42, "T2_C": 2.264, "T3_C": 5, "T4_C": 1.19, "T5_C": 1.65, "T6_C": 1.58, "T7_C": 1.44, "T8_C": 2.78, "T9_C": 1.83, "T10_C": 1.975, "T11_C": 1.8, "T12_C": 2.008, "T13_C": 2.55, "T14_C": 1.512, "T180_C": 4.82, "T181_C": 1.18}
[2025-08-23 22:47:30] Genoa vs Lecce - C Values: {"T1_C": 2.53, "T2_C": 2.225, "T3_C": 4.8, "T4_C": 1.205, "T5_C": 1.67, "T6_C": 1.54, "T7_C": 1.464, "T8_C": 2.704, "T9_C": 1.83, "T10_C": 1.975, "T11_C": 1.855, "T12_C": 1.945, "T13_C": 2.55, "T14_C": 1.512, "T180_C": 4.38, "T181_C": 1.215}
[2025-08-23 22:47:54] Genoa vs Lecce - C Values: {"T1_C": 2.53, "T2_C": 2.225, "T3_C": 4.8, "T4_C": 1.205, "T5_C": 1.67, "T6_C": 1.54, "T7_C": 1.464, "T8_C": 2.704, "T9_C": 1.856, "T10_C": 1.944, "T11_C": 1.855, "T12_C": 1.945, "T13_C": 2.55, "T14_C": 1.512, "T180_C": 4.82, "T181_C": 1.18}
[2025-08-23 22:48:12] Genoa vs Lecce - C Values: {"T1_C": 2.504, "T2_C": 2.205, "T3_C": 5, "T4_C": 1.19, "T5_C": 1.685, "T6_C": 1.545, "T7_C": 1.44, "T8_C": 2.78, "T9_C": 1.912, "T10_C": 1.888, "T11_C": 1.855, "T12_C": 1.945, "T13_C": 2.55, "T14_C": 1.512, "T180_C": 4.82, "T181_C": 1.18}
[2025-08-23 22:48:18] Genoa vs Lecce - C Values: {"T1_C": 2.504, "T2_C": 2.205, "T3_C": 5, "T4_C": 1.19, "T5_C": 1.685, "T6_C": 1.545, "T7_C": 1.44, "T8_C": 2.78, "T9_C": 1.885, "T10_C": 1.915, "T11_C": 1.855, "T12_C": 1.945, "T13_C": 2.55, "T14_C": 1.512, "T180_C": 4.82, "T181_C": 1.18}
[2025-08-23 22:48:30] Genoa vs Lecce - C Values: {"T1_C": 2.53, "T2_C": 2.225, "T3_C": 4.8, "T4_C": 1.205, "T5_C": 1.67, "T6_C": 1.54, "T7_C": 1.44, "T8_C": 2.78, "T9_C": 1.885, "T10_C": 1.915, "T11_C": 1.855, "T12_C": 1.945, "T13_C": 2.55, "T14_C": 1.512, "T180_C": 4.82, "T181_C": 1.18}
[2025-08-23 22:49:00] Genoa vs Lecce - C Values: {"T1_C": 2.504, "T2_C": 2.205, "T3_C": 5, "T4_C": 1.19, "T5_C": 1.685, "T6_C": 1.545, "T7_C": 1.44, "T8_C": 2.78, "T9_C": 1.912, "T10_C": 1.888, "T11_C": 1.855, "T12_C": 1.945, "T13_C": 2.55, "T14_C": 1.512, "T180_C": 4.82, "T181_C": 1.18}
[2025-08-23 22:49:19] Genoa vs Lecce - C Values: {"T1_C": 2.53, "T2_C": 2.225, "T3_C": 4.8, "T4_C": 1.205, "T5_C": 1.67, "T6_C": 1.54, "T7_C": 1.464, "T8_C": 2.704, "T9_C": 1.912, "T10_C": 1.888, "T11_C": 1.855, "T12_C": 1.945, "T13_C": 2.55, "T14_C": 1.512, "T180_C": 4.82, "T181_C": 1.18}
[2025-08-23 22:49:57] Genoa vs Lecce - C Values: {"T1_C": 2.53, "T2_C": 2.225, "T3_C": 4.8, "T4_C": 1.205, "T5_C": 1.67, "T6_C": 1.54, "T7_C": 1.464, "T8_C": 2.704, "T9_C": 1.94, "T10_C": 1.86, "T11_C": 1.855, "T12_C": 1.945, "T13_C": 2.55, "T14_C": 1.512, "T180_C": 4.82, "T181_C": 1.18}
[2025-08-23 22:50:21] Genoa vs Lecce - C Values: {"T1_C": 2.504, "T2_C": 2.205, "T3_C": 5, "T4_C": 1.19, "T5_C": 1.685, "T6_C": 1.545, "T7_C": 1.464, "T8_C": 2.704, "T9_C": 1.975, "T10_C": 1.83, "T11_C": 1.855, "T12_C": 1.945, "T13_C": 2.68, "T14_C": 1.47, "T180_C": 4.82, "T181_C": 1.18}
[2025-08-23 22:50:33] Genoa vs Lecce - C Values: {"T1_C": 2.59, "T2_C": 2.192, "T3_C": 4.72, "T4_C": 1.21, "T5_C": 1.69, "T6_C": 1.515, "T7_C": 1.49, "T8_C": 2.625, "T9_C": 1.975, "T10_C": 1.83, "T11_C": 1.855, "T12_C": 1.945, "T13_C": 2.55, "T14_C": 1.512, "T180_C": 4.82, "T181_C": 1.18}
[2025-08-23 22:50:51] Genoa vs Lecce - C Values: {"T1_C": 2.59, "T2_C": 2.192, "T3_C": 4.72, "T4_C": 1.21, "T5_C": 1.69, "T6_C": 1.515, "T7_C": 1.49, "T8_C": 2.625, "T9_C": 1.955, "T10_C": 1.848, "T11_C": 1.845, "T12_C": 1.96, "T13_C": 2.55, "T14_C": 1.512, "T180_C": 4.82, "T181_C": 1.18}
[2025-08-23 22:50:57] Genoa vs Lecce - C Values: {"T1_C": 2.504, "T2_C": 2.205, "T3_C": 5, "T4_C": 1.19, "T5_C": 1.685, "T6_C": 1.545, "T7_C": 1.464, "T8_C": 2.704, "T9_C": 1.955, "T10_C": 1.848, "T11_C": 1.845, "T12_C": 1.96, "T13_C": 2.68, "T14_C": 1.47, "T180_C": 4.82, "T181_C": 1.18}
[2025-08-23 23:02:03] Genoa vs Lecce - C Values: {"T1_C": 2.59, "T2_C": 2.192, "T3_C": 4.72, "T4_C": 1.21, "T5_C": 1.69, "T6_C": 1.515, "T7_C": 1.49, "T8_C": 2.625, "T9_C": 1.955, "T10_C": 1.848, "T11_C": 1.845, "T12_C": 1.96, "T13_C": 2.55, "T14_C": 1.512, "T180_C": 4.82, "T181_C": 1.18}
[2025-08-23 23:05:40] Genoa vs Lecce - C Values: {"T1_C": 2.504, "T2_C": 2.205, "T3_C": 5, "T4_C": 1.19, "T5_C": 1.685, "T6_C": 1.545, "T7_C": 1.464, "T8_C": 2.704, "T9_C": 1.955, "T10_C": 1.848, "T11_C": 1.845, "T12_C": 1.96, "T13_C": 2.68, "T14_C": 1.47, "T180_C": 4.82, "T181_C": 1.18}
[2025-08-23 23:07:40] Genoa vs Lecce - C Values: {"T1_C": 2.504, "T2_C": 2.205, "T3_C": 5, "T4_C": 1.19, "T5_C": 1.685, "T6_C": 1.545, "T7_C": 1.464, "T8_C": 2.704, "T9_C": 1.955, "T10_C": 1.848, "T11_C": 1.845, "T12_C": 1.96, "T13_C": 2.68, "T14_C": 1.47, "T180_C": 5.31, "T181_C": 1.155}
[2025-08-23 23:07:51] Genoa vs Lecce - C Values: {"T1_C": 2.504, "T2_C": 2.205, "T3_C": 5, "T4_C": 1.19, "T5_C": 1.685, "T6_C": 1.545, "T7_C": 1.464, "T8_C": 2.704, "T9_C": 1.955, "T10_C": 1.848, "T11_C": 1.845, "T12_C": 1.96, "T13_C": 2.68, "T14_C": 1.47, "T180_C": 5.21, "T181_C": 1.16}
[2025-08-23 23:08:10] Genoa vs Lecce - C Values: {"T1_C": 2.555, "T2_C": 2.144, "T3_C": 5.1, "T4_C": 1.184, "T5_C": 1.72, "T6_C": 1.53, "T7_C": 1.464, "T8_C": 2.704, "T9_C": 1.99, "T10_C": 1.82, "T11_C": 1.845, "T12_C": 1.96, "T13_C": 2.68, "T14_C": 1.47, "T180_C": 5.21, "T181_C": 1.16}
[2025-08-23 23:09:08] Genoa vs Lecce - C Values: {"T1_C": 2.62, "T2_C": 2.115, "T3_C": 5, "T4_C": 1.19, "T5_C": 1.74, "T6_C": 1.505, "T7_C": 1.464, "T8_C": 2.704, "T9_C": 2.02, "T10_C": 1.79, "T11_C": 1.9, "T12_C": 1.9, "T13_C": 2.68, "T14_C": 1.47, "T180_C": 5.21, "T181_C": 1.16}
[2025-08-23 23:09:40] Genoa vs Lecce - C Values: {"T1_C": 2.645, "T2_C": 2.136, "T3_C": 4.84, "T4_C": 1.2, "T5_C": 1.725, "T6_C": 1.5, "T7_C": 1.464, "T8_C": 2.704, "T9_C": 1.99, "T10_C": 1.82, "T11_C": 1.9, "T12_C": 1.9, "T13_C": 2.68, "T14_C": 1.47, "T180_C": 5.21, "T181_C": 1.16}
[2025-08-23 23:09:52] Genoa vs Lecce - C Values: {"T1_C": 2.62, "T2_C": 2.115, "T3_C": 5, "T4_C": 1.19, "T5_C": 1.74, "T6_C": 1.505, "T7_C": 1.464, "T8_C": 2.704, "T9_C": 2.02, "T10_C": 1.79, "T11_C": 1.9, "T12_C": 1.9, "T13_C": 2.68, "T14_C": 1.47, "T180_C": 5.21, "T181_C": 1.16}
[2025-08-23 23:10:17] Genoa vs Lecce - C Values: {"T1_C": 2.62, "T2_C": 2.115, "T3_C": 5, "T4_C": 1.19, "T5_C": 1.74, "T6_C": 1.505, "T7_C": 1.464, "T8_C": 2.704, "T9_C": 2.06, "T10_C": 1.765, "T11_C": 1.9, "T12_C": 1.9, "T13_C": 2.68, "T14_C": 1.47, "T180_C": 5.21, "T181_C": 1.16}
[2025-08-23 23:10:47] Genoa vs Lecce - C Values: {"T1_C": 2.648, "T2_C": 2.09, "T3_C": 5.05, "T4_C": 1.185, "T5_C": 1.755, "T6_C": 1.5, "T7_C": 1.44, "T8_C": 2.78, "T9_C": 2.24, "T10_C": 1.65, "T11_C": 1.99, "T12_C": 1.816, "T13_C": 2.89, "T14_C": 1.416, "T180_C": 5.68, "T181_C": 1.14}
[2025-08-23 23:11:00] Genoa vs Lecce - C Values: {"T1_C": 2.664, "T2_C": 2.08, "T3_C": 5.05, "T4_C": 1.19, "T5_C": 1.76, "T6_C": 1.495, "T7_C": 1.464, "T8_C": 2.704, "T9_C": 2.192, "T10_C": 1.675, "T11_C": 1.99, "T12_C": 1.816, "T13_C": 2.68, "T14_C": 1.47, "T180_C": 5.21, "T181_C": 1.16}
[2025-08-23 23:11:07] Genoa vs Lecce - C Values: {"T1_C": 2.664, "T2_C": 2.08, "T3_C": 5.05, "T4_C": 1.19, "T5_C": 1.76, "T6_C": 1.495, "T7_C": 1.464, "T8_C": 2.704, "T9_C": 2.192, "T10_C": 1.675, "T11_C": 1.99, "T12_C": 1.816, "T13_C": 2.68, "T14_C": 1.47, "T180_C": 5.21, "T181_C": 1.16}
[2025-08-23 23:11:24] Genoa vs Lecce - C Values: {"T1_C": 2.664, "T2_C": 2.08, "T3_C": 5.05, "T4_C": 1.19, "T5_C": 1.76, "T6_C": 1.495, "T7_C": 1.464, "T8_C": 2.704, "T9_C": 2.24, "T10_C": 1.65, "T11_C": 1.99, "T12_C": 1.816, "T13_C": 2.89, "T14_C": 1.416, "T180_C": 5.68, "T181_C": 1.14}
[2025-08-23 23:11:36] Genoa vs Lecce - C Values: {"T1_C": 2.664, "T2_C": 2.08, "T3_C": 5.05, "T4_C": 1.19, "T5_C": 1.76, "T6_C": 1.495, "T7_C": 1.464, "T8_C": 2.704, "T9_C": 2.296, "T10_C": 1.62, "T11_C": 1.99, "T12_C": 1.816, "T13_C": 2.89, "T14_C": 1.416, "T180_C": 5.68, "T181_C": 1.14}
[2025-08-23 23:12:20] Genoa vs Lecce - C Values: {"T1_C": 2.696, "T2_C": 2.055, "T3_C": 5.1, "T4_C": 1.184, "T5_C": 1.78, "T6_C": 1.485, "T7_C": 1.44, "T8_C": 2.78, "T9_C": 2.352, "T10_C": 1.592, "T11_C": 1.99, "T12_C": 1.816, "T13_C": 2.89, "T14_C": 1.416, "T180_C": 5.68, "T181_C": 1.14}
[2025-08-23 23:12:40] Genoa vs Lecce - C Values: {"T1_C": 2.664, "T2_C": 2.08, "T3_C": 5.05, "T4_C": 1.19, "T5_C": 1.76, "T6_C": 1.495, "T7_C": 1.464, "T8_C": 2.704, "T9_C": 2.296, "T10_C": 1.62, "T11_C": 1.99, "T12_C": 1.816, "T13_C": 2.89, "T14_C": 1.416, "T180_C": 5.68, "T181_C": 1.14}
[2025-08-23 23:12:52] Genoa vs Lecce - C Values: {"T1_C": 2.696, "T2_C": 2.055, "T3_C": 5.1, "T4_C": 1.184, "T5_C": 1.78, "T6_C": 1.485, "T7_C": 1.464, "T8_C": 2.704, "T9_C": 2.352, "T10_C": 1.592, "T11_C": 1.99, "T12_C": 1.816, "T13_C": 2.89, "T14_C": 1.416, "T180_C": 5.68, "T181_C": 1.14}
[2025-08-23 23:13:23] Genoa vs Lecce - C Values: {"T1_C": 2.696, "T2_C": 2.055, "T3_C": 5.1, "T4_C": 1.184, "T5_C": 1.78, "T6_C": 1.485, "T7_C": 1.44, "T8_C": 2.78, "T9_C": 2.352, "T10_C": 1.592, "T11_C": 1.99, "T12_C": 1.816, "T13_C": 2.89, "T14_C": 1.416, "T180_C": 5.68, "T181_C": 1.14}
[2025-08-23 23:13:30] Genoa vs Lecce - C Values: {"T1_C": 2.65, "T2_C": 2.02, "T3_C": 5.55, "T4_C": 1.168, "T5_C": 1.81, "T6_C": 1.5, "T7_C": 1.44, "T8_C": 2.78, "T9_C": 2.352, "T10_C": 1.592, "T11_C": 1.99, "T12_C": 1.816, "T13_C": 3.105, "T14_C": 1.37, "T180_C": 6.1, "T181_C": 1.125}
[2025-08-23 23:13:48] Genoa vs Lecce - C Values: {"T1_C": 2.73, "T2_C": 1.984, "T3_C": 5.45, "T4_C": 1.17, "T5_C": 1.835, "T6_C": 1.475, "T7_C": 1.464, "T8_C": 2.704, "T9_C": 2.42, "T10_C": 1.565, "T11_C": 2.085, "T12_C": 1.744, "T13_C": 3.105, "T14_C": 1.37, "T180_C": 6.1, "T181_C": 1.125}
[2025-08-23 23:14:12] Genoa vs Lecce - C Values: {"T1_C": 2.65, "T2_C": 2.02, "T3_C": 5.55, "T4_C": 1.168, "T5_C": 1.81, "T6_C": 1.5, "T7_C": 1.44, "T8_C": 2.78, "T9_C": 2.352, "T10_C": 1.592, "T11_C": 1.99, "T12_C": 1.816, "T13_C": 3.105, "T14_C": 1.37, "T180_C": 6.1, "T181_C": 1.125}
[2025-08-23 23:14:38] Genoa vs Lecce - C Values: {"T1_C": 2.76, "T2_C": 1.965, "T3_C": 5.5, "T4_C": 1.168, "T5_C": 1.856, "T6_C": 1.464, "T7_C": 1.464, "T8_C": 2.704, "T9_C": 2.42, "T10_C": 1.565, "T11_C": 2.085, "T12_C": 1.744, "T13_C": 3.105, "T14_C": 1.37, "T180_C": 6.1, "T181_C": 1.125}
[2025-08-23 23:15:04] Genoa vs Lecce - C Values: {"T1_C": 2.68, "T2_C": 1.992, "T3_C": 5.6, "T4_C": 1.165, "T5_C": 1.83, "T6_C": 1.49, "T7_C": 1.44, "T8_C": 2.78, "T9_C": 1.58, "T10_C": 2.384, "T11_C": 2.085, "T12_C": 1.744, "T13_C": 3.105, "T14_C": 1.37, "T180_C": 6.1, "T181_C": 1.125}
[2025-08-23 23:15:23] Genoa vs Lecce - C Values: {"T1_C": 2.76, "T2_C": 1.965, "T3_C": 5.5, "T4_C": 1.168, "T5_C": 1.856, "T6_C": 1.464, "T7_C": 1.44, "T8_C": 2.78, "T9_C": 1.58, "T10_C": 2.384, "T11_C": 2.085, "T12_C": 1.744, "T13_C": 3.105, "T14_C": 1.37, "T180_C": 6.55, "T181_C": 1.11}
[2025-08-23 23:15:29] Genoa vs Lecce - C Values: {"T1_C": 2.76, "T2_C": 1.965, "T3_C": 5.5, "T4_C": 1.168, "T5_C": 1.856, "T6_C": 1.464, "T7_C": 1.44, "T8_C": 2.78, "T9_C": 1.58, "T10_C": 2.384, "T11_C": 2.085, "T12_C": 1.744, "T13_C": 3.26, "T14_C": 1.34, "T180_C": 6.55, "T181_C": 1.11}
[2025-08-23 23:15:48] Genoa vs Lecce - C Values: {"T1_C": 2.76, "T2_C": 1.965, "T3_C": 5.5, "T4_C": 1.168, "T5_C": 1.856, "T6_C": 1.464, "T7_C": 1.464, "T8_C": 2.704, "T9_C": 1.58, "T10_C": 2.384, "T11_C": 2.085, "T12_C": 1.744, "T13_C": 3.105, "T14_C": 1.37, "T180_C": 6.55, "T181_C": 1.11}
[2025-08-23 23:16:06] Genoa vs Lecce - C Values: {"T1_C": 2.79, "T2_C": 1.94, "T3_C": 5.55, "T4_C": 1.165, "T5_C": 1.875, "T6_C": 1.456, "T7_C": 1.464, "T8_C": 2.704, "T9_C": 1.58, "T10_C": 2.384, "T11_C": 2.18, "T12_C": 1.685, "T13_C": 3.26, "T14_C": 1.34, "T180_C": 6.55, "T181_C": 1.11}
[2025-08-23 23:16:42] Genoa vs Lecce - C Values: {"T1_C": 2.79, "T2_C": 1.94, "T3_C": 5.55, "T4_C": 1.165, "T5_C": 1.875, "T6_C": 1.456, "T7_C": 1.464, "T8_C": 2.704, "T9_C": 1.58, "T10_C": 2.384, "T11_C": 2.136, "T12_C": 1.71, "T13_C": 3.26, "T14_C": 1.34, "T180_C": 6.55, "T181_C": 1.11}
[2025-08-23 23:16:56] Genoa vs Lecce - C Values: {"T1_C": 2.79, "T2_C": 1.94, "T3_C": 5.55, "T4_C": 1.165, "T5_C": 1.875, "T6_C": 1.456, "T7_C": 1.464, "T8_C": 2.704, "T9_C": 1.63, "T10_C": 2.28, "T11_C": 2.136, "T12_C": 1.71, "T13_C": 3.26, "T14_C": 1.34, "T180_C": 6.55, "T181_C": 1.11}
[2025-08-23 23:17:02] Genoa vs Lecce - C Values: {"T1_C": 2.79, "T2_C": 1.94, "T3_C": 5.55, "T4_C": 1.165, "T5_C": 1.875, "T6_C": 1.456, "T7_C": 1.44, "T8_C": 2.78, "T9_C": 1.63, "T10_C": 2.28, "T11_C": 2.136, "T12_C": 1.71, "T13_C": 3.26, "T14_C": 1.34, "T180_C": 6.55, "T181_C": 1.11}
[2025-08-23 23:17:27] Genoa vs Lecce - C Values: {"T1_C": 2.88, "T2_C": 1.91, "T3_C": 5.5, "T4_C": 1.17, "T5_C": 1.904, "T6_C": 1.435, "T7_C": 1.464, "T8_C": 2.704, "T9_C": 1.63, "T10_C": 2.28, "T11_C": 2.136, "T12_C": 1.71, "T13_C": 3.26, "T14_C": 1.34, "T180_C": 6.55, "T181_C": 1.11}
[2025-08-23 23:17:45] Genoa vs Lecce - C Values: {"T1_C": 2.88, "T2_C": 1.91, "T3_C": 5.5, "T4_C": 1.17, "T5_C": 1.904, "T6_C": 1.435, "T7_C": 1.464, "T8_C": 2.704, "T9_C": 1.63, "T10_C": 2.28, "T11_C": 2.136, "T12_C": 1.71, "T13_C": 3.26, "T14_C": 1.34, "T180_C": 7.5, "T181_C": 1.09}
[2025-08-23 23:17:58] Genoa vs Lecce - C Values: {"T1_C": 2.925, "T2_C": 1.94, "T3_C": 5.05, "T4_C": 1.185, "T5_C": 1.87, "T6_C": 1.425, "T7_C": 1.49, "T8_C": 2.625, "T9_C": 1.63, "T10_C": 2.28, "T11_C": 2.136, "T12_C": 1.71, "T13_C": 3.105, "T14_C": 1.37, "T180_C": 6.55, "T181_C": 1.11}
[2025-08-23 23:18:21] Genoa vs Lecce - C Values: {"T1_C": 2.925, "T2_C": 1.94, "T3_C": 5.05, "T4_C": 1.185, "T5_C": 1.87, "T6_C": 1.425, "T7_C": 1.49, "T8_C": 2.625, "T9_C": 1.63, "T10_C": 2.28, "T11_C": 2.2, "T12_C": 1.67, "T13_C": 3.105, "T14_C": 1.37, "T180_C": 6.55, "T181_C": 1.11}
[2025-08-23 23:18:28] Genoa vs Lecce - C Values: {"T1_C": 2.94, "T2_C": 1.87, "T3_C": 5.6, "T4_C": 1.165, "T5_C": 1.94, "T6_C": 1.42, "T7_C": 1.464, "T8_C": 2.704, "T9_C": 1.63, "T10_C": 2.28, "T11_C": 2.2, "T12_C": 1.67, "T13_C": 3.36, "T14_C": 1.325, "T180_C": 7.5, "T181_C": 1.09}
[2025-08-23 23:18:34] Genoa vs Lecce - C Values: {"T1_C": 2.94, "T2_C": 1.87, "T3_C": 5.6, "T4_C": 1.165, "T5_C": 1.94, "T6_C": 1.42, "T7_C": 1.464, "T8_C": 2.704, "T9_C": 1.685, "T10_C": 2.175, "T11_C": 2.2, "T12_C": 1.67, "T13_C": 3.36, "T14_C": 1.325, "T180_C": 7.5, "T181_C": 1.09}
[2025-08-23 23:19:37] Genoa vs Lecce - C Values: {"T1_C": 2.94, "T2_C": 1.87, "T3_C": 5.6, "T4_C": 1.165, "T5_C": 1.94, "T6_C": 1.42, "T7_C": 1.49, "T8_C": 2.625, "T9_C": 1.685, "T10_C": 2.175, "T11_C": 2.2, "T12_C": 1.67, "T13_C": 3.26, "T14_C": 1.34, "T180_C": 7.5, "T181_C": 1.09}
[2025-08-23 23:19:56] Genoa vs Lecce - C Values: {"T1_C": 3.02, "T2_C": 1.85, "T3_C": 5.5, "T4_C": 1.168, "T5_C": 1.97, "T6_C": 1.405, "T7_C": 1.464, "T8_C": 2.704, "T9_C": 1.685, "T10_C": 2.175, "T11_C": 2.2, "T12_C": 1.67, "T13_C": 3.36, "T14_C": 1.325, "T180_C": 7.5, "T181_C": 1.09}
[2025-08-23 23:20:08] Genoa vs Lecce - C Values: {"T1_C": 3.008, "T2_C": 1.805, "T3_C": 6, "T4_C": 1.15, "T5_C": 2.02, "T6_C": 1.408, "T7_C": 1.464, "T8_C": 2.704, "T9_C": 1.752, "T10_C": 2.075, "T11_C": 2.305, "T12_C": 1.616, "T13_C": 3.6, "T14_C": 1.29, "T180_C": 8.43, "T181_C": 1.07}
[2025-08-23 23:20:26] Genoa vs Lecce - C Values: {"T1_C": 3.008, "T2_C": 1.805, "T3_C": 6, "T4_C": 1.15, "T5_C": 2.02, "T6_C": 1.408, "T7_C": 1.44, "T8_C": 2.78, "T9_C": 1.752, "T10_C": 2.075, "T11_C": 2.305, "T12_C": 1.616, "T13_C": 3.6, "T14_C": 1.29, "T180_C": 9.3, "T181_C": 1.056}
[2025-08-23 23:21:15] Genoa vs Lecce - C Values: {"T1_C": 3.05, "T2_C": 1.83, "T3_C": 5.55, "T4_C": 1.165, "T5_C": 1.985, "T6_C": 1.395, "T7_C": 1.464, "T8_C": 2.704, "T9_C": 1.752, "T10_C": 2.075, "T11_C": 2.41, "T12_C": 1.568, "T13_C": 3.6, "T14_C": 1.29, "T180_C": 9.3, "T181_C": 1.056}
[2025-08-23 23:21:46] Genoa vs Lecce - C Values: {"T1_C": 3.008, "T2_C": 1.805, "T3_C": 6, "T4_C": 1.15, "T5_C": 2.02, "T6_C": 1.408, "T7_C": 1.464, "T8_C": 2.704, "T9_C": 1.752, "T10_C": 2.075, "T11_C": 2.41, "T12_C": 1.568, "T13_C": 3.6, "T14_C": 1.29, "T180_C": 9.3, "T181_C": 1.056}
[2025-08-23 23:22:35] Genoa vs Lecce - C Values: {"T1_C": 3.008, "T2_C": 1.805, "T3_C": 6, "T4_C": 1.15, "T5_C": 2.02, "T6_C": 1.408, "T7_C": 1.464, "T8_C": 2.704, "T9_C": 1.752, "T10_C": 2.075, "T11_C": 2.41, "T12_C": 1.568, "T13_C": 3.86, "T14_C": 1.26, "T180_C": 9.3, "T181_C": 1.056}
[2025-08-23 23:22:41] Genoa vs Lecce - C Values: {"T1_C": 3.12, "T2_C": 1.81, "T3_C": 5.5, "T4_C": 1.168, "T5_C": 2.01, "T6_C": 1.384, "T7_C": 1.49, "T8_C": 2.625, "T9_C": 1.752, "T10_C": 2.075, "T11_C": 2.41, "T12_C": 1.568, "T13_C": 3.6, "T14_C": 1.29, "T180_C": 9.3, "T181_C": 1.056}
[2025-08-23 23:23:13] Genoa vs Lecce - C Values: {"T1_C": 3.144, "T2_C": 1.752, "T3_C": 6.05, "T4_C": 1.144, "T5_C": 2.088, "T6_C": 1.38, "T7_C": 1.464, "T8_C": 2.704, "T9_C": 1.83, "T10_C": 1.975, "T11_C": 2.41, "T12_C": 1.568, "T13_C": 3.86, "T14_C": 1.26, "T180_C": 10, "T181_C": 1.048}
[2025-08-23 23:23:26] Genoa vs Lecce - C Values: {"T1_C": 3.144, "T2_C": 1.752, "T3_C": 6.05, "T4_C": 1.144, "T5_C": 2.088, "T6_C": 1.38, "T7_C": 1.464, "T8_C": 2.704, "T9_C": 1.83, "T10_C": 1.975, "T11_C": 2.55, "T12_C": 1.512, "T13_C": 3.86, "T14_C": 1.26, "T180_C": 10, "T181_C": 1.048}
[2025-08-23 23:23:45] Genoa vs Lecce - C Values: {"T1_C": 3.144, "T2_C": 1.752, "T3_C": 6.05, "T4_C": 1.144, "T5_C": 2.088, "T6_C": 1.38, "T7_C": 1.464, "T8_C": 2.704, "T9_C": 1.83, "T10_C": 1.975, "T11_C": 2.41, "T12_C": 1.568, "T13_C": 3.86, "T14_C": 1.26, "T180_C": 10, "T181_C": 1.048}
[2025-08-23 23:23:52] Genoa vs Lecce - C Values: {"T1_C": 3.144, "T2_C": 1.752, "T3_C": 6.05, "T4_C": 1.144, "T5_C": 2.088, "T6_C": 1.38, "T7_C": 1.464, "T8_C": 2.704, "T9_C": 1.83, "T10_C": 1.975, "T11_C": 2.55, "T12_C": 1.512, "T13_C": 3.86, "T14_C": 1.26, "T180_C": 10, "T181_C": 1.048}
[2025-08-23 23:24:11] Genoa vs Lecce - C Values: {"T1_C": 3.26, "T2_C": 1.76, "T3_C": 5.6, "T4_C": 1.165, "T5_C": 2.075, "T6_C": 1.36, "T7_C": 1.49, "T8_C": 2.625, "T9_C": 1.83, "T10_C": 1.975, "T11_C": 2.55, "T12_C": 1.512, "T13_C": 3.86, "T14_C": 1.26, "T180_C": 10, "T181_C": 1.048}
[2025-08-23 23:24:23] Genoa vs Lecce - C Values: {"T1_C": 3.2, "T2_C": 1.736, "T3_C": 6, "T4_C": 1.145, "T5_C": 2.11, "T6_C": 1.368, "T7_C": 1.49, "T8_C": 2.625, "T9_C": 1.83, "T10_C": 1.975, "T11_C": 2.55, "T12_C": 1.512, "T13_C": 3.86, "T14_C": 1.26, "T180_C": 10, "T181_C": 1.048}
[2025-08-23 23:25:24] Genoa vs Lecce - C Values: {"T1_C": 3.2, "T2_C": 1.736, "T3_C": 6, "T4_C": 1.145, "T5_C": 2.11, "T6_C": 1.368, "T7_C": 1.464, "T8_C": 2.704, "T9_C": 1.83, "T10_C": 1.975, "T11_C": 2.55, "T12_C": 1.512, "T13_C": 3.86, "T14_C": 1.26, "T180_C": 11.8, "T181_C": 1.032}
[2025-08-23 23:26:03] Genoa vs Lecce - C Values: {"T1_C": 3.28, "T2_C": 1.705, "T3_C": 6.15, "T4_C": 1.144, "T5_C": 2.15, "T6_C": 1.355, "T7_C": 1.464, "T8_C": 2.704, "T9_C": 1.955, "T10_C": 1.848, "T11_C": 2.55, "T12_C": 1.512, "T13_C": 4.17, "T14_C": 1.23, "T180_C": 11.8, "T181_C": 1.032}
[2025-08-23 23:26:21] Genoa vs Lecce - C Values: {"T1_C": 3.3, "T2_C": 1.7, "T3_C": 6.1, "T4_C": 1.144, "T5_C": 2.16, "T6_C": 1.35, "T7_C": 1.464, "T8_C": 2.704, "T9_C": 1.955, "T10_C": 1.848, "T11_C": 2.55, "T12_C": 1.512, "T13_C": 4.17, "T14_C": 1.23, "T180_C": 11.8, "T181_C": 1.032}
[2025-08-23 23:26:27] Genoa vs Lecce - C Values: {"T1_C": 3.28, "T2_C": 1.705, "T3_C": 6.15, "T4_C": 1.144, "T5_C": 2.15, "T6_C": 1.355, "T7_C": 1.464, "T8_C": 2.704, "T9_C": 1.955, "T10_C": 1.848, "T11_C": 2.55, "T12_C": 1.512, "T13_C": 4.17, "T14_C": 1.23, "T180_C": 11.8, "T181_C": 1.032}
[2025-08-23 23:26:33] Genoa vs Lecce - C Values: {"T1_C": 3.11, "T2_C": 1.73, "T3_C": 6.5, "T4_C": 1.13, "T5_C": 2.115, "T6_C": 1.384, "T7_C": 1.44, "T8_C": 2.78, "T9_C": 1.83, "T10_C": 1.975, "T11_C": 2.55, "T12_C": 1.512, "T13_C": 4.17, "T14_C": 1.23, "T180_C": 11.8, "T181_C": 1.032}
[2025-08-23 23:27:10] Genoa vs Lecce - C Values: {"T1_C": 3.11, "T2_C": 1.73, "T3_C": 6.5, "T4_C": 1.13, "T5_C": 2.115, "T6_C": 1.384, "T7_C": 1.44, "T8_C": 2.78, "T9_C": 1.955, "T10_C": 1.848, "T11_C": 2.55, "T12_C": 1.512, "T13_C": 4.17, "T14_C": 1.23, "T180_C": 11.8, "T181_C": 1.032}
[2025-08-23 23:27:21] Genoa vs Lecce - C Values: {"T1_C": 3.18, "T2_C": 1.715, "T3_C": 6.45, "T4_C": 1.136, "T5_C": 2.14, "T6_C": 1.375, "T7_C": 1.44, "T8_C": 2.78, "T9_C": 1.955, "T10_C": 1.848, "T11_C": 2.55, "T12_C": 1.512, "T13_C": 4.17, "T14_C": 1.23, "T180_C": 11.8, "T181_C": 1.032}
[2025-08-23 23:27:33] Genoa vs Lecce - C Values: {"T1_C": 3.24, "T2_C": 1.69, "T3_C": 6.55, "T4_C": 1.13, "T5_C": 2.184, "T6_C": 1.36, "T7_C": 1.44, "T8_C": 2.78, "T9_C": 1.955, "T10_C": 1.848, "T11_C": 2.55, "T12_C": 1.512, "T13_C": 4.17, "T14_C": 1.23, "T180_C": 11.8, "T181_C": 1.032}
[2025-08-23 23:28:17] Genoa vs Lecce - C Values: {"T1_C": 3.24, "T2_C": 1.69, "T3_C": 6.55, "T4_C": 1.13, "T5_C": 2.184, "T6_C": 1.36, "T7_C": 1.44, "T8_C": 2.78, "T9_C": 1.955, "T10_C": 1.848, "T11_C": 2.55, "T12_C": 1.512, "T13_C": 4.34, "T14_C": 1.216, "T180_C": 11.8, "T181_C": 1.032}
[2025-08-23 23:28:42] Genoa vs Lecce - C Values: {"T1_C": 3.24, "T2_C": 1.69, "T3_C": 6.55, "T4_C": 1.13, "T5_C": 2.184, "T6_C": 1.36, "T7_C": 1.44, "T8_C": 2.78, "T9_C": 1.955, "T10_C": 1.848, "T11_C": 2.68, "T12_C": 1.47, "T13_C": 4.34, "T14_C": 1.216, "T180_C": 11.8, "T181_C": 1.032}
[2025-08-23 23:28:58] Genoa vs Lecce - C Values: {"T1_C": 3.26, "T2_C": 1.68, "T3_C": 6.55, "T4_C": 1.13, "T5_C": 2.195, "T6_C": 1.355, "T7_C": 1.44, "T8_C": 2.78, "T9_C": 1.955, "T10_C": 1.848, "T11_C": 2.68, "T12_C": 1.47, "T13_C": 4.34, "T14_C": 1.216, "T180_C": 11.8, "T181_C": 1.032}
[2025-08-23 23:29:16] Genoa vs Lecce - C Values: {"T1_C": 3.26, "T2_C": 1.68, "T3_C": 6.55, "T4_C": 1.13, "T5_C": 2.195, "T6_C": 1.355, "T7_C": 1.44, "T8_C": 2.78, "T9_C": 1.955, "T10_C": 1.848, "T11_C": 2.68, "T12_C": 1.47, "T13_C": 4.34, "T14_C": 1.216, "T180_C": 12.9, "T181_C": 1.025}
[2025-08-23 23:29:51] Genoa vs Lecce - C Values: {"T1_C": 3.26, "T2_C": 1.68, "T3_C": 6.55, "T4_C": 1.13, "T5_C": 2.195, "T6_C": 1.355, "T7_C": 1.44, "T8_C": 2.78, "T9_C": 2.056, "T10_C": 1.765, "T11_C": 2.68, "T12_C": 1.47, "T13_C": 4.34, "T14_C": 1.216, "T180_C": 12.9, "T181_C": 1.025}
[2025-08-23 23:30:03] Genoa vs Lecce - C Values: {"T1_C": 3.32, "T2_C": 1.66, "T3_C": 6.65, "T4_C": 1.13, "T5_C": 2.235, "T6_C": 1.344, "T7_C": 1.44, "T8_C": 2.78, "T9_C": 2.056, "T10_C": 1.765, "T11_C": 2.68, "T12_C": 1.47, "T13_C": 4.34, "T14_C": 1.216, "T180_C": 12.9, "T181_C": 1.025}
[2025-08-23 23:30:22] Genoa vs Lecce - C Values: {"T1_C": 3.32, "T2_C": 1.66, "T3_C": 6.65, "T4_C": 1.13, "T5_C": 2.235, "T6_C": 1.344, "T7_C": 1.44, "T8_C": 2.78, "T9_C": 2.056, "T10_C": 1.765, "T11_C": 2.68, "T12_C": 1.47, "T13_C": 4.78, "T14_C": 1.184, "T180_C": 12.9, "T181_C": 1.025}
[2025-08-23 23:30:28] Genoa vs Lecce - C Values: {"T1_C": 3.44, "T2_C": 1.635, "T3_C": 6.55, "T4_C": 1.13, "T5_C": 2.275, "T6_C": 1.33, "T7_C": 1.44, "T8_C": 2.78, "T9_C": 2.056, "T10_C": 1.765, "T11_C": 2.68, "T12_C": 1.47, "T13_C": 4.78, "T14_C": 1.184, "T180_C": 12.9, "T181_C": 1.025}
[2025-08-23 23:30:48] Genoa vs Lecce - C Values: {"T1_C": 3.4, "T2_C": 1.62, "T3_C": 7, "T4_C": 1.12, "T5_C": 2.304, "T6_C": 1.336, "T7_C": 1.44, "T8_C": 2.78, "T9_C": 2.056, "T10_C": 1.765, "T11_C": 2.68, "T12_C": 1.47, "T13_C": 4.78, "T14_C": 1.184, "T180_C": 12.9, "T181_C": 1.025}
[2025-08-23 23:31:00] Genoa vs Lecce - C Values: {"T1_C": 3.4, "T2_C": 1.62, "T3_C": 7, "T4_C": 1.12, "T5_C": 2.304, "T6_C": 1.336, "T7_C": 1.44, "T8_C": 2.78, "T9_C": 2.056, "T10_C": 1.765, "T11_C": 2.89, "T12_C": 1.416, "T13_C": 4.78, "T14_C": 1.184, "T180_C": 12.9, "T181_C": 1.025}
[2025-08-23 23:31:30] Genoa vs Lecce - C Values: {"T1_C": 3.4, "T2_C": 1.62, "T3_C": 7, "T4_C": 1.12, "T5_C": 2.304, "T6_C": 1.336, "T7_C": 1.44, "T8_C": 2.78, "T9_C": 2.056, "T10_C": 1.765, "T11_C": 2.89, "T12_C": 1.416, "T13_C": 4.78, "T14_C": 1.184, "T180_C": 13.5, "T181_C": 1.02}
[2025-08-23 23:31:55] Genoa vs Lecce - C Values: {"T1_C": 3.4, "T2_C": 1.62, "T3_C": 7, "T4_C": 1.12, "T5_C": 2.304, "T6_C": 1.336, "T7_C": 1.44, "T8_C": 2.78, "T9_C": 2.16, "T10_C": 1.696, "T11_C": 2.89, "T12_C": 1.416, "T13_C": 4.78, "T14_C": 1.184, "T180_C": 13.5, "T181_C": 1.02}
[2025-08-23 23:32:13] Genoa vs Lecce - C Values: {"T1_C": 3.6, "T2_C": 1.575, "T3_C": 7, "T4_C": 1.12, "T5_C": 2.395, "T6_C": 1.305, "T7_C": 1.464, "T8_C": 2.704, "T9_C": 2.16, "T10_C": 1.696, "T11_C": 3.105, "T12_C": 1.37, "T13_C": 4.78, "T14_C": 1.184, "T180_C": 13.5, "T181_C": 1.02}
[2025-08-23 23:32:19] Genoa vs Lecce - C Values: {"T1_C": 3.76, "T2_C": 1.575, "T3_C": 6.5, "T4_C": 1.13, "T5_C": 2.395, "T6_C": 1.29, "T7_C": 1.488, "T8_C": 2.63, "T9_C": 2.16, "T10_C": 1.696, "T11_C": 3.105, "T12_C": 1.37, "T13_C": 4.78, "T14_C": 1.184, "T180_C": 13.5, "T181_C": 1.02}
[2025-08-23 23:32:26] Genoa vs Lecce - C Values: {"T1_C": 3.76, "T2_C": 1.575, "T3_C": 6.5, "T4_C": 1.13, "T5_C": 2.395, "T6_C": 1.29, "T7_C": 1.488, "T8_C": 2.63, "T9_C": 2.26, "T10_C": 1.64, "T11_C": 3.105, "T12_C": 1.37, "T13_C": 4.78, "T14_C": 1.184, "T180_C": 14, "T181_C": 1.02}
[2025-08-23 23:32:52] Genoa vs Lecce - C Values: {"T1_C": 3.76, "T2_C": 1.575, "T3_C": 6.5, "T4_C": 1.13, "T5_C": 2.395, "T6_C": 1.29, "T7_C": 1.49, "T8_C": 2.625, "T9_C": 2.26, "T10_C": 1.64, "T11_C": 3.105, "T12_C": 1.37, "T13_C": 4.78, "T14_C": 1.184, "T180_C": 14, "T181_C": 1.02}
[2025-08-23 23:33:17] Genoa vs Lecce - C Values: {"T1_C": 3.76, "T2_C": 1.545, "T3_C": 7, "T4_C": 1.12, "T5_C": 2.47, "T6_C": 1.288, "T7_C": 1.49, "T8_C": 2.625, "T9_C": 2.26, "T10_C": 1.64, "T11_C": 3.26, "T12_C": 1.34, "T13_C": 5.25, "T14_C": 1.16, "T180_C": 14, "T181_C": 1.02}
[2025-08-23 23:33:22] Genoa vs Lecce - C Values: {"T1_C": 3.76, "T2_C": 1.545, "T3_C": 7, "T4_C": 1.12, "T5_C": 2.47, "T6_C": 1.288, "T7_C": 1.49, "T8_C": 2.625, "T9_C": 2.26, "T10_C": 1.64, "T11_C": 3.105, "T12_C": 1.37, "T13_C": 5.25, "T14_C": 1.16, "T180_C": 14, "T181_C": 1.02}
[2025-08-23 23:33:28] Genoa vs Lecce - C Values: {"T1_C": 3.82, "T2_C": 1.56, "T3_C": 6.6, "T4_C": 1.13, "T5_C": 2.43, "T6_C": 1.285, "T7_C": 1.488, "T8_C": 2.63, "T9_C": 2.26, "T10_C": 1.64, "T11_C": 3.26, "T12_C": 1.34, "T13_C": 4.78, "T14_C": 1.184, "T180_C": 14, "T181_C": 1.02}
[2025-08-23 23:33:53] Genoa vs Lecce - C Values: {"T1_C": 3.76, "T2_C": 1.545, "T3_C": 7, "T4_C": 1.12, "T5_C": 2.47, "T6_C": 1.288, "T7_C": 1.488, "T8_C": 2.63, "T9_C": 2.36, "T10_C": 1.59, "T11_C": 3.26, "T12_C": 1.34, "T13_C": 5.25, "T14_C": 1.16, "T180_C": 14, "T181_C": 1.02}
[2025-08-23 23:34:38] Genoa vs Lecce - C Values: {"T1_C": 4.02, "T2_C": 1.51, "T3_C": 7, "T4_C": 1.12, "T5_C": 2.57, "T6_C": 1.26, "T7_C": 1.488, "T8_C": 2.63, "T9_C": 2.36, "T10_C": 1.59, "T11_C": 3.36, "T12_C": 1.325, "T13_C": 5.25, "T14_C": 1.16, "T180_C": 14.5, "T181_C": 1.016}
[2025-08-23 23:35:14] Genoa vs Lecce - C Values: {"T1_C": 4.02, "T2_C": 1.51, "T3_C": 7, "T4_C": 1.12, "T5_C": 2.57, "T6_C": 1.26, "T7_C": 1.488, "T8_C": 2.63, "T9_C": 2.46, "T10_C": 1.545, "T11_C": 3.36, "T12_C": 1.325, "T13_C": 5.25, "T14_C": 1.16, "T180_C": 14.5, "T181_C": 1.016}
[2025-08-23 23:36:20] Genoa vs Lecce - C Values: {"T1_C": 4.08, "T2_C": 1.475, "T3_C": 7.6, "T4_C": 1.104, "T5_C": 2.675, "T6_C": 1.256, "T7_C": 1.488, "T8_C": 2.63, "T9_C": 2.56, "T10_C": 1.51, "T11_C": 3.6, "T12_C": 1.29, "T13_C": 5.7, "T14_C": 1.14, "T180_C": 15, "T181_C": 1.01}
[2025-08-23 23:36:32] Genoa vs Lecce - C Values: {"T1_C": 4.28, "T2_C": 1.48, "T3_C": 6.9, "T4_C": 1.12, "T5_C": 2.65, "T6_C": 1.24, "T7_C": 1.54, "T8_C": 2.485, "T9_C": 2.46, "T10_C": 1.545, "T11_C": 3.6, "T12_C": 1.29, "T13_C": 5.25, "T14_C": 1.16, "T180_C": 14.5, "T181_C": 1.016}
[2025-08-23 23:36:46] Genoa vs Lecce - C Values: {"T1_C": 4.34, "T2_C": 1.45, "T3_C": 7.5, "T4_C": 1.105, "T5_C": 2.765, "T6_C": 1.232, "T7_C": 1.52, "T8_C": 2.536, "T9_C": 2.56, "T10_C": 1.51, "T11_C": 3.6, "T12_C": 1.29, "T13_C": 5.7, "T14_C": 1.14, "T180_C": 15, "T181_C": 1.01}
[2025-08-23 23:37:22] Genoa vs Lecce - C Values: {"T1_C": 4.34, "T2_C": 1.45, "T3_C": 7.5, "T4_C": 1.105, "T5_C": 2.765, "T6_C": 1.232, "T7_C": 1.52, "T8_C": 2.536, "T9_C": 2.755, "T10_C": 1.45, "T11_C": 3.86, "T12_C": 1.26, "T13_C": 5.7, "T14_C": 1.14, "T180_C": 16, "T181_C": 1.008}
[2025-08-23 23:38:12] Genoa vs Lecce - C Values: {"T1_C": 4.48, "T2_C": 1.41, "T3_C": 8.2, "T4_C": 1.095, "T5_C": 2.915, "T6_C": 1.225, "T7_C": 1.488, "T8_C": 2.63, "T9_C": 2.755, "T10_C": 1.45, "T11_C": 3.86, "T12_C": 1.26, "T13_C": 6.2, "T14_C": 1.12, "T180_C": 16, "T181_C": 1.008}
[2025-08-23 23:38:21] Genoa vs Lecce - C Values: {"T1_C": 4.54, "T2_C": 1.41, "T3_C": 8, "T4_C": 1.096, "T5_C": 2.915, "T6_C": 1.22, "T7_C": 1.488, "T8_C": 2.63, "T9_C": 2.95, "T10_C": 1.4, "T11_C": 3.86, "T12_C": 1.26, "T13_C": 6.2, "T14_C": 1.12, "T180_C": 16, "T181_C": 1.008}
[2025-08-23 23:39:07] Genoa vs Lecce - C Values: {"T1_C": 4.74, "T2_C": 1.395, "T3_C": 7.9, "T4_C": 1.1, "T5_C": 2.975, "T6_C": 1.21, "T7_C": 1.52, "T8_C": 2.536, "T9_C": 2.95, "T10_C": 1.4, "T11_C": 4.17, "T12_C": 1.23, "T13_C": 6.2, "T14_C": 1.12, "T180_C": 16, "T181_C": 1.008}
[2025-08-23 23:39:32] Genoa vs Lecce - C Values: {"T1_C": 5, "T2_C": 1.408, "T3_C": 7, "T4_C": 1.12, "T5_C": 2.935, "T6_C": 1.19, "T7_C": 1.61, "T8_C": 2.32, "T9_C": 2.95, "T10_C": 1.4, "T11_C": 4.17, "T12_C": 1.23, "T13_C": 5.7, "T14_C": 1.14, "T180_C": 16, "T181_C": 1.008}
[2025-08-23 23:39:44] Genoa vs Lecce - C Values: {"T1_C": 5.3, "T2_C": 1.37, "T3_C": 7.4, "T4_C": 1.11, "T5_C": 3.096, "T6_C": 1.175, "T7_C": 1.61, "T8_C": 2.32, "T9_C": 2.95, "T10_C": 1.4, "T11_C": 4.17, "T12_C": 1.23, "T13_C": 5.7, "T14_C": 1.14, "T180_C": 16, "T181_C": 1.008}
[2025-08-23 23:39:56] Genoa vs Lecce - C Values: {"T1_C": 5.55, "T2_C": 1.41, "T3_C": 6.05, "T4_C": 1.144, "T5_C": 2.915, "T6_C": 1.165, "T7_C": 1.784, "T8_C": 2.03, "T9_C": 2.755, "T10_C": 1.45, "T11_C": 4.17, "T12_C": 1.23, "T13_C": 4.78, "T14_C": 1.184, "T180_C": 14.5, "T181_C": 1.016}
[2025-08-23 23:40:02] Genoa vs Lecce - C Values: {"T1_C": 5.3, "T2_C": 1.37, "T3_C": 7.4, "T4_C": 1.11, "T5_C": 3.096, "T6_C": 1.175, "T7_C": 1.61, "T8_C": 2.32, "T9_C": 2.95, "T10_C": 1.4, "T11_C": 4.34, "T12_C": 1.216, "T13_C": 5.7, "T14_C": 1.14, "T180_C": 16, "T181_C": 1.008}
[2025-08-23 23:40:20] Genoa vs Lecce - C Values: {"T1_C": 5.15, "T2_C": 1.37, "T3_C": 7.7, "T4_C": 1.104, "T5_C": 3.096, "T6_C": 1.184, "T7_C": 1.61, "T8_C": 2.32, "T9_C": 2.95, "T10_C": 1.4, "T11_C": 4.34, "T12_C": 1.216, "T13_C": 5.7, "T14_C": 1.14, "T180_C": 16, "T181_C": 1.008}
[2025-08-23 23:40:50] Genoa vs Lecce - C Values: {"T1_C": 5.15, "T2_C": 1.37, "T3_C": 7.7, "T4_C": 1.104, "T5_C": 3.096, "T6_C": 1.184, "T7_C": 1.61, "T8_C": 2.32, "T9_C": 2.95, "T10_C": 1.4, "T11_C": 4.34, "T12_C": 1.216, "T13_C": 6.2, "T14_C": 1.12, "T180_C": 16, "T181_C": 1.008}
[2025-08-23 23:40:57] Genoa vs Lecce - C Values: {"T1_C": 5.45, "T2_C": 1.36, "T3_C": 7.4, "T4_C": 1.11, "T5_C": 3.16, "T6_C": 1.17, "T7_C": 1.63, "T8_C": 2.275, "T9_C": 3.144, "T10_C": 1.36, "T11_C": 4.34, "T12_C": 1.216, "T13_C": 6.2, "T14_C": 1.12, "T180_C": 16, "T181_C": 1.008}
[2025-08-23 23:41:14] Genoa vs Lecce - C Values: {"T1_C": 5.45, "T2_C": 1.33, "T3_C": 8.4, "T4_C": 1.09, "T5_C": 3.33, "T6_C": 1.17, "T7_C": 1.54, "T8_C": 2.485, "T9_C": 3.32, "T10_C": 1.33, "T11_C": 4.78, "T12_C": 1.184, "T13_C": 6.65, "T14_C": 1.11, "T180_C": 17, "T181_C": 1.005}
[2025-08-23 23:41:21] Genoa vs Lecce - C Values: {"T1_C": 5.05, "T2_C": 1.34, "T3_C": 9.1, "T4_C": 1.08, "T5_C": 3.275, "T6_C": 1.185, "T7_C": 1.52, "T8_C": 2.536, "T9_C": 3.32, "T10_C": 1.33, "T11_C": 4.34, "T12_C": 1.216, "T13_C": 7.5, "T14_C": 1.085, "T180_C": 17, "T181_C": 1.005}
[2025-08-23 23:41:56] Genoa vs Lecce - C Values: {"T1_C": 5.45, "T2_C": 1.33, "T3_C": 8.4, "T4_C": 1.09, "T5_C": 3.33, "T6_C": 1.17, "T7_C": 1.56, "T8_C": 2.425, "T9_C": 3.32, "T10_C": 1.33, "T11_C": 4.78, "T12_C": 1.184, "T13_C": 6.65, "T14_C": 1.11, "T180_C": 17, "T181_C": 1.005}
[2025-08-23 23:42:10] Genoa vs Lecce - C Values: {"T1_C": 4.34, "T2_C": 1.405, "T3_C": 9, "T4_C": 1.08, "T5_C": 2.94, "T6_C": 1.235, "T7_C": 1.416, "T8_C": 2.88, "T9_C": 2.95, "T10_C": 1.4, "T11_C": 3.86, "T12_C": 1.26, "T13_C": 6.65, "T14_C": 1.11, "T180_C": 16, "T181_C": 1.008}
[2025-08-23 23:42:17] Genoa vs Lecce - C Values: {"T1_C": 3.96, "T2_C": 1.44, "T3_C": 9.4, "T4_C": 1.075, "T5_C": 2.808, "T6_C": 1.265, "T7_C": 1.35, "T8_C": 3.2, "T9_C": 2.56, "T10_C": 1.51, "T11_C": 3.36, "T12_C": 1.325, "T13_C": 6.65, "T14_C": 1.11, "T180_C": 15, "T181_C": 1.01}
[2025-08-23 23:42:23] Genoa vs Lecce - C Values: {"T1_C": 4.12, "T2_C": 1.41, "T3_C": 9.7, "T4_C": 1.07, "T5_C": 2.915, "T6_C": 1.25, "T7_C": 1.375, "T8_C": 3.064, "T9_C": 2.755, "T10_C": 1.45, "T11_C": 3.6, "T12_C": 1.29, "T13_C": 6.65, "T14_C": 1.11, "T180_C": 15, "T181_C": 1.01}
[2025-08-23 23:42:48] Genoa vs Lecce - C Values: {"T1_C": 4.12, "T2_C": 1.41, "T3_C": 9.7, "T4_C": 1.07, "T5_C": 2.915, "T6_C": 1.25, "T7_C": 1.35, "T8_C": 3.2, "T9_C": 2.755, "T10_C": 1.45, "T11_C": 3.6, "T12_C": 1.29, "T13_C": 6.65, "T14_C": 1.11, "T180_C": 16, "T181_C": 1.008}
[2025-08-23 23:43:13] Genoa vs Lecce - C Values: {"T1_C": 4.06, "T2_C": 1.41, "T3_C": 10, "T4_C": 1.07, "T5_C": 2.915, "T6_C": 1.26, "T7_C": 1.35, "T8_C": 3.2, "T9_C": 2.755, "T10_C": 1.45, "T11_C": 3.6, "T12_C": 1.29, "T13_C": 7.5, "T14_C": 1.085, "T180_C": 16, "T181_C": 1.008}
[2025-08-23 23:43:19] Genoa vs Lecce - C Values: {"T1_C": 4.3, "T2_C": 1.39, "T3_C": 9.8, "T4_C": 1.07, "T5_C": 3.005, "T6_C": 1.24, "T7_C": 1.35, "T8_C": 3.2, "T9_C": 2.755, "T10_C": 1.45, "T11_C": 3.6, "T12_C": 1.29, "T13_C": 7.5, "T14_C": 1.085, "T180_C": 16, "T181_C": 1.008}
[2025-08-23 23:43:32] Genoa vs Lecce - C Values: {"T1_C": 4.3, "T2_C": 1.39, "T3_C": 9.8, "T4_C": 1.07, "T5_C": 3.005, "T6_C": 1.24, "T7_C": 1.35, "T8_C": 3.2, "T9_C": 2.95, "T10_C": 1.4, "T11_C": 3.6, "T12_C": 1.29, "T13_C": 7.5, "T14_C": 1.085, "T180_C": 16, "T181_C": 1.008}
[2025-08-23 23:43:38] Genoa vs Lecce - C Values: {"T1_C": 6, "T2_C": 1.288, "T3_C": 9, "T4_C": 1.08, "T5_C": 3.62, "T6_C": 1.145, "T7_C": 1.56, "T8_C": 2.425, "T9_C": 3.58, "T10_C": 1.29, "T11_C": 5.25, "T12_C": 1.16, "T13_C": 7.5, "T14_C": 1.085, "T180_C": 17, "T181_C": 1.005}
[2025-08-23 23:43:43] Genoa vs Lecce - C Values: {"T1_C": 6.85, "T2_C": 1.22, "T3_C": 11.5, "T4_C": 1.056, "T5_C": 4.3, "T6_C": 1.125, "T7_C": 1.54, "T8_C": 2.485, "T9_C": 11.5, "T10_C": 1.03, "T11_C": 6.2, "T12_C": 1.12, "T13_C": 9.42, "T14_C": 1.056, "T180_C": 18, "T181_C": 1.001}
[2025-08-23 23:43:50] Genoa vs Lecce - C Values: {"T1_C": 6.55, "T2_C": 1.25, "T3_C": 10, "T4_C": 1.07, "T5_C": 3.97, "T6_C": 1.13, "T7_C": 1.54, "T8_C": 2.485, "T9_C": 4.06, "T10_C": 1.24, "T11_C": 5.7, "T12_C": 1.14, "T13_C": 8.5, "T14_C": 1.07, "T180_C": 18, "T181_C": 1.001}
[2025-08-23 23:44:18] Genoa vs Lecce - C Values: {"T1_C": 6.45, "T2_C": 1.25, "T3_C": 10, "T4_C": 1.065, "T5_C": 3.97, "T6_C": 1.135, "T7_C": 1.54, "T8_C": 2.485, "T9_C": 3.7, "T10_C": 1.275, "T11_C": 5.25, "T12_C": 1.16, "T13_C": 8.5, "T14_C": 1.07, "T180_C": 18, "T181_C": 1.001}
[2025-08-23 23:44:31] Genoa vs Lecce - C Values: {"T1_C": 6.35, "T2_C": 1.25, "T3_C": 10.5, "T4_C": 1.064, "T5_C": 3.97, "T6_C": 1.136, "T7_C": 1.54, "T8_C": 2.485, "T11_C": 5.7, "T12_C": 1.14, "T13_C": 8.5, "T14_C": 1.07, "T180_C": 18, "T181_C": 1.001}
[2025-08-23 23:44:53] Genoa vs Lecce - C Values: {"T1_C": 6.55, "T2_C": 1.25, "T3_C": 10, "T4_C": 1.07, "T5_C": 3.97, "T6_C": 1.13, "T7_C": 1.54, "T8_C": 2.485, "T9_C": 4.3, "T10_C": 1.22, "T11_C": 5.7, "T12_C": 1.14, "T13_C": 8.5, "T14_C": 1.07, "T180_C": 18, "T181_C": 1.001}
[2025-08-23 23:45:05] Genoa vs Lecce - C Values: {"T1_C": 6.55, "T2_C": 1.25, "T3_C": 10, "T4_C": 1.07, "T5_C": 3.97, "T6_C": 1.13, "T7_C": 1.54, "T8_C": 2.485, "T9_C": 4.06, "T10_C": 1.24, "T11_C": 5.7, "T12_C": 1.14, "T13_C": 8.5, "T14_C": 1.07, "T180_C": 18, "T181_C": 1.001}
[2025-08-23 23:45:23] Genoa vs Lecce - C Values: {"T1_C": 7.1, "T2_C": 1.22, "T3_C": 10.5, "T4_C": 1.06, "T5_C": 4.3, "T6_C": 1.115, "T7_C": 1.54, "T8_C": 2.485, "T9_C": 4.06, "T10_C": 1.24, "T11_C": 5.7, "T12_C": 1.14, "T13_C": 9.42, "T14_C": 1.056, "T180_C": 18, "T181_C": 1.001}
[2025-08-23 23:45:41] Genoa vs Lecce - C Values: {"T1_C": 6.85, "T2_C": 1.22, "T3_C": 11.5, "T4_C": 1.056, "T5_C": 4.3, "T6_C": 1.125, "T7_C": 1.54, "T8_C": 2.485, "T11_C": 5.7, "T12_C": 1.14, "T13_C": 9.42, "T14_C": 1.056, "T180_C": 18, "T181_C": 1.001}
[2025-08-23 23:46:01] Genoa vs Lecce - C Values: {"T1_C": 7, "T2_C": 1.22, "T3_C": 11, "T4_C": 1.06, "T5_C": 4.3, "T6_C": 1.12, "T7_C": 1.54, "T8_C": 2.485, "T11_C": 6.2, "T12_C": 1.12, "T13_C": 9.42, "T14_C": 1.056, "T180_C": 18, "T181_C": 1.001}
[2025-08-23 23:46:14] Genoa vs Lecce - C Values: {"T1_C": 7, "T2_C": 1.22, "T3_C": 11, "T4_C": 1.06, "T5_C": 4.3, "T6_C": 1.12, "T7_C": 1.54, "T8_C": 2.485, "T9_C": 4.7, "T10_C": 1.19, "T11_C": 6.2, "T12_C": 1.12, "T13_C": 9.42, "T14_C": 1.056}
[2025-08-23 23:46:21] Genoa vs Lecce - C Values: {"T1_C": 7.5, "T2_C": 1.195, "T3_C": 11.5, "T4_C": 1.055, "T5_C": 4.63, "T6_C": 1.104, "T7_C": 1.54, "T8_C": 2.485, "T9_C": 4.7, "T10_C": 1.19, "T11_C": 6.2, "T12_C": 1.12, "T13_C": 9.42, "T14_C": 1.056}
[2025-08-23 23:46:27] Genoa vs Lecce - C Values: {"T1_C": 7.5, "T2_C": 1.195, "T3_C": 11.5, "T4_C": 1.055, "T5_C": 4.63, "T6_C": 1.104, "T7_C": 1.54, "T8_C": 2.485, "T9_C": 4.42, "T10_C": 1.21, "T11_C": 6.2, "T12_C": 1.12, "T13_C": 9.42, "T14_C": 1.056}
[2025-08-23 23:46:52] Genoa vs Lecce - C Values: {"T1_C": 7.5, "T2_C": 1.195, "T3_C": 11.5, "T4_C": 1.055, "T5_C": 4.63, "T6_C": 1.104, "T7_C": 1.54, "T8_C": 2.485, "T9_C": 4.78, "T10_C": 1.184, "T11_C": 6.65, "T12_C": 1.11, "T13_C": 9.42, "T14_C": 1.056}
[2025-08-23 23:47:03] Genoa vs Lecce - C Values: {"T1_C": 7.7, "T2_C": 1.195, "T3_C": 11, "T4_C": 1.056, "T5_C": 4.62, "T6_C": 1.1, "T7_C": 1.54, "T8_C": 2.485, "T9_C": 4.78, "T10_C": 1.184, "T11_C": 6.65, "T12_C": 1.11, "T13_C": 10, "T14_C": 1.048}
[2025-08-23 23:47:15] Genoa vs Lecce - C Values: {"T1_C": 8, "T2_C": 1.175, "T3_C": 12.5, "T4_C": 1.048, "T5_C": 4.94, "T6_C": 1.096, "T7_C": 1.54, "T8_C": 2.485, "T9_C": 4.78, "T10_C": 1.184, "T11_C": 6.65, "T12_C": 1.11, "T13_C": 10, "T14_C": 1.048}
[2025-08-23 23:47:47] Genoa vs Lecce - C Values: {"T1_C": 8.3, "T2_C": 1.192, "T3_C": 10, "T4_C": 1.064, "T5_C": 4.62, "T6_C": 1.09, "T7_C": 1.685, "T8_C": 2.175, "T9_C": 4.42, "T10_C": 1.21, "T11_C": 6.65, "T12_C": 1.11, "T13_C": 8.5, "T14_C": 1.07, "T180_C": 18, "T181_C": 1.001}
[2025-08-23 23:47:54] Genoa vs Lecce - C Values: {"T1_C": 8.3, "T2_C": 1.192, "T3_C": 10, "T4_C": 1.064, "T5_C": 4.62, "T6_C": 1.09, "T7_C": 1.685, "T8_C": 2.175, "T9_C": 4.78, "T10_C": 1.184, "T11_C": 6.65, "T12_C": 1.11, "T13_C": 8.5, "T14_C": 1.07, "T180_C": 18, "T181_C": 1.001}
[2025-08-23 23:47:59] Genoa vs Lecce - C Values: {"T1_C": 8.3, "T2_C": 1.192, "T3_C": 10, "T4_C": 1.064, "T5_C": 4.62, "T6_C": 1.09, "T7_C": 1.71, "T8_C": 2.136, "T9_C": 4.78, "T10_C": 1.184, "T11_C": 6.65, "T12_C": 1.11, "T13_C": 8.5, "T14_C": 1.07, "T180_C": 18, "T181_C": 1.001}
[2025-08-23 23:48:05] Genoa vs Lecce - C Values: {"T1_C": 8.3, "T2_C": 1.192, "T3_C": 10, "T4_C": 1.064, "T5_C": 4.62, "T6_C": 1.09, "T7_C": 1.685, "T8_C": 2.175, "T9_C": 4.78, "T10_C": 1.184, "T11_C": 7.5, "T12_C": 1.085, "T13_C": 8.5, "T14_C": 1.07, "T180_C": 18, "T181_C": 1.001}
[2025-08-23 23:48:17] Genoa vs Lecce - C Values: {"T1_C": 8.9, "T2_C": 1.175, "T3_C": 11, "T4_C": 1.06, "T5_C": 4.94, "T6_C": 1.085, "T7_C": 1.71, "T8_C": 2.136, "T9_C": 4.78, "T10_C": 1.184, "T11_C": 7.5, "T12_C": 1.085, "T13_C": 9.42, "T14_C": 1.056, "T180_C": 18, "T181_C": 1.001}
[2025-08-23 23:48:23] Genoa vs Lecce - C Values: {"T1_C": 8.7, "T2_C": 1.16, "T3_C": 13, "T4_C": 1.045, "T5_C": 5.24, "T6_C": 1.088, "T7_C": 1.54, "T8_C": 2.485, "T9_C": 5.45, "T10_C": 1.15, "T11_C": 7.5, "T12_C": 1.085, "T13_C": 10, "T14_C": 1.048}
[2025-08-23 23:48:29] Genoa vs Lecce - C Values: {"T1_C": 8.4, "T2_C": 1.16, "T3_C": 13.5, "T4_C": 1.04, "T5_C": 5.24, "T6_C": 1.09, "T7_C": 1.54, "T8_C": 2.485, "T9_C": 5.45, "T10_C": 1.15, "T11_C": 7.5, "T12_C": 1.085, "T13_C": 10, "T14_C": 1.048}
[2025-08-23 23:48:35] Genoa vs Lecce - C Values: {"T1_C": 8.9, "T2_C": 1.16, "T3_C": 12.5, "T4_C": 1.05, "T5_C": 5.24, "T6_C": 1.085, "T7_C": 1.58, "T8_C": 2.375, "T9_C": 5.45, "T10_C": 1.15, "T11_C": 7.5, "T12_C": 1.085, "T13_C": 10, "T14_C": 1.048}
[2025-08-23 23:48:54] Genoa vs Lecce - C Values: {"T1_C": 10, "T2_C": 1.135, "T3_C": 14, "T4_C": 1.04, "T5_C": 5.85, "T6_C": 1.07, "T7_C": 1.58, "T8_C": 2.375, "T11_C": 7.5, "T12_C": 1.085, "T13_C": 10, "T14_C": 1.048}
[2025-08-23 23:49:13] Genoa vs Lecce - C Values: {"T1_C": 9.9, "T2_C": 1.135, "T3_C": 14, "T4_C": 1.04, "T5_C": 5.85, "T6_C": 1.07, "T7_C": 1.58, "T8_C": 2.375, "T11_C": 8.5, "T12_C": 1.07, "T13_C": 11.9, "T14_C": 1.03}
[2025-08-23 23:49:20] Genoa vs Lecce - C Values: {"T1_C": 9.9, "T2_C": 1.135, "T3_C": 14, "T4_C": 1.04, "T5_C": 5.85, "T6_C": 1.07, "T7_C": 1.58, "T8_C": 2.375, "T9_C": 6.45, "T10_C": 1.112, "T11_C": 8.5, "T12_C": 1.07, "T13_C": 11.9, "T14_C": 1.03}
[2025-08-23 23:49:25] Genoa vs Lecce - C Values: {"T1_C": 9.9, "T2_C": 1.135, "T3_C": 14, "T4_C": 1.04, "T5_C": 5.85, "T6_C": 1.07, "T7_C": 1.58, "T8_C": 2.375, "T9_C": 6.05, "T10_C": 1.125, "T11_C": 8.5, "T12_C": 1.07, "T13_C": 11.9, "T14_C": 1.03}
[2025-08-23 23:49:44] Genoa vs Lecce - C Values: {"T1_C": 11, "T2_C": 1.112, "T3_C": 15, "T4_C": 1.032, "T5_C": 6.42, "T6_C": 1.06, "T7_C": 1.58, "T8_C": 2.375, "T11_C": 8.5, "T12_C": 1.07, "T13_C": 11.9, "T14_C": 1.03}
[2025-08-23 23:49:56] Genoa vs Lecce - C Values: {"T1_C": 11, "T2_C": 1.112, "T3_C": 15, "T4_C": 1.032, "T5_C": 6.42, "T6_C": 1.06, "T7_C": 1.58, "T8_C": 2.375, "T11_C": 9.42, "T12_C": 1.056, "T13_C": 11.9, "T14_C": 1.03}
[2025-08-23 23:50:14] Genoa vs Lecce - C Values: {"T1_C": 10.5, "T2_C": 1.112, "T3_C": 16, "T4_C": 1.03, "T5_C": 6.42, "T6_C": 1.064, "T7_C": 1.58, "T8_C": 2.375, "T9_C": 7.1, "T10_C": 1.096, "T11_C": 9.42, "T12_C": 1.056, "T13_C": 11.9, "T14_C": 1.03}
[2025-08-23 23:50:27] Genoa vs Lecce - C Values: {"T1_C": 10.5, "T2_C": 1.112, "T3_C": 16, "T4_C": 1.03, "T5_C": 6.42, "T6_C": 1.064, "T7_C": 1.58, "T8_C": 2.375, "T9_C": 6.7, "T10_C": 1.104, "T11_C": 9.42, "T12_C": 1.056, "T13_C": 11.9, "T14_C": 1.03}
[2025-08-23 23:50:45] Genoa vs Lecce - C Values: {"T1_C": 12, "T2_C": 1.1, "T3_C": 16, "T4_C": 1.03, "T5_C": 6.98, "T6_C": 1.05, "T7_C": 1.58, "T8_C": 2.375, "T11_C": 9.42, "T12_C": 1.056, "T13_C": 12.5, "T14_C": 1.025}
[2025-08-23 23:50:51] Genoa vs Lecce - C Values: {"T1_C": 12.5, "T2_C": 1.112, "T3_C": 12.5, "T4_C": 1.048, "T5_C": 6.42, "T6_C": 1.048, "T7_C": 1.85, "T8_C": 1.95, "T9_C": 6.05, "T10_C": 1.125, "T11_C": 9.42, "T12_C": 1.056, "T13_C": 10, "T14_C": 1.048}
[2025-08-23 23:51:04] Genoa vs Lecce - C Values: {"T1_C": 13, "T2_C": 1.088, "T3_C": 17, "T4_C": 1.025, "T5_C": 7.5, "T6_C": 1.045, "T7_C": 1.58, "T8_C": 2.375, "T9_C": 6.55, "T10_C": 1.11, "T11_C": 10, "T12_C": 1.048, "T13_C": 12.5, "T14_C": 1.025}
[2025-08-23 23:51:10] Genoa vs Lecce - C Values: {"T1_C": 13, "T2_C": 1.088, "T3_C": 17, "T4_C": 1.025, "T5_C": 7.5, "T6_C": 1.045, "T7_C": 1.63, "T8_C": 2.275, "T9_C": 6.55, "T10_C": 1.11, "T11_C": 10, "T12_C": 1.048, "T13_C": 12.5, "T14_C": 1.025}
[2025-08-23 23:51:24] Genoa vs Lecce - C Values: {"T1_C": 13.5, "T2_C": 1.088, "T3_C": 16, "T4_C": 1.025, "T5_C": 7.5, "T6_C": 1.04, "T7_C": 1.63, "T8_C": 2.275, "T11_C": 10, "T12_C": 1.048, "T13_C": 12.5, "T14_C": 1.025}
[2025-08-23 23:51:43] Genoa vs Lecce - C Values: {"T1_C": 14, "T2_C": 1.075, "T3_C": 18, "T4_C": 1.025, "T5_C": 7.99, "T6_C": 1.04, "T7_C": 1.63, "T8_C": 2.275, "T11_C": 10, "T12_C": 1.048, "T13_C": 12.5, "T14_C": 1.025}
[2025-08-23 23:51:50] Genoa vs Lecce - C Values: {"T1_C": 15, "T2_C": 1.07, "T3_C": 19, "T4_C": 1.02, "T5_C": 8.5, "T6_C": 1.035, "T7_C": 1.63, "T8_C": 2.275, "T11_C": 11.9, "T12_C": 1.03, "T13_C": 12.5, "T14_C": 1.025}
[2025-08-23 23:52:15] Genoa vs Lecce - C Values: {"T1_C": 19, "T2_C": 1.04, "T3_C": 24, "T4_C": 1.009, "T5_C": 10.9, "T6_C": 1.02, "T7_C": 1.63, "T8_C": 2.275, "T9_C": 9.1, "T10_C": 1.06, "T11_C": 12.5, "T12_C": 1.025, "T13_C": 14.3, "T14_C": 1.016}
[2025-08-23 23:52:21] Genoa vs Lecce - C Values: {"T1_C": 19, "T2_C": 1.04, "T3_C": 26, "T4_C": 1.005, "T5_C": 11.7, "T6_C": 1.02, "T7_C": 1.63, "T8_C": 2.275, "T11_C": 12.5, "T12_C": 1.025, "T13_C": 14.3, "T14_C": 1.016}
[2025-08-23 23:52:28] Genoa vs Lecce - C Values: {"T1_C": 20, "T2_C": 1.04, "T3_C": 24, "T4_C": 1.007, "T5_C": 11.7, "T6_C": 1.016, "T7_C": 1.63, "T8_C": 2.275, "T11_C": 12.5, "T12_C": 1.025, "T13_C": 14.3, "T14_C": 1.016}
[2025-08-23 23:52:35] Genoa vs Lecce - C Values: {"T1_C": 20, "T2_C": 1.04, "T3_C": 24, "T4_C": 1.007, "T5_C": 11.7, "T6_C": 1.016, "T7_C": 1.63, "T8_C": 2.275, "T11_C": 13.6, "T12_C": 1.02, "T13_C": 15, "T14_C": 1.016}
[2025-08-23 23:52:46] Genoa vs Lecce - C Values: {"T1_C": 20, "T2_C": 1.032, "T3_C": 26, "T4_C": 1.005, "T5_C": 12.5, "T6_C": 1.01, "T7_C": 1.63, "T8_C": 2.275, "T9_C": 9.9, "T10_C": 1.05, "T11_C": 13.6, "T12_C": 1.02, "T13_C": 15, "T14_C": 1.016}
[2025-08-23 23:52:59] Genoa vs Lecce - C Values: {"T1_C": 20, "T2_C": 1.032, "T3_C": 26, "T4_C": 1.005, "T5_C": 12.5, "T6_C": 1.01, "T7_C": 1.63, "T8_C": 2.275}
[2025-08-23 23:53:23] Genoa vs Lecce - C Values: {"T1_C": 21, "T2_C": 1.03, "T3_C": 26, "T4_C": 1.003, "T5_C": 13.3, "T6_C": 1.01, "T7_C": 1.63, "T8_C": 2.275, "T9_C": 11, "T10_C": 1.04}
[2025-08-23 23:53:29] Genoa vs Lecce - C Values: {"T1_C": 22, "T2_C": 1.03, "T3_C": 25, "T4_C": 1.005, "T5_C": 13.3, "T6_C": 1.008, "T7_C": 1.63, "T8_C": 2.275}
[2025-08-23 23:53:35] Genoa vs Lecce - C Values: {"T1_C": 22, "T2_C": 1.025, "T3_C": 27, "T4_C": 1.001, "T5_C": 14.1, "T6_C": 1.008, "T7_C": 1.63, "T8_C": 2.275}
[2025-08-23 23:53:41] Genoa vs Lecce - C Values: {"T1_C": 22, "T2_C": 1.025, "T3_C": 27, "T4_C": 1.001, "T5_C": 14.1, "T6_C": 1.008, "T7_C": 1.63, "T8_C": 2.275, "T9_C": 12, "T10_C": 1.03}
[2025-08-23 23:54:01] Genoa vs Lecce - C Values: {"T1_C": 24, "T2_C": 1.02, "T3_C": 29}
[2025-08-23 23:54:19] Genoa vs Lecce - C Values: {"T1_C": 27, "T2_C": 1.016, "T3_C": 29}
[2025-08-23 23:54:37] Genoa vs Lecce - C Values: {"T1_C": 21, "T2_C": 1.025, "T3_C": 26}
[2025-08-23 23:55:02] Genoa vs Lecce - C Values: {"T1_C": 21, "T2_C": 1.02, "T3_C": 26}
[2025-08-23 23:55:13] Genoa vs Lecce - C Values: {"T1_C": 21, "T2_C": 1.016, "T3_C": 26}
[2025-08-23 23:55:33] Genoa vs Lecce - C Values: {"T1_C": 23, "T2_C": 1.01, "T3_C": 29}
