[2025-08-23 22:02:15] Hamburg vs Dortmund - C Values: {"T1_C": 4.2, "T2_C": 3.58, "T3_C": 1.864, "T4_C": 1.95, "T5_C": 1.31, "T6_C": 1.248, "T7_C": 1.51, "T8_C": 2.56, "T9_C": 1.77, "T10_C": 2.05, "T11_C": 1.81, "T12_C": 2, "T13_C": 1.81, "T14_C": 2, "T180_C": 1.65, "T181_C": 2.235}
[2025-08-23 22:02:21] Hamburg vs Dortmund - C Values: {"T1_C": 4.2, "T2_C": 3.58, "T3_C": 1.864, "T4_C": 1.95, "T5_C": 1.31, "T6_C": 1.248, "T7_C": 1.51, "T8_C": 2.56, "T9_C": 1.77, "T10_C": 2.05, "T11_C": 1.83, "T12_C": 1.975, "T13_C": 1.81, "T14_C": 2, "T180_C": 1.65, "T181_C": 2.235}
[2025-08-23 22:02:41] Hamburg vs Dortmund - C Values: {"T1_C": 4.2, "T2_C": 3.58, "T3_C": 1.864, "T4_C": 1.95, "T5_C": 1.31, "T6_C": 1.248, "T7_C": 1.51, "T8_C": 2.56, "T9_C": 1.77, "T10_C": 2.05, "T11_C": 1.88, "T12_C": 1.92, "T13_C": 1.81, "T14_C": 2, "T180_C": 1.68, "T181_C": 2.184}
[2025-08-23 22:02:48] Hamburg vs Dortmund - C Values: {"T1_C": 3.78, "T2_C": 3.48, "T3_C": 1.99, "T4_C": 1.83, "T5_C": 1.325, "T6_C": 1.288, "T7_C": 2.6, "T8_C": 1.5, "T9_C": 1.77, "T10_C": 2.05, "T11_C": 1.75, "T12_C": 2.08, "T13_C": 1.864, "T14_C": 1.936, "T180_C": 1.65, "T181_C": 2.235}
[2025-08-23 22:02:54] Hamburg vs Dortmund - C Values: {"T1_C": 3.94, "T2_C": 3.48, "T3_C": 1.95, "T4_C": 1.87, "T5_C": 1.32, "T6_C": 1.27, "T7_C": 2.696, "T8_C": 1.465, "T9_C": 1.77, "T10_C": 2.05, "T11_C": 1.77, "T12_C": 2.05, "T13_C": 1.864, "T14_C": 1.936, "T180_C": 1.65, "T181_C": 2.235}
[2025-08-23 22:03:01] Hamburg vs Dortmund - C Values: {"T1_C": 3.98, "T2_C": 3.52, "T3_C": 1.925, "T4_C": 1.89, "T5_C": 1.315, "T6_C": 1.264, "T7_C": 1.46, "T8_C": 2.715, "T9_C": 1.77, "T10_C": 2.05, "T11_C": 1.79, "T12_C": 2.025, "T13_C": 1.81, "T14_C": 2, "T180_C": 1.65, "T181_C": 2.235}
[2025-08-23 22:03:23] Hamburg vs Dortmund - C Values: {"T1_C": 3.82, "T2_C": 3.52, "T3_C": 1.965, "T4_C": 1.855, "T5_C": 1.315, "T6_C": 1.28, "T7_C": 2.696, "T8_C": 1.465, "T9_C": 1.77, "T10_C": 2.05, "T11_C": 1.77, "T12_C": 2.05, "T13_C": 1.864, "T14_C": 1.936, "T180_C": 1.65, "T181_C": 2.235}
[2025-08-23 22:03:40] Hamburg vs Dortmund - C Values: {"T1_C": 3.98, "T2_C": 3.52, "T3_C": 1.925, "T4_C": 1.89, "T5_C": 1.315, "T6_C": 1.264, "T7_C": 1.46, "T8_C": 2.715, "T9_C": 1.77, "T10_C": 2.05, "T11_C": 1.79, "T12_C": 2.025, "T13_C": 1.81, "T14_C": 2, "T180_C": 1.65, "T181_C": 2.235}
[2025-08-23 22:03:59] Hamburg vs Dortmund - C Values: {"T1_C": 3.98, "T2_C": 3.52, "T3_C": 1.925, "T4_C": 1.89, "T5_C": 1.315, "T6_C": 1.264, "T7_C": 1.46, "T8_C": 2.715, "T9_C": 1.77, "T10_C": 2.05, "T11_C": 1.79, "T12_C": 2.025, "T13_C": 1.864, "T14_C": 1.936, "T180_C": 1.68, "T181_C": 2.184}
[2025-08-23 22:04:06] Hamburg vs Dortmund - C Values: {"T1_C": 3.98, "T2_C": 3.52, "T3_C": 1.925, "T4_C": 1.89, "T5_C": 1.315, "T6_C": 1.264, "T7_C": 1.46, "T8_C": 2.712, "T9_C": 1.77, "T10_C": 2.05, "T11_C": 1.81, "T12_C": 2, "T13_C": 1.81, "T14_C": 2, "T180_C": 1.68, "T181_C": 2.184}
[2025-08-23 22:04:18] Hamburg vs Dortmund - C Values: {"T1_C": 3.98, "T2_C": 3.52, "T3_C": 1.925, "T4_C": 1.89, "T5_C": 1.315, "T6_C": 1.264, "T7_C": 1.46, "T8_C": 2.712, "T9_C": 1.85, "T10_C": 1.95, "T11_C": 1.904, "T12_C": 1.896, "T13_C": 1.864, "T14_C": 1.936, "T180_C": 1.68, "T181_C": 2.184}
[2025-08-23 22:04:31] Hamburg vs Dortmund - C Values: {"T1_C": 4.24, "T2_C": 3.52, "T3_C": 1.875, "T4_C": 1.936, "T5_C": 1.32, "T6_C": 1.245, "T7_C": 1.485, "T8_C": 2.632, "T9_C": 1.77, "T10_C": 2.05, "T11_C": 1.83, "T12_C": 1.975, "T13_C": 1.81, "T14_C": 2, "T180_C": 1.68, "T181_C": 2.184}
[2025-08-23 22:04:44] Hamburg vs Dortmund - C Values: {"T1_C": 3.98, "T2_C": 3.52, "T3_C": 1.925, "T4_C": 1.89, "T5_C": 1.315, "T6_C": 1.264, "T7_C": 1.46, "T8_C": 2.712, "T9_C": 1.85, "T10_C": 1.95, "T11_C": 1.904, "T12_C": 1.896, "T13_C": 1.864, "T14_C": 1.936, "T180_C": 1.68, "T181_C": 2.184}
[2025-08-23 22:04:50] Hamburg vs Dortmund - C Values: {"T1_C": 3.98, "T2_C": 3.52, "T3_C": 1.925, "T4_C": 1.89, "T5_C": 1.315, "T6_C": 1.264, "T7_C": 1.46, "T8_C": 2.715, "T9_C": 1.85, "T10_C": 1.95, "T11_C": 1.88, "T12_C": 1.92, "T13_C": 1.864, "T14_C": 1.936, "T180_C": 1.68, "T181_C": 2.184}
[2025-08-23 22:05:20] Hamburg vs Dortmund - C Values: {"T1_C": 3.98, "T2_C": 3.52, "T3_C": 1.925, "T4_C": 1.89, "T5_C": 1.315, "T6_C": 1.264, "T7_C": 1.46, "T8_C": 2.715, "T9_C": 1.85, "T10_C": 1.95, "T11_C": 1.88, "T12_C": 1.92, "T13_C": 1.864, "T14_C": 1.936, "T180_C": 1.72, "T181_C": 2.12}
[2025-08-23 22:05:34] Hamburg vs Dortmund - C Values: {"T1_C": 4.02, "T2_C": 3.46, "T3_C": 1.94, "T4_C": 1.875, "T5_C": 1.325, "T6_C": 1.264, "T7_C": 1.46, "T8_C": 2.715, "T9_C": 1.85, "T10_C": 1.95, "T11_C": 1.88, "T12_C": 1.92, "T13_C": 1.864, "T14_C": 1.936, "T180_C": 1.72, "T181_C": 2.12}
[2025-08-23 22:06:00] Hamburg vs Dortmund - C Values: {"T1_C": 4.02, "T2_C": 3.46, "T3_C": 1.94, "T4_C": 1.875, "T5_C": 1.325, "T6_C": 1.264, "T7_C": 1.46, "T8_C": 2.712, "T9_C": 1.85, "T10_C": 1.95, "T11_C": 2.02, "T12_C": 1.792, "T13_C": 1.95, "T14_C": 1.85, "T180_C": 1.72, "T181_C": 2.12}
[2025-08-23 22:06:07] Hamburg vs Dortmund - C Values: {"T1_C": 3.96, "T2_C": 3.42, "T3_C": 1.965, "T4_C": 1.856, "T5_C": 1.335, "T6_C": 1.265, "T7_C": 2.77, "T8_C": 1.445, "T9_C": 1.85, "T10_C": 1.95, "T11_C": 2.02, "T12_C": 1.792, "T13_C": 1.95, "T14_C": 1.85, "T180_C": 1.72, "T181_C": 2.12}
[2025-08-23 22:06:19] Hamburg vs Dortmund - C Values: {"T1_C": 4.02, "T2_C": 3.46, "T3_C": 1.94, "T4_C": 1.875, "T5_C": 1.325, "T6_C": 1.264, "T7_C": 1.46, "T8_C": 2.715, "T9_C": 1.85, "T10_C": 1.95, "T11_C": 2.02, "T12_C": 1.792, "T13_C": 1.95, "T14_C": 1.85, "T180_C": 1.72, "T181_C": 2.12}
[2025-08-23 22:06:32] Hamburg vs Dortmund - C Values: {"T1_C": 3.96, "T2_C": 3.42, "T3_C": 1.965, "T4_C": 1.856, "T5_C": 1.335, "T6_C": 1.265, "T7_C": 2.77, "T8_C": 1.445, "T9_C": 1.85, "T10_C": 1.95, "T11_C": 2.02, "T12_C": 1.792, "T13_C": 1.95, "T14_C": 1.85, "T180_C": 1.72, "T181_C": 2.12}
[2025-08-23 22:06:50] Hamburg vs Dortmund - C Values: {"T1_C": 3.96, "T2_C": 3.42, "T3_C": 1.965, "T4_C": 1.856, "T5_C": 1.335, "T6_C": 1.265, "T7_C": 2.77, "T8_C": 1.445, "T9_C": 1.975, "T10_C": 1.83, "T11_C": 2.02, "T12_C": 1.792, "T13_C": 1.95, "T14_C": 1.85, "T180_C": 1.76, "T181_C": 2.06}
[2025-08-23 22:07:02] Hamburg vs Dortmund - C Values: {"T1_C": 3.92, "T2_C": 3.38, "T3_C": 1.99, "T4_C": 1.832, "T5_C": 1.34, "T6_C": 1.27, "T7_C": 2.696, "T8_C": 1.465, "T9_C": 1.975, "T10_C": 1.83, "T11_C": 2.02, "T12_C": 1.792, "T13_C": 2.045, "T14_C": 1.775, "T180_C": 1.76, "T181_C": 2.06}
[2025-08-23 22:07:08] Hamburg vs Dortmund - C Values: {"T1_C": 3.8, "T2_C": 3.42, "T3_C": 2.008, "T4_C": 1.82, "T5_C": 1.335, "T6_C": 1.285, "T7_C": 2.696, "T8_C": 1.465, "T9_C": 1.975, "T10_C": 1.83, "T11_C": 2.02, "T12_C": 1.792, "T13_C": 2.045, "T14_C": 1.775, "T180_C": 1.76, "T181_C": 2.06}
[2025-08-23 22:07:28] Hamburg vs Dortmund - C Values: {"T1_C": 3.98, "T2_C": 3.28, "T3_C": 2.015, "T4_C": 1.815, "T5_C": 1.355, "T6_C": 1.264, "T7_C": 2.696, "T8_C": 1.465, "T9_C": 2.08, "T10_C": 1.75, "T11_C": 2.02, "T12_C": 1.792, "T13_C": 2.045, "T14_C": 1.775, "T180_C": 1.76, "T181_C": 2.06}
[2025-08-23 22:08:22] Hamburg vs Dortmund - C Values: {"T1_C": 3.98, "T2_C": 3.28, "T3_C": 2.015, "T4_C": 1.815, "T5_C": 1.355, "T6_C": 1.264, "T7_C": 2.77, "T8_C": 1.445, "T9_C": 2.08, "T10_C": 1.75, "T11_C": 2.155, "T12_C": 1.696, "T13_C": 2.045, "T14_C": 1.775, "T180_C": 1.825, "T181_C": 1.98}
[2025-08-23 22:08:28] Hamburg vs Dortmund - C Values: {"T1_C": 3.98, "T2_C": 3.28, "T3_C": 2.015, "T4_C": 1.815, "T5_C": 1.355, "T6_C": 1.264, "T7_C": 2.77, "T8_C": 1.445, "T9_C": 2.08, "T10_C": 1.75, "T11_C": 2.02, "T12_C": 1.792, "T13_C": 2.045, "T14_C": 1.775, "T180_C": 1.825, "T181_C": 1.98}
[2025-08-23 22:08:47] Hamburg vs Dortmund - C Values: {"T1_C": 3.98, "T2_C": 3.28, "T3_C": 2.015, "T4_C": 1.815, "T5_C": 1.355, "T6_C": 1.264, "T7_C": 2.77, "T8_C": 1.445, "T9_C": 2.08, "T10_C": 1.75, "T11_C": 2.155, "T12_C": 1.696, "T13_C": 2.045, "T14_C": 1.775, "T180_C": 1.825, "T181_C": 1.98}
[2025-08-23 22:08:52] Hamburg vs Dortmund - C Values: {"T1_C": 3.98, "T2_C": 3.28, "T3_C": 2.015, "T4_C": 1.815, "T5_C": 1.355, "T6_C": 1.264, "T7_C": 2.77, "T8_C": 1.445, "T9_C": 2.08, "T10_C": 1.75, "T11_C": 2.155, "T12_C": 1.696, "T13_C": 2.136, "T14_C": 1.71, "T180_C": 1.825, "T181_C": 1.98}
[2025-08-23 22:09:11] Hamburg vs Dortmund - C Values: {"T1_C": 3.98, "T2_C": 3.28, "T3_C": 2.015, "T4_C": 1.815, "T5_C": 1.355, "T6_C": 1.264, "T7_C": 2.77, "T8_C": 1.445, "T9_C": 2.08, "T10_C": 1.75, "T11_C": 2.152, "T12_C": 1.7, "T13_C": 2.136, "T14_C": 1.71, "T180_C": 1.825, "T181_C": 1.98}
[2025-08-23 22:09:24] Hamburg vs Dortmund - C Values: {"T1_C": 3.98, "T2_C": 3.28, "T3_C": 2.015, "T4_C": 1.815, "T5_C": 1.355, "T6_C": 1.264, "T7_C": 2.696, "T8_C": 1.465, "T9_C": 2.175, "T10_C": 1.685, "T11_C": 2.152, "T12_C": 1.7, "T13_C": 2.136, "T14_C": 1.71, "T180_C": 1.904, "T181_C": 1.896}
[2025-08-23 22:09:31] Hamburg vs Dortmund - C Values: {"T1_C": 3.82, "T2_C": 3.26, "T3_C": 2.06, "T4_C": 1.78, "T5_C": 1.355, "T6_C": 1.285, "T7_C": 2.6, "T8_C": 1.5, "T9_C": 2.175, "T10_C": 1.685, "T11_C": 2.152, "T12_C": 1.7, "T13_C": 2.136, "T14_C": 1.71, "T180_C": 1.904, "T181_C": 1.896}
[2025-08-23 22:09:37] Hamburg vs Dortmund - C Values: {"T1_C": 3.82, "T2_C": 3.26, "T3_C": 2.06, "T4_C": 1.78, "T5_C": 1.355, "T6_C": 1.285, "T7_C": 2.696, "T8_C": 1.465, "T9_C": 2.175, "T10_C": 1.685, "T11_C": 2.152, "T12_C": 1.7, "T13_C": 2.136, "T14_C": 1.71, "T180_C": 1.904, "T181_C": 1.896}
[2025-08-23 22:09:48] Hamburg vs Dortmund - C Values: {"T1_C": 3.82, "T2_C": 3.26, "T3_C": 2.06, "T4_C": 1.78, "T5_C": 1.355, "T6_C": 1.285, "T7_C": 2.696, "T8_C": 1.465, "T9_C": 2.175, "T10_C": 1.685, "T11_C": 2.152, "T12_C": 1.7, "T13_C": 2.2, "T14_C": 1.67, "T180_C": 1.904, "T181_C": 1.896}
[2025-08-23 22:10:12] Hamburg vs Dortmund - C Values: {"T1_C": 3.86, "T2_C": 3.24, "T3_C": 2.056, "T4_C": 1.78, "T5_C": 1.36, "T6_C": 1.275, "T7_C": 2.616, "T8_C": 1.49, "T9_C": 2.175, "T10_C": 1.685, "T11_C": 2.152, "T12_C": 1.7, "T13_C": 2.2, "T14_C": 1.67, "T180_C": 1.904, "T181_C": 1.896}
[2025-08-23 22:10:43] Hamburg vs Dortmund - C Values: {"T1_C": 3.86, "T2_C": 3.24, "T3_C": 2.056, "T4_C": 1.78, "T5_C": 1.36, "T6_C": 1.275, "T7_C": 2.616, "T8_C": 1.49, "T9_C": 2.13, "T10_C": 1.712, "T11_C": 2.152, "T12_C": 1.7, "T13_C": 2.2, "T14_C": 1.67, "T180_C": 1.904, "T181_C": 1.896}
[2025-08-23 22:10:57] Hamburg vs Dortmund - C Values: {"T1_C": 3.8, "T2_C": 3.26, "T3_C": 2.07, "T4_C": 1.77, "T5_C": 1.36, "T6_C": 1.285, "T7_C": 2.536, "T8_C": 1.52, "T9_C": 2.13, "T10_C": 1.712, "T11_C": 2.152, "T12_C": 1.7, "T13_C": 2.2, "T14_C": 1.67, "T180_C": 1.904, "T181_C": 1.896}
[2025-08-23 22:11:14] Hamburg vs Dortmund - C Values: {"T1_C": 3.86, "T2_C": 3.24, "T3_C": 2.056, "T4_C": 1.78, "T5_C": 1.36, "T6_C": 1.275, "T7_C": 2.536, "T8_C": 1.52, "T9_C": 1.7, "T10_C": 2.152, "T11_C": 2.152, "T12_C": 1.7, "T13_C": 2.305, "T14_C": 1.616, "T180_C": 1.904, "T181_C": 1.896}
[2025-08-23 22:11:20] Hamburg vs Dortmund - C Values: {"T1_C": 3.8, "T2_C": 3.26, "T3_C": 2.07, "T4_C": 1.77, "T5_C": 1.36, "T6_C": 1.285, "T7_C": 2.536, "T8_C": 1.52, "T9_C": 1.7, "T10_C": 2.152, "T11_C": 2.152, "T12_C": 1.7, "T13_C": 2.305, "T14_C": 1.616, "T180_C": 1.904, "T181_C": 1.896}
[2025-08-23 22:11:26] Hamburg vs Dortmund - C Values: {"T1_C": 3.72, "T2_C": 3.2, "T3_C": 2.12, "T4_C": 1.736, "T5_C": 1.37, "T6_C": 1.296, "T7_C": 2.48, "T8_C": 1.54, "T9_C": 1.7, "T10_C": 2.152, "T11_C": 2.152, "T12_C": 1.7, "T13_C": 2.305, "T14_C": 1.616, "T180_C": 1.904, "T181_C": 1.896}
[2025-08-23 22:11:44] Hamburg vs Dortmund - C Values: {"T1_C": 3.8, "T2_C": 3.26, "T3_C": 2.07, "T4_C": 1.77, "T5_C": 1.36, "T6_C": 1.285, "T7_C": 2.536, "T8_C": 1.52, "T9_C": 1.7, "T10_C": 2.152, "T11_C": 2.152, "T12_C": 1.7, "T13_C": 2.305, "T14_C": 1.616, "T180_C": 1.904, "T181_C": 1.896}
[2025-08-23 22:11:56] Hamburg vs Dortmund - C Values: {"T1_C": 3.72, "T2_C": 3.2, "T3_C": 2.12, "T4_C": 1.736, "T5_C": 1.37, "T6_C": 1.296, "T7_C": 2.48, "T8_C": 1.54, "T9_C": 1.7, "T10_C": 2.152, "T11_C": 2.152, "T12_C": 1.7, "T13_C": 2.305, "T14_C": 1.616, "T180_C": 1.904, "T181_C": 1.896}
[2025-08-23 22:12:26] Hamburg vs Dortmund - C Values: {"T1_C": 3.72, "T2_C": 3.2, "T3_C": 2.12, "T4_C": 1.736, "T5_C": 1.37, "T6_C": 1.296, "T7_C": 2.48, "T8_C": 1.54, "T9_C": 1.715, "T10_C": 2.13, "T11_C": 2.152, "T12_C": 1.7, "T13_C": 2.305, "T14_C": 1.616, "T180_C": 1.904, "T181_C": 1.896}
[2025-08-23 22:13:04] Hamburg vs Dortmund - C Values: {"T1_C": 3.76, "T2_C": 3.13, "T3_C": 2.14, "T4_C": 1.725, "T5_C": 1.38, "T6_C": 1.29, "T7_C": 2.536, "T8_C": 1.52, "T9_C": 1.735, "T10_C": 2.1, "T11_C": 2.152, "T12_C": 1.7, "T13_C": 1.61, "T14_C": 2.32, "T180_C": 1.955, "T181_C": 1.845}
[2025-08-23 22:13:11] Hamburg vs Dortmund - C Values: {"T1_C": 3.76, "T2_C": 3.13, "T3_C": 2.14, "T4_C": 1.725, "T5_C": 1.38, "T6_C": 1.29, "T7_C": 2.536, "T8_C": 1.52, "T9_C": 1.735, "T10_C": 2.1, "T11_C": 2.155, "T12_C": 1.696, "T13_C": 1.61, "T14_C": 2.32, "T180_C": 1.955, "T181_C": 1.845}
[2025-08-23 22:13:29] Hamburg vs Dortmund - C Values: {"T1_C": 3.76, "T2_C": 3.13, "T3_C": 2.14, "T4_C": 1.725, "T5_C": 1.38, "T6_C": 1.29, "T7_C": 2.536, "T8_C": 1.52, "T9_C": 1.7, "T10_C": 2.152, "T11_C": 2.155, "T12_C": 1.696, "T13_C": 1.61, "T14_C": 2.32, "T180_C": 1.955, "T181_C": 1.845}
[2025-08-23 22:13:35] Hamburg vs Dortmund - C Values: {"T1_C": 3.68, "T2_C": 3.152, "T3_C": 2.152, "T4_C": 1.712, "T5_C": 1.375, "T6_C": 1.3, "T7_C": 2.44, "T8_C": 1.552, "T9_C": 1.715, "T10_C": 2.13, "T11_C": 2.155, "T12_C": 1.696, "T13_C": 1.61, "T14_C": 2.32, "T180_C": 1.904, "T181_C": 1.896}
[2025-08-23 22:13:42] Hamburg vs Dortmund - C Values: {"T1_C": 3.76, "T2_C": 3.13, "T3_C": 2.14, "T4_C": 1.725, "T5_C": 1.38, "T6_C": 1.29, "T7_C": 2.48, "T8_C": 1.54, "T9_C": 1.735, "T10_C": 2.1, "T11_C": 2.155, "T12_C": 1.696, "T13_C": 1.61, "T14_C": 2.32, "T180_C": 1.955, "T181_C": 1.845}
[2025-08-23 22:14:00] Hamburg vs Dortmund - C Values: {"T1_C": 3.76, "T2_C": 3.13, "T3_C": 2.14, "T4_C": 1.725, "T5_C": 1.38, "T6_C": 1.29, "T7_C": 2.48, "T8_C": 1.54, "T9_C": 1.7, "T10_C": 2.152, "T11_C": 2.155, "T12_C": 1.696, "T13_C": 1.61, "T14_C": 2.32, "T180_C": 1.955, "T181_C": 1.845}
[2025-08-23 22:14:31] Hamburg vs Dortmund - C Values: {"T1_C": 3.76, "T2_C": 3.13, "T3_C": 2.14, "T4_C": 1.725, "T5_C": 1.38, "T6_C": 1.29, "T7_C": 2.536, "T8_C": 1.52, "T9_C": 1.735, "T10_C": 2.1, "T11_C": 2.29, "T12_C": 1.625, "T13_C": 1.61, "T14_C": 2.32, "T180_C": 1.955, "T181_C": 1.845}
[2025-08-23 22:14:38] Hamburg vs Dortmund - C Values: {"T1_C": 3.64, "T2_C": 3.125, "T3_C": 2.184, "T4_C": 1.7, "T5_C": 1.384, "T6_C": 1.304, "T7_C": 2.44, "T8_C": 1.552, "T9_C": 1.75, "T10_C": 2.075, "T11_C": 2.155, "T12_C": 1.696, "T13_C": 1.67, "T14_C": 2.195, "T180_C": 1.955, "T181_C": 1.845}
[2025-08-23 22:15:02] Hamburg vs Dortmund - C Values: {"T1_C": 3.64, "T2_C": 3.125, "T3_C": 2.184, "T4_C": 1.7, "T5_C": 1.384, "T6_C": 1.304, "T7_C": 2.44, "T8_C": 1.552, "T9_C": 1.77, "T10_C": 2.05, "T11_C": 2.29, "T12_C": 1.625, "T13_C": 1.67, "T14_C": 2.195, "T180_C": 2.015, "T181_C": 1.795}
[2025-08-23 22:15:32] Hamburg vs Dortmund - C Values: {"T1_C": 3.64, "T2_C": 3.125, "T3_C": 2.184, "T4_C": 1.7, "T5_C": 1.384, "T6_C": 1.304, "T7_C": 2.44, "T8_C": 1.552, "T9_C": 1.785, "T10_C": 2.025, "T11_C": 2.29, "T12_C": 1.625, "T13_C": 1.67, "T14_C": 2.195, "T180_C": 2.015, "T181_C": 1.795}
[2025-08-23 22:15:50] Hamburg vs Dortmund - C Values: {"T1_C": 3.64, "T2_C": 3.125, "T3_C": 2.184, "T4_C": 1.7, "T5_C": 1.384, "T6_C": 1.304, "T7_C": 2.44, "T8_C": 1.552, "T9_C": 1.775, "T10_C": 2.048, "T11_C": 2.29, "T12_C": 1.625, "T13_C": 1.67, "T14_C": 2.195, "T180_C": 2.015, "T181_C": 1.795}
[2025-08-23 22:15:56] Hamburg vs Dortmund - C Values: {"T1_C": 3.64, "T2_C": 3.025, "T3_C": 2.23, "T4_C": 1.67, "T5_C": 1.4, "T6_C": 1.304, "T7_C": 2.385, "T8_C": 1.575, "T9_C": 1.79, "T10_C": 2.02, "T11_C": 2.29, "T12_C": 1.625, "T13_C": 1.67, "T14_C": 2.195, "T180_C": 2.015, "T181_C": 1.795}
[2025-08-23 22:16:03] Hamburg vs Dortmund - C Values: {"T1_C": 3.68, "T2_C": 3.056, "T3_C": 2.205, "T4_C": 1.688, "T5_C": 1.395, "T6_C": 1.3, "T7_C": 2.44, "T8_C": 1.552, "T9_C": 1.816, "T10_C": 1.99, "T11_C": 2.29, "T12_C": 1.625, "T13_C": 1.67, "T14_C": 2.195, "T180_C": 2.064, "T181_C": 1.76}
[2025-08-23 22:16:21] Hamburg vs Dortmund - C Values: {"T1_C": 3.64, "T2_C": 3.025, "T3_C": 2.23, "T4_C": 1.67, "T5_C": 1.4, "T6_C": 1.304, "T7_C": 2.44, "T8_C": 1.552, "T9_C": 1.816, "T10_C": 1.99, "T11_C": 2.29, "T12_C": 1.625, "T13_C": 1.67, "T14_C": 2.195, "T180_C": 2.064, "T181_C": 1.76}
[2025-08-23 22:16:28] Hamburg vs Dortmund - C Values: {"T1_C": 3.68, "T2_C": 3.056, "T3_C": 2.205, "T4_C": 1.688, "T5_C": 1.395, "T6_C": 1.3, "T7_C": 2.44, "T8_C": 1.552, "T9_C": 1.816, "T10_C": 1.99, "T11_C": 2.29, "T12_C": 1.625, "T13_C": 1.67, "T14_C": 2.195, "T180_C": 2.064, "T181_C": 1.76}
[2025-08-23 22:16:40] Hamburg vs Dortmund - C Values: {"T1_C": 3.64, "T2_C": 3.025, "T3_C": 2.23, "T4_C": 1.67, "T5_C": 1.4, "T6_C": 1.304, "T7_C": 2.44, "T8_C": 1.552, "T9_C": 1.84, "T10_C": 1.965, "T11_C": 2.29, "T12_C": 1.625, "T13_C": 1.67, "T14_C": 2.195, "T180_C": 2.064, "T181_C": 1.76}
[2025-08-23 22:16:59] Hamburg vs Dortmund - C Values: {"T1_C": 3.68, "T2_C": 3.056, "T3_C": 2.205, "T4_C": 1.688, "T5_C": 1.395, "T6_C": 1.3, "T7_C": 2.44, "T8_C": 1.552, "T9_C": 1.84, "T10_C": 1.965, "T11_C": 2.29, "T12_C": 1.625, "T13_C": 1.67, "T14_C": 2.195, "T180_C": 2.064, "T181_C": 1.76}
[2025-08-23 22:17:04] Hamburg vs Dortmund - C Values: {"T1_C": 3.64, "T2_C": 3.025, "T3_C": 2.23, "T4_C": 1.67, "T5_C": 1.4, "T6_C": 1.304, "T7_C": 2.44, "T8_C": 1.552, "T9_C": 1.84, "T10_C": 1.965, "T11_C": 2.29, "T12_C": 1.625, "T13_C": 1.67, "T14_C": 2.195, "T180_C": 2.064, "T181_C": 1.76}
[2025-08-23 22:17:28] Hamburg vs Dortmund - C Values: {"T1_C": 3.64, "T2_C": 3.025, "T3_C": 2.23, "T4_C": 1.67, "T5_C": 1.4, "T6_C": 1.304, "T7_C": 2.44, "T8_C": 1.552, "T9_C": 1.864, "T10_C": 1.936, "T11_C": 2.29, "T12_C": 1.625, "T13_C": 1.67, "T14_C": 2.195, "T180_C": 2.064, "T181_C": 1.76}
[2025-08-23 22:17:52] Hamburg vs Dortmund - C Values: {"T1_C": 3.64, "T2_C": 3.025, "T3_C": 2.23, "T4_C": 1.67, "T5_C": 1.4, "T6_C": 1.304, "T7_C": 2.385, "T8_C": 1.575, "T9_C": 1.84, "T10_C": 1.965, "T11_C": 2.29, "T12_C": 1.625, "T13_C": 1.67, "T14_C": 2.195, "T180_C": 2.064, "T181_C": 1.76}
[2025-08-23 22:18:04] Hamburg vs Dortmund - C Values: {"T1_C": 3.64, "T2_C": 3.025, "T3_C": 2.23, "T4_C": 1.67, "T5_C": 1.4, "T6_C": 1.304, "T7_C": 2.385, "T8_C": 1.575, "T9_C": 1.84, "T10_C": 1.965, "T11_C": 2.225, "T12_C": 1.66, "T13_C": 1.76, "T14_C": 2.064, "T180_C": 2.064, "T181_C": 1.76}
[2025-08-23 22:18:10] Hamburg vs Dortmund - C Values: {"T1_C": 3.64, "T2_C": 3.025, "T3_C": 2.23, "T4_C": 1.67, "T5_C": 1.4, "T6_C": 1.304, "T7_C": 2.385, "T8_C": 1.575, "T9_C": 1.864, "T10_C": 1.936, "T11_C": 2.25, "T12_C": 1.645, "T13_C": 1.77, "T14_C": 2.048, "T180_C": 2.064, "T181_C": 1.76}
[2025-08-23 22:18:17] Hamburg vs Dortmund - C Values: {"T1_C": 3.64, "T2_C": 3.025, "T3_C": 2.23, "T4_C": 1.67, "T5_C": 1.4, "T6_C": 1.304, "T7_C": 2.44, "T8_C": 1.552, "T9_C": 1.925, "T10_C": 1.875, "T11_C": 2.344, "T12_C": 1.595, "T13_C": 1.78, "T14_C": 2.035, "T180_C": 2.16, "T181_C": 1.696}
[2025-08-23 22:18:23] Hamburg vs Dortmund - C Values: {"T1_C": 3.42, "T2_C": 3.025, "T3_C": 2.32, "T4_C": 1.625, "T5_C": 1.4, "T6_C": 1.33, "T7_C": 2.235, "T8_C": 1.65, "T9_C": 1.925, "T10_C": 1.875, "T11_C": 2.2, "T12_C": 1.67, "T13_C": 1.856, "T14_C": 1.944, "T180_C": 2.064, "T181_C": 1.76}
[2025-08-23 22:19:10] Hamburg vs Dortmund - C Values: {"T1_C": 3.3, "T2_C": 3.01, "T3_C": 2.39, "T4_C": 1.592, "T5_C": 1.408, "T6_C": 1.35, "T7_C": 2.19, "T8_C": 1.675, "T9_C": 1.955, "T10_C": 1.848, "T11_C": 2.192, "T12_C": 1.675, "T13_C": 1.89, "T14_C": 1.91, "T180_C": 2.16, "T181_C": 1.696}
[2025-08-23 22:19:53] Hamburg vs Dortmund - C Values: {"T1_C": 3.3, "T2_C": 3.01, "T3_C": 2.39, "T4_C": 1.592, "T5_C": 1.408, "T6_C": 1.35, "T7_C": 2.19, "T8_C": 1.675, "T9_C": 1.99, "T10_C": 1.82, "T11_C": 2.256, "T12_C": 1.64, "T13_C": 1.925, "T14_C": 1.875, "T180_C": 2.16, "T181_C": 1.696}
[2025-08-23 22:20:19] Hamburg vs Dortmund - C Values: {"T1_C": 3.34, "T2_C": 2.925, "T3_C": 2.425, "T4_C": 1.58, "T5_C": 1.425, "T6_C": 1.344, "T7_C": 2.19, "T8_C": 1.675, "T9_C": 2.06, "T10_C": 1.765, "T11_C": 2.24, "T12_C": 1.65, "T13_C": 1.915, "T14_C": 1.885, "T180_C": 2.16, "T181_C": 1.696}
[2025-08-23 22:21:01] Hamburg vs Dortmund - C Values: {"T1_C": 3.34, "T2_C": 2.925, "T3_C": 2.425, "T4_C": 1.58, "T5_C": 1.425, "T6_C": 1.344, "T7_C": 2.19, "T8_C": 1.675, "T9_C": 2.1, "T10_C": 1.736, "T11_C": 1.56, "T12_C": 2.43, "T13_C": 2.02, "T14_C": 1.792, "T180_C": 2.16, "T181_C": 1.696}
[2025-08-23 22:21:39] Hamburg vs Dortmund - C Values: {"T1_C": 3.48, "T2_C": 2.94, "T3_C": 2.35, "T4_C": 1.61, "T5_C": 1.42, "T6_C": 1.325, "T7_C": 2.235, "T8_C": 1.65, "T9_C": 2.1, "T10_C": 1.736, "T11_C": 2.325, "T12_C": 1.608, "T13_C": 1.925, "T14_C": 1.875, "T180_C": 2.22, "T181_C": 1.66}
[2025-08-23 22:22:05] Hamburg vs Dortmund - C Values: {"T1_C": 3.48, "T2_C": 2.94, "T3_C": 2.35, "T4_C": 1.61, "T5_C": 1.42, "T6_C": 1.325, "T7_C": 2.235, "T8_C": 1.65, "T9_C": 2.144, "T10_C": 1.704, "T11_C": 1.56, "T12_C": 2.43, "T13_C": 2.02, "T14_C": 1.792, "T180_C": 2.22, "T181_C": 1.66}
[2025-08-23 22:22:49] Hamburg vs Dortmund - C Values: {"T1_C": 3.46, "T2_C": 2.88, "T3_C": 2.395, "T4_C": 1.59, "T5_C": 1.432, "T6_C": 1.325, "T7_C": 2.28, "T8_C": 1.625, "T9_C": 2.144, "T10_C": 1.704, "T11_C": 1.56, "T12_C": 2.43, "T13_C": 2.02, "T14_C": 1.792, "T180_C": 2.22, "T181_C": 1.66}
[2025-08-23 22:23:22] Hamburg vs Dortmund - C Values: {"T1_C": 3.46, "T2_C": 2.88, "T3_C": 2.395, "T4_C": 1.59, "T5_C": 1.432, "T6_C": 1.325, "T7_C": 2.28, "T8_C": 1.625, "T9_C": 2.19, "T10_C": 1.675, "T11_C": 1.59, "T12_C": 2.36, "T13_C": 2.02, "T14_C": 1.792, "T180_C": 2.33, "T181_C": 1.605}
[2025-08-23 22:23:34] Hamburg vs Dortmund - C Values: {"T1_C": 3.62, "T2_C": 2.89, "T3_C": 2.315, "T4_C": 1.625, "T5_C": 1.43, "T6_C": 1.304, "T7_C": 2.33, "T8_C": 1.605, "T9_C": 2.19, "T10_C": 1.675, "T11_C": 1.59, "T12_C": 2.36, "T13_C": 2.02, "T14_C": 1.792, "T180_C": 2.33, "T181_C": 1.605}
[2025-08-23 22:23:52] Hamburg vs Dortmund - C Values: {"T1_C": 3.52, "T2_C": 2.925, "T3_C": 2.34, "T4_C": 1.616, "T5_C": 1.425, "T6_C": 1.32, "T7_C": 2.33, "T8_C": 1.605, "T9_C": 2.19, "T10_C": 1.675, "T11_C": 1.59, "T12_C": 2.36, "T13_C": 2.02, "T14_C": 1.792, "T180_C": 2.33, "T181_C": 1.605}
[2025-08-23 22:23:59] Hamburg vs Dortmund - C Values: {"T1_C": 3.62, "T2_C": 2.89, "T3_C": 2.315, "T4_C": 1.625, "T5_C": 1.43, "T6_C": 1.304, "T7_C": 2.33, "T8_C": 1.605, "T9_C": 2.19, "T10_C": 1.675, "T11_C": 1.59, "T12_C": 2.36, "T13_C": 2.02, "T14_C": 1.792, "T180_C": 2.33, "T181_C": 1.605}
[2025-08-23 22:24:04] Hamburg vs Dortmund - C Values: {"T1_C": 3.52, "T2_C": 2.925, "T3_C": 2.34, "T4_C": 1.616, "T5_C": 1.425, "T6_C": 1.32, "T7_C": 2.33, "T8_C": 1.605, "T9_C": 2.19, "T10_C": 1.675, "T11_C": 1.59, "T12_C": 2.36, "T13_C": 2.02, "T14_C": 1.792, "T180_C": 2.33, "T181_C": 1.605}
[2025-08-23 22:24:29] Hamburg vs Dortmund - C Values: {"T1_C": 3.64, "T2_C": 2.904, "T3_C": 2.3, "T4_C": 1.632, "T5_C": 1.43, "T6_C": 1.3, "T7_C": 2.385, "T8_C": 1.575, "T9_C": 2.19, "T10_C": 1.675, "T11_C": 1.59, "T12_C": 2.36, "T13_C": 2.02, "T14_C": 1.792, "T180_C": 2.33, "T181_C": 1.605}
[2025-08-23 22:24:52] Hamburg vs Dortmund - C Values: {"T1_C": 3.72, "T2_C": 2.88, "T3_C": 2.288, "T4_C": 1.64, "T5_C": 1.435, "T6_C": 1.295, "T7_C": 2.385, "T8_C": 1.575, "T9_C": 2.19, "T10_C": 1.675, "T11_C": 1.64, "T12_C": 2.26, "T13_C": 1.91, "T14_C": 1.89, "T180_C": 2.33, "T181_C": 1.605}
[2025-08-23 22:25:29] Hamburg vs Dortmund - C Values: {"T1_C": 3.72, "T2_C": 2.88, "T3_C": 2.288, "T4_C": 1.64, "T5_C": 1.435, "T6_C": 1.295, "T7_C": 2.44, "T8_C": 1.552, "T9_C": 2.19, "T10_C": 1.675, "T11_C": 1.64, "T12_C": 2.26, "T13_C": 2.02, "T14_C": 1.792, "T180_C": 2.33, "T181_C": 1.605}
[2025-08-23 22:25:53] Hamburg vs Dortmund - C Values: {"T1_C": 3.76, "T2_C": 2.915, "T3_C": 2.248, "T4_C": 1.664, "T5_C": 1.425, "T6_C": 1.29, "T7_C": 2.44, "T8_C": 1.552, "T9_C": 2.19, "T10_C": 1.675, "T11_C": 1.64, "T12_C": 2.26, "T13_C": 1.91, "T14_C": 1.89, "T180_C": 2.33, "T181_C": 1.605}
[2025-08-23 22:25:59] Hamburg vs Dortmund - C Values: {"T1_C": 3.84, "T2_C": 2.896, "T3_C": 2.232, "T4_C": 1.67, "T5_C": 1.43, "T6_C": 1.28, "T7_C": 2.44, "T8_C": 1.552, "T9_C": 2.24, "T10_C": 1.65, "T11_C": 1.64, "T12_C": 2.26, "T13_C": 2.02, "T14_C": 1.792, "T180_C": 2.33, "T181_C": 1.605}
[2025-08-23 22:26:18] Hamburg vs Dortmund - C Values: {"T1_C": 3.84, "T2_C": 2.896, "T3_C": 2.232, "T4_C": 1.67, "T5_C": 1.43, "T6_C": 1.28, "T7_C": 2.48, "T8_C": 1.54, "T9_C": 1.685, "T10_C": 2.175, "T11_C": 1.64, "T12_C": 2.26, "T13_C": 2.02, "T14_C": 1.792, "T180_C": 2.435, "T181_C": 1.555}
[2025-08-23 22:26:30] Hamburg vs Dortmund - C Values: {"T1_C": 3.84, "T2_C": 2.896, "T3_C": 2.232, "T4_C": 1.67, "T5_C": 1.43, "T6_C": 1.28, "T7_C": 2.48, "T8_C": 1.54, "T9_C": 1.685, "T10_C": 2.175, "T11_C": 1.696, "T12_C": 2.16, "T13_C": 2.02, "T14_C": 1.792, "T180_C": 2.435, "T181_C": 1.555}
[2025-08-23 22:26:49] Hamburg vs Dortmund - C Values: {"T1_C": 3.84, "T2_C": 2.896, "T3_C": 2.232, "T4_C": 1.67, "T5_C": 1.43, "T6_C": 1.28, "T7_C": 2.48, "T8_C": 1.54, "T9_C": 1.685, "T10_C": 2.175, "T11_C": 1.64, "T12_C": 2.26, "T13_C": 2.02, "T14_C": 1.792, "T180_C": 2.435, "T181_C": 1.555}
[2025-08-23 22:26:55] Hamburg vs Dortmund - C Values: {"T1_C": 3.84, "T2_C": 2.896, "T3_C": 2.232, "T4_C": 1.67, "T5_C": 1.43, "T6_C": 1.28, "T7_C": 2.48, "T8_C": 1.54, "T9_C": 1.685, "T10_C": 2.175, "T11_C": 1.696, "T12_C": 2.16, "T13_C": 2.02, "T14_C": 1.792, "T180_C": 2.435, "T181_C": 1.555}
[2025-08-23 22:28:39] Hamburg vs Dortmund - C Values: {"T1_C": 3.72, "T2_C": 2.88, "T3_C": 2.288, "T4_C": 1.64, "T5_C": 1.435, "T6_C": 1.295, "T7_C": 2.44, "T8_C": 1.552, "T9_C": 1.685, "T10_C": 2.175, "T11_C": 1.696, "T12_C": 2.16, "T13_C": 2.02, "T14_C": 1.792, "T180_C": 2.435, "T181_C": 1.555}
[2025-08-23 22:28:57] Hamburg vs Dortmund - C Values: {"T1_C": 3.84, "T2_C": 2.896, "T3_C": 2.232, "T4_C": 1.67, "T5_C": 1.43, "T6_C": 1.28, "T7_C": 2.48, "T8_C": 1.54, "T9_C": 1.685, "T10_C": 2.175, "T11_C": 1.696, "T12_C": 2.16, "T13_C": 2.02, "T14_C": 1.792, "T180_C": 2.435, "T181_C": 1.555}
[2025-08-23 22:30:24] Hamburg vs Dortmund - C Values: {"T1_C": 3.9, "T2_C": 2.81, "T3_C": 2.264, "T4_C": 1.655, "T5_C": 1.45, "T6_C": 1.275, "T7_C": 2.48, "T8_C": 1.54, "T9_C": 1.752, "T10_C": 2.075, "T11_C": 1.696, "T12_C": 2.16, "T13_C": 2.02, "T14_C": 1.792, "T180_C": 2.575, "T181_C": 1.504}
[2025-08-23 22:30:49] Hamburg vs Dortmund - C Values: {"T1_C": 3.9, "T2_C": 2.81, "T3_C": 2.264, "T4_C": 1.655, "T5_C": 1.45, "T6_C": 1.275, "T7_C": 2.48, "T8_C": 1.54, "T9_C": 1.752, "T10_C": 2.075, "T11_C": 1.696, "T12_C": 2.16, "T13_C": 2.02, "T14_C": 1.792, "T180_C": 2.55, "T181_C": 1.512}
[2025-08-23 22:31:15] Hamburg vs Dortmund - C Values: {"T1_C": 4.02, "T2_C": 2.78, "T3_C": 2.245, "T4_C": 1.664, "T5_C": 1.46, "T6_C": 1.26, "T7_C": 2.48, "T8_C": 1.54, "T9_C": 1.752, "T10_C": 2.075, "T11_C": 1.765, "T12_C": 2.06, "T13_C": 2.155, "T14_C": 1.696, "T180_C": 2.55, "T181_C": 1.512}
[2025-08-23 22:32:30] Hamburg vs Dortmund - C Values: {"T1_C": 4.02, "T2_C": 2.78, "T3_C": 2.245, "T4_C": 1.664, "T5_C": 1.46, "T6_C": 1.26, "T7_C": 2.48, "T8_C": 1.54, "T9_C": 1.83, "T10_C": 1.975, "T11_C": 1.81, "T12_C": 2, "T13_C": 2.155, "T14_C": 1.696, "T180_C": 2.68, "T181_C": 1.47}
[2025-08-23 22:32:49] Hamburg vs Dortmund - C Values: {"T1_C": 4.02, "T2_C": 2.78, "T3_C": 2.245, "T4_C": 1.664, "T5_C": 1.46, "T6_C": 1.26, "T7_C": 2.536, "T8_C": 1.52, "T9_C": 1.83, "T10_C": 1.975, "T11_C": 1.81, "T12_C": 2, "T13_C": 2.155, "T14_C": 1.696, "T180_C": 2.68, "T181_C": 1.47}
[2025-08-23 22:32:55] Hamburg vs Dortmund - C Values: {"T1_C": 4.02, "T2_C": 2.78, "T3_C": 2.245, "T4_C": 1.664, "T5_C": 1.46, "T6_C": 1.26, "T7_C": 2.536, "T8_C": 1.52, "T9_C": 1.752, "T10_C": 2.075, "T11_C": 1.81, "T12_C": 2, "T13_C": 2.155, "T14_C": 1.696, "T180_C": 2.55, "T181_C": 1.512}
[2025-08-23 22:33:01] Hamburg vs Dortmund - C Values: {"T1_C": 4.02, "T2_C": 2.78, "T3_C": 2.245, "T4_C": 1.664, "T5_C": 1.46, "T6_C": 1.26, "T7_C": 2.48, "T8_C": 1.54, "T9_C": 1.83, "T10_C": 1.975, "T11_C": 1.81, "T12_C": 2, "T13_C": 2.155, "T14_C": 1.696, "T180_C": 2.68, "T181_C": 1.47}
[2025-08-23 22:33:15] Hamburg vs Dortmund - C Values: {"T1_C": 3.98, "T2_C": 2.744, "T3_C": 2.288, "T4_C": 1.64, "T5_C": 1.47, "T6_C": 1.264, "T7_C": 2.48, "T8_C": 1.54, "T9_C": 1.83, "T10_C": 1.975, "T11_C": 1.81, "T12_C": 2, "T13_C": 2.152, "T14_C": 1.7, "T180_C": 2.68, "T181_C": 1.47}
[2025-08-23 22:33:21] Hamburg vs Dortmund - C Values: {"T1_C": 4.02, "T2_C": 2.78, "T3_C": 2.245, "T4_C": 1.664, "T5_C": 1.46, "T6_C": 1.26, "T7_C": 2.536, "T8_C": 1.52, "T9_C": 1.83, "T10_C": 1.975, "T11_C": 1.81, "T12_C": 2, "T13_C": 2.152, "T14_C": 1.7, "T180_C": 2.68, "T181_C": 1.47}
[2025-08-23 22:33:46] Hamburg vs Dortmund - C Values: {"T1_C": 4.02, "T2_C": 2.78, "T3_C": 2.245, "T4_C": 1.664, "T5_C": 1.46, "T6_C": 1.26, "T7_C": 2.536, "T8_C": 1.52, "T9_C": 1.94, "T10_C": 1.86, "T11_C": 1.81, "T12_C": 2, "T13_C": 2.152, "T14_C": 1.7, "T180_C": 2.68, "T181_C": 1.47}
[2025-08-23 22:34:17] Hamburg vs Dortmund - C Values: {"T1_C": 11.5, "T2_C": 4.56, "T3_C": 1.34, "T4_C": 3.275, "T5_C": 1.22, "T6_C": 1.056, "T7_C": 2.168, "T8_C": 1.69, "T9_C": 1.94, "T10_C": 1.86, "T11_C": 1.78, "T12_C": 2.035, "T13_C": 1.615, "T14_C": 2.31, "T180_C": 1.78, "T181_C": 2.035}
[2025-08-23 22:34:22] Hamburg vs Dortmund - C Values: {"T1_C": 10, "T2_C": 4.42, "T3_C": 1.37, "T4_C": 3.096, "T5_C": 1.23, "T6_C": 1.07, "T7_C": 2.168, "T8_C": 1.69, "T9_C": 1.85, "T10_C": 1.95, "T11_C": 1.704, "T12_C": 2.145, "T13_C": 2.264, "T14_C": 1.635, "T180_C": 1.704, "T181_C": 2.145}
[2025-08-23 22:34:28] Hamburg vs Dortmund - C Values: {"T1_C": 10.5, "T2_C": 4.42, "T3_C": 1.36, "T4_C": 3.15, "T5_C": 1.23, "T6_C": 1.06, "T7_C": 2.235, "T8_C": 1.65, "T9_C": 1.752, "T10_C": 2.075, "T11_C": 1.64, "T12_C": 2.26, "T13_C": 2.152, "T14_C": 1.7, "T180_C": 1.64, "T181_C": 2.26}
[2025-08-23 22:34:48] Hamburg vs Dortmund - C Values: {"T1_C": 11.5, "T2_C": 4.34, "T3_C": 1.355, "T4_C": 3.17, "T5_C": 1.235, "T6_C": 1.056, "T7_C": 2.235, "T8_C": 1.65, "T9_C": 1.83, "T10_C": 1.975, "T11_C": 1.704, "T12_C": 2.144, "T13_C": 2.29, "T14_C": 1.625, "T180_C": 1.704, "T181_C": 2.144}
[2025-08-23 22:35:06] Hamburg vs Dortmund - C Values: {"T1_C": 12, "T2_C": 4.6, "T3_C": 1.325, "T4_C": 3.336, "T5_C": 1.216, "T6_C": 1.055, "T7_C": 2.235, "T8_C": 1.65, "T9_C": 1.83, "T10_C": 1.975, "T11_C": 1.704, "T12_C": 2.144, "T13_C": 2.29, "T14_C": 1.625, "T180_C": 1.704, "T181_C": 2.144}
[2025-08-23 22:35:19] Hamburg vs Dortmund - C Values: {"T1_C": 12, "T2_C": 4.6, "T3_C": 1.325, "T4_C": 3.336, "T5_C": 1.216, "T6_C": 1.055, "T7_C": 2.235, "T8_C": 1.65, "T9_C": 1.83, "T10_C": 1.975, "T11_C": 1.704, "T12_C": 2.144, "T13_C": 2.425, "T14_C": 1.56, "T180_C": 1.704, "T181_C": 2.144}
[2025-08-23 22:35:25] Hamburg vs Dortmund - C Values: {"T1_C": 12, "T2_C": 4.6, "T3_C": 1.325, "T4_C": 3.336, "T5_C": 1.216, "T6_C": 1.055, "T7_C": 2.235, "T8_C": 1.65, "T9_C": 1.83, "T10_C": 1.975, "T11_C": 1.704, "T12_C": 2.144, "T13_C": 1.56, "T14_C": 2.43, "T180_C": 1.704, "T181_C": 2.144}
[2025-08-23 22:35:58] Hamburg vs Dortmund - C Values: {"T1_C": 10.5, "T2_C": 4.42, "T3_C": 1.36, "T4_C": 3.15, "T5_C": 1.23, "T6_C": 1.06, "T7_C": 2.19, "T8_C": 1.675, "T9_C": 1.83, "T10_C": 1.975, "T11_C": 1.704, "T12_C": 2.144, "T13_C": 1.56, "T14_C": 2.43, "T180_C": 1.704, "T181_C": 2.144}
[2025-08-23 22:36:33] Hamburg vs Dortmund - C Values: {"T1_C": 12, "T2_C": 4.6, "T3_C": 1.325, "T4_C": 3.336, "T5_C": 1.216, "T6_C": 1.055, "T7_C": 2.235, "T8_C": 1.65, "T9_C": 1.83, "T10_C": 1.975, "T11_C": 1.704, "T12_C": 2.144, "T13_C": 1.56, "T14_C": 2.43, "T180_C": 1.704, "T181_C": 2.144}
[2025-08-23 22:36:40] Hamburg vs Dortmund - C Values: {"T1_C": 10, "T2_C": 4.3, "T3_C": 1.384, "T4_C": 3.03, "T5_C": 1.235, "T6_C": 1.07, "T7_C": 2.064, "T8_C": 1.76, "T9_C": 1.83, "T10_C": 1.975, "T11_C": 1.67, "T12_C": 2.208, "T13_C": 1.59, "T14_C": 2.36, "T180_C": 1.67, "T181_C": 2.208}
[2025-08-23 22:37:09] Hamburg vs Dortmund - C Values: {"T1_C": 10, "T2_C": 4.3, "T3_C": 1.384, "T4_C": 3.03, "T5_C": 1.235, "T6_C": 1.07, "T7_C": 2.096, "T8_C": 1.74, "T9_C": 1.83, "T10_C": 1.975, "T11_C": 1.67, "T12_C": 2.208, "T13_C": 1.59, "T14_C": 2.36, "T180_C": 1.67, "T181_C": 2.208}
[2025-08-23 22:37:15] Hamburg vs Dortmund - C Values: {"T1_C": 24, "T2_C": 8.9, "T3_C": 1.11, "T4_C": 6.53, "T5_C": 1.085, "T6_C": 1.009, "T7_C": 1.7, "T8_C": 2.152, "T9_C": 2.16, "T10_C": 1.696, "T11_C": 1.67, "T12_C": 2.208, "T13_C": 1.81, "T14_C": 2, "T180_C": 1.67, "T181_C": 2.208}
[2025-08-23 22:37:31] Hamburg vs Dortmund - C Values: {"T1_C": 24, "T2_C": 8.9, "T3_C": 1.11, "T4_C": 6.53, "T5_C": 1.085, "T6_C": 1.009, "T7_C": 1.7, "T8_C": 2.152, "T9_C": 2.175, "T10_C": 1.685, "T11_C": 1.67, "T12_C": 2.208, "T13_C": 1.81, "T14_C": 2, "T180_C": 1.67, "T181_C": 2.208}
[2025-08-23 22:38:27] Hamburg vs Dortmund - C Values: {"T1_C": 10.5, "T2_C": 4.28, "T3_C": 1.38, "T4_C": 3.06, "T5_C": 1.24, "T6_C": 1.064, "T7_C": 2.096, "T8_C": 1.74, "T9_C": 1.975, "T10_C": 1.83, "T11_C": 1.704, "T12_C": 2.144, "T13_C": 1.59, "T14_C": 2.36, "T180_C": 1.704, "T181_C": 2.144}
[2025-08-23 22:38:40] Hamburg vs Dortmund - C Values: {"T1_C": 10.5, "T2_C": 4.42, "T3_C": 1.36, "T4_C": 3.15, "T5_C": 1.23, "T6_C": 1.06, "T7_C": 2.096, "T8_C": 1.74, "T9_C": 1.975, "T10_C": 1.83, "T11_C": 1.704, "T12_C": 2.144, "T13_C": 1.59, "T14_C": 2.36, "T180_C": 1.704, "T181_C": 2.144}
[2025-08-23 22:38:43] Hamburg vs Dortmund - C Values: {"T1_C": 10.5, "T2_C": 4.42, "T3_C": 1.36, "T4_C": 3.15, "T5_C": 1.23, "T6_C": 1.06, "T7_C": 2.096, "T8_C": 1.74, "T9_C": 1.975, "T10_C": 1.83, "T11_C": 1.704, "T12_C": 2.144, "T13_C": 1.59, "T14_C": 2.36, "T180_C": 1.704, "T181_C": 2.144}
[2025-08-23 22:38:45] Hamburg vs Dortmund - C Values: {"T1_C": 10.5, "T2_C": 4.42, "T3_C": 1.36, "T4_C": 3.15, "T5_C": 1.23, "T6_C": 1.06, "T7_C": 2.14, "T8_C": 1.71, "T9_C": 1.975, "T10_C": 1.83, "T11_C": 1.704, "T12_C": 2.144, "T13_C": 1.59, "T14_C": 2.36, "T180_C": 1.704, "T181_C": 2.144}
[2025-08-23 22:38:51] Hamburg vs Dortmund - C Values: {"T1_C": 10.5, "T2_C": 4.42, "T3_C": 1.36, "T4_C": 3.15, "T5_C": 1.23, "T6_C": 1.06, "T7_C": 2.096, "T8_C": 1.74, "T9_C": 1.955, "T10_C": 1.848, "T11_C": 1.704, "T12_C": 2.144, "T13_C": 1.59, "T14_C": 2.36, "T180_C": 1.704, "T181_C": 2.144}
[2025-08-23 22:39:24] Hamburg vs Dortmund - C Values: {"T1_C": 10.5, "T2_C": 4.42, "T3_C": 1.36, "T4_C": 3.15, "T5_C": 1.23, "T6_C": 1.06, "T7_C": 2.14, "T8_C": 1.71, "T9_C": 1.83, "T10_C": 1.975, "T11_C": 1.704, "T12_C": 2.144, "T13_C": 1.59, "T14_C": 2.36, "T180_C": 1.704, "T181_C": 2.144}
[2025-08-23 22:39:29] Hamburg vs Dortmund - C Values: {"T1_C": 10, "T2_C": 4.3, "T3_C": 1.384, "T4_C": 3.03, "T5_C": 1.235, "T6_C": 1.07, "T7_C": 2.096, "T8_C": 1.74, "T9_C": 1.83, "T10_C": 1.975, "T11_C": 1.704, "T12_C": 2.144, "T13_C": 1.59, "T14_C": 2.36, "T180_C": 1.704, "T181_C": 2.144}
[2025-08-23 22:39:42] Hamburg vs Dortmund - C Values: {"T1_C": 10.5, "T2_C": 4.42, "T3_C": 1.36, "T4_C": 3.15, "T5_C": 1.23, "T6_C": 1.06, "T7_C": 2.14, "T8_C": 1.71, "T9_C": 1.83, "T10_C": 1.975, "T11_C": 1.704, "T12_C": 2.144, "T13_C": 1.59, "T14_C": 2.36, "T180_C": 1.704, "T181_C": 2.144}
[2025-08-23 22:39:49] Hamburg vs Dortmund - C Values: {"T1_C": 10.5, "T2_C": 4.42, "T3_C": 1.36, "T4_C": 3.15, "T5_C": 1.23, "T6_C": 1.06, "T7_C": 2.14, "T8_C": 1.71, "T9_C": 1.955, "T10_C": 1.848, "T11_C": 1.704, "T12_C": 2.144, "T13_C": 1.59, "T14_C": 2.36, "T180_C": 1.704, "T181_C": 2.144}
[2025-08-23 22:40:44] Hamburg vs Dortmund - C Values: {"T1_C": 10.5, "T2_C": 4.42, "T3_C": 1.36, "T4_C": 3.15, "T5_C": 1.23, "T6_C": 1.06, "T7_C": 2.096, "T8_C": 1.74, "T9_C": 1.955, "T10_C": 1.848, "T11_C": 1.704, "T12_C": 2.144, "T13_C": 1.59, "T14_C": 2.36, "T180_C": 1.704, "T181_C": 2.144}
[2025-08-23 22:41:39] Hamburg vs Dortmund - C Values: {"T1_C": 10, "T2_C": 4.3, "T3_C": 1.384, "T4_C": 3.03, "T5_C": 1.235, "T6_C": 1.07, "T7_C": 2.064, "T8_C": 1.76, "T9_C": 1.83, "T10_C": 1.975, "T11_C": 1.67, "T12_C": 2.208, "T13_C": 1.59, "T14_C": 2.36, "T180_C": 1.67, "T181_C": 2.208}
[2025-08-23 22:41:53] Hamburg vs Dortmund - C Values: {"T1_C": 10, "T2_C": 4.3, "T3_C": 1.384, "T4_C": 3.03, "T5_C": 1.235, "T6_C": 1.07, "T7_C": 2.064, "T8_C": 1.76, "T9_C": 1.955, "T10_C": 1.848, "T11_C": 1.67, "T12_C": 2.208, "T13_C": 1.59, "T14_C": 2.36, "T180_C": 1.67, "T181_C": 2.208}
[2025-08-23 22:42:18] Hamburg vs Dortmund - C Values: {"T1_C": 10.5, "T2_C": 4.42, "T3_C": 1.36, "T4_C": 3.15, "T5_C": 1.23, "T6_C": 1.06, "T7_C": 2.096, "T8_C": 1.74, "T9_C": 1.955, "T10_C": 1.848, "T11_C": 1.704, "T12_C": 2.144, "T13_C": 1.64, "T14_C": 2.26, "T180_C": 1.704, "T181_C": 2.144}
[2025-08-23 22:42:25] Hamburg vs Dortmund - C Values: {"T1_C": 10.5, "T2_C": 4.28, "T3_C": 1.38, "T4_C": 3.06, "T5_C": 1.24, "T6_C": 1.064, "T7_C": 2.064, "T8_C": 1.76, "T9_C": 1.955, "T10_C": 1.848, "T11_C": 1.704, "T12_C": 2.144, "T13_C": 1.64, "T14_C": 2.26, "T180_C": 1.704, "T181_C": 2.144}
[2025-08-23 22:42:39] Hamburg vs Dortmund - C Values: {"T1_C": 10, "T2_C": 4.12, "T3_C": 1.4, "T4_C": 2.968, "T5_C": 1.25, "T6_C": 1.064, "T7_C": 2.04, "T8_C": 1.78, "T9_C": 1.955, "T10_C": 1.848, "T11_C": 1.704, "T12_C": 2.144, "T13_C": 1.64, "T14_C": 2.26, "T180_C": 1.704, "T181_C": 2.144}
[2025-08-23 22:42:46] Hamburg vs Dortmund - C Values: {"T1_C": 10.5, "T2_C": 4.28, "T3_C": 1.38, "T4_C": 3.06, "T5_C": 1.24, "T6_C": 1.064, "T7_C": 2.064, "T8_C": 1.76, "T9_C": 1.955, "T10_C": 1.848, "T11_C": 1.704, "T12_C": 2.144, "T13_C": 1.64, "T14_C": 2.26, "T180_C": 1.704, "T181_C": 2.144}
[2025-08-23 22:43:04] Hamburg vs Dortmund - C Values: {"T1_C": 10, "T2_C": 4.3, "T3_C": 1.384, "T4_C": 3.03, "T5_C": 1.235, "T6_C": 1.07, "T7_C": 2.064, "T8_C": 1.76, "T9_C": 1.955, "T10_C": 1.848, "T11_C": 1.704, "T12_C": 2.144, "T13_C": 1.64, "T14_C": 2.26, "T180_C": 1.704, "T181_C": 2.144}
[2025-08-23 22:43:28] Hamburg vs Dortmund - C Values: {"T1_C": 10.5, "T2_C": 4.28, "T3_C": 1.38, "T4_C": 3.06, "T5_C": 1.24, "T6_C": 1.064, "T7_C": 2.064, "T8_C": 1.76, "T9_C": 1.955, "T10_C": 1.848, "T11_C": 1.704, "T12_C": 2.144, "T13_C": 1.64, "T14_C": 2.26, "T180_C": 1.704, "T181_C": 2.144}
[2025-08-23 22:43:34] Hamburg vs Dortmund - C Values: {"T1_C": 10.5, "T2_C": 4.42, "T3_C": 1.36, "T4_C": 3.15, "T5_C": 1.23, "T6_C": 1.06, "T7_C": 2.096, "T8_C": 1.74, "T9_C": 1.955, "T10_C": 1.848, "T11_C": 1.704, "T12_C": 2.144, "T13_C": 1.64, "T14_C": 2.26, "T180_C": 1.704, "T181_C": 2.144}
[2025-08-23 22:44:36] Hamburg vs Dortmund - C Values: {"T1_C": 10.5, "T2_C": 4.42, "T3_C": 1.36, "T4_C": 3.15, "T5_C": 1.23, "T6_C": 1.06, "T7_C": 2.096, "T8_C": 1.74, "T9_C": 2.056, "T10_C": 1.765, "T11_C": 1.744, "T12_C": 2.085, "T13_C": 1.64, "T14_C": 2.26, "T180_C": 1.744, "T181_C": 2.085}
[2025-08-23 22:45:07] Hamburg vs Dortmund - C Values: {"T1_C": 11.5, "T2_C": 4.34, "T3_C": 1.355, "T4_C": 3.17, "T5_C": 1.235, "T6_C": 1.056, "T7_C": 2.096, "T8_C": 1.74, "T9_C": 2.056, "T10_C": 1.765, "T11_C": 1.744, "T12_C": 2.085, "T13_C": 1.696, "T14_C": 2.16, "T180_C": 1.744, "T181_C": 2.085}
[2025-08-23 22:46:23] Hamburg vs Dortmund - C Values: {"T1_C": 11.5, "T2_C": 4.34, "T3_C": 1.355, "T4_C": 3.17, "T5_C": 1.235, "T6_C": 1.056, "T7_C": 2.096, "T8_C": 1.74, "T9_C": 2.16, "T10_C": 1.696, "T11_C": 1.744, "T12_C": 2.085, "T13_C": 1.696, "T14_C": 2.16, "T180_C": 1.744, "T181_C": 2.085}
[2025-08-23 22:46:56] Hamburg vs Dortmund - C Values: {"T1_C": 11.5, "T2_C": 4.34, "T3_C": 1.355, "T4_C": 3.17, "T5_C": 1.235, "T6_C": 1.056, "T7_C": 2.096, "T8_C": 1.74, "T9_C": 2.16, "T10_C": 1.696, "T11_C": 1.81, "T12_C": 2, "T13_C": 1.696, "T14_C": 2.16, "T180_C": 1.81, "T181_C": 2}
[2025-08-23 22:48:54] Hamburg vs Dortmund - C Values: {"T1_C": 11.5, "T2_C": 4.34, "T3_C": 1.355, "T4_C": 3.17, "T5_C": 1.235, "T6_C": 1.056, "T7_C": 2.064, "T8_C": 1.76, "T9_C": 2.16, "T10_C": 1.696, "T11_C": 1.81, "T12_C": 2, "T13_C": 1.696, "T14_C": 2.16, "T180_C": 1.81, "T181_C": 2}
[2025-08-23 22:49:13] Hamburg vs Dortmund - C Values: {"T1_C": 11.5, "T2_C": 4.32, "T3_C": 1.36, "T4_C": 3.15, "T5_C": 1.235, "T6_C": 1.056, "T7_C": 2.04, "T8_C": 1.78, "T9_C": 2.16, "T10_C": 1.696, "T11_C": 1.744, "T12_C": 2.085, "T13_C": 1.696, "T14_C": 2.16, "T180_C": 1.744, "T181_C": 2.085}
[2025-08-23 22:49:38] Hamburg vs Dortmund - C Values: {"T1_C": 11.5, "T2_C": 4.34, "T3_C": 1.355, "T4_C": 3.17, "T5_C": 1.235, "T6_C": 1.056, "T7_C": 2.064, "T8_C": 1.76, "T9_C": 2.16, "T10_C": 1.696, "T11_C": 1.81, "T12_C": 2, "T13_C": 1.696, "T14_C": 2.16, "T180_C": 1.81, "T181_C": 2}
[2025-08-23 22:49:45] Hamburg vs Dortmund - C Values: {"T1_C": 11.5, "T2_C": 4.32, "T3_C": 1.36, "T4_C": 3.15, "T5_C": 1.235, "T6_C": 1.056, "T7_C": 2.01, "T8_C": 1.8, "T9_C": 2.16, "T10_C": 1.696, "T11_C": 1.744, "T12_C": 2.085, "T13_C": 1.765, "T14_C": 2.06, "T180_C": 1.744, "T181_C": 2.085}
[2025-08-23 22:49:52] Hamburg vs Dortmund - C Values: {"T1_C": 11.5, "T2_C": 4.34, "T3_C": 1.355, "T4_C": 3.17, "T5_C": 1.235, "T6_C": 1.056, "T7_C": 2.04, "T8_C": 1.78, "T9_C": 2.16, "T10_C": 1.696, "T11_C": 1.81, "T12_C": 2, "T13_C": 1.765, "T14_C": 2.06, "T180_C": 1.81, "T181_C": 2}
[2025-08-23 22:49:57] Hamburg vs Dortmund - C Values: {"T1_C": 11.5, "T2_C": 4.34, "T3_C": 1.355, "T4_C": 3.17, "T5_C": 1.235, "T6_C": 1.056, "T7_C": 2.04, "T8_C": 1.78, "T9_C": 2.16, "T10_C": 1.696, "T11_C": 1.79, "T12_C": 2.02, "T13_C": 1.765, "T14_C": 2.06, "T180_C": 1.79, "T181_C": 2.02}
[2025-08-23 22:50:03] Hamburg vs Dortmund - C Values: {"T1_C": 10.5, "T2_C": 4.42, "T3_C": 1.36, "T4_C": 3.15, "T5_C": 1.23, "T6_C": 1.06, "T7_C": 2.04, "T8_C": 1.78, "T9_C": 2.16, "T10_C": 1.696, "T11_C": 1.73, "T12_C": 2.104, "T13_C": 1.765, "T14_C": 2.06, "T180_C": 1.73, "T181_C": 2.104}
[2025-08-23 22:50:21] Hamburg vs Dortmund - C Values: {"T1_C": 11.5, "T2_C": 4.34, "T3_C": 1.355, "T4_C": 3.17, "T5_C": 1.235, "T6_C": 1.056, "T7_C": 2.064, "T8_C": 1.76, "T9_C": 2.16, "T10_C": 1.696, "T11_C": 1.79, "T12_C": 2.02, "T13_C": 1.765, "T14_C": 2.06, "T180_C": 1.79, "T181_C": 2.02}
[2025-08-23 22:50:57] Hamburg vs Dortmund - C Values: {"T1_C": 11.5, "T2_C": 4.34, "T3_C": 1.355, "T4_C": 3.17, "T5_C": 1.235, "T6_C": 1.056, "T7_C": 2.04, "T8_C": 1.78, "T9_C": 2.16, "T10_C": 1.696, "T11_C": 1.79, "T12_C": 2.02, "T13_C": 1.765, "T14_C": 2.06, "T180_C": 1.79, "T181_C": 2.02}
[2025-08-23 22:53:20] Hamburg vs Dortmund - C Values: {"T1_C": 11.5, "T2_C": 4.34, "T3_C": 1.355, "T4_C": 3.17, "T5_C": 1.235, "T6_C": 1.056, "T7_C": 2.064, "T8_C": 1.76, "T9_C": 2.16, "T10_C": 1.696, "T11_C": 1.79, "T12_C": 2.02, "T13_C": 1.765, "T14_C": 2.06, "T180_C": 1.79, "T181_C": 2.02}
[2025-08-23 22:53:26] Hamburg vs Dortmund - C Values: {"T1_C": 11.5, "T2_C": 4.34, "T3_C": 1.355, "T4_C": 3.17, "T5_C": 1.235, "T6_C": 1.056, "T7_C": 2.096, "T8_C": 1.74, "T9_C": 2.16, "T10_C": 1.696, "T11_C": 1.79, "T12_C": 2.02, "T13_C": 1.696, "T14_C": 2.16, "T180_C": 1.79, "T181_C": 2.02}
[2025-08-23 23:02:35] Hamburg vs Dortmund - C Values: {"T1_C": 12, "T2_C": 4.56, "T3_C": 1.325, "T4_C": 3.335, "T5_C": 1.22, "T6_C": 1.05, "T7_C": 2.14, "T8_C": 1.71, "T9_C": 2.16, "T10_C": 1.696, "T11_C": 1.865, "T12_C": 1.936, "T13_C": 1.696, "T14_C": 2.16, "T180_C": 1.865, "T181_C": 1.936}
[2025-08-23 23:07:07] Hamburg vs Dortmund - C Values: {"T1_C": 12, "T2_C": 4.56, "T3_C": 1.325, "T4_C": 3.335, "T5_C": 1.22, "T6_C": 1.05, "T7_C": 2.14, "T8_C": 1.71, "T9_C": 2.26, "T10_C": 1.64, "T11_C": 1.865, "T12_C": 1.936, "T13_C": 1.696, "T14_C": 2.16, "T180_C": 1.865, "T181_C": 1.936}
[2025-08-23 23:07:20] Hamburg vs Dortmund - C Values: {"T1_C": 13, "T2_C": 4.46, "T3_C": 1.33, "T4_C": 3.33, "T5_C": 1.225, "T6_C": 1.045, "T7_C": 2.14, "T8_C": 1.71, "T9_C": 2.26, "T10_C": 1.64, "T11_C": 1.865, "T12_C": 1.936, "T13_C": 1.765, "T14_C": 2.06, "T180_C": 1.865, "T181_C": 1.936}
[2025-08-23 23:07:45] Hamburg vs Dortmund - C Values: {"T1_C": 11.5, "T2_C": 4.34, "T3_C": 1.355, "T4_C": 3.17, "T5_C": 1.235, "T6_C": 1.056, "T7_C": 2.096, "T8_C": 1.74, "T9_C": 2.16, "T10_C": 1.696, "T11_C": 1.79, "T12_C": 2.02, "T13_C": 1.765, "T14_C": 2.06, "T180_C": 1.79, "T181_C": 2.02}
[2025-08-23 23:08:15] Hamburg vs Dortmund - C Values: {"T1_C": 12, "T2_C": 4.56, "T3_C": 1.325, "T4_C": 3.335, "T5_C": 1.22, "T6_C": 1.05, "T7_C": 2.14, "T8_C": 1.71, "T9_C": 2.16, "T10_C": 1.696, "T11_C": 1.865, "T12_C": 1.936, "T13_C": 1.696, "T14_C": 2.16, "T180_C": 1.865, "T181_C": 1.936}
[2025-08-23 23:08:21] Hamburg vs Dortmund - C Values: {"T1_C": 12, "T2_C": 4.56, "T3_C": 1.325, "T4_C": 3.335, "T5_C": 1.22, "T6_C": 1.05, "T7_C": 2.168, "T8_C": 1.69, "T9_C": 2.16, "T10_C": 1.696, "T11_C": 1.865, "T12_C": 1.936, "T13_C": 1.696, "T14_C": 2.16, "T180_C": 1.865, "T181_C": 1.936}
[2025-08-23 23:08:28] Hamburg vs Dortmund - C Values: {"T1_C": 13, "T2_C": 4.46, "T3_C": 1.33, "T4_C": 3.33, "T5_C": 1.225, "T6_C": 1.045, "T7_C": 2.168, "T8_C": 1.69, "T9_C": 2.16, "T10_C": 1.696, "T11_C": 1.865, "T12_C": 1.936, "T13_C": 1.696, "T14_C": 2.16, "T180_C": 1.865, "T181_C": 1.936}
[2025-08-23 23:09:01] Hamburg vs Dortmund - C Values: {"T1_C": 12, "T2_C": 4.56, "T3_C": 1.325, "T4_C": 3.335, "T5_C": 1.22, "T6_C": 1.05, "T7_C": 2.14, "T8_C": 1.71, "T9_C": 2.26, "T10_C": 1.64, "T11_C": 1.865, "T12_C": 1.936, "T13_C": 1.765, "T14_C": 2.06, "T180_C": 1.865, "T181_C": 1.936}
[2025-08-23 23:09:08] Hamburg vs Dortmund - C Values: {"T1_C": 12.5, "T2_C": 4.5, "T3_C": 1.325, "T4_C": 3.34, "T5_C": 1.22, "T6_C": 1.048, "T7_C": 2.2, "T8_C": 1.67, "T9_C": 2.26, "T10_C": 1.64, "T11_C": 1.865, "T12_C": 1.936, "T13_C": 1.696, "T14_C": 2.16, "T180_C": 1.865, "T181_C": 1.936}
[2025-08-23 23:09:14] Hamburg vs Dortmund - C Values: {"T1_C": 14.5, "T2_C": 4.72, "T3_C": 1.296, "T4_C": 3.56, "T5_C": 1.21, "T6_C": 1.04, "T7_C": 2.245, "T8_C": 1.648, "T9_C": 2.26, "T10_C": 1.64, "T11_C": 1.865, "T12_C": 1.936, "T13_C": 1.696, "T14_C": 2.16, "T180_C": 1.865, "T181_C": 1.936}
[2025-08-23 23:09:34] Hamburg vs Dortmund - C Values: {"T1_C": 14.5, "T2_C": 4.72, "T3_C": 1.296, "T4_C": 3.56, "T5_C": 1.21, "T6_C": 1.04, "T7_C": 2.296, "T8_C": 1.62, "T9_C": 2.26, "T10_C": 1.64, "T11_C": 1.92, "T12_C": 1.88, "T13_C": 1.696, "T14_C": 2.16, "T180_C": 1.92, "T181_C": 1.88}
[2025-08-23 23:09:46] Hamburg vs Dortmund - C Values: {"T1_C": 14.5, "T2_C": 4.72, "T3_C": 1.296, "T4_C": 3.56, "T5_C": 1.21, "T6_C": 1.04, "T7_C": 2.245, "T8_C": 1.648, "T9_C": 2.26, "T10_C": 1.64, "T11_C": 1.865, "T12_C": 1.936, "T13_C": 1.696, "T14_C": 2.16, "T180_C": 1.865, "T181_C": 1.936}
[2025-08-23 23:09:52] Hamburg vs Dortmund - C Values: {"T1_C": 14.5, "T2_C": 4.72, "T3_C": 1.296, "T4_C": 3.56, "T5_C": 1.21, "T6_C": 1.04, "T7_C": 2.245, "T8_C": 1.648, "T9_C": 2.26, "T10_C": 1.64, "T11_C": 1.92, "T12_C": 1.88, "T13_C": 1.696, "T14_C": 2.16, "T180_C": 1.92, "T181_C": 1.88}
[2025-08-23 23:10:17] Hamburg vs Dortmund - C Values: {"T1_C": 14.5, "T2_C": 4.72, "T3_C": 1.296, "T4_C": 3.56, "T5_C": 1.21, "T6_C": 1.04, "T7_C": 2.245, "T8_C": 1.648, "T9_C": 2.36, "T10_C": 1.59, "T11_C": 1.92, "T12_C": 1.88, "T13_C": 1.765, "T14_C": 2.06, "T180_C": 1.92, "T181_C": 1.88}
[2025-08-23 23:10:24] Hamburg vs Dortmund - C Values: {"T1_C": 14.5, "T2_C": 4.72, "T3_C": 1.296, "T4_C": 3.56, "T5_C": 1.21, "T6_C": 1.04, "T7_C": 2.296, "T8_C": 1.62, "T9_C": 2.36, "T10_C": 1.59, "T11_C": 1.92, "T12_C": 1.88, "T13_C": 1.696, "T14_C": 2.16, "T180_C": 1.92, "T181_C": 1.88}
[2025-08-23 23:10:41] Hamburg vs Dortmund - C Values: {"T1_C": 14.5, "T2_C": 4.72, "T3_C": 1.296, "T4_C": 3.56, "T5_C": 1.21, "T6_C": 1.04, "T7_C": 2.245, "T8_C": 1.648, "T9_C": 2.304, "T10_C": 1.616, "T11_C": 1.92, "T12_C": 1.88, "T13_C": 1.765, "T14_C": 2.06, "T180_C": 1.92, "T181_C": 1.88}
[2025-08-23 23:10:47] Hamburg vs Dortmund - C Values: {"T1_C": 4.04, "T2_C": 2.432, "T3_C": 2.53, "T4_C": 1.536, "T5_C": 1.575, "T6_C": 1.26, "T7_C": 2.46, "T8_C": 1.545, "T9_C": 1.625, "T10_C": 2.29, "T11_C": 2.245, "T12_C": 1.648, "T13_C": 1.704, "T14_C": 2.145, "T180_C": 2.03, "T181_C": 1.784}
[2025-08-23 23:11:00] Hamburg vs Dortmund - C Values: {"T1_C": 4.04, "T2_C": 2.41, "T3_C": 2.56, "T4_C": 1.53, "T5_C": 1.584, "T6_C": 1.26, "T7_C": 2.385, "T8_C": 1.575, "T9_C": 1.605, "T10_C": 2.33, "T11_C": 2.045, "T12_C": 1.775, "T13_C": 1.765, "T14_C": 2.06, "T180_C": 1.944, "T181_C": 1.856}
[2025-08-23 23:11:07] Hamburg vs Dortmund - C Values: {"T1_C": 4.04, "T2_C": 2.41, "T3_C": 2.56, "T4_C": 1.53, "T5_C": 1.584, "T6_C": 1.26, "T7_C": 2.385, "T8_C": 1.575, "T9_C": 1.605, "T10_C": 2.33, "T11_C": 2.045, "T12_C": 1.775, "T13_C": 1.765, "T14_C": 2.06}
[2025-08-23 23:11:12] Hamburg vs Dortmund - C Values: {"T1_C": 4.26, "T2_C": 2.38, "T3_C": 2.51, "T4_C": 1.544, "T5_C": 1.595, "T6_C": 1.24, "T7_C": 2.48, "T8_C": 1.54, "T9_C": 1.605, "T10_C": 2.33, "T11_C": 2.136, "T12_C": 1.71, "T13_C": 1.696, "T14_C": 2.16}
[2025-08-23 23:11:30] Hamburg vs Dortmund - C Values: {"T1_C": 4.26, "T2_C": 2.38, "T3_C": 2.51, "T4_C": 1.544, "T5_C": 1.595, "T6_C": 1.24, "T7_C": 2.48, "T8_C": 1.54, "T9_C": 1.63, "T10_C": 2.28, "T11_C": 2.136, "T12_C": 1.71, "T13_C": 1.696, "T14_C": 2.16}
[2025-08-23 23:11:36] Hamburg vs Dortmund - C Values: {"T1_C": 4.26, "T2_C": 2.38, "T3_C": 2.51, "T4_C": 1.544, "T5_C": 1.595, "T6_C": 1.24, "T7_C": 2.48, "T8_C": 1.54, "T9_C": 1.605, "T10_C": 2.33, "T11_C": 2.136, "T12_C": 1.71, "T13_C": 1.696, "T14_C": 2.16}
[2025-08-23 23:11:49] Hamburg vs Dortmund - C Values: {"T1_C": 4.26, "T2_C": 2.38, "T3_C": 2.51, "T4_C": 1.544, "T5_C": 1.595, "T6_C": 1.24, "T7_C": 2.48, "T8_C": 1.54, "T9_C": 1.63, "T10_C": 2.28, "T11_C": 2.136, "T12_C": 1.71, "T13_C": 1.696, "T14_C": 2.16}
[2025-08-23 23:11:55] Hamburg vs Dortmund - C Values: {"T1_C": 4.32, "T2_C": 2.416, "T3_C": 2.455, "T4_C": 1.57, "T5_C": 1.58, "T6_C": 1.235, "T7_C": 2.536, "T8_C": 1.52, "T9_C": 1.63, "T10_C": 2.28, "T11_C": 2.2, "T12_C": 1.67, "T13_C": 1.696, "T14_C": 2.16}
[2025-08-23 23:12:08] Hamburg vs Dortmund - C Values: {"T1_C": 4.26, "T2_C": 2.38, "T3_C": 2.51, "T4_C": 1.544, "T5_C": 1.595, "T6_C": 1.24, "T7_C": 2.48, "T8_C": 1.54, "T9_C": 1.63, "T10_C": 2.28, "T11_C": 2.136, "T12_C": 1.71, "T13_C": 1.696, "T14_C": 2.16}
[2025-08-23 23:12:14] Hamburg vs Dortmund - C Values: {"T1_C": 4.26, "T2_C": 2.38, "T3_C": 2.51, "T4_C": 1.544, "T5_C": 1.595, "T6_C": 1.24, "T7_C": 2.48, "T8_C": 1.54, "T9_C": 1.656, "T10_C": 2.23, "T11_C": 2.2, "T12_C": 1.67, "T13_C": 1.765, "T14_C": 2.06}
[2025-08-23 23:13:37] Hamburg vs Dortmund - C Values: {"T1_C": 4.3, "T2_C": 2.33, "T3_C": 2.555, "T4_C": 1.53, "T5_C": 1.62, "T6_C": 1.24, "T7_C": 2.44, "T8_C": 1.552, "T9_C": 1.67, "T10_C": 2.205, "T11_C": 2.2, "T12_C": 1.67, "T13_C": 1.81, "T14_C": 2}
[2025-08-23 23:13:54] Hamburg vs Dortmund - C Values: {"T1_C": 4.3, "T2_C": 2.33, "T3_C": 2.555, "T4_C": 1.53, "T5_C": 1.62, "T6_C": 1.24, "T7_C": 2.44, "T8_C": 1.552, "T9_C": 1.685, "T10_C": 2.175, "T11_C": 2.2, "T12_C": 1.67, "T13_C": 1.81, "T14_C": 2}
[2025-08-23 23:14:06] Hamburg vs Dortmund - C Values: {"T1_C": 4.3, "T2_C": 2.33, "T3_C": 2.555, "T4_C": 1.53, "T5_C": 1.62, "T6_C": 1.24, "T7_C": 2.48, "T8_C": 1.54, "T9_C": 1.67, "T10_C": 2.205, "T11_C": 2.2, "T12_C": 1.67, "T13_C": 1.765, "T14_C": 2.06}
[2025-08-23 23:14:12] Hamburg vs Dortmund - C Values: {"T1_C": 4.3, "T2_C": 2.33, "T3_C": 2.555, "T4_C": 1.53, "T5_C": 1.62, "T6_C": 1.24, "T7_C": 2.48, "T8_C": 1.54, "T9_C": 1.685, "T10_C": 2.175, "T11_C": 2.2, "T12_C": 1.67, "T13_C": 1.81, "T14_C": 2}
[2025-08-23 23:14:38] Hamburg vs Dortmund - C Values: {"T1_C": 4.64, "T2_C": 2.264, "T3_C": 2.525, "T4_C": 1.54, "T5_C": 1.65, "T6_C": 1.216, "T7_C": 2.536, "T8_C": 1.52, "T9_C": 1.72, "T10_C": 2.12, "T11_C": 2.305, "T12_C": 1.616, "T13_C": 1.81, "T14_C": 2}
[2025-08-23 23:15:04] Hamburg vs Dortmund - C Values: {"T1_C": 4.34, "T2_C": 2.3, "T3_C": 2.58, "T4_C": 1.52, "T5_C": 1.635, "T6_C": 1.235, "T7_C": 2.48, "T8_C": 1.54, "T9_C": 1.72, "T10_C": 2.12, "T11_C": 2.305, "T12_C": 1.616, "T13_C": 1.81, "T14_C": 2}
[2025-08-23 23:15:16] Hamburg vs Dortmund - C Values: {"T1_C": 4.34, "T2_C": 2.3, "T3_C": 2.58, "T4_C": 1.52, "T5_C": 1.635, "T6_C": 1.235, "T7_C": 2.48, "T8_C": 1.54, "T9_C": 1.72, "T10_C": 2.12, "T11_C": 2.305, "T12_C": 1.616, "T13_C": 1.79, "T14_C": 2.02}
[2025-08-23 23:15:23] Hamburg vs Dortmund - C Values: {"T1_C": 4.62, "T2_C": 2.256, "T3_C": 2.54, "T4_C": 1.536, "T5_C": 1.656, "T6_C": 1.216, "T7_C": 2.48, "T8_C": 1.54, "T9_C": 1.736, "T10_C": 2.1, "T11_C": 2.305, "T12_C": 1.616, "T13_C": 1.79, "T14_C": 2.02}
[2025-08-23 23:15:29] Hamburg vs Dortmund - C Values: {"T1_C": 4.64, "T2_C": 2.264, "T3_C": 2.525, "T4_C": 1.54, "T5_C": 1.65, "T6_C": 1.216, "T7_C": 2.536, "T8_C": 1.52, "T9_C": 1.736, "T10_C": 2.1, "T11_C": 2.305, "T12_C": 1.616, "T13_C": 1.79, "T14_C": 2.02}
[2025-08-23 23:15:35] Hamburg vs Dortmund - C Values: {"T1_C": 4.64, "T2_C": 2.264, "T3_C": 2.525, "T4_C": 1.54, "T5_C": 1.65, "T6_C": 1.216, "T7_C": 2.536, "T8_C": 1.52, "T9_C": 1.752, "T10_C": 2.075, "T11_C": 2.41, "T12_C": 1.568, "T13_C": 1.79, "T14_C": 2.02}
[2025-08-23 23:16:19] Hamburg vs Dortmund - C Values: {"T1_C": 4.78, "T2_C": 2.25, "T3_C": 2.505, "T4_C": 1.544, "T5_C": 1.66, "T6_C": 1.205, "T7_C": 2.616, "T8_C": 1.49, "T9_C": 1.775, "T10_C": 2.048, "T11_C": 2.41, "T12_C": 1.568, "T13_C": 1.79, "T14_C": 2.02}
[2025-08-23 23:16:30] Hamburg vs Dortmund - C Values: {"T1_C": 4.82, "T2_C": 2.216, "T3_C": 2.53, "T4_C": 1.536, "T5_C": 1.675, "T6_C": 1.2, "T7_C": 2.705, "T8_C": 1.464, "T9_C": 1.816, "T10_C": 1.99, "T11_C": 2.41, "T12_C": 1.568, "T13_C": 1.79, "T14_C": 2.02}
[2025-08-23 23:16:36] Hamburg vs Dortmund - C Values: {"T1_C": 5.1, "T2_C": 2.225, "T3_C": 2.45, "T4_C": 1.57, "T5_C": 1.67, "T6_C": 1.184, "T7_C": 2.705, "T8_C": 1.464, "T9_C": 1.816, "T10_C": 1.99, "T11_C": 2.55, "T12_C": 1.512, "T13_C": 1.79, "T14_C": 2.02}
[2025-08-23 23:16:49] Hamburg vs Dortmund - C Values: {"T1_C": 4.82, "T2_C": 2.216, "T3_C": 2.53, "T4_C": 1.536, "T5_C": 1.675, "T6_C": 1.2, "T7_C": 2.705, "T8_C": 1.464, "T9_C": 1.816, "T10_C": 1.99, "T11_C": 2.41, "T12_C": 1.568, "T13_C": 1.79, "T14_C": 2.02}
[2025-08-23 23:16:56] Hamburg vs Dortmund - C Values: {"T1_C": 4.82, "T2_C": 2.216, "T3_C": 2.53, "T4_C": 1.536, "T5_C": 1.675, "T6_C": 1.2, "T7_C": 2.705, "T8_C": 1.464, "T9_C": 1.864, "T10_C": 1.936, "T11_C": 2.55, "T12_C": 1.512, "T13_C": 1.79, "T14_C": 2.02}
[2025-08-23 23:17:21] Hamburg vs Dortmund - C Values: {"T1_C": 5, "T2_C": 2.192, "T3_C": 2.51, "T4_C": 1.544, "T5_C": 1.69, "T6_C": 1.19, "T7_C": 2.705, "T8_C": 1.464, "T9_C": 1.896, "T10_C": 1.904, "T11_C": 2.55, "T12_C": 1.512, "T13_C": 1.79, "T14_C": 2.02}
[2025-08-23 23:17:33] Hamburg vs Dortmund - C Values: {"T1_C": 5, "T2_C": 2.192, "T3_C": 2.51, "T4_C": 1.544, "T5_C": 1.69, "T6_C": 1.19, "T7_C": 2.705, "T8_C": 1.464, "T9_C": 1.925, "T10_C": 1.875, "T11_C": 2.55, "T12_C": 1.512, "T13_C": 1.79, "T14_C": 2.02}
[2025-08-23 23:18:03] Hamburg vs Dortmund - C Values: {"T1_C": 5, "T2_C": 2.192, "T3_C": 2.51, "T4_C": 1.544, "T5_C": 1.69, "T6_C": 1.19, "T7_C": 2.705, "T8_C": 1.464, "T9_C": 1.955, "T10_C": 1.848, "T11_C": 2.55, "T12_C": 1.512, "T13_C": 1.79, "T14_C": 2.02}
[2025-08-23 23:18:28] Hamburg vs Dortmund - C Values: {"T1_C": 5.1, "T2_C": 2.13, "T3_C": 2.575, "T4_C": 1.52, "T5_C": 1.73, "T6_C": 1.184, "T7_C": 2.705, "T8_C": 1.464, "T9_C": 1.99, "T10_C": 1.82, "T11_C": 2.55, "T12_C": 1.512, "T13_C": 1.848, "T14_C": 1.955}
[2025-08-23 23:18:53] Hamburg vs Dortmund - C Values: {"T1_C": 5.1, "T2_C": 2.13, "T3_C": 2.575, "T4_C": 1.52, "T5_C": 1.73, "T6_C": 1.184, "T7_C": 2.705, "T8_C": 1.464, "T9_C": 2.02, "T10_C": 1.79, "T11_C": 2.68, "T12_C": 1.47, "T13_C": 1.848, "T14_C": 1.955}
[2025-08-23 23:19:13] Hamburg vs Dortmund - C Values: {"T1_C": 5.1, "T2_C": 2.13, "T3_C": 2.575, "T4_C": 1.52, "T5_C": 1.73, "T6_C": 1.184, "T7_C": 2.705, "T8_C": 1.464, "T9_C": 2.06, "T10_C": 1.765, "T11_C": 2.68, "T12_C": 1.47, "T13_C": 1.848, "T14_C": 1.955}
[2025-08-23 23:19:37] Hamburg vs Dortmund - C Values: {"T1_C": 5.1, "T2_C": 2.13, "T3_C": 2.575, "T4_C": 1.52, "T5_C": 1.73, "T6_C": 1.184, "T7_C": 2.705, "T8_C": 1.464, "T9_C": 2.1, "T10_C": 1.736, "T11_C": 2.68, "T12_C": 1.47, "T13_C": 1.848, "T14_C": 1.955}
[2025-08-23 23:19:43] Hamburg vs Dortmund - C Values: {"T1_C": 5.1, "T2_C": 2.13, "T3_C": 2.575, "T4_C": 1.52, "T5_C": 1.73, "T6_C": 1.184, "T7_C": 2.616, "T8_C": 1.49, "T9_C": 2.1, "T10_C": 1.736, "T11_C": 2.68, "T12_C": 1.47, "T13_C": 1.936, "T14_C": 1.865}
[2025-08-23 23:19:56] Hamburg vs Dortmund - C Values: {"T1_C": 5.1, "T2_C": 2.13, "T3_C": 2.575, "T4_C": 1.52, "T5_C": 1.73, "T6_C": 1.184, "T7_C": 2.616, "T8_C": 1.49, "T9_C": 2.06, "T10_C": 1.765, "T11_C": 2.68, "T12_C": 1.47, "T13_C": 1.936, "T14_C": 1.865}
[2025-08-23 23:20:14] Hamburg vs Dortmund - C Values: {"T1_C": 5.1, "T2_C": 2.13, "T3_C": 2.575, "T4_C": 1.52, "T5_C": 1.73, "T6_C": 1.184, "T7_C": 2.616, "T8_C": 1.49, "T9_C": 2.1, "T10_C": 1.736, "T11_C": 2.68, "T12_C": 1.47, "T13_C": 1.936, "T14_C": 1.865}
[2025-08-23 23:20:26] Hamburg vs Dortmund - C Values: {"T1_C": 5.05, "T2_C": 2.064, "T3_C": 2.685, "T4_C": 1.49, "T5_C": 1.77, "T6_C": 1.185, "T7_C": 2.616, "T8_C": 1.49, "T9_C": 2.24, "T10_C": 1.65, "T11_C": 2.68, "T12_C": 1.47, "T13_C": 1.936, "T14_C": 1.865}
[2025-08-23 23:20:45] Hamburg vs Dortmund - C Values: {"T1_C": 5.35, "T2_C": 2.02, "T3_C": 2.688, "T4_C": 1.488, "T5_C": 1.808, "T6_C": 1.175, "T7_C": 2.705, "T8_C": 1.464, "T9_C": 2.352, "T10_C": 1.592, "T11_C": 2.89, "T12_C": 1.416, "T13_C": 2.025, "T14_C": 1.79}
[2025-08-23 23:21:34] Hamburg vs Dortmund - C Values: {"T1_C": 5.05, "T2_C": 2.01, "T3_C": 2.79, "T4_C": 1.46, "T5_C": 1.816, "T6_C": 1.19, "T7_C": 2.616, "T8_C": 1.49, "T9_C": 2.352, "T10_C": 1.592, "T11_C": 2.89, "T12_C": 1.416, "T13_C": 2.025, "T14_C": 1.79}
[2025-08-23 23:21:46] Hamburg vs Dortmund - C Values: {"T1_C": 5.35, "T2_C": 1.968, "T3_C": 2.795, "T4_C": 1.456, "T5_C": 1.85, "T6_C": 1.175, "T7_C": 2.616, "T8_C": 1.49, "T9_C": 2.42, "T10_C": 1.565, "T11_C": 2.89, "T12_C": 1.416, "T13_C": 2.025, "T14_C": 1.79}
[2025-08-23 23:21:59] Hamburg vs Dortmund - C Values: {"T1_C": 5.05, "T2_C": 2.01, "T3_C": 2.79, "T4_C": 1.46, "T5_C": 1.816, "T6_C": 1.19, "T7_C": 2.616, "T8_C": 1.49, "T9_C": 2.352, "T10_C": 1.592, "T11_C": 2.89, "T12_C": 1.416, "T13_C": 2.025, "T14_C": 1.79}
[2025-08-23 23:22:05] Hamburg vs Dortmund - C Values: {"T1_C": 5.35, "T2_C": 1.968, "T3_C": 2.795, "T4_C": 1.456, "T5_C": 1.85, "T6_C": 1.175, "T7_C": 2.616, "T8_C": 1.49, "T9_C": 2.42, "T10_C": 1.565, "T11_C": 2.89, "T12_C": 1.416, "T13_C": 2.025, "T14_C": 1.79}
[2025-08-23 23:22:11] Hamburg vs Dortmund - C Values: {"T1_C": 5.05, "T2_C": 2.01, "T3_C": 2.79, "T4_C": 1.46, "T5_C": 1.816, "T6_C": 1.19, "T7_C": 2.616, "T8_C": 1.49, "T9_C": 2.352, "T10_C": 1.592, "T11_C": 2.89, "T12_C": 1.416, "T13_C": 2.025, "T14_C": 1.79}
[2025-08-23 23:22:29] Hamburg vs Dortmund - C Values: {"T1_C": 5.35, "T2_C": 1.968, "T3_C": 2.795, "T4_C": 1.456, "T5_C": 1.85, "T6_C": 1.175, "T7_C": 2.616, "T8_C": 1.49, "T9_C": 2.42, "T10_C": 1.565, "T11_C": 2.89, "T12_C": 1.416, "T13_C": 2.025, "T14_C": 1.79}
[2025-08-23 23:22:48] Hamburg vs Dortmund - C Values: {"T1_C": 5.25, "T2_C": 1.99, "T3_C": 2.768, "T4_C": 1.464, "T5_C": 1.83, "T6_C": 1.175, "T7_C": 2.616, "T8_C": 1.49, "T9_C": 2.42, "T10_C": 1.565, "T11_C": 2.89, "T12_C": 1.416, "T13_C": 2.025, "T14_C": 1.79}
[2025-08-23 23:22:54] Hamburg vs Dortmund - C Values: {"T1_C": 4.6, "T2_C": 2.05, "T3_C": 2.88, "T4_C": 1.435, "T5_C": 1.784, "T6_C": 1.216, "T7_C": 2.385, "T8_C": 1.575, "T9_C": 2.24, "T10_C": 1.65, "T11_C": 2.55, "T12_C": 1.512, "T13_C": 2.025, "T14_C": 1.79}
[2025-08-23 23:23:00] Hamburg vs Dortmund - C Values: {"T1_C": 4.86, "T2_C": 2.03, "T3_C": 2.816, "T4_C": 1.45, "T5_C": 1.795, "T6_C": 1.2, "T7_C": 2.48, "T8_C": 1.54, "T9_C": 2.352, "T10_C": 1.592, "T11_C": 2.68, "T12_C": 1.47, "T13_C": 2.025, "T14_C": 1.79}
[2025-08-23 23:23:19] Hamburg vs Dortmund - C Values: {"T1_C": 5.05, "T2_C": 2.01, "T3_C": 2.79, "T4_C": 1.46, "T5_C": 1.816, "T6_C": 1.19, "T7_C": 2.48, "T8_C": 1.54, "T9_C": 2.352, "T10_C": 1.592, "T11_C": 2.68, "T12_C": 1.47, "T13_C": 2.025, "T14_C": 1.79}
[2025-08-23 23:23:33] Hamburg vs Dortmund - C Values: {"T1_C": 5.35, "T2_C": 1.968, "T3_C": 2.795, "T4_C": 1.456, "T5_C": 1.85, "T6_C": 1.175, "T7_C": 2.616, "T8_C": 1.49, "T9_C": 1.58, "T10_C": 2.384, "T11_C": 2.89, "T12_C": 1.416, "T13_C": 2.115, "T14_C": 1.725}
[2025-08-23 23:23:39] Hamburg vs Dortmund - C Values: {"T1_C": 5.1, "T2_C": 1.984, "T3_C": 2.82, "T4_C": 1.45, "T5_C": 1.835, "T6_C": 1.184, "T7_C": 2.536, "T8_C": 1.52, "T9_C": 1.58, "T10_C": 2.384, "T11_C": 2.89, "T12_C": 1.416, "T13_C": 2.115, "T14_C": 1.725}
[2025-08-23 23:23:45] Hamburg vs Dortmund - C Values: {"T1_C": 5.35, "T2_C": 1.968, "T3_C": 2.795, "T4_C": 1.456, "T5_C": 1.85, "T6_C": 1.175, "T7_C": 2.616, "T8_C": 1.49, "T9_C": 1.58, "T10_C": 2.384, "T11_C": 2.89, "T12_C": 1.416, "T13_C": 2.025, "T14_C": 1.79}
[2025-08-23 23:23:59] Hamburg vs Dortmund - C Values: {"T1_C": 5.1, "T2_C": 1.984, "T3_C": 2.82, "T4_C": 1.45, "T5_C": 1.835, "T6_C": 1.184, "T7_C": 2.536, "T8_C": 1.52, "T9_C": 1.58, "T10_C": 2.384, "T11_C": 2.89, "T12_C": 1.416, "T13_C": 2.115, "T14_C": 1.725}
[2025-08-23 23:24:29] Hamburg vs Dortmund - C Values: {"T1_C": 5.35, "T2_C": 1.968, "T3_C": 2.795, "T4_C": 1.456, "T5_C": 1.85, "T6_C": 1.175, "T7_C": 2.705, "T8_C": 1.464, "T9_C": 1.58, "T10_C": 2.384, "T11_C": 3.105, "T12_C": 1.37, "T13_C": 2.115, "T14_C": 1.725}
[2025-08-23 23:24:47] Hamburg vs Dortmund - C Values: {"T1_C": 5.4, "T2_C": 1.94, "T3_C": 2.83, "T4_C": 1.45, "T5_C": 1.87, "T6_C": 1.17, "T7_C": 2.705, "T8_C": 1.464, "T9_C": 1.58, "T10_C": 2.384, "T11_C": 3.105, "T12_C": 1.37, "T13_C": 2.115, "T14_C": 1.725}
[2025-08-23 23:24:53] Hamburg vs Dortmund - C Values: {"T1_C": 5.4, "T2_C": 1.94, "T3_C": 2.83, "T4_C": 1.45, "T5_C": 1.87, "T6_C": 1.17, "T7_C": 2.616, "T8_C": 1.49, "T9_C": 1.58, "T10_C": 2.384, "T11_C": 3.105, "T12_C": 1.37, "T13_C": 2.115, "T14_C": 1.725}
[2025-08-23 23:25:00] Hamburg vs Dortmund - C Values: {"T1_C": 5.4, "T2_C": 1.94, "T3_C": 2.83, "T4_C": 1.45, "T5_C": 1.87, "T6_C": 1.17, "T7_C": 2.616, "T8_C": 1.49, "T9_C": 1.63, "T10_C": 2.28, "T11_C": 3.105, "T12_C": 1.37, "T13_C": 2.115, "T14_C": 1.725}
[2025-08-23 23:25:24] Hamburg vs Dortmund - C Values: {"T1_C": 5.4, "T2_C": 1.94, "T3_C": 2.83, "T4_C": 1.45, "T5_C": 1.87, "T6_C": 1.17, "T7_C": 2.705, "T8_C": 1.464, "T9_C": 1.63, "T10_C": 2.28, "T11_C": 3.105, "T12_C": 1.37, "T13_C": 2.115, "T14_C": 1.725}
[2025-08-23 23:25:43] Hamburg vs Dortmund - C Values: {"T1_C": 5.85, "T2_C": 1.91, "T3_C": 2.79, "T4_C": 1.46, "T5_C": 1.904, "T6_C": 1.152, "T7_C": 2.705, "T8_C": 1.464, "T9_C": 1.63, "T10_C": 2.28, "T11_C": 3.26, "T12_C": 1.34, "T13_C": 2.18, "T14_C": 1.685}
[2025-08-23 23:26:03] Hamburg vs Dortmund - C Values: {"T1_C": 5.95, "T2_C": 1.87, "T3_C": 2.848, "T4_C": 1.445, "T5_C": 1.94, "T6_C": 1.15, "T7_C": 2.705, "T8_C": 1.464, "T9_C": 1.685, "T10_C": 2.175, "T11_C": 3.26, "T12_C": 1.34, "T13_C": 2.18, "T14_C": 1.685}
[2025-08-23 23:26:27] Hamburg vs Dortmund - C Values: {"T1_C": 5.85, "T2_C": 1.85, "T3_C": 2.925, "T4_C": 1.425, "T5_C": 1.97, "T6_C": 1.15, "T7_C": 2.784, "T8_C": 1.44, "T9_C": 1.685, "T10_C": 2.175, "T11_C": 3.36, "T12_C": 1.325, "T13_C": 2.18, "T14_C": 1.685}
[2025-08-23 23:26:45] Hamburg vs Dortmund - C Values: {"T1_C": 5.85, "T2_C": 1.85, "T3_C": 2.925, "T4_C": 1.425, "T5_C": 1.97, "T6_C": 1.15, "T7_C": 2.616, "T8_C": 1.49, "T9_C": 1.685, "T10_C": 2.175, "T11_C": 3.26, "T12_C": 1.34, "T13_C": 2.285, "T14_C": 1.625}
[2025-08-23 23:26:51] Hamburg vs Dortmund - C Values: {"T1_C": 5.85, "T2_C": 1.85, "T3_C": 2.925, "T4_C": 1.425, "T5_C": 1.97, "T6_C": 1.15, "T7_C": 2.616, "T8_C": 1.49, "T9_C": 1.685, "T10_C": 2.175, "T11_C": 3.26, "T12_C": 1.34, "T13_C": 2.18, "T14_C": 1.685}
[2025-08-23 23:26:57] Hamburg vs Dortmund - C Values: {"T1_C": 5.85, "T2_C": 1.91, "T3_C": 2.79, "T4_C": 1.46, "T5_C": 1.904, "T6_C": 1.152, "T7_C": 2.784, "T8_C": 1.44, "T9_C": 1.63, "T10_C": 2.28, "T11_C": 3.26, "T12_C": 1.34, "T13_C": 2.115, "T14_C": 1.725}
[2025-08-23 23:27:03] Hamburg vs Dortmund - C Values: {"T1_C": 5.85, "T2_C": 1.91, "T3_C": 2.79, "T4_C": 1.46, "T5_C": 1.904, "T6_C": 1.152, "T7_C": 2.784, "T8_C": 1.44, "T9_C": 1.63, "T10_C": 2.28, "T11_C": 3.26, "T12_C": 1.34, "T13_C": 2.18, "T14_C": 1.685}
[2025-08-23 23:27:15] Hamburg vs Dortmund - C Values: {"T1_C": 5.95, "T2_C": 1.87, "T3_C": 2.848, "T4_C": 1.445, "T5_C": 1.94, "T6_C": 1.15, "T7_C": 2.784, "T8_C": 1.44, "T9_C": 1.63, "T10_C": 2.28, "T11_C": 3.26, "T12_C": 1.34, "T13_C": 2.18, "T14_C": 1.685}
[2025-08-23 23:27:27] Hamburg vs Dortmund - C Values: {"T1_C": 5.95, "T2_C": 1.87, "T3_C": 2.848, "T4_C": 1.445, "T5_C": 1.94, "T6_C": 1.15, "T7_C": 2.784, "T8_C": 1.44, "T9_C": 1.685, "T10_C": 2.175, "T11_C": 3.36, "T12_C": 1.325, "T13_C": 2.18, "T14_C": 1.685}
[2025-08-23 23:27:39] Hamburg vs Dortmund - C Values: {"T1_C": 5.85, "T2_C": 1.81, "T3_C": 3.02, "T4_C": 1.405, "T5_C": 2.01, "T6_C": 1.152, "T7_C": 2.705, "T8_C": 1.464, "T9_C": 1.752, "T10_C": 2.075, "T11_C": 3.6, "T12_C": 1.29, "T13_C": 2.39, "T14_C": 1.575}
[2025-08-23 23:27:45] Hamburg vs Dortmund - C Values: {"T1_C": 5.85, "T2_C": 1.81, "T3_C": 3.02, "T4_C": 1.405, "T5_C": 2.01, "T6_C": 1.152, "T7_C": 2.616, "T8_C": 1.49, "T9_C": 1.752, "T10_C": 2.075, "T11_C": 3.36, "T12_C": 1.325, "T13_C": 2.39, "T14_C": 1.575}
[2025-08-23 23:27:52] Hamburg vs Dortmund - C Values: {"T1_C": 28, "T2_C": 5, "T3_C": 1.195, "T4_C": 4.32, "T5_C": 1.19, "T6_C": 1.009, "T7_C": 2.245, "T8_C": 1.648, "T9_C": 1.72, "T10_C": 2.12, "T11_C": 3.105, "T12_C": 1.37, "T13_C": 2.525, "T14_C": 1.525}
[2025-08-23 23:27:58] Hamburg vs Dortmund - C Values: {"T1_C": 26, "T2_C": 5, "T3_C": 1.2, "T4_C": 4.28, "T5_C": 1.19, "T6_C": 1.01, "T7_C": 2.175, "T8_C": 1.685, "T9_C": 1.85, "T10_C": 1.95, "T11_C": 3.264, "T12_C": 1.34, "T13_C": 2.675, "T14_C": 1.475}
[2025-08-23 23:28:04] Hamburg vs Dortmund - C Values: {"T1_C": 28, "T2_C": 5, "T3_C": 1.195, "T4_C": 4.32, "T5_C": 1.19, "T6_C": 1.009, "T7_C": 2.245, "T8_C": 1.648, "T9_C": 1.752, "T10_C": 2.075, "T11_C": 3.105, "T12_C": 1.37, "T13_C": 2.525, "T14_C": 1.525}
[2025-08-23 23:28:17] Hamburg vs Dortmund - C Values: {"T1_C": 25, "T2_C": 5.25, "T3_C": 1.216, "T4_C": 4.35, "T5_C": 1.18, "T6_C": 1.008, "T7_C": 2.168, "T8_C": 1.69, "T9_C": 1.685, "T10_C": 2.175, "T11_C": 2.89, "T12_C": 1.416, "T13_C": 2.525, "T14_C": 1.525}
[2025-08-23 23:28:22] Hamburg vs Dortmund - C Values: {"T1_C": 28, "T2_C": 5, "T3_C": 1.195, "T4_C": 4.32, "T5_C": 1.19, "T6_C": 1.009, "T7_C": 2.2, "T8_C": 1.67, "T9_C": 1.752, "T10_C": 2.075, "T11_C": 3.105, "T12_C": 1.37, "T13_C": 2.525, "T14_C": 1.525}
[2025-08-23 23:29:10] Hamburg vs Dortmund - C Values: {"T1_C": 28, "T2_C": 5, "T3_C": 1.195, "T4_C": 4.32, "T5_C": 1.19, "T6_C": 1.009, "T7_C": 2.245, "T8_C": 1.648, "T9_C": 1.752, "T10_C": 2.075, "T11_C": 3.105, "T12_C": 1.37, "T13_C": 2.525, "T14_C": 1.525}
[2025-08-23 23:29:16] Hamburg vs Dortmund - C Values: {"T1_C": 31, "T2_C": 5, "T3_C": 1.195, "T4_C": 4.37, "T5_C": 1.192, "T6_C": 1.005, "T7_C": 2.296, "T8_C": 1.62, "T9_C": 1.752, "T10_C": 2.075, "T11_C": 3.105, "T12_C": 1.37, "T13_C": 2.525, "T14_C": 1.525}
[2025-08-23 23:30:17] Hamburg vs Dortmund - C Values: {"T1_C": 28, "T2_C": 5, "T3_C": 1.195, "T4_C": 4.32, "T5_C": 1.19, "T6_C": 1.009, "T7_C": 2.296, "T8_C": 1.62, "T9_C": 1.752, "T10_C": 2.075, "T11_C": 3.105, "T12_C": 1.37, "T13_C": 2.525, "T14_C": 1.525}
[2025-08-23 23:30:28] Hamburg vs Dortmund - C Values: {"T1_C": 31, "T2_C": 5, "T3_C": 1.195, "T4_C": 4.37, "T5_C": 1.192, "T6_C": 1.005, "T7_C": 2.296, "T8_C": 1.62, "T9_C": 1.752, "T10_C": 2.075, "T11_C": 3.105, "T12_C": 1.37, "T13_C": 2.525, "T14_C": 1.525}
[2025-08-23 23:30:34] Hamburg vs Dortmund - C Values: {"T1_C": 28, "T2_C": 5, "T3_C": 1.195, "T4_C": 4.32, "T5_C": 1.19, "T6_C": 1.009, "T7_C": 2.296, "T8_C": 1.62, "T9_C": 1.752, "T10_C": 2.075, "T11_C": 3.105, "T12_C": 1.37, "T13_C": 2.525, "T14_C": 1.525}
[2025-08-23 23:31:42] Hamburg vs Dortmund - C Values: {"T1_C": 28, "T2_C": 5, "T3_C": 1.195, "T4_C": 4.32, "T5_C": 1.19, "T6_C": 1.009, "T7_C": 2.245, "T8_C": 1.648, "T9_C": 1.752, "T10_C": 2.075, "T11_C": 3.105, "T12_C": 1.37, "T13_C": 2.525, "T14_C": 1.525}
[2025-08-23 23:32:02] Hamburg vs Dortmund - C Values: {"T1_C": 28, "T2_C": 5, "T3_C": 1.195, "T4_C": 4.32, "T5_C": 1.19, "T6_C": 1.009, "T7_C": 2.296, "T8_C": 1.62, "T9_C": 1.752, "T10_C": 2.075, "T11_C": 3.105, "T12_C": 1.37, "T13_C": 2.525, "T14_C": 1.525}
[2025-08-23 23:32:13] Hamburg vs Dortmund - C Values: {"T1_C": 28, "T2_C": 5, "T3_C": 1.195, "T4_C": 4.32, "T5_C": 1.19, "T6_C": 1.009, "T7_C": 2.245, "T8_C": 1.648, "T9_C": 1.752, "T10_C": 2.075, "T11_C": 3.105, "T12_C": 1.37, "T13_C": 2.525, "T14_C": 1.525}
[2025-08-23 23:32:45] Hamburg vs Dortmund - C Values: {"T1_C": 31, "T2_C": 5, "T3_C": 1.195, "T4_C": 4.37, "T5_C": 1.192, "T6_C": 1.005, "T7_C": 2.245, "T8_C": 1.648, "T9_C": 1.752, "T10_C": 2.075, "T11_C": 3.105, "T12_C": 1.37, "T13_C": 2.525, "T14_C": 1.525}
[2025-08-23 23:33:03] Hamburg vs Dortmund - C Values: {"T1_C": 31, "T2_C": 5, "T3_C": 1.195, "T4_C": 4.37, "T5_C": 1.192, "T6_C": 1.005, "T7_C": 2.245, "T8_C": 1.648, "T9_C": 1.752, "T10_C": 2.075, "T11_C": 3.26, "T12_C": 1.34, "T13_C": 2.656, "T14_C": 1.48}
[2025-08-23 23:33:28] Hamburg vs Dortmund - C Values: {"T1_C": 31, "T2_C": 5, "T3_C": 1.195, "T4_C": 4.37, "T5_C": 1.192, "T6_C": 1.005, "T7_C": 2.296, "T8_C": 1.62, "T9_C": 1.752, "T10_C": 2.075, "T11_C": 3.26, "T12_C": 1.34, "T13_C": 2.525, "T14_C": 1.525}
[2025-08-23 23:33:47] Hamburg vs Dortmund - C Values: {"T1_C": 31, "T2_C": 5.5, "T3_C": 1.18, "T4_C": 4.71, "T5_C": 1.17, "T6_C": 1.004, "T7_C": 2.296, "T8_C": 1.62, "T9_C": 1.752, "T10_C": 2.075, "T11_C": 3.26, "T12_C": 1.34, "T13_C": 2.656, "T14_C": 1.48}
[2025-08-23 23:34:06] Hamburg vs Dortmund - C Values: {"T1_C": 36, "T2_C": 5.5, "T3_C": 1.18, "T4_C": 4.79, "T5_C": 1.17, "T6_C": 1.001, "T7_C": 2.296, "T8_C": 1.62, "T9_C": 1.83, "T10_C": 1.975, "T11_C": 3.36, "T12_C": 1.325, "T13_C": 2.656, "T14_C": 1.48}
[2025-08-23 23:34:33] Hamburg vs Dortmund - C Values: {"T1_C": 31, "T2_C": 5.5, "T3_C": 1.18, "T4_C": 4.71, "T5_C": 1.17, "T6_C": 1.004, "T7_C": 2.296, "T8_C": 1.62, "T9_C": 1.752, "T10_C": 2.075, "T11_C": 3.26, "T12_C": 1.34, "T13_C": 2.656, "T14_C": 1.48}
[2025-08-23 23:34:38] Hamburg vs Dortmund - C Values: {"T1_C": 36, "T2_C": 5.5, "T3_C": 1.18, "T4_C": 4.79, "T5_C": 1.17, "T6_C": 1.001, "T7_C": 2.296, "T8_C": 1.62, "T9_C": 1.83, "T10_C": 1.975, "T11_C": 3.36, "T12_C": 1.325, "T13_C": 2.656, "T14_C": 1.48}
[2025-08-23 23:35:03] Hamburg vs Dortmund - C Values: {"T1_C": 68, "T2_C": 20, "T3_C": 1.01, "T4_C": 16.1, "T5_C": 1.016, "T6_C": 1.001, "T7_C": 2.14, "T8_C": 1.71, "T9_C": 1.83, "T10_C": 1.975, "T11_C": 3.26, "T12_C": 1.34, "T13_C": 2.865, "T14_C": 1.42}
[2025-08-23 23:35:08] Hamburg vs Dortmund - C Values: {"T1_C": 68, "T2_C": 20, "T3_C": 1.01, "T4_C": 16.1, "T5_C": 1.016, "T6_C": 1.001, "T7_C": 2.14, "T8_C": 1.71, "T9_C": 1.9, "T10_C": 1.9, "T11_C": 3.26, "T12_C": 1.34, "T13_C": 2.89, "T14_C": 1.416}
[2025-08-23 23:35:14] Hamburg vs Dortmund - C Values: {"T1_C": 68, "T2_C": 20, "T3_C": 1.01, "T4_C": 16.1, "T5_C": 1.016, "T6_C": 1.001, "T7_C": 2.14, "T8_C": 1.71, "T9_C": 1.864, "T10_C": 1.936, "T11_C": 3.26, "T12_C": 1.34, "T13_C": 2.89, "T14_C": 1.416}
[2025-08-23 23:35:26] Hamburg vs Dortmund - C Values: {"T1_C": 68, "T2_C": 20, "T3_C": 1.01, "T4_C": 16.1, "T5_C": 1.016, "T6_C": 1.001, "T7_C": 2.2, "T8_C": 1.67, "T9_C": 1.85, "T10_C": 1.95, "T11_C": 3.26, "T12_C": 1.34, "T13_C": 2.68, "T14_C": 1.47}
[2025-08-23 23:35:32] Hamburg vs Dortmund - C Values: {"T1_C": 79, "T2_C": 19, "T3_C": 1.01, "T4_C": 16.7, "T5_C": 1.016, "T6_C": 1.001, "T7_C": 2.296, "T8_C": 1.62, "T9_C": 1.85, "T10_C": 1.95, "T11_C": 3.36, "T12_C": 1.325, "T13_C": 2.68, "T14_C": 1.47}
[2025-08-23 23:35:38] Hamburg vs Dortmund - C Values: {"T1_C": 79, "T2_C": 19, "T3_C": 1.01, "T4_C": 16.7, "T5_C": 1.016, "T6_C": 1.001, "T7_C": 2.245, "T8_C": 1.648, "T9_C": 1.85, "T10_C": 1.95, "T11_C": 3.36, "T12_C": 1.325, "T13_C": 2.68, "T14_C": 1.47}
[2025-08-23 23:36:32] Hamburg vs Dortmund - C Values: {"T1_C": 79, "T2_C": 19, "T3_C": 1.01, "T4_C": 16.7, "T5_C": 1.016, "T6_C": 1.001, "T7_C": 2.245, "T8_C": 1.648, "T9_C": 1.85, "T10_C": 1.95, "T11_C": 3.36, "T12_C": 1.325, "T13_C": 2.89, "T14_C": 1.416}
[2025-08-23 23:36:58] Hamburg vs Dortmund - C Values: {"T1_C": 79, "T2_C": 19, "T3_C": 1.01, "T4_C": 16.7, "T5_C": 1.016, "T6_C": 1.001, "T7_C": 2.245, "T8_C": 1.648, "T9_C": 1.975, "T10_C": 1.83, "T11_C": 3.36, "T12_C": 1.325, "T13_C": 2.89, "T14_C": 1.416}
[2025-08-23 23:37:35] Hamburg vs Dortmund - C Values: {"T1_C": 79, "T2_C": 21, "T3_C": 1.008, "T4_C": 17.9, "T5_C": 1.01, "T6_C": 1.001, "T7_C": 2.245, "T8_C": 1.648, "T9_C": 1.975, "T10_C": 1.83, "T11_C": 3.6, "T12_C": 1.29, "T13_C": 2.89, "T14_C": 1.416}
[2025-08-23 23:37:53] Hamburg vs Dortmund - C Values: {"T1_C": 79, "T2_C": 21, "T3_C": 1.008, "T4_C": 17.9, "T5_C": 1.01, "T6_C": 1.001, "T7_C": 2.245, "T8_C": 1.648, "T9_C": 2.08, "T10_C": 1.75, "T11_C": 3.6, "T12_C": 1.29, "T13_C": 3.105, "T14_C": 1.37}
[2025-08-23 23:38:06] Hamburg vs Dortmund - C Values: {"T1_C": 79, "T2_C": 21, "T3_C": 1.008, "T4_C": 17.9, "T5_C": 1.01, "T6_C": 1.001, "T7_C": 2.296, "T8_C": 1.62, "T9_C": 2.08, "T10_C": 1.75, "T11_C": 3.6, "T12_C": 1.29, "T13_C": 3.105, "T14_C": 1.37}
[2025-08-23 23:38:42] Hamburg vs Dortmund - C Values: {"T1_C": 73, "T2_C": 22, "T3_C": 1.008, "T4_C": 26, "T5_C": 1.009, "T6_C": 1.001, "T7_C": 2.296, "T8_C": 1.62, "T9_C": 2.08, "T10_C": 1.75, "T11_C": 3.86, "T12_C": 1.26, "T13_C": 3.105, "T14_C": 1.37}
[2025-08-23 23:39:13] Hamburg vs Dortmund - C Values: {"T1_C": 73, "T2_C": 22, "T3_C": 1.008, "T4_C": 26, "T5_C": 1.009, "T6_C": 1.001, "T7_C": 2.296, "T8_C": 1.62, "T9_C": 2.08, "T10_C": 1.75, "T11_C": 3.86, "T12_C": 1.26, "T13_C": 3.26, "T14_C": 1.34}
[2025-08-23 23:39:32] Hamburg vs Dortmund - C Values: {"T1_C": 73, "T2_C": 22, "T3_C": 1.008, "T4_C": 26, "T5_C": 1.009, "T6_C": 1.001, "T7_C": 2.296, "T8_C": 1.62, "T9_C": 2.056, "T10_C": 1.765, "T11_C": 3.86, "T12_C": 1.26, "T13_C": 3.26, "T14_C": 1.34}
[2025-08-23 23:40:14] Hamburg vs Dortmund - C Values: {"T1_C": 86, "T2_C": 21, "T3_C": 1.008, "T4_C": 26, "T5_C": 1.009, "T6_C": 1.001, "T7_C": 2.296, "T8_C": 1.62, "T9_C": 2.16, "T10_C": 1.696, "T11_C": 3.86, "T12_C": 1.26, "T13_C": 3.26, "T14_C": 1.34}
[2025-08-23 23:40:20] Hamburg vs Dortmund - C Values: {"T1_C": 86, "T2_C": 21, "T3_C": 1.008, "T4_C": 26, "T5_C": 1.009, "T6_C": 1.001, "T7_C": 2.395, "T8_C": 1.575, "T9_C": 2.056, "T10_C": 1.765, "T11_C": 3.86, "T12_C": 1.26, "T13_C": 3.105, "T14_C": 1.37}
[2025-08-23 23:40:44] Hamburg vs Dortmund - C Values: {"T1_C": 86, "T2_C": 21, "T3_C": 1.008, "T4_C": 26, "T5_C": 1.009, "T6_C": 1.001, "T7_C": 2.395, "T8_C": 1.575, "T9_C": 2.16, "T10_C": 1.696, "T11_C": 3.86, "T12_C": 1.26, "T13_C": 3.105, "T14_C": 1.37}
[2025-08-23 23:40:50] Hamburg vs Dortmund - C Values: {"T1_C": 86, "T2_C": 21, "T3_C": 1.008, "T4_C": 26, "T5_C": 1.009, "T6_C": 1.001, "T7_C": 2.395, "T8_C": 1.575, "T9_C": 2.16, "T10_C": 1.696, "T11_C": 4.17, "T12_C": 1.23, "T13_C": 3.26, "T14_C": 1.34}
[2025-08-23 23:41:02] Hamburg vs Dortmund - C Values: {"T1_C": 86, "T2_C": 21, "T3_C": 1.008, "T4_C": 26, "T5_C": 1.009, "T6_C": 1.001, "T7_C": 2.296, "T8_C": 1.62, "T9_C": 2.16, "T10_C": 1.696, "T11_C": 4.17, "T12_C": 1.23, "T13_C": 3.36, "T14_C": 1.325}
[2025-08-23 23:41:08] Hamburg vs Dortmund - C Values: {"T1_C": 86, "T2_C": 21, "T3_C": 1.008, "T4_C": 26, "T5_C": 1.009, "T6_C": 1.001, "T7_C": 2.296, "T8_C": 1.62, "T9_C": 2.16, "T10_C": 1.696, "T11_C": 3.86, "T12_C": 1.26, "T13_C": 3.36, "T14_C": 1.325}
[2025-08-23 23:41:14] Hamburg vs Dortmund - C Values: {"T1_C": 86, "T2_C": 21, "T3_C": 1.008, "T4_C": 26, "T5_C": 1.009, "T6_C": 1.001, "T7_C": 2.344, "T8_C": 1.595, "T9_C": 2.16, "T10_C": 1.696, "T11_C": 4.17, "T12_C": 1.23, "T13_C": 3.26, "T14_C": 1.34}
[2025-08-23 23:41:32] Hamburg vs Dortmund - C Values: {"T1_C": 88, "T2_C": 21, "T3_C": 1.005, "T4_C": 26, "T5_C": 1.007, "T6_C": 1.001, "T7_C": 2.344, "T8_C": 1.595, "T9_C": 2.26, "T10_C": 1.64, "T11_C": 4.17, "T12_C": 1.23, "T13_C": 3.36, "T14_C": 1.325}
[2025-08-23 23:41:44] Hamburg vs Dortmund - C Values: {"T1_C": 88, "T2_C": 21, "T3_C": 1.005, "T4_C": 26, "T5_C": 1.007, "T6_C": 1.001, "T7_C": 2.45, "T8_C": 1.55, "T9_C": 2.26, "T10_C": 1.64, "T11_C": 4.34, "T12_C": 1.216, "T13_C": 3.26, "T14_C": 1.34}
[2025-08-23 23:41:56] Hamburg vs Dortmund - C Values: {"T1_C": 88, "T2_C": 21, "T3_C": 1.005, "T4_C": 26, "T5_C": 1.007, "T6_C": 1.001, "T7_C": 2.395, "T8_C": 1.575, "T9_C": 2.26, "T10_C": 1.64, "T11_C": 4.17, "T12_C": 1.23, "T13_C": 3.26, "T14_C": 1.34}
[2025-08-23 23:42:03] Hamburg vs Dortmund - C Values: {"T1_C": 88, "T2_C": 21, "T3_C": 1.005, "T4_C": 26, "T5_C": 1.007, "T6_C": 1.001, "T7_C": 2.45, "T8_C": 1.55, "T9_C": 2.26, "T10_C": 1.64, "T11_C": 4.34, "T12_C": 1.216, "T13_C": 3.26, "T14_C": 1.34}
[2025-08-23 23:42:10] Hamburg vs Dortmund - C Values: {"T1_C": 88, "T2_C": 21, "T3_C": 1.005, "T4_C": 26, "T5_C": 1.007, "T6_C": 1.001, "T7_C": 2.45, "T8_C": 1.55, "T9_C": 2.26, "T10_C": 1.64, "T11_C": 4.34, "T12_C": 1.216, "T13_C": 3.36, "T14_C": 1.325}
[2025-08-23 23:42:23] Hamburg vs Dortmund - C Values: {"T1_C": 88, "T2_C": 21, "T3_C": 1.005, "T4_C": 26, "T5_C": 1.007, "T6_C": 1.001, "T7_C": 2.45, "T8_C": 1.55, "T9_C": 2.26, "T10_C": 1.64, "T11_C": 4.34, "T12_C": 1.216, "T13_C": 3.26, "T14_C": 1.34}
[2025-08-23 23:43:07] Hamburg vs Dortmund - C Values: {"T1_C": 88, "T2_C": 21, "T3_C": 1.005, "T4_C": 26, "T5_C": 1.007, "T6_C": 1.001, "T7_C": 2.45, "T8_C": 1.55, "T9_C": 2.26, "T10_C": 1.64, "T11_C": 4.34, "T12_C": 1.216, "T13_C": 3.36, "T14_C": 1.325}
[2025-08-23 23:43:19] Hamburg vs Dortmund - C Values: {"T1_C": 86, "T2_C": 21, "T3_C": 1.008, "T4_C": 26, "T5_C": 1.009, "T6_C": 1.001, "T7_C": 2.245, "T8_C": 1.648, "T9_C": 2.16, "T10_C": 1.696, "T11_C": 4.17, "T12_C": 1.23, "T13_C": 3.36, "T14_C": 1.325}
[2025-08-23 23:43:25] Hamburg vs Dortmund - C Values: {"T1_C": 86, "T2_C": 21, "T3_C": 1.008, "T4_C": 26, "T5_C": 1.009, "T6_C": 1.001, "T7_C": 2.245, "T8_C": 1.648, "T9_C": 2.26, "T10_C": 1.64, "T11_C": 4.17, "T12_C": 1.23, "T13_C": 3.36, "T14_C": 1.325}
[2025-08-23 23:43:57] Hamburg vs Dortmund - C Values: {"T1_C": 88, "T2_C": 21, "T3_C": 1.005, "T4_C": 26, "T5_C": 1.007, "T6_C": 1.001, "T7_C": 2.245, "T8_C": 1.648, "T9_C": 2.26, "T10_C": 1.64, "T11_C": 4.17, "T12_C": 1.23, "T13_C": 3.36, "T14_C": 1.325}
[2025-08-23 23:44:08] Hamburg vs Dortmund - C Values: {"T1_C": 88, "T2_C": 21, "T3_C": 1.005, "T4_C": 26, "T5_C": 1.007, "T6_C": 1.001, "T7_C": 2.245, "T8_C": 1.648, "T9_C": 2.26, "T10_C": 1.64, "T11_C": 4.17, "T12_C": 1.23, "T13_C": 3.6, "T14_C": 1.29}
[2025-08-23 23:44:24] Hamburg vs Dortmund - C Values: {"T1_C": 88, "T2_C": 21, "T3_C": 1.005, "T4_C": 26, "T5_C": 1.007, "T6_C": 1.001, "T7_C": 2.245, "T8_C": 1.648, "T9_C": 2.26, "T10_C": 1.64, "T11_C": 4.17, "T12_C": 1.23, "T13_C": 3.56, "T14_C": 1.296}
[2025-08-23 23:44:31] Hamburg vs Dortmund - C Values: {"T1_C": 88, "T2_C": 21, "T3_C": 1.005, "T4_C": 26, "T5_C": 1.007, "T6_C": 1.001, "T7_C": 2.245, "T8_C": 1.648, "T9_C": 2.36, "T10_C": 1.59, "T11_C": 4.17, "T12_C": 1.23, "T13_C": 3.56, "T14_C": 1.296}
[2025-08-23 23:44:37] Hamburg vs Dortmund - C Values: {"T1_C": 88, "T2_C": 21, "T3_C": 1.005, "T4_C": 26, "T5_C": 1.007, "T6_C": 1.001, "T7_C": 2.245, "T8_C": 1.648, "T9_C": 2.36, "T10_C": 1.59, "T11_C": 4.34, "T12_C": 1.216, "T13_C": 3.56, "T14_C": 1.296}
[2025-08-23 23:44:53] Hamburg vs Dortmund - C Values: {"T1_C": 105, "T2_C": 20, "T3_C": 1.008, "T7_C": 2.245, "T8_C": 1.648, "T9_C": 2.36, "T10_C": 1.59, "T11_C": 4.34, "T12_C": 1.216, "T13_C": 3.56, "T14_C": 1.296}
[2025-08-23 23:45:17] Hamburg vs Dortmund - C Values: {"T1_C": 105, "T2_C": 20, "T3_C": 1.008, "T7_C": 2.245, "T8_C": 1.648, "T9_C": 2.46, "T10_C": 1.545, "T11_C": 4.34, "T12_C": 1.216, "T13_C": 3.56, "T14_C": 1.296}
[2025-08-23 23:45:41] Hamburg vs Dortmund - C Values: {"T1_C": 105, "T2_C": 20, "T3_C": 1.008, "T7_C": 2.2, "T8_C": 1.67, "T9_C": 2.46, "T10_C": 1.545, "T11_C": 4.34, "T12_C": 1.216, "T13_C": 3.82, "T14_C": 1.264}
[2025-08-23 23:45:48] Hamburg vs Dortmund - C Values: {"T1_C": 97, "T2_C": 21, "T3_C": 1.005, "T7_C": 2.2, "T8_C": 1.67, "T9_C": 2.46, "T10_C": 1.545, "T11_C": 4.78, "T12_C": 1.184, "T13_C": 3.82, "T14_C": 1.264}
[2025-08-23 23:46:08] Hamburg vs Dortmund - C Values: {"T1_C": 97, "T2_C": 21, "T3_C": 1.005, "T7_C": 2.2, "T8_C": 1.67, "T9_C": 2.56, "T10_C": 1.51, "T11_C": 4.78, "T12_C": 1.184, "T13_C": 3.82, "T14_C": 1.264}
[2025-08-23 23:46:40] Hamburg vs Dortmund - C Values: {"T1_C": 97, "T2_C": 21, "T3_C": 1.005, "T7_C": 2.2, "T8_C": 1.67, "T9_C": 2.56, "T10_C": 1.51, "T11_C": 4.78, "T12_C": 1.184, "T13_C": 4.13, "T14_C": 1.232}
[2025-08-23 23:46:45] Hamburg vs Dortmund - C Values: {"T1_C": 113, "T2_C": 20, "T3_C": 1.005, "T7_C": 2.2, "T8_C": 1.67, "T9_C": 2.56, "T10_C": 1.51, "T11_C": 4.78, "T12_C": 1.184, "T13_C": 4.13, "T14_C": 1.232}
[2025-08-23 23:46:52] Hamburg vs Dortmund - C Values: {"T1_C": 107, "T2_C": 10, "T3_C": 1.06, "T4_C": 9.1, "T5_C": 1.06, "T6_C": 1.001, "T7_C": 1.42, "T8_C": 2.856, "T9_C": 1.464, "T10_C": 2.696, "T11_C": 3.28, "T12_C": 1.336, "T13_C": 4.3, "T14_C": 1.22}
[2025-08-23 23:46:57] Hamburg vs Dortmund - C Values: {"T1_C": 71, "T2_C": 6.5, "T3_C": 1.11, "T4_C": 6.05, "T5_C": 1.11, "T6_C": 1.001, "T7_C": 2.616, "T8_C": 1.49, "T9_C": 1.45, "T10_C": 2.745, "T11_C": 5.25, "T12_C": 1.16, "T13_C": 6.55, "T14_C": 1.11}
[2025-08-23 23:47:03] Hamburg vs Dortmund - C Values: {"T1_C": 54, "T2_C": 6.5, "T3_C": 1.125, "T4_C": 5.85, "T5_C": 1.125, "T6_C": 1.001, "T7_C": 2.62, "T8_C": 1.49, "T9_C": 1.445, "T10_C": 2.77, "T11_C": 1.86, "T12_C": 1.94, "T13_C": 6.1, "T14_C": 1.125}
[2025-08-23 23:47:10] Hamburg vs Dortmund - C Values: {"T1_C": 54, "T2_C": 5, "T3_C": 1.18, "T4_C": 4.64, "T5_C": 1.18, "T6_C": 1.001, "T7_C": 1.616, "T8_C": 2.304, "T9_C": 2.755, "T10_C": 1.45, "T11_C": 3.86, "T12_C": 1.26, "T13_C": 5.68, "T14_C": 1.14}
[2025-08-23 23:47:15] Hamburg vs Dortmund - C Values: {"T1_C": 51, "T2_C": 5, "T3_C": 1.18, "T4_C": 4.61, "T5_C": 1.18, "T6_C": 1.001, "T7_C": 1.58, "T8_C": 2.375, "T9_C": 2.92, "T10_C": 1.408, "T11_C": 4.06, "T12_C": 1.24, "T13_C": 6, "T14_C": 1.13}
[2025-08-23 23:47:21] Hamburg vs Dortmund - C Values: {"T1_C": 51, "T2_C": 5, "T3_C": 1.168, "T4_C": 4.67, "T5_C": 1.168, "T6_C": 1.001, "T7_C": 1.58, "T8_C": 2.375, "T9_C": 3.13, "T10_C": 1.365, "T11_C": 4.36, "T12_C": 1.215, "T13_C": 6, "T14_C": 1.13}
[2025-08-23 23:47:28] Hamburg vs Dortmund - C Values: {"T1_C": 54, "T2_C": 5, "T3_C": 1.165, "T4_C": 4.69, "T5_C": 1.165, "T6_C": 1.001, "T7_C": 1.616, "T8_C": 2.304, "T9_C": 2.984, "T10_C": 1.392, "T11_C": 4.17, "T12_C": 1.23, "T13_C": 5.7, "T14_C": 1.14}
[2025-08-23 23:47:34] Hamburg vs Dortmund - C Values: {"T1_C": 54, "T2_C": 5, "T3_C": 1.18, "T4_C": 4.64, "T5_C": 1.18, "T6_C": 1.001, "T7_C": 1.59, "T8_C": 2.36, "T9_C": 2.984, "T10_C": 1.392, "T11_C": 4.17, "T12_C": 1.23, "T13_C": 6.2, "T14_C": 1.12}
[2025-08-23 23:47:47] Hamburg vs Dortmund - C Values: {"T1_C": 54, "T2_C": 5, "T3_C": 1.165, "T4_C": 4.69, "T5_C": 1.165, "T6_C": 1.001, "T7_C": 1.59, "T8_C": 2.36, "T9_C": 2.984, "T10_C": 1.392, "T11_C": 4.17, "T12_C": 1.23, "T13_C": 6.2, "T14_C": 1.12}
[2025-08-23 23:48:17] Hamburg vs Dortmund - C Values: {"T1_C": 54, "T2_C": 5, "T3_C": 1.18, "T4_C": 4.64, "T5_C": 1.18, "T6_C": 1.001, "T7_C": 1.568, "T8_C": 2.41, "T9_C": 2.95, "T10_C": 1.4, "T11_C": 4.17, "T12_C": 1.23, "T13_C": 6.2, "T14_C": 1.12}
[2025-08-23 23:48:23] Hamburg vs Dortmund - C Values: {"T1_C": 54, "T2_C": 5, "T3_C": 1.165, "T4_C": 4.69, "T5_C": 1.165, "T6_C": 1.001, "T7_C": 1.59, "T8_C": 2.36, "T9_C": 2.95, "T10_C": 1.4, "T11_C": 4.17, "T12_C": 1.23, "T13_C": 6.2, "T14_C": 1.12}
[2025-08-23 23:48:29] Hamburg vs Dortmund - C Values: {"T1_C": 54, "T2_C": 5, "T3_C": 1.165, "T4_C": 4.69, "T5_C": 1.165, "T6_C": 1.001, "T7_C": 1.59, "T8_C": 2.36, "T9_C": 2.95, "T10_C": 1.4, "T11_C": 4.17, "T12_C": 1.23, "T13_C": 6.1, "T14_C": 1.125}
[2025-08-23 23:48:35] Hamburg vs Dortmund - C Values: {"T1_C": 54, "T2_C": 4.75, "T3_C": 1.2, "T4_C": 4.42, "T5_C": 1.2, "T6_C": 1.001, "T7_C": 1.544, "T8_C": 2.465, "T9_C": 2.755, "T10_C": 1.45, "T11_C": 3.86, "T12_C": 1.26, "T13_C": 6.1, "T14_C": 1.125}
[2025-08-23 23:49:00] Hamburg vs Dortmund - C Values: {"T1_C": 54, "T2_C": 5, "T3_C": 1.18, "T4_C": 4.64, "T5_C": 1.18, "T6_C": 1.001, "T7_C": 1.544, "T8_C": 2.465, "T9_C": 2.95, "T10_C": 1.4, "T11_C": 4.17, "T12_C": 1.23, "T13_C": 6.1, "T14_C": 1.125}
[2025-08-23 23:49:07] Hamburg vs Dortmund - C Values: {"T1_C": 54, "T2_C": 4.75, "T3_C": 1.2, "T4_C": 4.42, "T5_C": 1.2, "T6_C": 1.001, "T7_C": 1.544, "T8_C": 2.465, "T9_C": 2.755, "T10_C": 1.45, "T11_C": 3.86, "T12_C": 1.26, "T13_C": 6.1, "T14_C": 1.125}
[2025-08-23 23:49:25] Hamburg vs Dortmund - C Values: {"T1_C": 54, "T2_C": 5, "T3_C": 1.18, "T4_C": 4.64, "T5_C": 1.18, "T6_C": 1.001, "T7_C": 1.568, "T8_C": 2.41, "T9_C": 2.755, "T10_C": 1.45, "T11_C": 3.86, "T12_C": 1.26, "T13_C": 6.1, "T14_C": 1.125}
[2025-08-23 23:49:31] Hamburg vs Dortmund - C Values: {"T1_C": 54, "T2_C": 4.75, "T3_C": 1.2, "T4_C": 4.42, "T5_C": 1.2, "T6_C": 1.001, "T7_C": 1.544, "T8_C": 2.465, "T9_C": 2.755, "T10_C": 1.45, "T11_C": 3.86, "T12_C": 1.26, "T13_C": 6.1, "T14_C": 1.125}
[2025-08-23 23:49:38] Hamburg vs Dortmund - C Values: {"T1_C": 44, "T2_C": 4.75, "T3_C": 1.2, "T4_C": 4.36, "T5_C": 1.2, "T6_C": 1.001, "T7_C": 1.512, "T8_C": 2.552, "T9_C": 2.755, "T10_C": 1.45, "T11_C": 3.86, "T12_C": 1.26, "T13_C": 6.1, "T14_C": 1.125}
[2025-08-23 23:49:44] Hamburg vs Dortmund - C Values: {"T1_C": 54, "T2_C": 4.75, "T3_C": 1.2, "T4_C": 4.42, "T5_C": 1.2, "T6_C": 1.001, "T7_C": 1.464, "T8_C": 2.704, "T9_C": 2.95, "T10_C": 1.4, "T11_C": 3.86, "T12_C": 1.26, "T13_C": 6.55, "T14_C": 1.11}
[2025-08-23 23:50:08] Hamburg vs Dortmund - C Values: {"T1_C": 54, "T2_C": 4.75, "T3_C": 1.18, "T4_C": 4.48, "T5_C": 1.18, "T6_C": 1.001, "T7_C": 1.464, "T8_C": 2.704, "T9_C": 2.95, "T10_C": 1.4, "T11_C": 4.17, "T12_C": 1.23, "T13_C": 7.5, "T14_C": 1.09}
[2025-08-23 23:50:14] Hamburg vs Dortmund - C Values: {"T1_C": 44, "T2_C": 4.33, "T3_C": 1.22, "T4_C": 4.03, "T5_C": 1.22, "T6_C": 1.001, "T7_C": 1.368, "T8_C": 3.112, "T9_C": 2.95, "T10_C": 1.4, "T11_C": 3.6, "T12_C": 1.29, "T13_C": 7.5, "T14_C": 1.09}
[2025-08-23 23:50:27] Hamburg vs Dortmund - C Values: {"T1_C": 4.98, "T2_C": 1.37, "T3_C": 8.1, "T4_C": 1.09, "T5_C": 3.096, "T6_C": 1.205, "T7_C": 1.495, "T8_C": 2.61, "T9_C": 2.95, "T10_C": 1.4, "T11_C": 4.17, "T12_C": 1.23, "T13_C": 6.55, "T14_C": 1.11}
[2025-08-23 23:50:34] Hamburg vs Dortmund - C Values: {"T1_C": 4.9, "T2_C": 1.368, "T3_C": 8.5, "T4_C": 1.08, "T5_C": 3.115, "T6_C": 1.208, "T7_C": 1.495, "T8_C": 2.61, "T9_C": 3.144, "T10_C": 1.36, "T11_C": 4.17, "T12_C": 1.23, "T13_C": 6.55, "T14_C": 1.11}
[2025-08-23 23:50:39] Hamburg vs Dortmund - C Values: {"T1_C": 4.9, "T2_C": 1.368, "T3_C": 8.5, "T4_C": 1.08, "T5_C": 3.115, "T6_C": 1.208, "T7_C": 1.495, "T8_C": 2.61, "T9_C": 3.32, "T10_C": 1.33, "T11_C": 4.36, "T12_C": 1.215, "T13_C": 6.55, "T14_C": 1.11}
[2025-08-23 23:50:51] Hamburg vs Dortmund - C Values: {"T1_C": 5.15, "T2_C": 1.34, "T3_C": 8.9, "T4_C": 1.075, "T5_C": 3.275, "T6_C": 1.19, "T7_C": 1.495, "T8_C": 2.61, "T9_C": 3.32, "T10_C": 1.33, "T11_C": 4.36, "T12_C": 1.215, "T13_C": 7.5, "T14_C": 1.09}
[2025-08-23 23:51:10] Hamburg vs Dortmund - C Values: {"T1_C": 5.25, "T2_C": 1.34, "T3_C": 8.6, "T4_C": 1.08, "T5_C": 3.275, "T6_C": 1.185, "T7_C": 1.495, "T8_C": 2.61, "T9_C": 3.32, "T10_C": 1.33, "T11_C": 4.56, "T12_C": 1.2, "T13_C": 7.5, "T14_C": 1.09}
[2025-08-23 23:51:24] Hamburg vs Dortmund - C Values: {"T1_C": 5.15, "T2_C": 1.336, "T3_C": 8.9, "T4_C": 1.075, "T5_C": 3.285, "T6_C": 1.19, "T7_C": 1.495, "T8_C": 2.61, "T9_C": 3.52, "T10_C": 1.3, "T11_C": 4.56, "T12_C": 1.2, "T13_C": 7.5, "T14_C": 1.09}
[2025-08-23 23:51:29] Hamburg vs Dortmund - C Values: {"T1_C": 5.5, "T2_C": 1.3, "T3_C": 9.5, "T4_C": 1.07, "T5_C": 3.51, "T6_C": 1.175, "T7_C": 1.495, "T8_C": 2.61, "T9_C": 3.52, "T10_C": 1.3, "T11_C": 4.56, "T12_C": 1.2, "T13_C": 7.5, "T14_C": 1.09}
[2025-08-23 23:51:36] Hamburg vs Dortmund - C Values: {"T1_C": 4.44, "T2_C": 1.44, "T3_C": 7.5, "T4_C": 1.1, "T5_C": 2.805, "T6_C": 1.235, "T7_C": 1.495, "T8_C": 2.61, "T9_C": 2.92, "T10_C": 1.408, "T11_C": 3.8, "T12_C": 1.265, "T13_C": 6.1, "T14_C": 1.125}
[2025-08-23 23:51:50] Hamburg vs Dortmund - C Values: {"T1_C": 4.64, "T2_C": 1.41, "T3_C": 7.8, "T4_C": 1.095, "T5_C": 2.915, "T6_C": 1.225, "T7_C": 1.495, "T8_C": 2.61, "T9_C": 2.92, "T10_C": 1.408, "T11_C": 3.8, "T12_C": 1.265, "T13_C": 6.1, "T14_C": 1.125}
[2025-08-23 23:52:09] Hamburg vs Dortmund - C Values: {"T1_C": 4.64, "T2_C": 1.41, "T3_C": 7.8, "T4_C": 1.095, "T5_C": 2.915, "T6_C": 1.225, "T7_C": 1.495, "T8_C": 2.61, "T9_C": 2.755, "T10_C": 1.45, "T11_C": 3.68, "T12_C": 1.28, "T13_C": 6.1, "T14_C": 1.125}
[2025-08-23 23:52:15] Hamburg vs Dortmund - C Values: {"T1_C": 4.64, "T2_C": 1.41, "T3_C": 7.8, "T4_C": 1.095, "T5_C": 2.915, "T6_C": 1.225, "T7_C": 1.495, "T8_C": 2.61, "T9_C": 2.755, "T10_C": 1.45, "T11_C": 3.94, "T12_C": 1.25, "T13_C": 6.1, "T14_C": 1.125}
[2025-08-23 23:52:21] Hamburg vs Dortmund - C Values: {"T1_C": 4.64, "T2_C": 1.4, "T3_C": 8, "T4_C": 1.09, "T5_C": 2.95, "T6_C": 1.225, "T7_C": 1.495, "T8_C": 2.61, "T9_C": 2.755, "T10_C": 1.45, "T11_C": 3.94, "T12_C": 1.25, "T13_C": 6.55, "T14_C": 1.11}
[2025-08-23 23:52:35] Hamburg vs Dortmund - C Values: {"T1_C": 4.64, "T2_C": 1.4, "T3_C": 8, "T4_C": 1.09, "T5_C": 2.95, "T6_C": 1.225, "T7_C": 1.495, "T8_C": 2.61, "T9_C": 2.95, "T10_C": 1.4, "T11_C": 3.86, "T12_C": 1.26, "T13_C": 6.55, "T14_C": 1.11}
[2025-08-23 23:52:40] Hamburg vs Dortmund - C Values: {"T1_C": 4.86, "T2_C": 1.37, "T3_C": 8.4, "T4_C": 1.085, "T5_C": 3.096, "T6_C": 1.21, "T7_C": 1.495, "T8_C": 2.61, "T9_C": 2.95, "T10_C": 1.4, "T11_C": 3.86, "T12_C": 1.26, "T13_C": 6.55, "T14_C": 1.11}
[2025-08-23 23:52:53] Hamburg vs Dortmund - C Values: {"T1_C": 4.86, "T2_C": 1.37, "T3_C": 8.4, "T4_C": 1.085, "T5_C": 3.096, "T6_C": 1.21, "T7_C": 1.495, "T8_C": 2.61, "T9_C": 2.95, "T10_C": 1.4, "T11_C": 4.17, "T12_C": 1.23, "T13_C": 6.55, "T14_C": 1.11}
[2025-08-23 23:53:06] Hamburg vs Dortmund - C Values: {"T1_C": 4.98, "T2_C": 1.37, "T3_C": 8.1, "T4_C": 1.09, "T5_C": 3.096, "T6_C": 1.205, "T7_C": 1.495, "T8_C": 2.61, "T9_C": 2.95, "T10_C": 1.4, "T11_C": 4.17, "T12_C": 1.23, "T13_C": 6.55, "T14_C": 1.11}
[2025-08-23 23:53:11] Hamburg vs Dortmund - C Values: {"T1_C": 4.9, "T2_C": 1.368, "T3_C": 8.5, "T4_C": 1.08, "T5_C": 3.115, "T6_C": 1.208, "T7_C": 1.495, "T8_C": 2.61, "T9_C": 3.144, "T10_C": 1.36, "T11_C": 4.17, "T12_C": 1.23, "T13_C": 6.55, "T14_C": 1.11}
[2025-08-23 23:53:23] Hamburg vs Dortmund - C Values: {"T1_C": 4.9, "T2_C": 1.368, "T3_C": 8.5, "T4_C": 1.08, "T5_C": 3.115, "T6_C": 1.208, "T7_C": 1.495, "T8_C": 2.61, "T9_C": 3.144, "T10_C": 1.36, "T11_C": 4.17, "T12_C": 1.23, "T13_C": 7.5, "T14_C": 1.09}
[2025-08-23 23:53:35] Hamburg vs Dortmund - C Values: {"T1_C": 5.25, "T2_C": 1.34, "T3_C": 8.6, "T4_C": 1.08, "T5_C": 3.275, "T6_C": 1.185, "T7_C": 1.495, "T8_C": 2.61, "T9_C": 3.144, "T10_C": 1.36, "T11_C": 4.17, "T12_C": 1.23, "T13_C": 7.5, "T14_C": 1.09}
[2025-08-23 23:53:41] Hamburg vs Dortmund - C Values: {"T1_C": 5.25, "T2_C": 1.34, "T3_C": 8.6, "T4_C": 1.08, "T5_C": 3.275, "T6_C": 1.185, "T7_C": 1.495, "T8_C": 2.61, "T9_C": 3.144, "T10_C": 1.36, "T11_C": 4.34, "T12_C": 1.216, "T13_C": 7.5, "T14_C": 1.09}
[2025-08-23 23:53:54] Hamburg vs Dortmund - C Values: {"T1_C": 5.25, "T2_C": 1.34, "T3_C": 8.6, "T4_C": 1.08, "T5_C": 3.275, "T6_C": 1.185, "T7_C": 1.495, "T8_C": 2.61, "T9_C": 3.32, "T10_C": 1.33, "T11_C": 4.34, "T12_C": 1.216, "T13_C": 7.5, "T14_C": 1.09}
[2025-08-23 23:54:01] Hamburg vs Dortmund - C Values: {"T1_C": 5.15, "T2_C": 1.336, "T3_C": 8.9, "T4_C": 1.075, "T5_C": 3.285, "T6_C": 1.19, "T7_C": 1.495, "T8_C": 2.61, "T9_C": 3.32, "T10_C": 1.33, "T11_C": 4.34, "T12_C": 1.216, "T13_C": 7.5, "T14_C": 1.09}
[2025-08-23 23:54:06] Hamburg vs Dortmund - C Values: {"T1_C": 5.5, "T2_C": 1.3, "T3_C": 9.5, "T4_C": 1.07, "T5_C": 3.51, "T6_C": 1.175, "T7_C": 1.495, "T8_C": 2.61, "T9_C": 3.32, "T10_C": 1.33, "T11_C": 4.34, "T12_C": 1.216, "T13_C": 7.5, "T14_C": 1.09}
[2025-08-23 23:54:19] Hamburg vs Dortmund - C Values: {"T1_C": 5.5, "T2_C": 1.3, "T3_C": 9.5, "T4_C": 1.07, "T5_C": 3.51, "T6_C": 1.175, "T7_C": 1.495, "T8_C": 2.61, "T9_C": 3.32, "T10_C": 1.33, "T11_C": 4.78, "T12_C": 1.184, "T13_C": 7.5, "T14_C": 1.09}
[2025-08-23 23:54:26] Hamburg vs Dortmund - C Values: {"T1_C": 5.7, "T2_C": 1.3, "T3_C": 9, "T4_C": 1.075, "T5_C": 3.51, "T6_C": 1.168, "T7_C": 1.495, "T8_C": 2.61, "T9_C": 3.32, "T10_C": 1.33, "T11_C": 4.78, "T12_C": 1.184, "T13_C": 7.5, "T14_C": 1.09}
[2025-08-23 23:54:31] Hamburg vs Dortmund - C Values: {"T1_C": 5.7, "T2_C": 1.3, "T3_C": 9, "T4_C": 1.075, "T5_C": 3.51, "T6_C": 1.168, "T7_C": 1.495, "T8_C": 2.61, "T9_C": 3.58, "T10_C": 1.29, "T11_C": 4.78, "T12_C": 1.184, "T13_C": 7.5, "T14_C": 1.09}
[2025-08-23 23:54:37] Hamburg vs Dortmund - C Values: {"T1_C": 5.8, "T2_C": 1.288, "T3_C": 9.6, "T4_C": 1.07, "T5_C": 3.62, "T6_C": 1.165, "T7_C": 1.495, "T8_C": 2.61, "T9_C": 3.58, "T10_C": 1.29, "T11_C": 4.78, "T12_C": 1.184, "T13_C": 8.43, "T14_C": 1.07}
[2025-08-23 23:55:13] Hamburg vs Dortmund - C Values: {"T1_C": 6.35, "T2_C": 1.25, "T3_C": 10.5, "T4_C": 1.06, "T5_C": 3.97, "T6_C": 1.144, "T7_C": 1.495, "T8_C": 2.61, "T9_C": 3.7, "T10_C": 1.275, "T11_C": 5.25, "T12_C": 1.16, "T13_C": 8.43, "T14_C": 1.07}
[2025-08-23 23:55:26] Hamburg vs Dortmund - C Values: {"T1_C": 6.3, "T2_C": 1.25, "T3_C": 10.5, "T4_C": 1.06, "T5_C": 3.97, "T6_C": 1.144, "T7_C": 1.495, "T8_C": 2.61, "T9_C": 3.7, "T10_C": 1.275, "T11_C": 5.25, "T12_C": 1.16, "T13_C": 9.3, "T14_C": 1.056}
[2025-08-23 23:55:38] Hamburg vs Dortmund - C Values: {"T1_C": 6.3, "T2_C": 1.25, "T3_C": 10.5, "T4_C": 1.06, "T5_C": 3.97, "T6_C": 1.144, "T7_C": 1.495, "T8_C": 2.61, "T9_C": 4.06, "T10_C": 1.24, "T11_C": 5.25, "T12_C": 1.16, "T13_C": 9.3, "T14_C": 1.056}
[2025-08-23 23:55:56] Hamburg vs Dortmund - C Values: {"T1_C": 6.85, "T2_C": 1.22, "T3_C": 11.5, "T4_C": 1.05, "T5_C": 4.3, "T6_C": 1.13, "T7_C": 1.495, "T8_C": 2.61, "T9_C": 4.06, "T10_C": 1.24, "T11_C": 5.7, "T12_C": 1.14, "T13_C": 9.3, "T14_C": 1.056}
[2025-08-23 23:56:03] Hamburg vs Dortmund - C Values: {"T1_C": 7.1, "T2_C": 1.22, "T3_C": 10.5, "T4_C": 1.056, "T5_C": 4.3, "T6_C": 1.125, "T7_C": 1.495, "T8_C": 2.61, "T9_C": 4.06, "T10_C": 1.24, "T11_C": 5.7, "T12_C": 1.14, "T13_C": 9.3, "T14_C": 1.056}
[2025-08-23 23:56:20] Hamburg vs Dortmund - C Values: {"T1_C": 6.85, "T2_C": 1.22, "T3_C": 11.5, "T4_C": 1.05, "T5_C": 4.3, "T6_C": 1.13, "T7_C": 1.495, "T8_C": 2.61, "T11_C": 5.7, "T12_C": 1.14, "T13_C": 10, "T14_C": 1.048}
[2025-08-23 23:56:27] Hamburg vs Dortmund - C Values: {"T1_C": 7.3, "T2_C": 1.195, "T3_C": 12, "T4_C": 1.045, "T5_C": 4.63, "T6_C": 1.115, "T7_C": 1.495, "T8_C": 2.61, "T9_C": 4.7, "T10_C": 1.19, "T11_C": 5.7, "T12_C": 1.14, "T13_C": 10, "T14_C": 1.048}
[2025-08-23 23:56:38] Hamburg vs Dortmund - C Values: {"T1_C": 7.6, "T2_C": 1.195, "T3_C": 11.5, "T4_C": 1.05, "T5_C": 4.62, "T6_C": 1.11, "T7_C": 1.495, "T8_C": 2.61, "T9_C": 4.42, "T10_C": 1.21, "T11_C": 6.2, "T12_C": 1.12, "T13_C": 10, "T14_C": 1.048}
[2025-08-23 23:56:44] Hamburg vs Dortmund - C Values: {"T1_C": 7.6, "T2_C": 1.195, "T3_C": 11.5, "T4_C": 1.05, "T5_C": 4.62, "T6_C": 1.11, "T7_C": 1.495, "T8_C": 2.61, "T9_C": 4.78, "T10_C": 1.184, "T11_C": 6.2, "T12_C": 1.12, "T13_C": 10, "T14_C": 1.048}
[2025-08-23 23:56:51] Hamburg vs Dortmund - C Values: {"T1_C": 8.1, "T2_C": 1.175, "T3_C": 12.5, "T4_C": 1.045, "T5_C": 4.94, "T6_C": 1.1, "T7_C": 1.495, "T8_C": 2.61, "T9_C": 4.78, "T10_C": 1.184, "T11_C": 6.2, "T12_C": 1.12, "T13_C": 10, "T14_C": 1.048}
[2025-08-23 23:56:56] Hamburg vs Dortmund - C Values: {"T1_C": 7.8, "T2_C": 1.175, "T3_C": 13, "T4_C": 1.04, "T5_C": 4.94, "T6_C": 1.104, "T7_C": 1.495, "T8_C": 2.61, "T9_C": 4.78, "T10_C": 1.184, "T11_C": 6.2, "T12_C": 1.12, "T13_C": 10, "T14_C": 1.048}
[2025-08-23 23:57:02] Hamburg vs Dortmund - C Values: {"T1_C": 7.6, "T2_C": 1.175, "T3_C": 14, "T4_C": 1.04, "T5_C": 4.94, "T6_C": 1.104, "T7_C": 1.47, "T8_C": 2.688, "T9_C": 4.78, "T10_C": 1.184, "T11_C": 6.65, "T12_C": 1.11, "T13_C": 10, "T14_C": 1.048}
[2025-08-23 23:57:08] Hamburg vs Dortmund - C Values: {"T1_C": 7.8, "T2_C": 1.175, "T3_C": 13.5, "T4_C": 1.04, "T5_C": 4.94, "T6_C": 1.1, "T7_C": 1.47, "T8_C": 2.688, "T9_C": 4.78, "T10_C": 1.184, "T11_C": 6.65, "T12_C": 1.11, "T13_C": 10, "T14_C": 1.048}
[2025-08-23 23:57:20] Hamburg vs Dortmund - C Values: {"T1_C": 8.2, "T2_C": 1.16, "T3_C": 14, "T4_C": 1.04, "T5_C": 5.24, "T6_C": 1.095, "T7_C": 1.47, "T8_C": 2.688, "T9_C": 5.45, "T10_C": 1.15, "T11_C": 6.65, "T12_C": 1.11, "T13_C": 11.8, "T14_C": 1.032}
[2025-08-23 23:57:32] Hamburg vs Dortmund - C Values: {"T1_C": 8.4, "T2_C": 1.16, "T3_C": 13.5, "T4_C": 1.04, "T5_C": 5.24, "T6_C": 1.09, "T7_C": 1.47, "T8_C": 2.688, "T9_C": 5.45, "T10_C": 1.15, "T11_C": 7.5, "T12_C": 1.085, "T13_C": 11.8, "T14_C": 1.032}
[2025-08-23 23:57:45] Hamburg vs Dortmund - C Values: {"T1_C": 9, "T2_C": 1.135, "T3_C": 16, "T4_C": 1.025, "T5_C": 5.85, "T6_C": 1.08, "T7_C": 1.47, "T8_C": 2.688, "T11_C": 7.5, "T12_C": 1.085, "T13_C": 11.8, "T14_C": 1.032}
[2025-08-23 23:57:58] Hamburg vs Dortmund - C Values: {"T1_C": 9.2, "T2_C": 1.135, "T3_C": 16, "T4_C": 1.03, "T5_C": 5.85, "T6_C": 1.08, "T7_C": 1.47, "T8_C": 2.688, "T9_C": 6.45, "T10_C": 1.112, "T11_C": 7.5, "T12_C": 1.085, "T13_C": 11.8, "T14_C": 1.032}
[2025-08-23 23:58:12] Hamburg vs Dortmund - C Values: {"T1_C": 9.2, "T2_C": 1.135, "T3_C": 16, "T4_C": 1.03, "T5_C": 5.85, "T6_C": 1.08, "T7_C": 1.47, "T8_C": 2.688, "T9_C": 6.05, "T10_C": 1.125, "T11_C": 8.5, "T12_C": 1.07, "T13_C": 12.9, "T14_C": 1.025}
[2025-08-23 23:58:19] Hamburg vs Dortmund - C Values: {"T1_C": 10, "T2_C": 1.115, "T3_C": 17, "T4_C": 1.025, "T5_C": 6.42, "T6_C": 1.065, "T7_C": 1.47, "T8_C": 2.688, "T11_C": 8.5, "T12_C": 1.07, "T13_C": 12.9, "T14_C": 1.025}
[2025-08-23 23:58:24] Hamburg vs Dortmund - C Values: {"T1_C": 10.5, "T2_C": 1.112, "T3_C": 16, "T4_C": 1.03, "T5_C": 6.42, "T6_C": 1.064, "T7_C": 1.47, "T8_C": 2.688, "T9_C": 6.7, "T10_C": 1.104, "T11_C": 8.5, "T12_C": 1.07, "T13_C": 12.9, "T14_C": 1.025}
[2025-08-23 23:58:31] Hamburg vs Dortmund - C Values: {"T1_C": 10.5, "T2_C": 1.112, "T3_C": 16, "T4_C": 1.03, "T5_C": 6.42, "T6_C": 1.064, "T7_C": 1.47, "T8_C": 2.688, "T9_C": 6.7, "T10_C": 1.104}
[2025-08-23 23:58:36] Hamburg vs Dortmund - C Values: {"T1_C": 10.5, "T2_C": 1.1, "T3_C": 19, "T4_C": 1.02, "T5_C": 6.98, "T6_C": 1.06, "T7_C": 1.47, "T8_C": 2.688}
[2025-08-23 23:58:42] Hamburg vs Dortmund - C Values: {"T1_C": 11, "T2_C": 1.1, "T3_C": 18, "T4_C": 1.02, "T5_C": 6.98, "T6_C": 1.06, "T7_C": 1.47, "T8_C": 2.688}
[2025-08-23 23:58:49] Hamburg vs Dortmund - C Values: {"T1_C": 11, "T2_C": 1.1, "T3_C": 18, "T4_C": 1.02, "T5_C": 6.98, "T6_C": 1.06, "T7_C": 1.47, "T8_C": 2.688, "T9_C": 6.95, "T10_C": 1.1}
[2025-08-23 23:58:54] Hamburg vs Dortmund - C Values: {"T1_C": 11.5, "T2_C": 1.088, "T3_C": 20, "T4_C": 1.016, "T5_C": 7.5, "T6_C": 1.055, "T7_C": 1.47, "T8_C": 2.688}
[2025-08-23 23:59:13] Hamburg vs Dortmund - C Values: {"T1_C": 12.5, "T2_C": 1.075, "T3_C": 21, "T4_C": 1.016, "T5_C": 7.99, "T6_C": 1.05, "T7_C": 1.47, "T8_C": 2.688}
[2025-08-23 23:59:20] Hamburg vs Dortmund - C Values: {"T1_C": 13.5, "T2_C": 1.065, "T3_C": 22, "T4_C": 1.016, "T5_C": 8.5, "T6_C": 1.04, "T7_C": 1.47, "T8_C": 2.688}
[2025-08-23 23:59:25] Hamburg vs Dortmund - C Values: {"T1_C": 15, "T2_C": 1.056, "T3_C": 24, "T4_C": 1.01, "T5_C": 9.42, "T6_C": 1.032, "T7_C": 1.47, "T8_C": 2.688, "T9_C": 8.3, "T10_C": 1.07}
[2025-08-23 23:59:31] Hamburg vs Dortmund - C Values: {"T1_C": 15, "T2_C": 1.056, "T3_C": 24}
[2025-08-23 23:59:45] Hamburg vs Dortmund - C Values: {"T1_C": 16, "T2_C": 1.05, "T3_C": 26}
[2025-08-23 23:59:56] Hamburg vs Dortmund - C Values: {"T1_C": 18, "T2_C": 1.04, "T3_C": 25}
