[2025-08-23 22:02:15] London vs Leeds - C Values: {"T1_C": 1.315, "T2_C": 5.45, "T3_C": 8.9, "T4_C": 1.09, "T5_C": 1.17, "T6_C": 3.33, "T7_C": 1.98, "T8_C": 1.825, "T9_C": 2.1, "T10_C": 1.736, "T11_C": 1.72, "T12_C": 2.125, "T13_C": 1.745, "T14_C": 2.085, "T180_C": 1.904, "T181_C": 1.896}
[2025-08-23 22:02:48] London vs Leeds - C Values: {"T1_C": 1.325, "T2_C": 5.5, "T3_C": 8.4, "T4_C": 1.096, "T5_C": 1.168, "T6_C": 3.275, "T7_C": 1.98, "T8_C": 1.825, "T9_C": 2.1, "T10_C": 1.736, "T11_C": 1.72, "T12_C": 2.125, "T13_C": 1.745, "T14_C": 2.085, "T180_C": 1.904, "T181_C": 1.896}
[2025-08-23 22:02:54] London vs Leeds - C Values: {"T1_C": 1.325, "T2_C": 5.3, "T3_C": 8.9, "T4_C": 1.09, "T5_C": 1.175, "T6_C": 3.275, "T7_C": 1.98, "T8_C": 1.825, "T9_C": 2.1, "T10_C": 1.736, "T11_C": 1.72, "T12_C": 2.125, "T13_C": 1.745, "T14_C": 2.085, "T180_C": 1.904, "T181_C": 1.896}
[2025-08-23 22:03:01] London vs Leeds - C Values: {"T1_C": 1.325, "T2_C": 5.2, "T3_C": 9.3, "T4_C": 1.085, "T5_C": 1.18, "T6_C": 3.275, "T7_C": 1.98, "T8_C": 1.825, "T9_C": 2.144, "T10_C": 1.704, "T11_C": 1.72, "T12_C": 2.125, "T13_C": 1.745, "T14_C": 2.085, "T180_C": 1.955, "T181_C": 1.845}
[2025-08-23 22:03:28] London vs Leeds - C Values: {"T1_C": 1.325, "T2_C": 5.2, "T3_C": 9.3, "T4_C": 1.085, "T5_C": 1.18, "T6_C": 3.275, "T7_C": 1.98, "T8_C": 1.825, "T9_C": 2.144, "T10_C": 1.704, "T11_C": 1.72, "T12_C": 2.125, "T13_C": 1.792, "T14_C": 2.02, "T180_C": 1.955, "T181_C": 1.845}
[2025-08-23 22:03:33] London vs Leeds - C Values: {"T1_C": 1.325, "T2_C": 5.2, "T3_C": 9.3, "T4_C": 1.085, "T5_C": 1.18, "T6_C": 3.275, "T7_C": 1.98, "T8_C": 1.825, "T9_C": 2.144, "T10_C": 1.704, "T11_C": 1.72, "T12_C": 2.125, "T13_C": 1.765, "T14_C": 2.06, "T180_C": 1.955, "T181_C": 1.845}
[2025-08-23 22:03:47] London vs Leeds - C Values: {"T1_C": 1.325, "T2_C": 5.2, "T3_C": 9.3, "T4_C": 1.085, "T5_C": 1.18, "T6_C": 3.275, "T7_C": 1.98, "T8_C": 1.825, "T9_C": 2.1, "T10_C": 1.736, "T11_C": 1.775, "T12_C": 2.04, "T13_C": 1.765, "T14_C": 2.06, "T180_C": 1.955, "T181_C": 1.845}
[2025-08-23 22:04:18] London vs Leeds - C Values: {"T1_C": 1.325, "T2_C": 5.2, "T3_C": 9.3, "T4_C": 1.085, "T5_C": 1.18, "T6_C": 3.275, "T7_C": 1.98, "T8_C": 1.825, "T9_C": 2.144, "T10_C": 1.704, "T11_C": 1.775, "T12_C": 2.04, "T13_C": 1.81, "T14_C": 2, "T180_C": 1.955, "T181_C": 1.845}
[2025-08-23 22:04:31] London vs Leeds - C Values: {"T1_C": 1.325, "T2_C": 5.2, "T3_C": 9.3, "T4_C": 1.085, "T5_C": 1.18, "T6_C": 3.275, "T7_C": 1.98, "T8_C": 1.825, "T9_C": 2.144, "T10_C": 1.704, "T11_C": 1.775, "T12_C": 2.04, "T13_C": 1.845, "T14_C": 1.96, "T180_C": 1.955, "T181_C": 1.845}
[2025-08-23 22:04:37] London vs Leeds - C Values: {"T1_C": 1.325, "T2_C": 5.2, "T3_C": 9.3, "T4_C": 1.085, "T5_C": 1.18, "T6_C": 3.275, "T7_C": 1.984, "T8_C": 1.82, "T9_C": 2.144, "T10_C": 1.704, "T11_C": 1.775, "T12_C": 2.04, "T13_C": 1.792, "T14_C": 2.02, "T180_C": 1.955, "T181_C": 1.845}
[2025-08-23 22:05:02] London vs Leeds - C Values: {"T1_C": 1.36, "T2_C": 5, "T3_C": 8.4, "T4_C": 1.096, "T5_C": 1.19, "T6_C": 3.096, "T7_C": 2.01, "T8_C": 1.8, "T9_C": 2.144, "T10_C": 1.704, "T11_C": 1.775, "T12_C": 2.04, "T13_C": 1.792, "T14_C": 2.02, "T180_C": 1.955, "T181_C": 1.845}
[2025-08-23 22:05:08] London vs Leeds - C Values: {"T1_C": 1.325, "T2_C": 5.2, "T3_C": 9.3, "T4_C": 1.085, "T5_C": 1.18, "T6_C": 3.275, "T7_C": 1.984, "T8_C": 1.82, "T9_C": 2.144, "T10_C": 1.704, "T11_C": 1.775, "T12_C": 2.04, "T13_C": 1.792, "T14_C": 2.02, "T180_C": 1.955, "T181_C": 1.845}
[2025-08-23 22:05:34] London vs Leeds - C Values: {"T1_C": 1.325, "T2_C": 5.2, "T3_C": 9.3, "T4_C": 1.085, "T5_C": 1.18, "T6_C": 3.275, "T7_C": 1.984, "T8_C": 1.82, "T9_C": 1.685, "T10_C": 2.175, "T11_C": 1.775, "T12_C": 2.04, "T13_C": 1.79, "T14_C": 2.02, "T180_C": 2.015, "T181_C": 1.795}
[2025-08-23 22:05:48] London vs Leeds - C Values: {"T1_C": 1.325, "T2_C": 5.2, "T3_C": 9.3, "T4_C": 1.085, "T5_C": 1.18, "T6_C": 3.275, "T7_C": 1.984, "T8_C": 1.82, "T9_C": 1.7, "T10_C": 2.152, "T11_C": 1.775, "T12_C": 2.04, "T13_C": 1.81, "T14_C": 2, "T180_C": 2.015, "T181_C": 1.795}
[2025-08-23 22:05:54] London vs Leeds - C Values: {"T1_C": 1.35, "T2_C": 4.98, "T3_C": 8.9, "T4_C": 1.09, "T5_C": 1.192, "T6_C": 3.144, "T7_C": 2.01, "T8_C": 1.8, "T9_C": 1.7, "T10_C": 2.152, "T11_C": 1.775, "T12_C": 2.04, "T13_C": 1.81, "T14_C": 2, "T180_C": 2.015, "T181_C": 1.795}
[2025-08-23 22:06:07] London vs Leeds - C Values: {"T1_C": 1.325, "T2_C": 5.2, "T3_C": 9.3, "T4_C": 1.085, "T5_C": 1.18, "T6_C": 3.275, "T7_C": 1.984, "T8_C": 1.82, "T9_C": 1.7, "T10_C": 2.152, "T11_C": 1.775, "T12_C": 2.04, "T13_C": 1.81, "T14_C": 2, "T180_C": 2.015, "T181_C": 1.795}
[2025-08-23 22:06:25] London vs Leeds - C Values: {"T1_C": 1.325, "T2_C": 5.05, "T3_C": 9.6, "T4_C": 1.08, "T5_C": 1.185, "T6_C": 3.275, "T7_C": 1.955, "T8_C": 1.848, "T9_C": 2.12, "T10_C": 1.72, "T11_C": 1.72, "T12_C": 2.125, "T13_C": 1.81, "T14_C": 2, "T180_C": 2.015, "T181_C": 1.795}
[2025-08-23 22:06:32] London vs Leeds - C Values: {"T1_C": 1.325, "T2_C": 5.2, "T3_C": 9.3, "T4_C": 1.085, "T5_C": 1.18, "T6_C": 3.275, "T7_C": 1.98, "T8_C": 1.825, "T9_C": 1.7, "T10_C": 2.152, "T11_C": 1.775, "T12_C": 2.04, "T13_C": 1.81, "T14_C": 2, "T180_C": 2.015, "T181_C": 1.795}
[2025-08-23 22:07:08] London vs Leeds - C Values: {"T1_C": 1.325, "T2_C": 5.2, "T3_C": 9.3, "T4_C": 1.085, "T5_C": 1.18, "T6_C": 3.275, "T7_C": 2.01, "T8_C": 1.8, "T9_C": 1.7, "T10_C": 2.152, "T11_C": 1.775, "T12_C": 2.04, "T13_C": 1.81, "T14_C": 2, "T180_C": 2.015, "T181_C": 1.795}
[2025-08-23 22:07:15] London vs Leeds - C Values: {"T1_C": 1.325, "T2_C": 5.2, "T3_C": 9.3, "T4_C": 1.085, "T5_C": 1.18, "T6_C": 3.275, "T7_C": 2.01, "T8_C": 1.8, "T9_C": 1.77, "T10_C": 2.05, "T11_C": 1.775, "T12_C": 2.04, "T13_C": 1.81, "T14_C": 2, "T180_C": 2.015, "T181_C": 1.795}
[2025-08-23 22:07:21] London vs Leeds - C Values: {"T1_C": 1.325, "T2_C": 5.2, "T3_C": 9.3, "T4_C": 1.085, "T5_C": 1.18, "T6_C": 3.275, "T7_C": 1.984, "T8_C": 1.82, "T9_C": 1.77, "T10_C": 2.05, "T11_C": 1.775, "T12_C": 2.04, "T13_C": 1.81, "T14_C": 2, "T180_C": 2.015, "T181_C": 1.795}
[2025-08-23 22:07:41] London vs Leeds - C Values: {"T1_C": 1.325, "T2_C": 5.05, "T3_C": 9.6, "T4_C": 1.08, "T5_C": 1.185, "T6_C": 3.275, "T7_C": 1.955, "T8_C": 1.848, "T9_C": 1.77, "T10_C": 2.05, "T11_C": 1.775, "T12_C": 2.04, "T13_C": 1.864, "T14_C": 1.936, "T180_C": 2.064, "T181_C": 1.76}
[2025-08-23 22:08:04] London vs Leeds - C Values: {"T1_C": 1.296, "T2_C": 5.35, "T3_C": 10.5, "T4_C": 1.07, "T5_C": 1.175, "T6_C": 3.51, "T7_C": 1.955, "T8_C": 1.848, "T9_C": 1.77, "T10_C": 2.05, "T11_C": 1.775, "T12_C": 2.04, "T13_C": 1.864, "T14_C": 1.936, "T180_C": 2.16, "T181_C": 1.696}
[2025-08-23 22:08:22] London vs Leeds - C Values: {"T1_C": 1.296, "T2_C": 5.35, "T3_C": 10.5, "T4_C": 1.07, "T5_C": 1.175, "T6_C": 3.51, "T7_C": 1.955, "T8_C": 1.848, "T9_C": 1.77, "T10_C": 2.05, "T11_C": 1.775, "T12_C": 2.04, "T13_C": 1.95, "T14_C": 1.85, "T180_C": 2.16, "T181_C": 1.696}
[2025-08-23 22:08:34] London vs Leeds - C Values: {"T1_C": 1.29, "T2_C": 5.35, "T3_C": 10.5, "T4_C": 1.07, "T5_C": 1.175, "T6_C": 3.51, "T7_C": 1.944, "T8_C": 1.856, "T9_C": 1.77, "T10_C": 2.05, "T11_C": 1.775, "T12_C": 2.04, "T13_C": 1.95, "T14_C": 1.85, "T180_C": 2.16, "T181_C": 1.696}
[2025-08-23 22:08:40] London vs Leeds - C Values: {"T1_C": 1.288, "T2_C": 5.45, "T3_C": 10.5, "T4_C": 1.07, "T5_C": 1.17, "T6_C": 3.54, "T7_C": 1.896, "T8_C": 1.904, "T9_C": 1.77, "T10_C": 2.05, "T11_C": 1.775, "T12_C": 2.04, "T13_C": 1.864, "T14_C": 1.936, "T180_C": 2.16, "T181_C": 1.696}
[2025-08-23 22:08:47] London vs Leeds - C Values: {"T1_C": 1.29, "T2_C": 5.35, "T3_C": 10.5, "T4_C": 1.07, "T5_C": 1.175, "T6_C": 3.51, "T7_C": 1.92, "T8_C": 1.88, "T9_C": 1.77, "T10_C": 2.05, "T11_C": 1.775, "T12_C": 2.04, "T13_C": 1.95, "T14_C": 1.85, "T180_C": 2.16, "T181_C": 1.696}
[2025-08-23 22:08:52] London vs Leeds - C Values: {"T1_C": 1.29, "T2_C": 5.35, "T3_C": 10.5, "T4_C": 1.07, "T5_C": 1.175, "T6_C": 3.51, "T7_C": 1.92, "T8_C": 1.88, "T9_C": 1.752, "T10_C": 2.075, "T11_C": 1.775, "T12_C": 2.04, "T13_C": 1.936, "T14_C": 1.865, "T180_C": 2.16, "T181_C": 1.696}
[2025-08-23 22:08:58] London vs Leeds - C Values: {"T1_C": 1.29, "T2_C": 5.35, "T3_C": 10.5, "T4_C": 1.07, "T5_C": 1.175, "T6_C": 3.51, "T7_C": 1.92, "T8_C": 1.88, "T9_C": 1.752, "T10_C": 2.075, "T11_C": 1.775, "T12_C": 2.04, "T13_C": 1.95, "T14_C": 1.85, "T180_C": 2.16, "T181_C": 1.696}
[2025-08-23 22:09:37] London vs Leeds - C Values: {"T1_C": 1.29, "T2_C": 5.35, "T3_C": 10.5, "T4_C": 1.07, "T5_C": 1.175, "T6_C": 3.51, "T7_C": 1.944, "T8_C": 1.856, "T9_C": 1.752, "T10_C": 2.075, "T11_C": 1.85, "T12_C": 1.95, "T13_C": 1.95, "T14_C": 1.85, "T180_C": 2.16, "T181_C": 1.696}
[2025-08-23 22:09:42] London vs Leeds - C Values: {"T1_C": 1.29, "T2_C": 5.35, "T3_C": 10.5, "T4_C": 1.07, "T5_C": 1.175, "T6_C": 3.51, "T7_C": 1.944, "T8_C": 1.856, "T9_C": 1.752, "T10_C": 2.075, "T11_C": 1.85, "T12_C": 1.95, "T13_C": 1.95, "T14_C": 1.85, "T180_C": 2.22, "T181_C": 1.66}
[2025-08-23 22:09:48] London vs Leeds - C Values: {"T1_C": 1.296, "T2_C": 5.25, "T3_C": 11, "T4_C": 1.064, "T5_C": 1.18, "T6_C": 3.51, "T7_C": 1.92, "T8_C": 1.88, "T9_C": 1.752, "T10_C": 2.075, "T11_C": 1.775, "T12_C": 2.04, "T13_C": 1.95, "T14_C": 1.85, "T180_C": 2.16, "T181_C": 1.696}
[2025-08-23 22:09:55] London vs Leeds - C Values: {"T1_C": 1.296, "T2_C": 5.25, "T3_C": 11, "T4_C": 1.064, "T5_C": 1.18, "T6_C": 3.51, "T7_C": 1.92, "T8_C": 1.88, "T9_C": 1.752, "T10_C": 2.075, "T11_C": 1.775, "T12_C": 2.04, "T13_C": 1.95, "T14_C": 1.85, "T180_C": 2.22, "T181_C": 1.66}
[2025-08-23 22:10:06] London vs Leeds - C Values: {"T1_C": 1.29, "T2_C": 5.35, "T3_C": 10.5, "T4_C": 1.07, "T5_C": 1.175, "T6_C": 3.51, "T7_C": 1.944, "T8_C": 1.856, "T9_C": 1.752, "T10_C": 2.075, "T11_C": 1.85, "T12_C": 1.95, "T13_C": 1.95, "T14_C": 1.85, "T180_C": 2.22, "T181_C": 1.66}
[2025-08-23 22:10:37] London vs Leeds - C Values: {"T1_C": 1.296, "T2_C": 5.25, "T3_C": 11, "T4_C": 1.064, "T5_C": 1.18, "T6_C": 3.51, "T7_C": 1.944, "T8_C": 1.856, "T9_C": 1.83, "T10_C": 1.975, "T11_C": 1.832, "T12_C": 1.97, "T13_C": 1.95, "T14_C": 1.85, "T180_C": 2.22, "T181_C": 1.66}
[2025-08-23 22:11:20] London vs Leeds - C Values: {"T1_C": 1.296, "T2_C": 5.25, "T3_C": 11, "T4_C": 1.064, "T5_C": 1.18, "T6_C": 3.51, "T7_C": 1.92, "T8_C": 1.88, "T9_C": 1.83, "T10_C": 1.975, "T11_C": 1.832, "T12_C": 1.97, "T13_C": 2.045, "T14_C": 1.775, "T180_C": 2.33, "T181_C": 1.605}
[2025-08-23 22:11:32] London vs Leeds - C Values: {"T1_C": 1.296, "T2_C": 5.25, "T3_C": 11, "T4_C": 1.064, "T5_C": 1.18, "T6_C": 3.51, "T7_C": 1.944, "T8_C": 1.856, "T9_C": 1.83, "T10_C": 1.975, "T11_C": 1.832, "T12_C": 1.97, "T13_C": 2.045, "T14_C": 1.775, "T180_C": 2.22, "T181_C": 1.66}
[2025-08-23 22:11:38] London vs Leeds - C Values: {"T1_C": 1.296, "T2_C": 5.25, "T3_C": 11, "T4_C": 1.064, "T5_C": 1.18, "T6_C": 3.51, "T7_C": 1.944, "T8_C": 1.856, "T9_C": 1.83, "T10_C": 1.975, "T11_C": 1.832, "T12_C": 1.97, "T13_C": 1.95, "T14_C": 1.85, "T180_C": 2.22, "T181_C": 1.66}
[2025-08-23 22:12:14] London vs Leeds - C Values: {"T1_C": 1.296, "T2_C": 5.25, "T3_C": 11, "T4_C": 1.064, "T5_C": 1.18, "T6_C": 3.51, "T7_C": 1.944, "T8_C": 1.856, "T9_C": 1.83, "T10_C": 1.975, "T11_C": 1.832, "T12_C": 1.97, "T13_C": 2.045, "T14_C": 1.775, "T180_C": 2.22, "T181_C": 1.66}
[2025-08-23 22:12:52] London vs Leeds - C Values: {"T1_C": 1.296, "T2_C": 5.25, "T3_C": 11, "T4_C": 1.064, "T5_C": 1.18, "T6_C": 3.51, "T7_C": 1.944, "T8_C": 1.856, "T9_C": 1.83, "T10_C": 1.975, "T11_C": 1.912, "T12_C": 1.888, "T13_C": 2.045, "T14_C": 1.775, "T180_C": 2.305, "T181_C": 1.616}
[2025-08-23 22:13:54] London vs Leeds - C Values: {"T1_C": 1.28, "T2_C": 5.25, "T3_C": 12, "T4_C": 1.056, "T5_C": 1.18, "T6_C": 3.62, "T7_C": 1.896, "T8_C": 1.904, "T9_C": 1.83, "T10_C": 1.975, "T11_C": 1.76, "T12_C": 2.064, "T13_C": 2.045, "T14_C": 1.775, "T180_C": 2.305, "T181_C": 1.616}
[2025-08-23 22:14:00] London vs Leeds - C Values: {"T1_C": 1.29, "T2_C": 5.1, "T3_C": 11.5, "T4_C": 1.06, "T5_C": 1.185, "T6_C": 3.51, "T7_C": 1.92, "T8_C": 1.88, "T9_C": 1.83, "T10_C": 1.975, "T11_C": 1.832, "T12_C": 1.97, "T13_C": 2.045, "T14_C": 1.775, "T180_C": 2.305, "T181_C": 1.616}
[2025-08-23 22:14:44] London vs Leeds - C Values: {"T1_C": 1.29, "T2_C": 5.1, "T3_C": 11.5, "T4_C": 1.06, "T5_C": 1.185, "T6_C": 3.51, "T7_C": 1.944, "T8_C": 1.856, "T9_C": 1.83, "T10_C": 1.975, "T11_C": 1.912, "T12_C": 1.888, "T13_C": 2.136, "T14_C": 1.71, "T180_C": 2.305, "T181_C": 1.616}
[2025-08-23 22:15:15] London vs Leeds - C Values: {"T1_C": 1.296, "T2_C": 5.25, "T3_C": 11, "T4_C": 1.064, "T5_C": 1.18, "T6_C": 3.51, "T7_C": 1.975, "T8_C": 1.83, "T9_C": 1.955, "T10_C": 1.848, "T11_C": 1.912, "T12_C": 1.888, "T13_C": 2.136, "T14_C": 1.71, "T180_C": 2.41, "T181_C": 1.568}
[2025-08-23 22:15:20] London vs Leeds - C Values: {"T1_C": 1.296, "T2_C": 5.25, "T3_C": 11, "T4_C": 1.064, "T5_C": 1.18, "T6_C": 3.51, "T7_C": 1.975, "T8_C": 1.83, "T9_C": 1.83, "T10_C": 1.975, "T11_C": 1.912, "T12_C": 1.888, "T13_C": 2.136, "T14_C": 1.71, "T180_C": 2.305, "T181_C": 1.616}
[2025-08-23 22:15:32] London vs Leeds - C Values: {"T1_C": 1.296, "T2_C": 5.25, "T3_C": 11, "T4_C": 1.064, "T5_C": 1.18, "T6_C": 3.51, "T7_C": 1.975, "T8_C": 1.83, "T9_C": 1.83, "T10_C": 1.975, "T11_C": 1.912, "T12_C": 1.888, "T13_C": 2.045, "T14_C": 1.775, "T180_C": 2.305, "T181_C": 1.616}
[2025-08-23 22:15:38] London vs Leeds - C Values: {"T1_C": 1.325, "T2_C": 5, "T3_C": 10, "T4_C": 1.075, "T5_C": 1.19, "T6_C": 3.275, "T7_C": 2.03, "T8_C": 1.784, "T9_C": 1.83, "T10_C": 1.975, "T11_C": 2.01, "T12_C": 1.8, "T13_C": 1.95, "T14_C": 1.85, "T180_C": 2.2, "T181_C": 1.67}
[2025-08-23 22:15:45] London vs Leeds - C Values: {"T1_C": 1.32, "T2_C": 4.98, "T3_C": 10.5, "T4_C": 1.07, "T5_C": 1.192, "T6_C": 3.325, "T7_C": 2, "T8_C": 1.808, "T9_C": 1.83, "T10_C": 1.975, "T11_C": 1.912, "T12_C": 1.888, "T13_C": 2.045, "T14_C": 1.775, "T180_C": 2.305, "T181_C": 1.616}
[2025-08-23 22:15:50] London vs Leeds - C Values: {"T1_C": 1.325, "T2_C": 5, "T3_C": 10, "T4_C": 1.075, "T5_C": 1.19, "T6_C": 3.275, "T7_C": 2.03, "T8_C": 1.784, "T9_C": 1.83, "T10_C": 1.975, "T11_C": 2.01, "T12_C": 1.8, "T13_C": 1.95, "T14_C": 1.85, "T180_C": 2.2, "T181_C": 1.67}
[2025-08-23 22:16:15] London vs Leeds - C Values: {"T1_C": 1.325, "T2_C": 4.9, "T3_C": 10, "T4_C": 1.07, "T5_C": 1.195, "T6_C": 3.275, "T7_C": 2.03, "T8_C": 1.784, "T9_C": 1.955, "T10_C": 1.848, "T11_C": 2.01, "T12_C": 1.8, "T13_C": 2.045, "T14_C": 1.775, "T180_C": 2.305, "T181_C": 1.616}
[2025-08-23 22:17:40] London vs Leeds - C Values: {"T1_C": 1.325, "T2_C": 4.82, "T3_C": 10.5, "T4_C": 1.07, "T5_C": 1.2, "T6_C": 3.275, "T7_C": 2.03, "T8_C": 1.784, "T9_C": 1.955, "T10_C": 1.848, "T11_C": 2.01, "T12_C": 1.8, "T13_C": 2.045, "T14_C": 1.775, "T180_C": 2.305, "T181_C": 1.616}
[2025-08-23 22:17:47] London vs Leeds - C Values: {"T1_C": 1.325, "T2_C": 4.82, "T3_C": 10.5, "T4_C": 1.07, "T5_C": 1.2, "T6_C": 3.275, "T7_C": 2, "T8_C": 1.808, "T9_C": 1.955, "T10_C": 1.848, "T11_C": 2.01, "T12_C": 1.8, "T13_C": 2.136, "T14_C": 1.71, "T180_C": 2.41, "T181_C": 1.568}
[2025-08-23 22:17:58] London vs Leeds - C Values: {"T1_C": 1.325, "T2_C": 4.82, "T3_C": 10.5, "T4_C": 1.07, "T5_C": 1.2, "T6_C": 3.275, "T7_C": 2.03, "T8_C": 1.784, "T9_C": 1.955, "T10_C": 1.848, "T11_C": 2.01, "T12_C": 1.8, "T13_C": 2.045, "T14_C": 1.775, "T180_C": 2.305, "T181_C": 1.616}
[2025-08-23 22:18:47] London vs Leeds - C Values: {"T1_C": 1.325, "T2_C": 4.82, "T3_C": 10.5, "T4_C": 1.07, "T5_C": 1.2, "T6_C": 3.275, "T7_C": 2.03, "T8_C": 1.784, "T9_C": 2.056, "T10_C": 1.765, "T11_C": 2.08, "T12_C": 1.75, "T13_C": 2.136, "T14_C": 1.71, "T180_C": 2.41, "T181_C": 1.568}
[2025-08-23 22:19:10] London vs Leeds - C Values: {"T1_C": 1.34, "T2_C": 4.82, "T3_C": 10, "T4_C": 1.07, "T5_C": 1.2, "T6_C": 3.275, "T7_C": 2.096, "T8_C": 1.74, "T9_C": 2.056, "T10_C": 1.765, "T11_C": 2.08, "T12_C": 1.75, "T13_C": 2.136, "T14_C": 1.71, "T180_C": 2.41, "T181_C": 1.568}
[2025-08-23 22:19:15] London vs Leeds - C Values: {"T1_C": 1.325, "T2_C": 4.82, "T3_C": 10.5, "T4_C": 1.07, "T5_C": 1.2, "T6_C": 3.275, "T7_C": 2.03, "T8_C": 1.784, "T9_C": 2.056, "T10_C": 1.765, "T11_C": 2.08, "T12_C": 1.75, "T13_C": 2.136, "T14_C": 1.71, "T180_C": 2.41, "T181_C": 1.568}
[2025-08-23 22:19:34] London vs Leeds - C Values: {"T1_C": 1.325, "T2_C": 4.9, "T3_C": 10, "T4_C": 1.07, "T5_C": 1.195, "T6_C": 3.275, "T7_C": 2.06, "T8_C": 1.765, "T9_C": 1.955, "T10_C": 1.848, "T11_C": 2.08, "T12_C": 1.75, "T13_C": 2.045, "T14_C": 1.775, "T180_C": 2.41, "T181_C": 1.568}
[2025-08-23 22:19:53] London vs Leeds - C Values: {"T1_C": 1.325, "T2_C": 4.9, "T3_C": 10, "T4_C": 1.07, "T5_C": 1.195, "T6_C": 3.275, "T7_C": 2.06, "T8_C": 1.765, "T9_C": 1.955, "T10_C": 1.848, "T11_C": 2.08, "T12_C": 1.75, "T13_C": 2.115, "T14_C": 1.725, "T180_C": 2.41, "T181_C": 1.568}
[2025-08-23 22:20:07] London vs Leeds - C Values: {"T1_C": 1.325, "T2_C": 4.9, "T3_C": 10, "T4_C": 1.07, "T5_C": 1.195, "T6_C": 3.275, "T7_C": 2.06, "T8_C": 1.765, "T9_C": 2.056, "T10_C": 1.765, "T11_C": 2.08, "T12_C": 1.75, "T13_C": 2.115, "T14_C": 1.725, "T180_C": 2.41, "T181_C": 1.568}
[2025-08-23 22:20:13] London vs Leeds - C Values: {"T1_C": 1.325, "T2_C": 4.82, "T3_C": 10.5, "T4_C": 1.07, "T5_C": 1.2, "T6_C": 3.275, "T7_C": 2.06, "T8_C": 1.765, "T9_C": 2.056, "T10_C": 1.765, "T11_C": 2.08, "T12_C": 1.75, "T13_C": 2.115, "T14_C": 1.725, "T180_C": 2.41, "T181_C": 1.568}
[2025-08-23 22:20:25] London vs Leeds - C Values: {"T1_C": 1.36, "T2_C": 4.54, "T3_C": 10, "T4_C": 1.075, "T5_C": 1.22, "T6_C": 3.096, "T7_C": 2.06, "T8_C": 1.765, "T9_C": 2.056, "T10_C": 1.765, "T11_C": 2.08, "T12_C": 1.75, "T13_C": 2.115, "T14_C": 1.725, "T180_C": 2.41, "T181_C": 1.568}
[2025-08-23 22:20:31] London vs Leeds - C Values: {"T1_C": 1.325, "T2_C": 4.82, "T3_C": 10.5, "T4_C": 1.07, "T5_C": 1.2, "T6_C": 3.275, "T7_C": 2.06, "T8_C": 1.765, "T9_C": 2.056, "T10_C": 1.765, "T11_C": 2.08, "T12_C": 1.75, "T13_C": 2.115, "T14_C": 1.725, "T180_C": 2.41, "T181_C": 1.568}
[2025-08-23 22:20:38] London vs Leeds - C Values: {"T1_C": 1.36, "T2_C": 4.54, "T3_C": 10, "T4_C": 1.075, "T5_C": 1.22, "T6_C": 3.096, "T7_C": 2.104, "T8_C": 1.73, "T9_C": 2.056, "T10_C": 1.765, "T11_C": 2.192, "T12_C": 1.675, "T13_C": 2.115, "T14_C": 1.725, "T180_C": 2.41, "T181_C": 1.568}
[2025-08-23 22:20:43] London vs Leeds - C Values: {"T1_C": 1.36, "T2_C": 4.54, "T3_C": 10, "T4_C": 1.075, "T5_C": 1.22, "T6_C": 3.096, "T7_C": 2.104, "T8_C": 1.73, "T9_C": 2.056, "T10_C": 1.765, "T11_C": 2.08, "T12_C": 1.75, "T13_C": 2.115, "T14_C": 1.725, "T180_C": 2.41, "T181_C": 1.568}
[2025-08-23 22:21:07] London vs Leeds - C Values: {"T1_C": 1.325, "T2_C": 4.74, "T3_C": 11, "T4_C": 1.064, "T5_C": 1.208, "T6_C": 3.275, "T7_C": 2.06, "T8_C": 1.765, "T9_C": 2.056, "T10_C": 1.765, "T11_C": 2.08, "T12_C": 1.75, "T13_C": 2.115, "T14_C": 1.725, "T180_C": 2.55, "T181_C": 1.512}
[2025-08-23 22:21:19] London vs Leeds - C Values: {"T1_C": 1.36, "T2_C": 4.54, "T3_C": 10, "T4_C": 1.075, "T5_C": 1.22, "T6_C": 3.096, "T7_C": 2.104, "T8_C": 1.73, "T9_C": 2.056, "T10_C": 1.765, "T11_C": 2.08, "T12_C": 1.75, "T13_C": 2.115, "T14_C": 1.725, "T180_C": 2.41, "T181_C": 1.568}
[2025-08-23 22:21:32] London vs Leeds - C Values: {"T1_C": 1.36, "T2_C": 4.54, "T3_C": 10, "T4_C": 1.075, "T5_C": 1.22, "T6_C": 3.096, "T7_C": 2.104, "T8_C": 1.73, "T9_C": 2.056, "T10_C": 1.765, "T11_C": 2.192, "T12_C": 1.675, "T13_C": 2.115, "T14_C": 1.725, "T180_C": 2.41, "T181_C": 1.568}
[2025-08-23 22:21:39] London vs Leeds - C Values: {"T1_C": 1.36, "T2_C": 4.54, "T3_C": 10, "T4_C": 1.075, "T5_C": 1.22, "T6_C": 3.096, "T7_C": 2.104, "T8_C": 1.73, "T9_C": 2.056, "T10_C": 1.765, "T11_C": 2.08, "T12_C": 1.75, "T13_C": 2.115, "T14_C": 1.725, "T180_C": 2.41, "T181_C": 1.568}
[2025-08-23 22:22:05] London vs Leeds - C Values: {"T1_C": 1.36, "T2_C": 4.54, "T3_C": 10, "T4_C": 1.075, "T5_C": 1.22, "T6_C": 3.096, "T7_C": 2.104, "T8_C": 1.73, "T9_C": 2.056, "T10_C": 1.765, "T11_C": 2.192, "T12_C": 1.675, "T13_C": 2.115, "T14_C": 1.725, "T180_C": 2.41, "T181_C": 1.568}
[2025-08-23 22:22:23] London vs Leeds - C Values: {"T1_C": 1.355, "T2_C": 4.5, "T3_C": 10.5, "T4_C": 1.07, "T5_C": 1.22, "T6_C": 3.115, "T7_C": 2.104, "T8_C": 1.73, "T9_C": 2.056, "T10_C": 1.765, "T11_C": 2.192, "T12_C": 1.675, "T13_C": 2.115, "T14_C": 1.725, "T180_C": 2.55, "T181_C": 1.512}
[2025-08-23 22:22:49] London vs Leeds - C Values: {"T1_C": 1.36, "T2_C": 4.54, "T3_C": 10, "T4_C": 1.075, "T5_C": 1.22, "T6_C": 3.096, "T7_C": 2.152, "T8_C": 1.7, "T9_C": 2.16, "T10_C": 1.696, "T11_C": 2.192, "T12_C": 1.675, "T13_C": 2.115, "T14_C": 1.725, "T180_C": 2.55, "T181_C": 1.512}
[2025-08-23 22:22:56] London vs Leeds - C Values: {"T1_C": 1.36, "T2_C": 4.54, "T3_C": 10, "T4_C": 1.075, "T5_C": 1.22, "T6_C": 3.096, "T7_C": 2.152, "T8_C": 1.7, "T9_C": 2.16, "T10_C": 1.696, "T11_C": 2.192, "T12_C": 1.675, "T13_C": 2.115, "T14_C": 1.725, "T180_C": 2.41, "T181_C": 1.568}
[2025-08-23 22:23:22] London vs Leeds - C Values: {"T1_C": 1.36, "T2_C": 4.5, "T3_C": 10, "T4_C": 1.07, "T5_C": 1.225, "T6_C": 3.096, "T7_C": 2.152, "T8_C": 1.7, "T9_C": 2.16, "T10_C": 1.696, "T11_C": 2.192, "T12_C": 1.675, "T13_C": 2.115, "T14_C": 1.725, "T180_C": 2.55, "T181_C": 1.512}
[2025-08-23 22:23:46] London vs Leeds - C Values: {"T1_C": 1.39, "T2_C": 4.34, "T3_C": 9.6, "T4_C": 1.08, "T5_C": 1.235, "T6_C": 2.94, "T7_C": 2.195, "T8_C": 1.67, "T9_C": 2.16, "T10_C": 1.696, "T11_C": 2.192, "T12_C": 1.675, "T13_C": 2.115, "T14_C": 1.725, "T180_C": 2.41, "T181_C": 1.568}
[2025-08-23 22:24:11] London vs Leeds - C Values: {"T1_C": 1.39, "T2_C": 4.34, "T3_C": 9.6, "T4_C": 1.08, "T5_C": 1.235, "T6_C": 2.94, "T7_C": 2.195, "T8_C": 1.67, "T9_C": 2.16, "T10_C": 1.696, "T11_C": 1.685, "T12_C": 2.18, "T13_C": 2.115, "T14_C": 1.725, "T180_C": 2.55, "T181_C": 1.512}
[2025-08-23 22:24:16] London vs Leeds - C Values: {"T1_C": 1.39, "T2_C": 4.34, "T3_C": 9.6, "T4_C": 1.08, "T5_C": 1.235, "T6_C": 2.94, "T7_C": 2.195, "T8_C": 1.67, "T9_C": 2.16, "T10_C": 1.696, "T11_C": 1.696, "T12_C": 2.16, "T13_C": 2.115, "T14_C": 1.725, "T180_C": 2.55, "T181_C": 1.512}
[2025-08-23 22:24:22] London vs Leeds - C Values: {"T1_C": 1.39, "T2_C": 4.34, "T3_C": 9.6, "T4_C": 1.08, "T5_C": 1.235, "T6_C": 2.94, "T7_C": 2.195, "T8_C": 1.67, "T9_C": 2.16, "T10_C": 1.696, "T11_C": 2.216, "T12_C": 1.66, "T13_C": 2.115, "T14_C": 1.725, "T180_C": 2.41, "T181_C": 1.568}
[2025-08-23 22:24:29] London vs Leeds - C Values: {"T1_C": 1.39, "T2_C": 4.34, "T3_C": 9.6, "T4_C": 1.08, "T5_C": 1.235, "T6_C": 2.94, "T7_C": 2.195, "T8_C": 1.67, "T9_C": 2.16, "T10_C": 1.696, "T11_C": 1.696, "T12_C": 2.16, "T13_C": 2.115, "T14_C": 1.725, "T180_C": 2.55, "T181_C": 1.512}
[2025-08-23 22:24:58] London vs Leeds - C Values: {"T1_C": 1.39, "T2_C": 4.34, "T3_C": 9.6, "T4_C": 1.08, "T5_C": 1.235, "T6_C": 2.94, "T7_C": 1.65, "T8_C": 2.235, "T9_C": 2.16, "T10_C": 1.696, "T11_C": 1.696, "T12_C": 2.16, "T13_C": 2.115, "T14_C": 1.725, "T180_C": 2.41, "T181_C": 1.568}
[2025-08-23 22:25:11] London vs Leeds - C Values: {"T1_C": 1.39, "T2_C": 4.34, "T3_C": 9.6, "T4_C": 1.08, "T5_C": 1.235, "T6_C": 2.94, "T7_C": 1.65, "T8_C": 2.235, "T9_C": 2.112, "T10_C": 1.725, "T11_C": 1.696, "T12_C": 2.16, "T13_C": 2.115, "T14_C": 1.725, "T180_C": 2.55, "T181_C": 1.512}
[2025-08-23 22:25:29] London vs Leeds - C Values: {"T1_C": 1.395, "T2_C": 4.38, "T3_C": 9.1, "T4_C": 1.09, "T5_C": 1.23, "T6_C": 2.915, "T7_C": 1.65, "T8_C": 2.235, "T9_C": 2.16, "T10_C": 1.696, "T11_C": 1.696, "T12_C": 2.16, "T13_C": 2.115, "T14_C": 1.725, "T180_C": 2.41, "T181_C": 1.568}
[2025-08-23 22:25:35] London vs Leeds - C Values: {"T1_C": 1.39, "T2_C": 4.34, "T3_C": 9.6, "T4_C": 1.08, "T5_C": 1.235, "T6_C": 2.94, "T7_C": 1.65, "T8_C": 2.235, "T9_C": 2.112, "T10_C": 1.725, "T11_C": 1.696, "T12_C": 2.16, "T13_C": 2.115, "T14_C": 1.725, "T180_C": 2.55, "T181_C": 1.512}
[2025-08-23 22:25:42] London vs Leeds - C Values: {"T1_C": 1.39, "T2_C": 4.34, "T3_C": 9.6, "T4_C": 1.08, "T5_C": 1.235, "T6_C": 2.94, "T7_C": 1.65, "T8_C": 2.235, "T9_C": 2.16, "T10_C": 1.696, "T11_C": 1.696, "T12_C": 2.16, "T13_C": 2.115, "T14_C": 1.725, "T180_C": 2.41, "T181_C": 1.568}
[2025-08-23 22:25:48] London vs Leeds - C Values: {"T1_C": 1.39, "T2_C": 4.34, "T3_C": 9.6, "T4_C": 1.08, "T5_C": 1.235, "T6_C": 2.94, "T7_C": 1.65, "T8_C": 2.235, "T9_C": 2.112, "T10_C": 1.725, "T11_C": 1.696, "T12_C": 2.16, "T13_C": 2.115, "T14_C": 1.725, "T180_C": 2.55, "T181_C": 1.512}
[2025-08-23 22:25:53] London vs Leeds - C Values: {"T1_C": 1.39, "T2_C": 4.34, "T3_C": 9.6, "T4_C": 1.08, "T5_C": 1.235, "T6_C": 2.94, "T7_C": 1.675, "T8_C": 2.19, "T9_C": 1.685, "T10_C": 2.175, "T11_C": 1.696, "T12_C": 2.16, "T13_C": 2.115, "T14_C": 1.725, "T180_C": 2.55, "T181_C": 1.512}
[2025-08-23 22:26:25] London vs Leeds - C Values: {"T1_C": 1.39, "T2_C": 4.34, "T3_C": 9.6, "T4_C": 1.08, "T5_C": 1.235, "T6_C": 2.94, "T7_C": 1.675, "T8_C": 2.19, "T9_C": 1.7, "T10_C": 2.152, "T11_C": 1.696, "T12_C": 2.16, "T13_C": 2.18, "T14_C": 1.685, "T180_C": 2.55, "T181_C": 1.512}
[2025-08-23 22:27:20] London vs Leeds - C Values: {"T1_C": 1.395, "T2_C": 4.28, "T3_C": 9.6, "T4_C": 1.08, "T5_C": 1.24, "T6_C": 2.915, "T7_C": 1.696, "T8_C": 2.155, "T9_C": 1.7, "T10_C": 2.152, "T11_C": 1.765, "T12_C": 2.06, "T13_C": 2.115, "T14_C": 1.725, "T180_C": 2.55, "T181_C": 1.512}
[2025-08-23 22:27:32] London vs Leeds - C Values: {"T1_C": 1.395, "T2_C": 4.2, "T3_C": 10, "T4_C": 1.075, "T5_C": 1.248, "T6_C": 2.915, "T7_C": 1.696, "T8_C": 2.155, "T9_C": 1.72, "T10_C": 2.12, "T11_C": 1.765, "T12_C": 2.06, "T13_C": 2.18, "T14_C": 1.685, "T180_C": 2.55, "T181_C": 1.512}
[2025-08-23 22:28:14] London vs Leeds - C Values: {"T1_C": 1.44, "T2_C": 4.02, "T3_C": 9.1, "T4_C": 1.09, "T5_C": 1.26, "T6_C": 2.744, "T7_C": 1.71, "T8_C": 2.14, "T9_C": 1.72, "T10_C": 2.12, "T11_C": 1.765, "T12_C": 2.06, "T13_C": 2.18, "T14_C": 1.685, "T180_C": 2.55, "T181_C": 1.512}
[2025-08-23 22:28:20] London vs Leeds - C Values: {"T1_C": 1.44, "T2_C": 4.02, "T3_C": 9.1, "T4_C": 1.09, "T5_C": 1.26, "T6_C": 2.744, "T7_C": 1.71, "T8_C": 2.14, "T9_C": 1.72, "T10_C": 2.12, "T11_C": 1.765, "T12_C": 2.06, "T13_C": 2.115, "T14_C": 1.725, "T180_C": 2.55, "T181_C": 1.512}
[2025-08-23 22:28:27] London vs Leeds - C Values: {"T1_C": 1.44, "T2_C": 4.02, "T3_C": 9.1, "T4_C": 1.09, "T5_C": 1.26, "T6_C": 2.744, "T7_C": 1.74, "T8_C": 2.096, "T9_C": 1.736, "T10_C": 2.1, "T11_C": 1.81, "T12_C": 2, "T13_C": 2.115, "T14_C": 1.725, "T180_C": 2.55, "T181_C": 1.512}
[2025-08-23 22:28:45] London vs Leeds - C Values: {"T1_C": 1.44, "T2_C": 4.02, "T3_C": 9.1, "T4_C": 1.09, "T5_C": 1.26, "T6_C": 2.744, "T7_C": 1.74, "T8_C": 2.096, "T9_C": 1.752, "T10_C": 2.075, "T11_C": 1.81, "T12_C": 2, "T13_C": 2.18, "T14_C": 1.685, "T180_C": 2.55, "T181_C": 1.512}
[2025-08-23 22:29:16] London vs Leeds - C Values: {"T1_C": 1.44, "T2_C": 4.02, "T3_C": 9.1, "T4_C": 1.09, "T5_C": 1.26, "T6_C": 2.744, "T7_C": 1.74, "T8_C": 2.096, "T9_C": 1.79, "T10_C": 2.02, "T11_C": 1.81, "T12_C": 2, "T13_C": 2.285, "T14_C": 1.625, "T180_C": 2.68, "T181_C": 1.47}
[2025-08-23 22:29:52] London vs Leeds - C Values: {"T1_C": 1.43, "T2_C": 4, "T3_C": 9.5, "T4_C": 1.08, "T5_C": 1.264, "T6_C": 2.775, "T7_C": 1.74, "T8_C": 2.096, "T9_C": 1.816, "T10_C": 1.99, "T11_C": 1.81, "T12_C": 2, "T13_C": 2.285, "T14_C": 1.625, "T180_C": 2.68, "T181_C": 1.47}
[2025-08-23 22:30:37] London vs Leeds - C Values: {"T1_C": 1.44, "T2_C": 4.02, "T3_C": 9.1, "T4_C": 1.09, "T5_C": 1.26, "T6_C": 2.744, "T7_C": 1.76, "T8_C": 2.064, "T9_C": 1.864, "T10_C": 1.936, "T11_C": 1.81, "T12_C": 2, "T13_C": 2.285, "T14_C": 1.625, "T180_C": 2.68, "T181_C": 1.47}
[2025-08-23 22:30:43] London vs Leeds - C Values: {"T1_C": 1.43, "T2_C": 4, "T3_C": 9.5, "T4_C": 1.08, "T5_C": 1.264, "T6_C": 2.775, "T7_C": 1.74, "T8_C": 2.096, "T9_C": 1.84, "T10_C": 1.965, "T11_C": 1.81, "T12_C": 2, "T13_C": 2.285, "T14_C": 1.625, "T180_C": 2.68, "T181_C": 1.47}
[2025-08-23 22:30:56] London vs Leeds - C Values: {"T1_C": 1.44, "T2_C": 4.02, "T3_C": 9.1, "T4_C": 1.09, "T5_C": 1.26, "T6_C": 2.744, "T7_C": 1.76, "T8_C": 2.064, "T9_C": 1.84, "T10_C": 1.965, "T11_C": 1.81, "T12_C": 2, "T13_C": 2.285, "T14_C": 1.625, "T180_C": 2.68, "T181_C": 1.47}
[2025-08-23 22:31:08] London vs Leeds - C Values: {"T1_C": 1.43, "T2_C": 4, "T3_C": 9.5, "T4_C": 1.08, "T5_C": 1.264, "T6_C": 2.775, "T7_C": 1.76, "T8_C": 2.064, "T9_C": 1.864, "T10_C": 1.936, "T11_C": 1.81, "T12_C": 2, "T13_C": 2.285, "T14_C": 1.625, "T180_C": 2.68, "T181_C": 1.47}
[2025-08-23 22:31:40] London vs Leeds - C Values: {"T1_C": 1.43, "T2_C": 4, "T3_C": 9.5, "T4_C": 1.08, "T5_C": 1.264, "T6_C": 2.775, "T7_C": 1.76, "T8_C": 2.064, "T9_C": 1.896, "T10_C": 1.904, "T11_C": 1.864, "T12_C": 1.936, "T13_C": 2.285, "T14_C": 1.625, "T180_C": 2.89, "T181_C": 1.416}
[2025-08-23 22:32:05] London vs Leeds - C Values: {"T1_C": 1.464, "T2_C": 3.82, "T3_C": 9.2, "T4_C": 1.088, "T5_C": 1.28, "T6_C": 2.67, "T7_C": 1.78, "T8_C": 2.04, "T9_C": 1.896, "T10_C": 1.904, "T11_C": 1.864, "T12_C": 1.936, "T13_C": 2.285, "T14_C": 1.625, "T180_C": 2.68, "T181_C": 1.47}
[2025-08-23 22:32:11] London vs Leeds - C Values: {"T1_C": 1.456, "T2_C": 3.8, "T3_C": 9.7, "T4_C": 1.08, "T5_C": 1.285, "T6_C": 2.7, "T7_C": 1.78, "T8_C": 2.04, "T9_C": 1.925, "T10_C": 1.875, "T11_C": 1.864, "T12_C": 1.936, "T13_C": 2.285, "T14_C": 1.625, "T180_C": 2.89, "T181_C": 1.416}
[2025-08-23 22:33:01] London vs Leeds - C Values: {"T1_C": 1.456, "T2_C": 3.8, "T3_C": 9.7, "T4_C": 1.08, "T5_C": 1.285, "T6_C": 2.7, "T7_C": 1.76, "T8_C": 2.064, "T9_C": 1.896, "T10_C": 1.904, "T11_C": 1.864, "T12_C": 1.936, "T13_C": 2.285, "T14_C": 1.625, "T180_C": 2.89, "T181_C": 1.416}
[2025-08-23 22:33:08] London vs Leeds - C Values: {"T1_C": 1.456, "T2_C": 3.8, "T3_C": 9.7, "T4_C": 1.08, "T5_C": 1.285, "T6_C": 2.7, "T7_C": 1.76, "T8_C": 2.064, "T9_C": 1.925, "T10_C": 1.875, "T11_C": 1.864, "T12_C": 1.936, "T13_C": 2.285, "T14_C": 1.625, "T180_C": 2.89, "T181_C": 1.416}
[2025-08-23 22:33:15] London vs Leeds - C Values: {"T1_C": 1.456, "T2_C": 3.8, "T3_C": 9.7, "T4_C": 1.08, "T5_C": 1.285, "T6_C": 2.7, "T7_C": 1.76, "T8_C": 2.064, "T9_C": 1.925, "T10_C": 1.875, "T11_C": 1.864, "T12_C": 1.936, "T13_C": 2.39, "T14_C": 1.575, "T180_C": 2.89, "T181_C": 1.416}
[2025-08-23 22:33:39] London vs Leeds - C Values: {"T1_C": 1.48, "T2_C": 3.74, "T3_C": 9, "T4_C": 1.09, "T5_C": 1.29, "T6_C": 2.605, "T7_C": 1.845, "T8_C": 1.955, "T9_C": 1.955, "T10_C": 1.848, "T11_C": 1.95, "T12_C": 1.85, "T13_C": 2.285, "T14_C": 1.625, "T180_C": 2.89, "T181_C": 1.416}
[2025-08-23 22:33:46] London vs Leeds - C Values: {"T1_C": 1.1, "T2_C": 9.4, "T3_C": 27, "T4_C": 1.006, "T5_C": 1.075, "T6_C": 6.98, "T7_C": 2.168, "T8_C": 1.69, "T9_C": 2.11, "T10_C": 1.73, "T11_C": 2.145, "T12_C": 1.704, "T13_C": 2.145, "T14_C": 1.704, "T180_C": 2.145, "T181_C": 1.704}
[2025-08-23 22:33:52] London vs Leeds - C Values: {"T1_C": 1.096, "T2_C": 9.4, "T3_C": 28, "T4_C": 1.006, "T5_C": 1.075, "T6_C": 6.98, "T7_C": 2.104, "T8_C": 1.73, "T9_C": 1.99, "T10_C": 1.82, "T11_C": 2.025, "T12_C": 1.79, "T13_C": 2.025, "T14_C": 1.79, "T180_C": 2.025, "T181_C": 1.79}
[2025-08-23 22:33:58] London vs Leeds - C Values: {"T1_C": 1.1, "T2_C": 8.5, "T3_C": 26, "T4_C": 1.01, "T5_C": 1.09, "T6_C": 6.48, "T7_C": 1.975, "T8_C": 1.83, "T9_C": 1.955, "T10_C": 1.848, "T11_C": 1.936, "T12_C": 1.865, "T13_C": 2.115, "T14_C": 1.725, "T180_C": 2.115, "T181_C": 1.725}
[2025-08-23 22:34:17] London vs Leeds - C Values: {"T1_C": 1.1, "T2_C": 8.5, "T3_C": 26, "T4_C": 1.01, "T5_C": 1.09, "T6_C": 6.48, "T7_C": 2.01, "T8_C": 1.8, "T9_C": 1.99, "T10_C": 1.82, "T11_C": 2.025, "T12_C": 1.79, "T13_C": 2.115, "T14_C": 1.725, "T180_C": 2.115, "T181_C": 1.725}
[2025-08-23 22:34:22] London vs Leeds - C Values: {"T1_C": 1.09, "T2_C": 9, "T3_C": 26, "T4_C": 1.01, "T5_C": 1.085, "T6_C": 6.77, "T7_C": 1.944, "T8_C": 1.856, "T9_C": 1.955, "T10_C": 1.848, "T11_C": 1.936, "T12_C": 1.865, "T13_C": 2.115, "T14_C": 1.725, "T180_C": 2.115, "T181_C": 1.725}
[2025-08-23 22:34:35] London vs Leeds - C Values: {"T1_C": 1.09, "T2_C": 9, "T3_C": 29, "T4_C": 1.006, "T5_C": 1.085, "T6_C": 6.92, "T7_C": 1.944, "T8_C": 1.856, "T9_C": 1.99, "T10_C": 1.82, "T11_C": 1.936, "T12_C": 1.865, "T13_C": 2.18, "T14_C": 1.685, "T180_C": 2.18, "T181_C": 1.685}
[2025-08-23 22:34:48] London vs Leeds - C Values: {"T1_C": 1.09, "T2_C": 9, "T3_C": 29, "T4_C": 1.006, "T5_C": 1.085, "T6_C": 6.92, "T7_C": 1.975, "T8_C": 1.83, "T9_C": 2.1, "T10_C": 1.736, "T11_C": 2.025, "T12_C": 1.79, "T13_C": 2.18, "T14_C": 1.685, "T180_C": 2.18, "T181_C": 1.685}
[2025-08-23 22:34:54] London vs Leeds - C Values: {"T1_C": 1.09, "T2_C": 9, "T3_C": 29, "T4_C": 1.006, "T5_C": 1.085, "T6_C": 6.92, "T7_C": 2.01, "T8_C": 1.8, "T9_C": 2.144, "T10_C": 1.704, "T11_C": 2.025, "T12_C": 1.79, "T13_C": 2.18, "T14_C": 1.685, "T180_C": 2.18, "T181_C": 1.685}
[2025-08-23 22:34:59] London vs Leeds - C Values: {"T1_C": 1.1, "T2_C": 8.5, "T3_C": 26, "T4_C": 1.01, "T5_C": 1.09, "T6_C": 6.48, "T7_C": 2.03, "T8_C": 1.784, "T9_C": 2.1, "T10_C": 1.736, "T11_C": 2.025, "T12_C": 1.79, "T13_C": 2.115, "T14_C": 1.725, "T180_C": 2.115, "T181_C": 1.725}
[2025-08-23 22:35:06] London vs Leeds - C Values: {"T1_C": 1.1, "T2_C": 8.5, "T3_C": 26, "T4_C": 1.01, "T5_C": 1.09, "T6_C": 6.48, "T7_C": 2.03, "T8_C": 1.784, "T9_C": 2.144, "T10_C": 1.704, "T11_C": 2.025, "T12_C": 1.79, "T13_C": 2.18, "T14_C": 1.685, "T180_C": 2.18, "T181_C": 1.685}
[2025-08-23 22:35:12] London vs Leeds - C Values: {"T1_C": 1.11, "T2_C": 8, "T3_C": 28, "T4_C": 1.01, "T5_C": 1.1, "T6_C": 6.18, "T7_C": 2.104, "T8_C": 1.73, "T9_C": 2.144, "T10_C": 1.704, "T11_C": 2.115, "T12_C": 1.725, "T13_C": 2.18, "T14_C": 1.685, "T180_C": 2.18, "T181_C": 1.685}
[2025-08-23 22:35:19] London vs Leeds - C Values: {"T1_C": 1.1, "T2_C": 8.5, "T3_C": 26, "T4_C": 1.01, "T5_C": 1.09, "T6_C": 6.48, "T7_C": 2.03, "T8_C": 1.784, "T9_C": 2.144, "T10_C": 1.704, "T11_C": 2.025, "T12_C": 1.79, "T13_C": 2.245, "T14_C": 1.648, "T180_C": 2.245, "T181_C": 1.648}
[2025-08-23 22:35:25] London vs Leeds - C Values: {"T1_C": 1.11, "T2_C": 8, "T3_C": 28, "T4_C": 1.01, "T5_C": 1.1, "T6_C": 6.18, "T7_C": 2.104, "T8_C": 1.73, "T9_C": 2.144, "T10_C": 1.704, "T11_C": 2.115, "T12_C": 1.725, "T13_C": 2.18, "T14_C": 1.685, "T180_C": 2.18, "T181_C": 1.685}
[2025-08-23 22:36:09] London vs Leeds - C Values: {"T1_C": 1.1, "T2_C": 8.5, "T3_C": 26, "T4_C": 1.01, "T5_C": 1.09, "T6_C": 6.48, "T7_C": 2.104, "T8_C": 1.73, "T9_C": 2.144, "T10_C": 1.704, "T11_C": 2.115, "T12_C": 1.725, "T13_C": 2.245, "T14_C": 1.648, "T180_C": 2.245, "T181_C": 1.648}
[2025-08-23 22:36:27] London vs Leeds - C Values: {"T1_C": 1.11, "T2_C": 8, "T3_C": 28, "T4_C": 1.01, "T5_C": 1.1, "T6_C": 6.18, "T7_C": 2.152, "T8_C": 1.7, "T9_C": 2.144, "T10_C": 1.704, "T11_C": 2.115, "T12_C": 1.725, "T13_C": 2.18, "T14_C": 1.685, "T180_C": 2.18, "T181_C": 1.685}
[2025-08-23 22:37:09] London vs Leeds - C Values: {"T1_C": 1.11, "T2_C": 8, "T3_C": 28, "T4_C": 1.01, "T5_C": 1.1, "T6_C": 6.18, "T7_C": 2.152, "T8_C": 1.7, "T9_C": 2.19, "T10_C": 1.675, "T11_C": 2.115, "T12_C": 1.725, "T13_C": 2.245, "T14_C": 1.648, "T180_C": 2.245, "T181_C": 1.648}
[2025-08-23 22:37:25] London vs Leeds - C Values: {"T1_C": 1.11, "T2_C": 8, "T3_C": 28, "T4_C": 1.01, "T5_C": 1.1, "T6_C": 6.18, "T7_C": 2.195, "T8_C": 1.67, "T9_C": 2.19, "T10_C": 1.675, "T11_C": 2.115, "T12_C": 1.725, "T13_C": 2.18, "T14_C": 1.685, "T180_C": 2.18, "T181_C": 1.685}
[2025-08-23 22:37:50] London vs Leeds - C Values: {"T1_C": 1.11, "T2_C": 8, "T3_C": 28, "T4_C": 1.01, "T5_C": 1.1, "T6_C": 6.18, "T7_C": 2.195, "T8_C": 1.67, "T9_C": 2.19, "T10_C": 1.675, "T11_C": 2.18, "T12_C": 1.685, "T13_C": 2.245, "T14_C": 1.648, "T180_C": 2.245, "T181_C": 1.648}
[2025-08-23 22:37:55] London vs Leeds - C Values: {"T1_C": 1.11, "T2_C": 8, "T3_C": 28, "T4_C": 1.01, "T5_C": 1.1, "T6_C": 6.18, "T7_C": 2.195, "T8_C": 1.67, "T9_C": 2.19, "T10_C": 1.675, "T11_C": 2.18, "T12_C": 1.685, "T13_C": 2.18, "T14_C": 1.685, "T180_C": 2.18, "T181_C": 1.685}
[2025-08-23 22:38:02] London vs Leeds - C Values: {"T1_C": 1.11, "T2_C": 8, "T3_C": 28, "T4_C": 1.01, "T5_C": 1.1, "T6_C": 6.18, "T7_C": 2.195, "T8_C": 1.67, "T9_C": 2.19, "T10_C": 1.675, "T11_C": 2.18, "T12_C": 1.685, "T13_C": 2.245, "T14_C": 1.648, "T180_C": 2.245, "T181_C": 1.648}
[2025-08-23 22:38:14] London vs Leeds - C Values: {"T1_C": 1.11, "T2_C": 8, "T3_C": 28, "T4_C": 1.01, "T5_C": 1.1, "T6_C": 6.18, "T7_C": 2.195, "T8_C": 1.67, "T9_C": 2.24, "T10_C": 1.65, "T11_C": 2.18, "T12_C": 1.685, "T13_C": 2.245, "T14_C": 1.648, "T180_C": 2.245, "T181_C": 1.648}
[2025-08-23 22:38:33] London vs Leeds - C Values: {"T1_C": 1.11, "T2_C": 8, "T3_C": 28, "T4_C": 1.01, "T5_C": 1.1, "T6_C": 6.18, "T7_C": 2.195, "T8_C": 1.67, "T9_C": 2.24, "T10_C": 1.65, "T11_C": 2.18, "T12_C": 1.685, "T13_C": 2.18, "T14_C": 1.685, "T180_C": 2.18, "T181_C": 1.685}
[2025-08-23 22:38:40] London vs Leeds - C Values: {"T1_C": 1.11, "T2_C": 8, "T3_C": 28, "T4_C": 1.01, "T5_C": 1.1, "T6_C": 6.18, "T7_C": 2.248, "T8_C": 1.648, "T9_C": 1.685, "T10_C": 2.175, "T11_C": 2.18, "T12_C": 1.685, "T13_C": 2.18, "T14_C": 1.685, "T180_C": 2.18, "T181_C": 1.685}
[2025-08-23 22:38:43] London vs Leeds - C Values: {"T1_C": 1.11, "T2_C": 8, "T3_C": 28, "T4_C": 1.01, "T5_C": 1.1, "T6_C": 6.18, "T7_C": 2.248, "T8_C": 1.648, "T9_C": 1.685, "T10_C": 2.175, "T11_C": 2.18, "T12_C": 1.685, "T13_C": 2.18, "T14_C": 1.685, "T180_C": 2.18, "T181_C": 1.685}
[2025-08-23 22:39:11] London vs Leeds - C Values: {"T1_C": 1.11, "T2_C": 8, "T3_C": 28, "T4_C": 1.01, "T5_C": 1.1, "T6_C": 6.18, "T7_C": 2.248, "T8_C": 1.648, "T9_C": 1.685, "T10_C": 2.175, "T11_C": 2.285, "T12_C": 1.625, "T13_C": 2.245, "T14_C": 1.648, "T180_C": 2.245, "T181_C": 1.648}
[2025-08-23 22:39:24] London vs Leeds - C Values: {"T1_C": 1.11, "T2_C": 8, "T3_C": 28, "T4_C": 1.01, "T5_C": 1.1, "T6_C": 6.18, "T7_C": 1.625, "T8_C": 2.28, "T9_C": 1.685, "T10_C": 2.175, "T11_C": 2.285, "T12_C": 1.625, "T13_C": 2.245, "T14_C": 1.648, "T180_C": 2.245, "T181_C": 1.648}
[2025-08-23 22:39:42] London vs Leeds - C Values: {"T1_C": 1.13, "T2_C": 7.6, "T3_C": 26, "T4_C": 1.009, "T5_C": 1.104, "T6_C": 5.85, "T7_C": 1.675, "T8_C": 2.19, "T9_C": 2.24, "T10_C": 1.65, "T11_C": 2.285, "T12_C": 1.625, "T13_C": 2.085, "T14_C": 1.744, "T180_C": 2.085, "T181_C": 1.744}
[2025-08-23 22:39:49] London vs Leeds - C Values: {"T1_C": 1.11, "T2_C": 8, "T3_C": 28, "T4_C": 1.01, "T5_C": 1.1, "T6_C": 6.18, "T7_C": 1.625, "T8_C": 2.28, "T9_C": 1.685, "T10_C": 2.175, "T11_C": 2.285, "T12_C": 1.625, "T13_C": 2.245, "T14_C": 1.648, "T180_C": 2.245, "T181_C": 1.648}
[2025-08-23 22:39:56] London vs Leeds - C Values: {"T1_C": 1.11, "T2_C": 8, "T3_C": 28, "T4_C": 1.01, "T5_C": 1.1, "T6_C": 6.18, "T7_C": 1.65, "T8_C": 2.235, "T9_C": 1.752, "T10_C": 2.075, "T11_C": 1.595, "T12_C": 2.344, "T13_C": 2.245, "T14_C": 1.648, "T180_C": 2.245, "T181_C": 1.648}
[2025-08-23 22:40:01] London vs Leeds - C Values: {"T1_C": 1.12, "T2_C": 7.5, "T3_C": 28, "T4_C": 1.01, "T5_C": 1.11, "T6_C": 5.86, "T7_C": 1.65, "T8_C": 2.235, "T9_C": 1.752, "T10_C": 2.075, "T11_C": 1.595, "T12_C": 2.344, "T13_C": 2.245, "T14_C": 1.648, "T180_C": 2.245, "T181_C": 1.648}
[2025-08-23 22:40:32] London vs Leeds - C Values: {"T1_C": 1.11, "T2_C": 7.5, "T3_C": 28, "T4_C": 1.01, "T5_C": 1.11, "T6_C": 5.93, "T7_C": 1.65, "T8_C": 2.235, "T9_C": 1.752, "T10_C": 2.075, "T11_C": 1.595, "T12_C": 2.344, "T13_C": 2.18, "T14_C": 1.685, "T180_C": 2.18, "T181_C": 1.685}
[2025-08-23 22:40:51] London vs Leeds - C Values: {"T1_C": 1.12, "T2_C": 7.5, "T3_C": 28, "T4_C": 1.01, "T5_C": 1.11, "T6_C": 5.86, "T7_C": 1.675, "T8_C": 2.19, "T9_C": 1.752, "T10_C": 2.075, "T11_C": 1.595, "T12_C": 2.344, "T13_C": 2.18, "T14_C": 1.685, "T180_C": 2.18, "T181_C": 1.685}
[2025-08-23 22:40:57] London vs Leeds - C Values: {"T1_C": 1.11, "T2_C": 7.5, "T3_C": 28, "T4_C": 1.01, "T5_C": 1.11, "T6_C": 5.93, "T7_C": 1.65, "T8_C": 2.235, "T9_C": 1.752, "T10_C": 2.075, "T11_C": 1.595, "T12_C": 2.344, "T13_C": 2.18, "T14_C": 1.685, "T180_C": 2.18, "T181_C": 1.685}
[2025-08-23 22:41:27] London vs Leeds - C Values: {"T1_C": 1.11, "T2_C": 8, "T3_C": 28, "T4_C": 1.01, "T5_C": 1.1, "T6_C": 6.18, "T7_C": 1.65, "T8_C": 2.235, "T9_C": 1.752, "T10_C": 2.075, "T11_C": 1.595, "T12_C": 2.344, "T13_C": 2.285, "T14_C": 1.625, "T180_C": 2.285, "T181_C": 1.625}
[2025-08-23 22:41:33] London vs Leeds - C Values: {"T1_C": 1.11, "T2_C": 7.5, "T3_C": 28, "T4_C": 1.01, "T5_C": 1.11, "T6_C": 5.93, "T7_C": 1.675, "T8_C": 2.19, "T9_C": 1.752, "T10_C": 2.075, "T11_C": 1.595, "T12_C": 2.344, "T13_C": 2.285, "T14_C": 1.625, "T180_C": 2.285, "T181_C": 1.625}
[2025-08-23 22:41:53] London vs Leeds - C Values: {"T1_C": 1.11, "T2_C": 7.5, "T3_C": 28, "T4_C": 1.01, "T5_C": 1.11, "T6_C": 5.93, "T7_C": 1.675, "T8_C": 2.19, "T9_C": 1.752, "T10_C": 2.075, "T11_C": 1.66, "T12_C": 2.22, "T13_C": 2.285, "T14_C": 1.625, "T180_C": 2.285, "T181_C": 1.625}
[2025-08-23 22:42:25] London vs Leeds - C Values: {"T1_C": 1.11, "T2_C": 8, "T3_C": 31, "T4_C": 1.006, "T5_C": 1.1, "T6_C": 6.3, "T7_C": 1.675, "T8_C": 2.19, "T9_C": 1.83, "T10_C": 1.975, "T11_C": 1.66, "T12_C": 2.22, "T13_C": 2.39, "T14_C": 1.575, "T180_C": 2.39, "T181_C": 1.575}
[2025-08-23 22:42:58] London vs Leeds - C Values: {"T1_C": 1.11, "T2_C": 7.5, "T3_C": 28, "T4_C": 1.01, "T5_C": 1.11, "T6_C": 5.93, "T7_C": 1.696, "T8_C": 2.155, "T9_C": 1.83, "T10_C": 1.975, "T11_C": 1.66, "T12_C": 2.22, "T13_C": 2.39, "T14_C": 1.575, "T180_C": 2.39, "T181_C": 1.575}
[2025-08-23 22:43:10] London vs Leeds - C Values: {"T1_C": 1.11, "T2_C": 7.5, "T3_C": 28, "T4_C": 1.01, "T5_C": 1.11, "T6_C": 5.93, "T7_C": 1.696, "T8_C": 2.155, "T9_C": 1.83, "T10_C": 1.975, "T11_C": 1.66, "T12_C": 2.22, "T13_C": 2.456, "T14_C": 1.55, "T180_C": 2.456, "T181_C": 1.55}
[2025-08-23 22:43:34] London vs Leeds - C Values: {"T1_C": 1.11, "T2_C": 7.5, "T3_C": 31, "T4_C": 1.007, "T5_C": 1.11, "T6_C": 6.04, "T7_C": 1.696, "T8_C": 2.155, "T9_C": 1.83, "T10_C": 1.975, "T11_C": 1.66, "T12_C": 2.22, "T13_C": 2.456, "T14_C": 1.55, "T180_C": 2.456, "T181_C": 1.55}
[2025-08-23 22:43:41] London vs Leeds - C Values: {"T1_C": 1.11, "T2_C": 7.5, "T3_C": 31, "T4_C": 1.007, "T5_C": 1.11, "T6_C": 6.04, "T7_C": 1.675, "T8_C": 2.19, "T9_C": 1.83, "T10_C": 1.975, "T11_C": 1.66, "T12_C": 2.22, "T13_C": 2.456, "T14_C": 1.55, "T180_C": 2.456, "T181_C": 1.55}
[2025-08-23 22:43:53] London vs Leeds - C Values: {"T1_C": 1.11, "T2_C": 7.5, "T3_C": 31, "T4_C": 1.007, "T5_C": 1.11, "T6_C": 6.04, "T7_C": 1.696, "T8_C": 2.155, "T9_C": 1.83, "T10_C": 1.975, "T11_C": 1.66, "T12_C": 2.22, "T13_C": 2.456, "T14_C": 1.55, "T180_C": 2.456, "T181_C": 1.55}
[2025-08-23 22:44:05] London vs Leeds - C Values: {"T1_C": 1.11, "T2_C": 7.5, "T3_C": 28, "T4_C": 1.01, "T5_C": 1.11, "T6_C": 5.93, "T7_C": 1.696, "T8_C": 2.155, "T9_C": 1.83, "T10_C": 1.975, "T11_C": 1.66, "T12_C": 2.22, "T13_C": 2.456, "T14_C": 1.55, "T180_C": 2.456, "T181_C": 1.55}
[2025-08-23 22:44:36] London vs Leeds - C Values: {"T1_C": 1.11, "T2_C": 7.5, "T3_C": 31, "T4_C": 1.007, "T5_C": 1.11, "T6_C": 6.04, "T7_C": 1.696, "T8_C": 2.155, "T9_C": 1.83, "T10_C": 1.975, "T11_C": 1.66, "T12_C": 2.22, "T13_C": 2.456, "T14_C": 1.55, "T180_C": 2.456, "T181_C": 1.55}
[2025-08-23 22:45:20] London vs Leeds - C Values: {"T1_C": 1.12, "T2_C": 7.5, "T3_C": 28, "T4_C": 1.01, "T5_C": 1.11, "T6_C": 5.86, "T7_C": 1.74, "T8_C": 2.096, "T9_C": 1.955, "T10_C": 1.848, "T11_C": 1.792, "T12_C": 2.02, "T13_C": 2.456, "T14_C": 1.55, "T180_C": 2.456, "T181_C": 1.55}
[2025-08-23 22:45:32] London vs Leeds - C Values: {"T1_C": 1.12, "T2_C": 7.5, "T3_C": 28, "T4_C": 1.01, "T5_C": 1.11, "T6_C": 5.86, "T7_C": 1.74, "T8_C": 2.096, "T9_C": 1.955, "T10_C": 1.848, "T11_C": 1.71, "T12_C": 2.136, "T13_C": 2.456, "T14_C": 1.55, "T180_C": 2.456, "T181_C": 1.55}
[2025-08-23 22:45:38] London vs Leeds - C Values: {"T1_C": 1.12, "T2_C": 7.5, "T3_C": 28, "T4_C": 1.01, "T5_C": 1.11, "T6_C": 5.86, "T7_C": 1.74, "T8_C": 2.096, "T9_C": 1.955, "T10_C": 1.848, "T11_C": 1.77, "T12_C": 2.05, "T13_C": 2.456, "T14_C": 1.55, "T180_C": 2.456, "T181_C": 1.55}
[2025-08-23 22:46:16] London vs Leeds - C Values: {"T1_C": 1.12, "T2_C": 7.5, "T3_C": 28, "T4_C": 1.01, "T5_C": 1.11, "T6_C": 5.86, "T7_C": 1.74, "T8_C": 2.096, "T9_C": 1.955, "T10_C": 1.848, "T11_C": 1.768, "T12_C": 2.056, "T13_C": 2.456, "T14_C": 1.55, "T180_C": 2.456, "T181_C": 1.55}
[2025-08-23 22:46:23] London vs Leeds - C Values: {"T1_C": 1.02, "T2_C": 18, "T3_C": 50, "T4_C": 1.001, "T5_C": 1.02, "T6_C": 13.7, "T7_C": 1.896, "T8_C": 1.904, "T9_C": 1.955, "T10_C": 1.848, "T11_C": 1.768, "T12_C": 2.056, "T13_C": 2.18, "T14_C": 1.685, "T180_C": 2.18, "T181_C": 1.685}
[2025-08-23 22:46:36] London vs Leeds - C Values: {"T1_C": 1.01, "T2_C": 20, "T3_C": 65, "T4_C": 1.001, "T5_C": 1.016, "T6_C": 15.8, "T7_C": 1.696, "T8_C": 2.155, "T9_C": 1.955, "T10_C": 1.848, "T11_C": 1.77, "T12_C": 2.05, "T13_C": 2.456, "T14_C": 1.55, "T180_C": 2.456, "T181_C": 1.55}
[2025-08-23 22:46:43] London vs Leeds - C Values: {"T1_C": 1.016, "T2_C": 20, "T3_C": 50, "T4_C": 1.001, "T5_C": 1.016, "T6_C": 14.7, "T7_C": 1.74, "T8_C": 2.096, "T9_C": 1.83, "T10_C": 1.975, "T11_C": 1.77, "T12_C": 2.05, "T13_C": 2.35, "T14_C": 1.592, "T180_C": 2.35, "T181_C": 1.592}
[2025-08-23 22:46:56] London vs Leeds - C Values: {"T1_C": 1.016, "T2_C": 20, "T3_C": 50, "T4_C": 1.001, "T5_C": 1.016, "T6_C": 14.7, "T7_C": 1.74, "T8_C": 2.096, "T9_C": 1.955, "T10_C": 1.848, "T11_C": 1.768, "T12_C": 2.056, "T13_C": 2.456, "T14_C": 1.55, "T180_C": 2.456, "T181_C": 1.55}
[2025-08-23 22:47:19] London vs Leeds - C Values: {"T1_C": 1.016, "T2_C": 20, "T3_C": 50, "T4_C": 1.001, "T5_C": 1.016, "T6_C": 14.7, "T7_C": 1.78, "T8_C": 2.04, "T9_C": 1.955, "T10_C": 1.848, "T11_C": 1.768, "T12_C": 2.056, "T13_C": 2.35, "T14_C": 1.592, "T180_C": 2.35, "T181_C": 1.592}
[2025-08-23 22:47:36] London vs Leeds - C Values: {"T1_C": 1.016, "T2_C": 20, "T3_C": 50, "T4_C": 1.001, "T5_C": 1.016, "T6_C": 14.7, "T7_C": 1.76, "T8_C": 2.064, "T9_C": 1.955, "T10_C": 1.848, "T11_C": 1.768, "T12_C": 2.056, "T13_C": 2.35, "T14_C": 1.592, "T180_C": 2.35, "T181_C": 1.592}
[2025-08-23 22:48:30] London vs Leeds - C Values: {"T1_C": 1.016, "T2_C": 20, "T3_C": 50, "T4_C": 1.001, "T5_C": 1.016, "T6_C": 14.7, "T7_C": 1.78, "T8_C": 2.04, "T9_C": 1.955, "T10_C": 1.848, "T11_C": 1.768, "T12_C": 2.056, "T13_C": 2.35, "T14_C": 1.592, "T180_C": 2.35, "T181_C": 1.592}
[2025-08-23 22:48:36] London vs Leeds - C Values: {"T1_C": 1.016, "T2_C": 20, "T3_C": 50, "T4_C": 1.001, "T5_C": 1.016, "T6_C": 14.7, "T7_C": 1.76, "T8_C": 2.064, "T9_C": 1.955, "T10_C": 1.848, "T11_C": 1.768, "T12_C": 2.056, "T13_C": 2.35, "T14_C": 1.592, "T180_C": 2.35, "T181_C": 1.592}
[2025-08-23 22:48:54] London vs Leeds - C Values: {"T1_C": 1.016, "T2_C": 20, "T3_C": 50, "T4_C": 1.001, "T5_C": 1.016, "T6_C": 14.7, "T7_C": 1.78, "T8_C": 2.04, "T9_C": 1.955, "T10_C": 1.848, "T11_C": 1.768, "T12_C": 2.056, "T13_C": 2.35, "T14_C": 1.592, "T180_C": 2.35, "T181_C": 1.592}
[2025-08-23 22:49:00] London vs Leeds - C Values: {"T1_C": 1.02, "T2_C": 19, "T3_C": 51, "T4_C": 1.001, "T5_C": 1.02, "T6_C": 13.8, "T7_C": 1.78, "T8_C": 2.04, "T9_C": 1.955, "T10_C": 1.848, "T11_C": 1.768, "T12_C": 2.056, "T13_C": 2.35, "T14_C": 1.592, "T180_C": 2.35, "T181_C": 1.592}
[2025-08-23 22:49:06] London vs Leeds - C Values: {"T1_C": 1.02, "T2_C": 19, "T3_C": 51, "T4_C": 1.001, "T5_C": 1.02, "T6_C": 13.8, "T7_C": 1.78, "T8_C": 2.04, "T9_C": 1.955, "T10_C": 1.848, "T11_C": 1.83, "T12_C": 1.975, "T13_C": 2.35, "T14_C": 1.592, "T180_C": 2.35, "T181_C": 1.592}
[2025-08-23 22:49:13] London vs Leeds - C Values: {"T1_C": 1.016, "T2_C": 20, "T3_C": 50, "T4_C": 1.001, "T5_C": 1.016, "T6_C": 14.7, "T7_C": 1.78, "T8_C": 2.04, "T9_C": 1.955, "T10_C": 1.848, "T11_C": 1.83, "T12_C": 1.975, "T13_C": 2.35, "T14_C": 1.592, "T180_C": 2.35, "T181_C": 1.592}
[2025-08-23 22:49:38] London vs Leeds - C Values: {"T1_C": 1.016, "T2_C": 20, "T3_C": 50, "T4_C": 1.001, "T5_C": 1.016, "T6_C": 14.7, "T7_C": 1.78, "T8_C": 2.04, "T9_C": 1.955, "T10_C": 1.848, "T11_C": 1.83, "T12_C": 1.975, "T13_C": 2.456, "T14_C": 1.55, "T180_C": 2.456, "T181_C": 1.55}
[2025-08-23 22:50:39] London vs Leeds - C Values: {"T1_C": 1.016, "T2_C": 20, "T3_C": 50, "T4_C": 1.001, "T5_C": 1.016, "T6_C": 14.7, "T7_C": 1.78, "T8_C": 2.04, "T9_C": 1.955, "T10_C": 1.848, "T11_C": 1.83, "T12_C": 1.975, "T13_C": 2.39, "T14_C": 1.575, "T180_C": 2.39, "T181_C": 1.575}
[2025-08-23 22:53:58] London vs Leeds - C Values: {"T1_C": 1.01, "T2_C": 20, "T3_C": 65, "T4_C": 1.001, "T5_C": 1.016, "T6_C": 15.8, "T7_C": 1.76, "T8_C": 2.064, "T9_C": 1.955, "T10_C": 1.848, "T11_C": 1.81, "T12_C": 1.995, "T13_C": 2.39, "T14_C": 1.575, "T180_C": 2.39, "T181_C": 1.575}
[2025-08-23 22:55:34] London vs Leeds - C Values: {"T1_C": 1.01, "T2_C": 20, "T3_C": 65, "T4_C": 1.001, "T5_C": 1.016, "T6_C": 15.8, "T7_C": 1.76, "T8_C": 2.064, "T9_C": 1.955, "T10_C": 1.848, "T11_C": 1.81, "T12_C": 1.995, "T13_C": 2.456, "T14_C": 1.55, "T180_C": 2.456, "T181_C": 1.55}
[2025-08-23 22:56:05] London vs Leeds - C Values: {"T1_C": 1.01, "T2_C": 20, "T3_C": 65, "T4_C": 1.001, "T5_C": 1.016, "T6_C": 15.8, "T7_C": 1.76, "T8_C": 2.064, "T9_C": 1.955, "T10_C": 1.848, "T11_C": 1.81, "T12_C": 1.995, "T13_C": 2.39, "T14_C": 1.575, "T180_C": 2.39, "T181_C": 1.575}
[2025-08-23 22:56:33] London vs Leeds - C Values: {"T1_C": 1.016, "T2_C": 20, "T3_C": 50, "T4_C": 1.001, "T5_C": 1.016, "T6_C": 14.7, "T7_C": 1.76, "T8_C": 2.064, "T9_C": 1.955, "T10_C": 1.848, "T11_C": 1.81, "T12_C": 1.995, "T13_C": 2.39, "T14_C": 1.575, "T180_C": 2.39, "T181_C": 1.575}
[2025-08-23 23:01:21] London vs Leeds - C Values: {"T1_C": 1.01, "T2_C": 20, "T3_C": 65, "T4_C": 1.001, "T5_C": 1.016, "T6_C": 15.8, "T7_C": 1.76, "T8_C": 2.064, "T9_C": 1.955, "T10_C": 1.848, "T11_C": 1.81, "T12_C": 1.995, "T13_C": 2.39, "T14_C": 1.575, "T180_C": 2.39, "T181_C": 1.575}
[2025-08-23 23:03:49] London vs Leeds - C Values: {"T1_C": 1.016, "T2_C": 20, "T3_C": 50, "T4_C": 1.001, "T5_C": 1.016, "T6_C": 14.7, "T7_C": 1.76, "T8_C": 2.064, "T9_C": 1.955, "T10_C": 1.848, "T11_C": 1.81, "T12_C": 1.995, "T13_C": 2.39, "T14_C": 1.575, "T180_C": 2.39, "T181_C": 1.575}
[2025-08-23 23:05:33] London vs Leeds - C Values: {"T1_C": 1.01, "T2_C": 20, "T3_C": 65, "T4_C": 1.001, "T5_C": 1.016, "T6_C": 15.8, "T7_C": 1.76, "T8_C": 2.064, "T9_C": 2.056, "T10_C": 1.765, "T11_C": 1.856, "T12_C": 1.944, "T13_C": 2.39, "T14_C": 1.575, "T180_C": 2.39, "T181_C": 1.575}
[2025-08-23 23:05:46] London vs Leeds - C Values: {"T1_C": 1.016, "T2_C": 20, "T3_C": 50, "T4_C": 1.001, "T5_C": 1.016, "T6_C": 14.8, "T7_C": 1.76, "T8_C": 2.064, "T9_C": 1.955, "T10_C": 1.848, "T11_C": 1.81, "T12_C": 1.995, "T13_C": 2.39, "T14_C": 1.575, "T180_C": 2.39, "T181_C": 1.575}
[2025-08-23 23:06:16] London vs Leeds - C Values: {"T1_C": 1.01, "T2_C": 20, "T3_C": 65, "T4_C": 1.001, "T5_C": 1.016, "T6_C": 15.8, "T7_C": 1.76, "T8_C": 2.064, "T9_C": 1.955, "T10_C": 1.848, "T11_C": 1.81, "T12_C": 1.995, "T13_C": 2.39, "T14_C": 1.575, "T180_C": 2.39, "T181_C": 1.575}
[2025-08-23 23:06:55] London vs Leeds - C Values: {"T1_C": 1.01, "T2_C": 20, "T3_C": 65, "T4_C": 1.001, "T5_C": 1.016, "T6_C": 15.8, "T7_C": 1.76, "T8_C": 2.064, "T9_C": 2.056, "T10_C": 1.765, "T11_C": 2, "T12_C": 1.81, "T13_C": 2.525, "T14_C": 1.525, "T180_C": 2.525, "T181_C": 1.525}
[2025-08-23 23:07:45] London vs Leeds - C Values: {"T1_C": 1.01, "T2_C": 20, "T3_C": 65, "T4_C": 1.001, "T5_C": 1.016, "T6_C": 15.8, "T7_C": 1.76, "T8_C": 2.064, "T9_C": 2.16, "T10_C": 1.696, "T11_C": 2, "T12_C": 1.81, "T13_C": 2.525, "T14_C": 1.525, "T180_C": 2.525, "T181_C": 1.525}
[2025-08-23 23:07:51] London vs Leeds - C Values: {"T1_C": 1.001, "T2_C": 23, "T3_C": 91, "T7_C": 1.825, "T8_C": 1.98, "T9_C": 2.29, "T10_C": 1.625, "T11_C": 2.06, "T12_C": 1.765, "T13_C": 2.816, "T14_C": 1.432, "T180_C": 2.816, "T181_C": 1.432}
[2025-08-23 23:07:57] London vs Leeds - C Values: {"T1_C": 1.001, "T2_C": 23, "T3_C": 91, "T7_C": 1.78, "T8_C": 2.04, "T9_C": 2.16, "T10_C": 1.696, "T11_C": 1.96, "T12_C": 1.845, "T13_C": 2.656, "T14_C": 1.48, "T180_C": 2.656, "T181_C": 1.48}
[2025-08-23 23:08:03] London vs Leeds - C Values: {"T1_C": 1.001, "T2_C": 24, "T3_C": 73, "T7_C": 1.76, "T8_C": 2.064, "T9_C": 2.056, "T10_C": 1.765, "T11_C": 2, "T12_C": 1.81, "T13_C": 2.525, "T14_C": 1.525, "T180_C": 2.525, "T181_C": 1.525}
[2025-08-23 23:08:41] London vs Leeds - C Values: {"T1_C": 1.001, "T2_C": 23, "T3_C": 91, "T7_C": 1.76, "T8_C": 2.064, "T9_C": 2.16, "T10_C": 1.696, "T11_C": 2, "T12_C": 1.81, "T13_C": 2.525, "T14_C": 1.525, "T180_C": 2.525, "T181_C": 1.525}
[2025-08-23 23:09:08] London vs Leeds - C Values: {"T1_C": 1.001, "T2_C": 23, "T3_C": 91, "T7_C": 1.76, "T8_C": 2.064, "T9_C": 2.16, "T10_C": 1.696, "T11_C": 1.92, "T12_C": 1.88, "T13_C": 2.656, "T14_C": 1.48, "T180_C": 2.656, "T181_C": 1.48}
[2025-08-23 23:09:21] London vs Leeds - C Values: {"T7_C": 1.76, "T8_C": 2.064, "T9_C": 2.16, "T10_C": 1.696, "T11_C": 1.94, "T12_C": 1.86, "T13_C": 2.656, "T14_C": 1.48, "T180_C": 2.656, "T181_C": 1.48}
[2025-08-23 23:09:34] London vs Leeds - C Values: {"T7_C": 1.808, "T8_C": 2, "T9_C": 2.16, "T10_C": 1.696, "T11_C": 1.94, "T12_C": 1.86, "T13_C": 2.656, "T14_C": 1.48, "T180_C": 2.656, "T181_C": 1.48}
[2025-08-23 23:10:05] London vs Leeds - C Values: {"T7_C": 1.808, "T8_C": 2, "T9_C": 2.16, "T10_C": 1.696, "T11_C": 1.952, "T12_C": 1.85, "T13_C": 2.656, "T14_C": 1.48, "T180_C": 2.656, "T181_C": 1.48}
[2025-08-23 23:10:29] London vs Leeds - C Values: {"T7_C": 1.808, "T8_C": 2, "T9_C": 2.26, "T10_C": 1.64, "T11_C": 1.975, "T12_C": 1.83, "T13_C": 2.865, "T14_C": 1.42, "T180_C": 2.865, "T181_C": 1.42}
[2025-08-23 23:10:54] London vs Leeds - C Values: {"T7_C": 1.808, "T8_C": 2, "T9_C": 2.26, "T10_C": 1.64, "T11_C": 1.99, "T12_C": 1.816, "T13_C": 2.865, "T14_C": 1.42, "T180_C": 2.865, "T181_C": 1.42}
[2025-08-23 23:11:07] London vs Leeds - C Values: {"T7_C": 1.808, "T8_C": 2, "T9_C": 2.26, "T10_C": 1.64, "T11_C": 2.008, "T12_C": 1.8, "T13_C": 2.865, "T14_C": 1.42, "T180_C": 2.865, "T181_C": 1.42}
[2025-08-23 23:11:24] London vs Leeds - C Values: {"T7_C": 1.808, "T8_C": 2, "T9_C": 2.36, "T10_C": 1.59, "T11_C": 2.025, "T12_C": 1.79, "T13_C": 3.08, "T14_C": 1.375, "T180_C": 3.08, "T181_C": 1.375}
[2025-08-23 23:11:43] London vs Leeds - C Values: {"T7_C": 1.808, "T8_C": 2, "T9_C": 2.304, "T10_C": 1.616, "T11_C": 2.04, "T12_C": 1.775, "T13_C": 3.08, "T14_C": 1.375, "T180_C": 3.08, "T181_C": 1.375}
[2025-08-23 23:12:08] London vs Leeds - C Values: {"T7_C": 1.825, "T8_C": 1.98, "T9_C": 2.304, "T10_C": 1.616, "T11_C": 2.064, "T12_C": 1.76, "T13_C": 3.08, "T14_C": 1.375, "T180_C": 3.08, "T181_C": 1.375}
[2025-08-23 23:12:14] London vs Leeds - C Values: {"T7_C": 1.825, "T8_C": 1.98, "T9_C": 2.304, "T10_C": 1.616, "T11_C": 2.085, "T12_C": 1.744, "T13_C": 3.08, "T14_C": 1.375, "T180_C": 3.08, "T181_C": 1.375}
[2025-08-23 23:13:37] London vs Leeds - C Values: {"T7_C": 1.85, "T8_C": 1.95, "T9_C": 1.605, "T10_C": 2.33, "T11_C": 2.14, "T12_C": 1.71, "T13_C": 3.08, "T14_C": 1.375, "T180_C": 3.08, "T181_C": 1.375}
[2025-08-23 23:14:06] London vs Leeds - C Values: {"T7_C": 1.85, "T8_C": 1.95, "T9_C": 1.63, "T10_C": 2.28, "T11_C": 2.16, "T12_C": 1.696, "T13_C": 3.08, "T14_C": 1.375, "T180_C": 3.08, "T181_C": 1.375}
[2025-08-23 23:14:51] London vs Leeds - C Values: {"T7_C": 1.85, "T8_C": 1.95, "T9_C": 1.656, "T10_C": 2.23, "T11_C": 2.175, "T12_C": 1.685, "T13_C": 3.24, "T14_C": 1.344, "T180_C": 3.24, "T181_C": 1.344}
[2025-08-23 23:14:57] London vs Leeds - C Values: {"T7_C": 1.85, "T8_C": 1.95, "T9_C": 1.656, "T10_C": 2.23, "T11_C": 2.18, "T12_C": 1.685, "T13_C": 3.24, "T14_C": 1.344, "T180_C": 3.24, "T181_C": 1.344}
[2025-08-23 23:15:10] London vs Leeds - C Values: {"T7_C": 1.825, "T8_C": 1.98, "T9_C": 1.63, "T10_C": 2.28, "T11_C": 2.13, "T12_C": 1.712, "T13_C": 3.24, "T14_C": 1.344, "T180_C": 3.24, "T181_C": 1.344}
[2025-08-23 23:15:29] London vs Leeds - C Values: {"T7_C": 1.825, "T8_C": 1.98, "T9_C": 1.656, "T10_C": 2.23, "T11_C": 2.15, "T12_C": 1.7, "T13_C": 3.24, "T14_C": 1.344, "T180_C": 3.24, "T181_C": 1.344}
[2025-08-23 23:15:48] London vs Leeds - C Values: {"T7_C": 1.85, "T8_C": 1.95, "T9_C": 1.656, "T10_C": 2.23, "T11_C": 2.216, "T12_C": 1.664, "T13_C": 3.24, "T14_C": 1.344, "T180_C": 3.24, "T181_C": 1.344}
[2025-08-23 23:15:54] London vs Leeds - C Values: {"T7_C": 1.784, "T8_C": 2.03, "T9_C": 1.67, "T10_C": 2.205, "T11_C": 2.15, "T12_C": 1.7, "T13_C": 3.56, "T14_C": 1.296, "T180_C": 3.56, "T181_C": 1.296}
[2025-08-23 23:16:12] London vs Leeds - C Values: {"T7_C": 1.85, "T8_C": 1.95, "T9_C": 1.605, "T10_C": 2.33, "T11_C": 2.14, "T12_C": 1.71, "T13_C": 3.08, "T14_C": 1.375, "T180_C": 3.08, "T181_C": 1.375}
[2025-08-23 23:16:19] London vs Leeds - C Values: {"T7_C": 1.85, "T8_C": 1.95, "T9_C": 1.67, "T10_C": 2.205, "T11_C": 2.23, "T12_C": 1.656, "T13_C": 3.32, "T14_C": 1.33, "T180_C": 3.32, "T181_C": 1.33}
[2025-08-23 23:16:49] London vs Leeds - C Values: {"T7_C": 1.875, "T8_C": 1.925, "T9_C": 1.685, "T10_C": 2.175, "T11_C": 2.275, "T12_C": 1.63, "T13_C": 3.32, "T14_C": 1.33, "T180_C": 3.32, "T181_C": 1.33}
[2025-08-23 23:17:51] London vs Leeds - C Values: {"T7_C": 1.9, "T8_C": 1.9, "T9_C": 1.736, "T10_C": 2.1, "T11_C": 2.352, "T12_C": 1.592, "T13_C": 3.32, "T14_C": 1.33, "T180_C": 3.32, "T181_C": 1.33}
[2025-08-23 23:18:21] London vs Leeds - C Values: {"T7_C": 1.9, "T8_C": 1.9, "T9_C": 1.752, "T10_C": 2.075, "T11_C": 2.375, "T12_C": 1.584, "T13_C": 3.32, "T14_C": 1.33, "T180_C": 3.32, "T181_C": 1.33}
[2025-08-23 23:18:28] London vs Leeds - C Values: {"T7_C": 1.9, "T8_C": 1.9, "T9_C": 1.775, "T10_C": 2.048, "T11_C": 2.39, "T12_C": 1.575, "T13_C": 3.56, "T14_C": 1.296, "T180_C": 3.56, "T181_C": 1.296}
[2025-08-23 23:18:40] London vs Leeds - C Values: {"T7_C": 1.9, "T8_C": 1.9, "T9_C": 1.736, "T10_C": 2.1, "T11_C": 2.352, "T12_C": 1.592, "T13_C": 3.32, "T14_C": 1.33, "T180_C": 3.32, "T181_C": 1.33}
[2025-08-23 23:18:46] London vs Leeds - C Values: {"T7_C": 1.9, "T8_C": 1.9, "T9_C": 1.775, "T10_C": 2.048, "T11_C": 2.39, "T12_C": 1.575, "T13_C": 3.56, "T14_C": 1.296, "T180_C": 3.56, "T181_C": 1.296}
[2025-08-23 23:18:59] London vs Leeds - C Values: {"T7_C": 1.9, "T8_C": 1.9, "T9_C": 1.775, "T10_C": 2.048, "T11_C": 2.392, "T12_C": 1.575, "T13_C": 3.56, "T14_C": 1.296, "T180_C": 3.56, "T181_C": 1.296}
[2025-08-23 23:19:20] London vs Leeds - C Values: {"T7_C": 1.9, "T8_C": 1.9, "T9_C": 1.79, "T10_C": 2.02, "T11_C": 1.58, "T12_C": 2.384, "T13_C": 3.56, "T14_C": 1.296, "T180_C": 3.56, "T181_C": 1.296}
[2025-08-23 23:19:31] London vs Leeds - C Values: {"T7_C": 1.9, "T8_C": 1.9, "T9_C": 1.816, "T10_C": 1.99, "T11_C": 1.58, "T12_C": 2.384, "T13_C": 3.56, "T14_C": 1.296, "T180_C": 3.56, "T181_C": 1.296}
[2025-08-23 23:19:37] London vs Leeds - C Values: {"T7_C": 1.925, "T8_C": 1.875, "T9_C": 1.816, "T10_C": 1.99, "T11_C": 1.58, "T12_C": 2.384, "T13_C": 3.56, "T14_C": 1.296, "T180_C": 3.56, "T181_C": 1.296}
[2025-08-23 23:19:49] London vs Leeds - C Values: {"T7_C": 1.9, "T8_C": 1.9, "T9_C": 1.816, "T10_C": 1.99, "T11_C": 1.58, "T12_C": 2.384, "T13_C": 3.56, "T14_C": 1.296, "T180_C": 3.56, "T181_C": 1.296}
[2025-08-23 23:20:08] London vs Leeds - C Values: {"T7_C": 1.925, "T8_C": 1.875, "T9_C": 1.816, "T10_C": 1.99, "T11_C": 1.58, "T12_C": 2.384, "T13_C": 3.56, "T14_C": 1.296, "T180_C": 3.56, "T181_C": 1.296}
[2025-08-23 23:20:33] London vs Leeds - C Values: {"T7_C": 1.925, "T8_C": 1.875, "T9_C": 1.864, "T10_C": 1.936, "T11_C": 1.58, "T12_C": 2.384, "T13_C": 3.56, "T14_C": 1.296, "T180_C": 3.56, "T181_C": 1.296}
[2025-08-23 23:20:45] London vs Leeds - C Values: {"T7_C": 1.925, "T8_C": 1.875, "T9_C": 1.864, "T10_C": 1.936, "T11_C": 1.58, "T12_C": 2.384, "T13_C": 3.82, "T14_C": 1.264, "T180_C": 3.82, "T181_C": 1.264}
[2025-08-23 23:20:57] London vs Leeds - C Values: {"T7_C": 1.925, "T8_C": 1.875, "T9_C": 1.864, "T10_C": 1.936, "T11_C": 1.58, "T12_C": 2.384, "T13_C": 3.56, "T14_C": 1.296, "T180_C": 3.56, "T181_C": 1.296}
[2025-08-23 23:21:15] London vs Leeds - C Values: {"T7_C": 1.95, "T8_C": 1.85, "T9_C": 1.896, "T10_C": 1.904, "T11_C": 1.58, "T12_C": 2.384, "T13_C": 3.56, "T14_C": 1.296, "T180_C": 3.56, "T181_C": 1.296}
[2025-08-23 23:21:40] London vs Leeds - C Values: {"T7_C": 1.95, "T8_C": 1.85, "T9_C": 1.925, "T10_C": 1.875, "T11_C": 1.58, "T12_C": 2.384, "T13_C": 3.82, "T14_C": 1.264, "T180_C": 3.82, "T181_C": 1.264}
[2025-08-23 23:21:46] London vs Leeds - C Values: {"T7_C": 1.98, "T8_C": 1.825, "T9_C": 1.925, "T10_C": 1.875, "T11_C": 1.625, "T12_C": 2.285, "T13_C": 3.56, "T14_C": 1.296, "T180_C": 3.56, "T181_C": 1.296}
[2025-08-23 23:22:11] London vs Leeds - C Values: {"T7_C": 1.98, "T8_C": 1.825, "T9_C": 1.955, "T10_C": 1.848, "T11_C": 1.625, "T12_C": 2.285, "T13_C": 3.82, "T14_C": 1.264, "T180_C": 3.82, "T181_C": 1.264}
[2025-08-23 23:22:41] London vs Leeds - C Values: {"T7_C": 1.98, "T8_C": 1.825, "T9_C": 1.99, "T10_C": 1.82, "T11_C": 1.625, "T12_C": 2.285, "T13_C": 3.82, "T14_C": 1.264, "T180_C": 3.82, "T181_C": 1.264}
[2025-08-23 23:23:13] London vs Leeds - C Values: {"T7_C": 2, "T8_C": 1.808, "T9_C": 2.02, "T10_C": 1.79, "T11_C": 1.625, "T12_C": 2.285, "T13_C": 3.82, "T14_C": 1.264, "T180_C": 3.82, "T181_C": 1.264}
[2025-08-23 23:23:33] London vs Leeds - C Values: {"T7_C": 2, "T8_C": 1.808, "T9_C": 2.06, "T10_C": 1.765, "T11_C": 1.625, "T12_C": 2.285, "T13_C": 3.82, "T14_C": 1.264, "T180_C": 3.82, "T181_C": 1.264}
[2025-08-23 23:23:39] London vs Leeds - C Values: {"T7_C": 2.03, "T8_C": 1.784, "T9_C": 2.1, "T10_C": 1.736, "T11_C": 1.685, "T12_C": 2.18, "T13_C": 3.82, "T14_C": 1.264, "T180_C": 3.82, "T181_C": 1.264}
[2025-08-23 23:23:52] London vs Leeds - C Values: {"T7_C": 2.075, "T8_C": 1.752, "T9_C": 2.1, "T10_C": 1.736, "T11_C": 1.685, "T12_C": 2.18, "T13_C": 3.82, "T14_C": 1.264, "T180_C": 3.82, "T181_C": 1.264}
[2025-08-23 23:23:59] London vs Leeds - C Values: {"T7_C": 2.1, "T8_C": 1.735, "T9_C": 2.144, "T10_C": 1.704, "T11_C": 1.685, "T12_C": 2.18, "T13_C": 3.56, "T14_C": 1.296, "T180_C": 3.56, "T181_C": 1.296}
[2025-08-23 23:24:11] London vs Leeds - C Values: {"T7_C": 2.1, "T8_C": 1.735, "T9_C": 2.192, "T10_C": 1.675, "T11_C": 1.685, "T12_C": 2.18, "T13_C": 3.82, "T14_C": 1.264, "T180_C": 3.82, "T181_C": 1.264}
[2025-08-23 23:24:18] London vs Leeds - C Values: {"T7_C": 2.136, "T8_C": 1.71, "T9_C": 2.192, "T10_C": 1.675, "T11_C": 1.745, "T12_C": 2.085, "T13_C": 3.56, "T14_C": 1.296, "T180_C": 3.56, "T181_C": 1.296}
[2025-08-23 23:24:53] London vs Leeds - C Values: {"T7_C": 2.175, "T8_C": 1.685, "T9_C": 2.192, "T10_C": 1.675, "T11_C": 1.745, "T12_C": 2.085, "T13_C": 3.56, "T14_C": 1.296, "T180_C": 3.56, "T181_C": 1.296}
[2025-08-23 23:25:05] London vs Leeds - C Values: {"T7_C": 2.175, "T8_C": 1.685, "T9_C": 2.24, "T10_C": 1.65, "T11_C": 1.745, "T12_C": 2.085, "T13_C": 3.56, "T14_C": 1.296, "T180_C": 3.56, "T181_C": 1.296}
[2025-08-23 23:25:18] London vs Leeds - C Values: {"T7_C": 2.168, "T8_C": 1.69, "T9_C": 2.296, "T10_C": 1.62, "T11_C": 1.745, "T12_C": 2.085, "T13_C": 3.56, "T14_C": 1.296, "T180_C": 3.56, "T181_C": 1.296}
[2025-08-23 23:25:50] London vs Leeds - C Values: {"T7_C": 2.168, "T8_C": 1.69, "T9_C": 2.352, "T10_C": 1.592, "T11_C": 1.79, "T12_C": 2.02, "T13_C": 3.82, "T14_C": 1.264, "T180_C": 3.82, "T181_C": 1.264}
[2025-08-23 23:26:03] London vs Leeds - C Values: {"T7_C": 2.31, "T8_C": 1.61, "T9_C": 2.192, "T10_C": 1.675, "T11_C": 1.79, "T12_C": 2.02, "T13_C": 3.24, "T14_C": 1.344, "T180_C": 3.24, "T181_C": 1.344}
[2025-08-23 23:26:15] London vs Leeds - C Values: {"T7_C": 2.216, "T8_C": 1.66, "T9_C": 2.352, "T10_C": 1.592, "T11_C": 1.79, "T12_C": 2.02, "T13_C": 3.82, "T14_C": 1.264, "T180_C": 3.82, "T181_C": 1.264}
[2025-08-23 23:26:21] London vs Leeds - C Values: {"T7_C": 2.216, "T8_C": 1.66, "T9_C": 2.352, "T10_C": 1.592, "T11_C": 1.79, "T12_C": 2.02, "T13_C": 3.56, "T14_C": 1.296, "T180_C": 3.56, "T181_C": 1.296}
[2025-08-23 23:26:33] London vs Leeds - C Values: {"T7_C": 2.216, "T8_C": 1.66, "T9_C": 2.352, "T10_C": 1.592, "T11_C": 1.79, "T12_C": 2.02, "T13_C": 3.82, "T14_C": 1.264, "T180_C": 3.82, "T181_C": 1.264}
[2025-08-23 23:26:57] London vs Leeds - C Values: {"T7_C": 2.216, "T8_C": 1.66, "T9_C": 2.42, "T10_C": 1.565, "T11_C": 1.79, "T12_C": 2.02, "T13_C": 3.82, "T14_C": 1.264, "T180_C": 3.82, "T181_C": 1.264}
[2025-08-23 23:27:10] London vs Leeds - C Values: {"T7_C": 2.264, "T8_C": 1.635, "T9_C": 1.58, "T10_C": 2.384, "T11_C": 1.79, "T12_C": 2.02, "T13_C": 3.82, "T14_C": 1.264, "T180_C": 3.82, "T181_C": 1.264}
[2025-08-23 23:27:21] London vs Leeds - C Values: {"T7_C": 2.264, "T8_C": 1.635, "T9_C": 1.58, "T10_C": 2.384, "T11_C": 1.79, "T12_C": 2.02, "T13_C": 4.13, "T14_C": 1.232, "T180_C": 4.13, "T181_C": 1.232}
[2025-08-23 23:27:33] London vs Leeds - C Values: {"T7_C": 2.264, "T8_C": 1.635, "T9_C": 1.58, "T10_C": 2.384, "T11_C": 1.848, "T12_C": 1.955, "T13_C": 4.13, "T14_C": 1.232, "T180_C": 4.13, "T181_C": 1.232}
[2025-08-23 23:27:58] London vs Leeds - C Values: {"T7_C": 2.31, "T8_C": 1.61, "T9_C": 1.58, "T10_C": 2.384, "T11_C": 1.848, "T12_C": 1.955, "T13_C": 4.13, "T14_C": 1.232, "T180_C": 4.13, "T181_C": 1.232}
[2025-08-23 23:28:10] London vs Leeds - C Values: {"T7_C": 2.31, "T8_C": 1.61, "T9_C": 1.58, "T10_C": 2.384, "T11_C": 1.848, "T12_C": 1.955, "T13_C": 3.82, "T14_C": 1.264, "T180_C": 3.82, "T181_C": 1.264}
[2025-08-23 23:28:22] London vs Leeds - C Values: {"T7_C": 2.31, "T8_C": 1.61, "T9_C": 1.58, "T10_C": 2.384, "T11_C": 1.848, "T12_C": 1.955, "T13_C": 4.13, "T14_C": 1.232, "T180_C": 4.13, "T181_C": 1.232}
[2025-08-23 23:28:28] London vs Leeds - C Values: {"T7_C": 2.31, "T8_C": 1.61, "T9_C": 1.58, "T10_C": 2.384, "T11_C": 1.848, "T12_C": 1.955, "T13_C": 3.82, "T14_C": 1.264, "T180_C": 3.82, "T181_C": 1.264}
[2025-08-23 23:28:36] London vs Leeds - C Values: {"T7_C": 2.31, "T8_C": 1.61, "T9_C": 1.63, "T10_C": 2.28, "T11_C": 1.848, "T12_C": 1.955, "T13_C": 4.13, "T14_C": 1.232, "T180_C": 4.13, "T181_C": 1.232}
[2025-08-23 23:29:04] London vs Leeds - C Values: {"T7_C": 2.365, "T8_C": 1.585, "T9_C": 1.63, "T10_C": 2.28, "T11_C": 1.936, "T12_C": 1.865, "T13_C": 4.13, "T14_C": 1.232, "T180_C": 4.13, "T181_C": 1.232}
[2025-08-23 23:29:26] London vs Leeds - C Values: {"T7_C": 2.408, "T8_C": 1.57, "T9_C": 1.685, "T10_C": 2.175, "T11_C": 1.936, "T12_C": 1.865, "T13_C": 4.13, "T14_C": 1.232, "T180_C": 4.13, "T181_C": 1.232}
[2025-08-23 23:29:33] London vs Leeds - C Values: {"T7_C": 2.408, "T8_C": 1.57, "T9_C": 1.63, "T10_C": 2.28, "T11_C": 1.936, "T12_C": 1.865, "T13_C": 3.82, "T14_C": 1.264, "T180_C": 3.82, "T181_C": 1.264}
[2025-08-23 23:29:51] London vs Leeds - C Values: {"T7_C": 2.408, "T8_C": 1.57, "T9_C": 1.685, "T10_C": 2.175, "T11_C": 2.025, "T12_C": 1.79, "T13_C": 4.13, "T14_C": 1.232, "T180_C": 4.13, "T181_C": 1.232}
[2025-08-23 23:29:57] London vs Leeds - C Values: {"T7_C": 2.408, "T8_C": 1.57, "T9_C": 1.685, "T10_C": 2.175, "T11_C": 2.025, "T12_C": 1.79, "T13_C": 4.3, "T14_C": 1.22, "T180_C": 4.3, "T181_C": 1.22}
[2025-08-23 23:30:03] London vs Leeds - C Values: {"T7_C": 2.46, "T8_C": 1.545, "T9_C": 1.752, "T10_C": 2.075, "T11_C": 2.025, "T12_C": 1.79, "T13_C": 4.3, "T14_C": 1.22, "T180_C": 4.3, "T181_C": 1.22}
[2025-08-23 23:30:34] London vs Leeds - C Values: {"T7_C": 2.53, "T8_C": 1.52, "T9_C": 1.752, "T10_C": 2.075, "T11_C": 2.115, "T12_C": 1.725, "T13_C": 4.72, "T14_C": 1.19, "T180_C": 4.72, "T181_C": 1.19}
[2025-08-23 23:30:54] London vs Leeds - C Values: {"T7_C": 2.53, "T8_C": 1.52, "T9_C": 1.752, "T10_C": 2.075, "T11_C": 2.115, "T12_C": 1.725, "T13_C": 4.3, "T14_C": 1.22, "T180_C": 4.3, "T181_C": 1.22}
[2025-08-23 23:31:12] London vs Leeds - C Values: {"T7_C": 2.53, "T8_C": 1.52, "T9_C": 1.752, "T10_C": 2.075, "T11_C": 2.115, "T12_C": 1.725, "T13_C": 4.72, "T14_C": 1.19, "T180_C": 4.72, "T181_C": 1.19}
[2025-08-23 23:31:30] London vs Leeds - C Values: {"T7_C": 2.53, "T8_C": 1.52, "T9_C": 1.752, "T10_C": 2.075, "T11_C": 2.115, "T12_C": 1.725, "T13_C": 4.87, "T14_C": 1.18, "T180_C": 4.87, "T181_C": 1.18}
[2025-08-23 23:31:48] London vs Leeds - C Values: {"T7_C": 2.625, "T8_C": 1.49, "T9_C": 1.752, "T10_C": 2.075, "T11_C": 2.115, "T12_C": 1.725, "T13_C": 4.87, "T14_C": 1.18, "T180_C": 4.87, "T181_C": 1.18}
[2025-08-23 23:32:02] London vs Leeds - C Values: {"T7_C": 2.625, "T8_C": 1.49, "T9_C": 1.752, "T10_C": 2.075, "T11_C": 2.115, "T12_C": 1.725, "T13_C": 4.78, "T14_C": 1.184, "T180_C": 4.78, "T181_C": 1.184}
[2025-08-23 23:32:19] London vs Leeds - C Values: {"T7_C": 2.625, "T8_C": 1.49, "T9_C": 1.83, "T10_C": 1.975, "T11_C": 2.18, "T12_C": 1.685, "T13_C": 4.78, "T14_C": 1.184, "T180_C": 4.78, "T181_C": 1.184}
[2025-08-23 23:32:45] London vs Leeds - C Values: {"T7_C": 2.704, "T8_C": 1.464, "T9_C": 1.83, "T10_C": 1.975, "T11_C": 2.18, "T12_C": 1.685, "T13_C": 4.78, "T14_C": 1.184, "T180_C": 4.78, "T181_C": 1.184}
[2025-08-23 23:33:09] London vs Leeds - C Values: {"T7_C": 2.704, "T8_C": 1.464, "T9_C": 1.83, "T10_C": 1.975, "T11_C": 2.285, "T12_C": 1.625, "T13_C": 4.78, "T14_C": 1.184, "T180_C": 4.78, "T181_C": 1.184}
[2025-08-23 23:33:28] London vs Leeds - C Values: {"T7_C": 2.704, "T8_C": 1.464, "T9_C": 1.83, "T10_C": 1.975, "T11_C": 2.285, "T12_C": 1.625, "T13_C": 4.87, "T14_C": 1.18, "T180_C": 4.87, "T181_C": 1.18}
[2025-08-23 23:33:34] London vs Leeds - C Values: {"T7_C": 2.704, "T8_C": 1.464, "T9_C": 1.83, "T10_C": 1.975, "T11_C": 2.285, "T12_C": 1.625, "T13_C": 5.36, "T14_C": 1.152, "T180_C": 5.36, "T181_C": 1.152}
[2025-08-23 23:33:47] London vs Leeds - C Values: {"T7_C": 2.704, "T8_C": 1.464, "T9_C": 1.83, "T10_C": 1.975, "T11_C": 2.285, "T12_C": 1.625, "T13_C": 5.25, "T14_C": 1.16, "T180_C": 5.25, "T181_C": 1.16}
[2025-08-23 23:34:06] London vs Leeds - C Values: {"T7_C": 2.78, "T8_C": 1.44, "T9_C": 1.83, "T10_C": 1.975, "T11_C": 2.285, "T12_C": 1.625, "T13_C": 4.78, "T14_C": 1.184, "T180_C": 4.78, "T181_C": 1.184}
[2025-08-23 23:34:12] London vs Leeds - C Values: {"T7_C": 2.78, "T8_C": 1.44, "T9_C": 1.955, "T10_C": 1.848, "T11_C": 2.39, "T12_C": 1.575, "T13_C": 5.25, "T14_C": 1.16, "T180_C": 5.25, "T181_C": 1.16}
[2025-08-23 23:34:56] London vs Leeds - C Values: {"T7_C": 2.78, "T8_C": 1.44, "T9_C": 1.955, "T10_C": 1.848, "T11_C": 2.39, "T12_C": 1.575, "T13_C": 5.7, "T14_C": 1.14, "T180_C": 5.7, "T181_C": 1.14}
[2025-08-23 23:35:08] London vs Leeds - C Values: {"T7_C": 2.94, "T8_C": 1.4, "T9_C": 1.955, "T10_C": 1.848, "T11_C": 2.39, "T12_C": 1.575, "T13_C": 5.25, "T14_C": 1.16, "T180_C": 5.25, "T181_C": 1.16}
[2025-08-23 23:35:44] London vs Leeds - C Values: {"T7_C": 2.94, "T8_C": 1.4, "T9_C": 2.056, "T10_C": 1.765, "T11_C": 2.39, "T12_C": 1.575, "T13_C": 5.7, "T14_C": 1.14, "T180_C": 5.7, "T181_C": 1.14}
[2025-08-23 23:36:09] London vs Leeds - C Values: {"T7_C": 2.94, "T8_C": 1.4, "T9_C": 2.056, "T10_C": 1.765, "T11_C": 2.525, "T12_C": 1.525, "T13_C": 5.25, "T14_C": 1.16, "T180_C": 5.25, "T181_C": 1.16}
[2025-08-23 23:36:32] London vs Leeds - C Values: {"T7_C": 2.94, "T8_C": 1.4, "T9_C": 2.056, "T10_C": 1.765, "T11_C": 2.525, "T12_C": 1.525, "T13_C": 5.7, "T14_C": 1.14, "T180_C": 5.7, "T181_C": 1.14}
[2025-08-23 23:36:39] London vs Leeds - C Values: {"T7_C": 3.064, "T8_C": 1.375, "T9_C": 2.056, "T10_C": 1.765, "T11_C": 2.525, "T12_C": 1.525, "T13_C": 5.25, "T14_C": 1.16, "T180_C": 5.25, "T181_C": 1.16}
[2025-08-23 23:36:46] London vs Leeds - C Values: {"T7_C": 2.94, "T8_C": 1.4, "T9_C": 2.056, "T10_C": 1.765, "T11_C": 2.525, "T12_C": 1.525, "T13_C": 5.7, "T14_C": 1.14, "T180_C": 5.7, "T181_C": 1.14}
[2025-08-23 23:36:58] London vs Leeds - C Values: {"T7_C": 3.064, "T8_C": 1.375, "T9_C": 2.056, "T10_C": 1.765, "T11_C": 2.525, "T12_C": 1.525, "T13_C": 5.7, "T14_C": 1.14, "T180_C": 5.7, "T181_C": 1.14}
[2025-08-23 23:37:10] London vs Leeds - C Values: {"T7_C": 3.064, "T8_C": 1.375, "T9_C": 2.16, "T10_C": 1.696, "T11_C": 2.656, "T12_C": 1.48, "T13_C": 5.7, "T14_C": 1.14, "T180_C": 5.7, "T181_C": 1.14}
[2025-08-23 23:37:35] London vs Leeds - C Values: {"T7_C": 3.2, "T8_C": 1.35, "T9_C": 2.16, "T10_C": 1.696, "T11_C": 2.656, "T12_C": 1.48, "T13_C": 6.2, "T14_C": 1.12, "T180_C": 6.2, "T181_C": 1.12}
[2025-08-23 23:38:12] London vs Leeds - C Values: {"T7_C": 3.2, "T8_C": 1.35, "T9_C": 2.26, "T10_C": 1.64, "T11_C": 2.656, "T12_C": 1.48, "T13_C": 6.2, "T14_C": 1.12, "T180_C": 6.2, "T181_C": 1.12}
[2025-08-23 23:39:02] London vs Leeds - C Values: {"T7_C": 3.2, "T8_C": 1.35, "T9_C": 2.26, "T10_C": 1.64, "T11_C": 2.656, "T12_C": 1.48, "T13_C": 6.65, "T14_C": 1.11, "T180_C": 6.65, "T181_C": 1.11}
[2025-08-23 23:39:25] London vs Leeds - C Values: {"T7_C": 2.94, "T8_C": 1.4, "T9_C": 2.056, "T10_C": 1.765, "T11_C": 2.525, "T12_C": 1.525, "T13_C": 6.65, "T14_C": 1.11, "T180_C": 6.65, "T181_C": 1.11}
[2025-08-23 23:39:32] London vs Leeds - C Values: {"T7_C": 2.94, "T8_C": 1.4, "T9_C": 2.16, "T10_C": 1.696, "T11_C": 2.525, "T12_C": 1.525, "T13_C": 6.65, "T14_C": 1.11, "T180_C": 6.65, "T181_C": 1.11}
[2025-08-23 23:40:32] London vs Leeds - C Values: {"T7_C": 3.36, "T8_C": 1.32, "T9_C": 2.46, "T10_C": 1.545, "T11_C": 2.865, "T12_C": 1.42, "T13_C": 7.5, "T14_C": 1.085, "T180_C": 7.5, "T181_C": 1.085}
[2025-08-23 23:40:44] London vs Leeds - C Values: {"T7_C": 3.54, "T8_C": 1.296, "T9_C": 2.56, "T10_C": 1.51, "T11_C": 3.08, "T12_C": 1.375, "T13_C": 7.5, "T14_C": 1.085, "T180_C": 7.5, "T181_C": 1.085}
[2025-08-23 23:40:50] London vs Leeds - C Values: {"T7_C": 3.36, "T8_C": 1.32, "T9_C": 2.46, "T10_C": 1.545, "T11_C": 3.08, "T12_C": 1.375, "T13_C": 7.5, "T14_C": 1.085, "T180_C": 7.5, "T181_C": 1.085}
[2025-08-23 23:41:02] London vs Leeds - C Values: {"T7_C": 3.54, "T8_C": 1.296, "T9_C": 2.56, "T10_C": 1.51, "T11_C": 3.08, "T12_C": 1.375, "T13_C": 7.5, "T14_C": 1.085, "T180_C": 7.5, "T181_C": 1.085}
[2025-08-23 23:42:03] London vs Leeds - C Values: {"T7_C": 3.54, "T8_C": 1.296, "T9_C": 2.755, "T10_C": 1.45, "T11_C": 3.24, "T12_C": 1.344, "T13_C": 8.5, "T14_C": 1.07, "T180_C": 8.5, "T181_C": 1.07}
[2025-08-23 23:42:23] London vs Leeds - C Values: {"T7_C": 3.76, "T8_C": 1.27, "T9_C": 2.755, "T10_C": 1.45, "T11_C": 3.24, "T12_C": 1.344, "T13_C": 8.5, "T14_C": 1.07, "T180_C": 8.5, "T181_C": 1.07}
[2025-08-23 23:42:29] London vs Leeds - C Values: {"T7_C": 3.76, "T8_C": 1.27, "T9_C": 2.755, "T10_C": 1.45, "T11_C": 3.24, "T12_C": 1.344, "T13_C": 9.42, "T14_C": 1.056, "T180_C": 9.42, "T181_C": 1.056}
[2025-08-23 23:43:00] London vs Leeds - C Values: {"T7_C": 3.76, "T8_C": 1.27, "T9_C": 2.755, "T10_C": 1.45, "T11_C": 3.32, "T12_C": 1.33, "T13_C": 8.5, "T14_C": 1.07, "T180_C": 8.5, "T181_C": 1.07}
[2025-08-23 23:43:19] London vs Leeds - C Values: {"T7_C": 3.92, "T8_C": 1.255, "T9_C": 2.95, "T10_C": 1.4, "T11_C": 3.32, "T12_C": 1.33, "T13_C": 9.42, "T14_C": 1.056, "T180_C": 9.42, "T181_C": 1.056}
[2025-08-23 23:43:32] London vs Leeds - C Values: {"T7_C": 3.84, "T8_C": 1.26, "T9_C": 2.95, "T10_C": 1.4, "T11_C": 3.32, "T12_C": 1.33, "T13_C": 8.5, "T14_C": 1.07, "T180_C": 8.5, "T181_C": 1.07}
[2025-08-23 23:43:50] London vs Leeds - C Values: {"T7_C": 4.02, "T8_C": 1.245, "T9_C": 2.95, "T10_C": 1.4, "T11_C": 3.56, "T12_C": 1.296, "T13_C": 9.42, "T14_C": 1.056, "T180_C": 9.42, "T181_C": 1.056}
[2025-08-23 23:44:08] London vs Leeds - C Values: {"T7_C": 1.255, "T8_C": 3.92, "T9_C": 2.95, "T10_C": 1.4, "T11_C": 3.56, "T12_C": 1.296, "T13_C": 9.42, "T14_C": 1.056, "T180_C": 9.42, "T181_C": 1.056}
[2025-08-23 23:44:31] London vs Leeds - C Values: {"T7_C": 1.296, "T8_C": 3.54, "T9_C": 2.95, "T10_C": 1.4, "T11_C": 3.56, "T12_C": 1.296, "T13_C": 8.5, "T14_C": 1.07, "T180_C": 8.5, "T181_C": 1.07}
[2025-08-23 23:44:37] London vs Leeds - C Values: {"T7_C": 1.255, "T8_C": 3.92, "T9_C": 3.144, "T10_C": 1.36, "T11_C": 3.56, "T12_C": 1.296, "T13_C": 9.42, "T14_C": 1.056, "T180_C": 9.42, "T181_C": 1.056}
[2025-08-23 23:45:17] London vs Leeds - C Values: {"T7_C": 1.255, "T8_C": 3.92, "T9_C": 3.32, "T10_C": 1.33, "T11_C": 3.82, "T12_C": 1.264, "T13_C": 9.42, "T14_C": 1.056, "T180_C": 9.42, "T181_C": 1.056}
[2025-08-23 23:45:41] London vs Leeds - C Values: {"T7_C": 4.3, "T8_C": 1.22, "T9_C": 3.58, "T10_C": 1.29, "T11_C": 3.82, "T12_C": 1.264, "T13_C": 10, "T14_C": 1.048, "T180_C": 10, "T181_C": 1.048}
[2025-08-23 23:45:54] London vs Leeds - C Values: {"T7_C": 1.27, "T8_C": 3.76, "T9_C": 3.32, "T10_C": 1.33, "T11_C": 4.13, "T12_C": 1.232, "T13_C": 10, "T14_C": 1.048, "T180_C": 10, "T181_C": 1.048}
[2025-08-23 23:46:08] London vs Leeds - C Values: {"T7_C": 1.21, "T8_C": 4.42, "T9_C": 3.58, "T10_C": 1.29, "T11_C": 4.13, "T12_C": 1.232, "T13_C": 11.9, "T14_C": 1.03, "T180_C": 11.9, "T181_C": 1.03}
[2025-08-23 23:46:14] London vs Leeds - C Values: {"T7_C": 1.21, "T8_C": 4.42, "T9_C": 15, "T10_C": 1.016, "T11_C": 4.13, "T12_C": 1.232, "T13_C": 11.9, "T14_C": 1.03, "T180_C": 11.9, "T181_C": 1.03}
[2025-08-23 23:46:27] London vs Leeds - C Values: {"T7_C": 1.22, "T8_C": 4.26, "T9_C": 3.7, "T10_C": 1.275, "T11_C": 4.3, "T12_C": 1.22, "T13_C": 11.9, "T14_C": 1.03, "T180_C": 11.9, "T181_C": 1.03}
[2025-08-23 23:46:33] London vs Leeds - C Values: {"T7_C": 1.255, "T8_C": 3.92, "T9_C": 3.58, "T10_C": 1.29, "T11_C": 4.13, "T12_C": 1.232, "T13_C": 10, "T14_C": 1.048, "T180_C": 10, "T181_C": 1.048}
[2025-08-23 23:46:45] London vs Leeds - C Values: {"T7_C": 1.27, "T8_C": 3.76, "T9_C": 3.7, "T10_C": 1.275, "T11_C": 4.3, "T12_C": 1.22, "T13_C": 10, "T14_C": 1.048, "T180_C": 10, "T181_C": 1.048}
[2025-08-23 23:47:03] London vs Leeds - C Values: {"T7_C": 1.32, "T8_C": 3.36, "T9_C": 15, "T10_C": 1.01, "T11_C": 4.72, "T12_C": 1.19, "T13_C": 10, "T14_C": 1.048, "T180_C": 10, "T181_C": 1.048}
[2025-08-23 23:47:10] London vs Leeds - C Values: {"T7_C": 1.32, "T8_C": 3.36, "T9_C": 4.06, "T10_C": 1.24, "T11_C": 4.72, "T12_C": 1.19, "T13_C": 10, "T14_C": 1.048, "T180_C": 10, "T181_C": 1.048}
[2025-08-23 23:47:34] London vs Leeds - C Values: {"T7_C": 1.32, "T8_C": 3.36, "T9_C": 4.06, "T10_C": 1.24, "T11_C": 5.21, "T12_C": 1.16, "T13_C": 10, "T14_C": 1.048, "T180_C": 10, "T181_C": 1.048}
[2025-08-23 23:47:47] London vs Leeds - C Values: {"T7_C": 1.32, "T8_C": 3.36, "T11_C": 5.21, "T12_C": 1.16, "T13_C": 10, "T14_C": 1.048, "T180_C": 10, "T181_C": 1.048}
[2025-08-23 23:47:54] London vs Leeds - C Values: {"T7_C": 1.32, "T8_C": 3.36, "T11_C": 5.21, "T12_C": 1.16, "T13_C": 11.9, "T14_C": 1.03, "T180_C": 11.9, "T181_C": 1.03}
[2025-08-23 23:48:05] London vs Leeds - C Values: {"T7_C": 1.27, "T8_C": 3.76, "T9_C": 4.06, "T10_C": 1.24, "T11_C": 4.72, "T12_C": 1.19, "T13_C": 11.9, "T14_C": 1.03, "T180_C": 11.9, "T181_C": 1.03}
[2025-08-23 23:48:23] London vs Leeds - C Values: {"T7_C": 1.27, "T8_C": 3.76, "T9_C": 4.06, "T10_C": 1.24, "T11_C": 5.21, "T12_C": 1.16, "T13_C": 11.9, "T14_C": 1.03, "T180_C": 11.9, "T181_C": 1.03}
[2025-08-23 23:48:29] London vs Leeds - C Values: {"T7_C": 1.27, "T8_C": 3.76, "T11_C": 5.21, "T12_C": 1.16, "T13_C": 11.9, "T14_C": 1.03, "T180_C": 11.9, "T181_C": 1.03}
[2025-08-23 23:48:48] London vs Leeds - C Values: {"T7_C": 1.27, "T8_C": 3.76, "T9_C": 4.42, "T10_C": 1.21, "T11_C": 5.21, "T12_C": 1.16, "T13_C": 11.9, "T14_C": 1.03, "T180_C": 11.9, "T181_C": 1.03}
[2025-08-23 23:49:13] London vs Leeds - C Values: {"T7_C": 1.32, "T8_C": 3.36, "T9_C": 4.78, "T10_C": 1.184, "T11_C": 6.1, "T12_C": 1.125, "T13_C": 12.5, "T14_C": 1.025, "T180_C": 12.5, "T181_C": 1.025}
[2025-08-23 23:49:20] London vs Leeds - C Values: {"T7_C": 1.32, "T8_C": 3.36, "T11_C": 6.1, "T12_C": 1.125, "T13_C": 12.5, "T14_C": 1.025, "T180_C": 12.5, "T181_C": 1.025}
[2025-08-23 23:49:38] London vs Leeds - C Values: {"T7_C": 1.32, "T8_C": 3.36, "T9_C": 5.75, "T10_C": 1.136, "T11_C": 6.55, "T12_C": 1.11, "T13_C": 12.5, "T14_C": 1.025, "T180_C": 12.5, "T181_C": 1.025}
[2025-08-23 23:49:44] London vs Leeds - C Values: {"T7_C": 1.32, "T8_C": 3.36, "T9_C": 5.45, "T10_C": 1.15, "T11_C": 6.55, "T12_C": 1.11, "T13_C": 12.5, "T14_C": 1.025, "T180_C": 12.5, "T181_C": 1.025}
[2025-08-23 23:49:56] London vs Leeds - C Values: {"T7_C": 1.32, "T8_C": 3.36, "T11_C": 6.55, "T12_C": 1.11, "T13_C": 12.5, "T14_C": 1.025, "T180_C": 12.5, "T181_C": 1.025}
[2025-08-23 23:50:02] London vs Leeds - C Values: {"T7_C": 1.32, "T8_C": 3.36, "T9_C": 6.45, "T10_C": 1.112, "T11_C": 6.55, "T12_C": 1.11, "T13_C": 12.5, "T14_C": 1.025, "T180_C": 12.5, "T181_C": 1.025}
[2025-08-23 23:50:14] London vs Leeds - C Values: {"T7_C": 1.32, "T8_C": 3.36, "T9_C": 6.05, "T10_C": 1.125, "T11_C": 6.55, "T12_C": 1.11, "T13_C": 12.5, "T14_C": 1.025, "T180_C": 12.5, "T181_C": 1.025}
[2025-08-23 23:50:27] London vs Leeds - C Values: {"T7_C": 1.32, "T8_C": 3.36, "T9_C": 6.05, "T10_C": 1.125, "T11_C": 7.5, "T12_C": 1.09, "T13_C": 13.6, "T14_C": 1.02, "T180_C": 13.6, "T181_C": 1.02}
[2025-08-23 23:50:34] London vs Leeds - C Values: {"T7_C": 1.32, "T8_C": 3.36, "T11_C": 7.5, "T12_C": 1.09, "T13_C": 13.6, "T14_C": 1.02, "T180_C": 13.6, "T181_C": 1.02}
[2025-08-23 23:50:51] London vs Leeds - C Values: {"T7_C": 1.32, "T8_C": 3.36, "T9_C": 7.1, "T10_C": 1.096, "T11_C": 7.5, "T12_C": 1.09, "T13_C": 13.6, "T14_C": 1.02, "T180_C": 13.6, "T181_C": 1.02}
[2025-08-23 23:51:10] London vs Leeds - C Values: {"T7_C": 1.344, "T8_C": 3.22, "T11_C": 8.43, "T12_C": 1.07, "T13_C": 14.3, "T14_C": 1.016, "T180_C": 14.3, "T181_C": 1.016}
[2025-08-23 23:51:24] London vs Leeds - C Values: {"T7_C": 1.344, "T8_C": 3.22, "T11_C": 9.3, "T12_C": 1.056, "T13_C": 14.3, "T14_C": 1.016, "T180_C": 14.3, "T181_C": 1.016}
[2025-08-23 23:51:56] London vs Leeds - C Values: {"T7_C": 1.344, "T8_C": 3.22}
[2025-08-23 23:52:21] London vs Leeds - C Values: {"T9_C": 1.19, "T10_C": 4.66}
