[2025-08-23 23:11:07] Madrid vs Elche - C Values: {"T1_C": 1.07, "T2_C": 11, "T3_C": 26, "T4_C": 1.01, "T5_C": 1.06, "T6_C": 7.79, "T7_C": 2.04, "T8_C": 1.775, "T9_C": 1.94, "T10_C": 1.86, "T11_C": 1.93, "T12_C": 1.87, "T13_C": 2.085, "T14_C": 1.744, "T180_C": 2.085, "T181_C": 1.744}
[2025-08-23 23:11:24] Madrid vs Elche - C Values: {"T1_C": 1.07, "T2_C": 10, "T3_C": 26, "T4_C": 1.01, "T5_C": 1.07, "T6_C": 7.35, "T7_C": 2.07, "T8_C": 1.752, "T9_C": 1.94, "T10_C": 1.86, "T11_C": 2.03, "T12_C": 1.784, "T13_C": 2.085, "T14_C": 1.744, "T180_C": 2.085, "T181_C": 1.744}
[2025-08-23 23:11:30] Madrid vs Elche - C Values: {"T1_C": 1.07, "T2_C": 12, "T3_C": 28, "T4_C": 1.005, "T5_C": 1.05, "T6_C": 8.5, "T7_C": 2.07, "T8_C": 1.752, "T9_C": 1.94, "T10_C": 1.86, "T11_C": 1.93, "T12_C": 1.87, "T13_C": 2.085, "T14_C": 1.744, "T180_C": 2.085, "T181_C": 1.744}
[2025-08-23 23:11:36] Madrid vs Elche - C Values: {"T1_C": 1.07, "T2_C": 10, "T3_C": 26, "T4_C": 1.01, "T5_C": 1.07, "T6_C": 7.35, "T7_C": 2.07, "T8_C": 1.752, "T9_C": 1.94, "T10_C": 1.86, "T11_C": 2.03, "T12_C": 1.784, "T13_C": 2.085, "T14_C": 1.744, "T180_C": 2.085, "T181_C": 1.744}
[2025-08-23 23:11:43] Madrid vs Elche - C Values: {"T1_C": 1.07, "T2_C": 11, "T3_C": 26, "T4_C": 1.01, "T5_C": 1.06, "T6_C": 7.79, "T7_C": 2.04, "T8_C": 1.775, "T9_C": 1.94, "T10_C": 1.86, "T11_C": 1.93, "T12_C": 1.87, "T13_C": 2.085, "T14_C": 1.744, "T180_C": 2.085, "T181_C": 1.744}
[2025-08-23 23:12:01] Madrid vs Elche - C Values: {"T1_C": 1.07, "T2_C": 10, "T3_C": 26, "T4_C": 1.01, "T5_C": 1.07, "T6_C": 7.35, "T7_C": 2.07, "T8_C": 1.752, "T9_C": 1.94, "T10_C": 1.86, "T11_C": 2.03, "T12_C": 1.784, "T13_C": 2.085, "T14_C": 1.744, "T180_C": 2.085, "T181_C": 1.744}
[2025-08-23 23:12:08] Madrid vs Elche - C Values: {"T1_C": 1.07, "T2_C": 10, "T3_C": 26, "T4_C": 1.01, "T5_C": 1.07, "T6_C": 7.35, "T7_C": 2.07, "T8_C": 1.752, "T9_C": 1.94, "T10_C": 1.86, "T11_C": 2.03, "T12_C": 1.784, "T13_C": 1.98, "T14_C": 1.825, "T180_C": 1.98, "T181_C": 1.825}
[2025-08-23 23:12:27] Madrid vs Elche - C Values: {"T1_C": 1.07, "T2_C": 12, "T3_C": 28, "T4_C": 1.005, "T5_C": 1.05, "T6_C": 8.5, "T7_C": 2.07, "T8_C": 1.752, "T9_C": 1.94, "T10_C": 1.86, "T11_C": 2.03, "T12_C": 1.784, "T13_C": 1.98, "T14_C": 1.825, "T180_C": 1.98, "T181_C": 1.825}
[2025-08-23 23:13:11] Madrid vs Elche - C Values: {"T1_C": 1.07, "T2_C": 12, "T3_C": 28, "T4_C": 1.005, "T5_C": 1.05, "T6_C": 8.5, "T7_C": 2.115, "T8_C": 1.725, "T9_C": 1.94, "T10_C": 1.86, "T11_C": 2.03, "T12_C": 1.784, "T13_C": 1.98, "T14_C": 1.825, "T180_C": 1.98, "T181_C": 1.825}
[2025-08-23 23:14:18] Madrid vs Elche - C Values: {"T1_C": 1.07, "T2_C": 12, "T3_C": 28, "T4_C": 1.005, "T5_C": 1.05, "T6_C": 8.5, "T7_C": 2.165, "T8_C": 1.696, "T9_C": 1.94, "T10_C": 1.86, "T11_C": 2.1, "T12_C": 1.736, "T13_C": 1.98, "T14_C": 1.825, "T180_C": 1.98, "T181_C": 1.825}
[2025-08-23 23:14:38] Madrid vs Elche - C Values: {"T1_C": 1.07, "T2_C": 12, "T3_C": 28, "T4_C": 1.005, "T5_C": 1.05, "T6_C": 8.5, "T7_C": 2.115, "T8_C": 1.725, "T9_C": 1.94, "T10_C": 1.86, "T11_C": 2.03, "T12_C": 1.784, "T13_C": 1.98, "T14_C": 1.825, "T180_C": 1.98, "T181_C": 1.825}
[2025-08-23 23:14:44] Madrid vs Elche - C Values: {"T1_C": 1.07, "T2_C": 12, "T3_C": 28, "T4_C": 1.005, "T5_C": 1.05, "T6_C": 8.5, "T7_C": 2.115, "T8_C": 1.725, "T9_C": 1.94, "T10_C": 1.86, "T11_C": 2.03, "T12_C": 1.784, "T13_C": 1.885, "T14_C": 1.915, "T180_C": 1.885, "T181_C": 1.915}
[2025-08-23 23:15:10] Madrid vs Elche - C Values: {"T1_C": 1.07, "T2_C": 12, "T3_C": 28, "T4_C": 1.005, "T5_C": 1.05, "T6_C": 8.5, "T7_C": 2.165, "T8_C": 1.696, "T9_C": 1.94, "T10_C": 1.86, "T11_C": 2.1, "T12_C": 1.736, "T13_C": 1.885, "T14_C": 1.915, "T180_C": 1.885, "T181_C": 1.915}
[2025-08-23 23:15:23] Madrid vs Elche - C Values: {"T1_C": 1.07, "T2_C": 12, "T3_C": 28, "T4_C": 1.005, "T5_C": 1.05, "T6_C": 8.5, "T7_C": 2.115, "T8_C": 1.725, "T9_C": 1.94, "T10_C": 1.86, "T11_C": 2.03, "T12_C": 1.784, "T13_C": 1.885, "T14_C": 1.915, "T180_C": 1.885, "T181_C": 1.915}
[2025-08-23 23:15:29] Madrid vs Elche - C Values: {"T1_C": 1.3, "T2_C": 5.25, "T3_C": 10.5, "T4_C": 1.064, "T5_C": 1.18, "T6_C": 3.51, "T7_C": 2.03, "T8_C": 1.784, "T9_C": 1.94, "T10_C": 1.86, "T11_C": 2.03, "T12_C": 1.784, "T13_C": 2.145, "T14_C": 1.704, "T180_C": 1.94, "T181_C": 1.86}
[2025-08-23 23:15:35] Madrid vs Elche - C Values: {"T1_C": 1.296, "T2_C": 5.25, "T3_C": 11, "T4_C": 1.064, "T5_C": 1.18, "T6_C": 3.51, "T7_C": 1.98, "T8_C": 1.825, "T9_C": 1.94, "T10_C": 1.86, "T11_C": 1.93, "T12_C": 1.87, "T13_C": 2.045, "T14_C": 1.775, "T180_C": 1.865, "T181_C": 1.936}
[2025-08-23 23:15:54] Madrid vs Elche - C Values: {"T1_C": 1.325, "T2_C": 5, "T3_C": 9.9, "T4_C": 1.075, "T5_C": 1.19, "T6_C": 3.275, "T7_C": 2.01, "T8_C": 1.8, "T9_C": 1.94, "T10_C": 1.86, "T11_C": 1.93, "T12_C": 1.87, "T13_C": 1.95, "T14_C": 1.85}
[2025-08-23 23:16:01] Madrid vs Elche - C Values: {"T1_C": 1.355, "T2_C": 4.76, "T3_C": 9.4, "T4_C": 1.08, "T5_C": 1.208, "T6_C": 3.115, "T7_C": 2.04, "T8_C": 1.775, "T9_C": 1.94, "T10_C": 1.86, "T11_C": 2.03, "T12_C": 1.784, "T13_C": 1.95, "T14_C": 1.85}
[2025-08-23 23:16:30] Madrid vs Elche - C Values: {"T1_C": 1.296, "T2_C": 5.25, "T3_C": 11, "T4_C": 1.064, "T5_C": 1.18, "T6_C": 3.51, "T7_C": 1.955, "T8_C": 1.848, "T9_C": 1.94, "T10_C": 1.86, "T11_C": 1.93, "T12_C": 1.87, "T13_C": 2.045, "T14_C": 1.775}
[2025-08-23 23:16:36] Madrid vs Elche - C Values: {"T1_C": 1.28, "T2_C": 5.1, "T3_C": 12.5, "T4_C": 1.05, "T5_C": 1.184, "T6_C": 3.62, "T7_C": 1.955, "T8_C": 1.848, "T9_C": 2.184, "T10_C": 1.68, "T11_C": 2.03, "T12_C": 1.784, "T13_C": 2.305, "T14_C": 1.616}
[2025-08-23 23:16:56] Madrid vs Elche - C Values: {"T1_C": 1.28, "T2_C": 5.1, "T3_C": 12.5, "T4_C": 1.05, "T5_C": 1.184, "T6_C": 3.62, "T7_C": 1.955, "T8_C": 1.848, "T9_C": 2.184, "T10_C": 1.68, "T11_C": 2.03, "T12_C": 1.784, "T13_C": 2.41, "T14_C": 1.568}
[2025-08-23 23:17:02] Madrid vs Elche - C Values: {"T1_C": 1.296, "T2_C": 5, "T3_C": 12, "T4_C": 1.056, "T5_C": 1.19, "T6_C": 3.51, "T7_C": 1.98, "T8_C": 1.825, "T9_C": 2.184, "T10_C": 1.68, "T11_C": 2.03, "T12_C": 1.784, "T13_C": 2.305, "T14_C": 1.616}
[2025-08-23 23:17:27] Madrid vs Elche - C Values: {"T1_C": 1.296, "T2_C": 5, "T3_C": 12, "T4_C": 1.056, "T5_C": 1.19, "T6_C": 3.51, "T7_C": 2.02, "T8_C": 1.79, "T9_C": 2.184, "T10_C": 1.68, "T11_C": 2.1, "T12_C": 1.736, "T13_C": 2.305, "T14_C": 1.616}
[2025-08-23 23:17:33] Madrid vs Elche - C Values: {"T1_C": 1.33, "T2_C": 4.82, "T3_C": 10.5, "T4_C": 1.07, "T5_C": 1.2, "T6_C": 3.275, "T7_C": 2.04, "T8_C": 1.775, "T9_C": 2.184, "T10_C": 1.68, "T11_C": 2.1, "T12_C": 1.736, "T13_C": 2.2, "T14_C": 1.67}
[2025-08-23 23:17:58] Madrid vs Elche - C Values: {"T1_C": 1.296, "T2_C": 5, "T3_C": 12, "T4_C": 1.056, "T5_C": 1.19, "T6_C": 3.51, "T7_C": 2.01, "T8_C": 1.8, "T9_C": 2.184, "T10_C": 1.68, "T11_C": 2.03, "T12_C": 1.784, "T13_C": 2.2, "T14_C": 1.67}
[2025-08-23 23:18:03] Madrid vs Elche - C Values: {"T1_C": 1.296, "T2_C": 5, "T3_C": 12, "T4_C": 1.056, "T5_C": 1.19, "T6_C": 3.51, "T7_C": 1.98, "T8_C": 1.825, "T9_C": 2.07, "T10_C": 1.752, "T11_C": 2.03, "T12_C": 1.784, "T13_C": 2.2, "T14_C": 1.67}
[2025-08-23 23:18:28] Madrid vs Elche - C Values: {"T1_C": 1.296, "T2_C": 5, "T3_C": 12, "T4_C": 1.056, "T5_C": 1.19, "T6_C": 3.51, "T7_C": 1.984, "T8_C": 1.82, "T9_C": 2.07, "T10_C": 1.752, "T11_C": 2.03, "T12_C": 1.784, "T13_C": 2.2, "T14_C": 1.67}
[2025-08-23 23:18:34] Madrid vs Elche - C Values: {"T1_C": 1.325, "T2_C": 4.74, "T3_C": 11.5, "T4_C": 1.06, "T5_C": 1.208, "T6_C": 3.315, "T7_C": 2.01, "T8_C": 1.8, "T9_C": 2.184, "T10_C": 1.68, "T11_C": 2.1, "T12_C": 1.736, "T13_C": 2.2, "T14_C": 1.67}
[2025-08-23 23:18:40] Madrid vs Elche - C Values: {"T1_C": 1.296, "T2_C": 5, "T3_C": 12, "T4_C": 1.056, "T5_C": 1.19, "T6_C": 3.51, "T7_C": 1.98, "T8_C": 1.825, "T9_C": 2.07, "T10_C": 1.752, "T11_C": 2.03, "T12_C": 1.784, "T13_C": 2.136, "T14_C": 1.71}
[2025-08-23 23:18:46] Madrid vs Elche - C Values: {"T1_C": 1.33, "T2_C": 4.82, "T3_C": 10.5, "T4_C": 1.07, "T5_C": 1.2, "T6_C": 3.275, "T7_C": 2.01, "T8_C": 1.8, "T9_C": 2.07, "T10_C": 1.752, "T11_C": 2.03, "T12_C": 1.784, "T13_C": 2.045, "T14_C": 1.775}
[2025-08-23 23:19:20] Madrid vs Elche - C Values: {"T1_C": 1.325, "T2_C": 4.9, "T3_C": 10, "T4_C": 1.07, "T5_C": 1.195, "T6_C": 3.275, "T7_C": 2.01, "T8_C": 1.8, "T9_C": 2.07, "T10_C": 1.752, "T11_C": 2.03, "T12_C": 1.784, "T13_C": 2.045, "T14_C": 1.775}
[2025-08-23 23:19:25] Madrid vs Elche - C Values: {"T1_C": 1.33, "T2_C": 4.82, "T3_C": 10.5, "T4_C": 1.07, "T5_C": 1.2, "T6_C": 3.275, "T7_C": 2.04, "T8_C": 1.775, "T9_C": 2.07, "T10_C": 1.752, "T11_C": 2.03, "T12_C": 1.784, "T13_C": 2.045, "T14_C": 1.775}
[2025-08-23 23:19:43] Madrid vs Elche - C Values: {"T1_C": 1.33, "T2_C": 4.82, "T3_C": 10.5, "T4_C": 1.07, "T5_C": 1.2, "T6_C": 3.275, "T7_C": 2.04, "T8_C": 1.775, "T9_C": 2.07, "T10_C": 1.752, "T11_C": 2.03, "T12_C": 1.784, "T13_C": 2.136, "T14_C": 1.71}
[2025-08-23 23:19:56] Madrid vs Elche - C Values: {"T1_C": 1.325, "T2_C": 4.9, "T3_C": 10, "T4_C": 1.07, "T5_C": 1.195, "T6_C": 3.275, "T7_C": 2.04, "T8_C": 1.775, "T9_C": 2.07, "T10_C": 1.752, "T11_C": 2.1, "T12_C": 1.736, "T13_C": 2.136, "T14_C": 1.71}
[2025-08-23 23:20:01] Madrid vs Elche - C Values: {"T1_C": 1.325, "T2_C": 4.9, "T3_C": 10, "T4_C": 1.07, "T5_C": 1.195, "T6_C": 3.275, "T7_C": 2.04, "T8_C": 1.775, "T9_C": 2.07, "T10_C": 1.752, "T11_C": 2.03, "T12_C": 1.784, "T13_C": 2.045, "T14_C": 1.775}
[2025-08-23 23:20:08] Madrid vs Elche - C Values: {"T1_C": 1.325, "T2_C": 4.9, "T3_C": 10, "T4_C": 1.07, "T5_C": 1.195, "T6_C": 3.275, "T7_C": 2.04, "T8_C": 1.775, "T9_C": 2.07, "T10_C": 1.752, "T11_C": 2.1, "T12_C": 1.736, "T13_C": 2.136, "T14_C": 1.71}
[2025-08-23 23:20:26] Madrid vs Elche - C Values: {"T1_C": 1.36, "T2_C": 4.54, "T3_C": 10, "T4_C": 1.075, "T5_C": 1.22, "T6_C": 3.096, "T7_C": 2.07, "T8_C": 1.752, "T9_C": 2.07, "T10_C": 1.752, "T11_C": 2.1, "T12_C": 1.736, "T13_C": 2.045, "T14_C": 1.775}
[2025-08-23 23:20:33] Madrid vs Elche - C Values: {"T1_C": 1.36, "T2_C": 4.54, "T3_C": 10, "T4_C": 1.075, "T5_C": 1.22, "T6_C": 3.096, "T7_C": 2.07, "T8_C": 1.752, "T9_C": 1.975, "T10_C": 1.83, "T11_C": 2.1, "T12_C": 1.736, "T13_C": 2.045, "T14_C": 1.775}
[2025-08-23 23:20:52] Madrid vs Elche - C Values: {"T1_C": 1.36, "T2_C": 4.54, "T3_C": 10, "T4_C": 1.075, "T5_C": 1.22, "T6_C": 3.096, "T7_C": 2.07, "T8_C": 1.752, "T9_C": 2.08, "T10_C": 1.75, "T11_C": 2.1, "T12_C": 1.736, "T13_C": 2.136, "T14_C": 1.71}
[2025-08-23 23:21:09] Madrid vs Elche - C Values: {"T1_C": 1.36, "T2_C": 4.54, "T3_C": 10, "T4_C": 1.075, "T5_C": 1.22, "T6_C": 3.096, "T7_C": 2.115, "T8_C": 1.725, "T9_C": 2.08, "T10_C": 1.75, "T11_C": 2.1, "T12_C": 1.736, "T13_C": 2.045, "T14_C": 1.775}
[2025-08-23 23:21:27] Madrid vs Elche - C Values: {"T1_C": 1.36, "T2_C": 4.62, "T3_C": 9.7, "T4_C": 1.08, "T5_C": 1.216, "T6_C": 3.096, "T7_C": 2.115, "T8_C": 1.725, "T9_C": 2.08, "T10_C": 1.75, "T11_C": 2.1, "T12_C": 1.736, "T13_C": 2.045, "T14_C": 1.775}
[2025-08-23 23:21:34] Madrid vs Elche - C Values: {"T1_C": 1.36, "T2_C": 4.62, "T3_C": 9.7, "T4_C": 1.08, "T5_C": 1.216, "T6_C": 3.096, "T7_C": 2.115, "T8_C": 1.725, "T9_C": 2.08, "T10_C": 1.75, "T11_C": 2.216, "T12_C": 1.66, "T13_C": 2.136, "T14_C": 1.71}
[2025-08-23 23:21:40] Madrid vs Elche - C Values: {"T1_C": 1.39, "T2_C": 4.5, "T3_C": 8.9, "T4_C": 1.09, "T5_C": 1.225, "T6_C": 2.95, "T7_C": 2.16, "T8_C": 1.696, "T9_C": 2.08, "T10_C": 1.75, "T11_C": 2.216, "T12_C": 1.66, "T13_C": 2.045, "T14_C": 1.775}
[2025-08-23 23:21:59] Madrid vs Elche - C Values: {"T1_C": 1.36, "T2_C": 4.62, "T3_C": 9.7, "T4_C": 1.08, "T5_C": 1.216, "T6_C": 3.096, "T7_C": 2.16, "T8_C": 1.696, "T9_C": 2.08, "T10_C": 1.75, "T11_C": 2.1, "T12_C": 1.736, "T13_C": 2.045, "T14_C": 1.775}
[2025-08-23 23:22:05] Madrid vs Elche - C Values: {"T1_C": 1.36, "T2_C": 4.62, "T3_C": 9.7, "T4_C": 1.08, "T5_C": 1.216, "T6_C": 3.096, "T7_C": 2.115, "T8_C": 1.725, "T9_C": 2.184, "T10_C": 1.68, "T11_C": 2.1, "T12_C": 1.736, "T13_C": 2.045, "T14_C": 1.775}
[2025-08-23 23:22:11] Madrid vs Elche - C Values: {"T1_C": 1.36, "T2_C": 4.62, "T3_C": 9.7, "T4_C": 1.08, "T5_C": 1.216, "T6_C": 3.096, "T7_C": 2.115, "T8_C": 1.725, "T9_C": 2.184, "T10_C": 1.68, "T11_C": 2.1, "T12_C": 1.736, "T13_C": 2.136, "T14_C": 1.71}
[2025-08-23 23:22:23] Madrid vs Elche - C Values: {"T1_C": 1.36, "T2_C": 4.62, "T3_C": 9.7, "T4_C": 1.08, "T5_C": 1.216, "T6_C": 3.096, "T7_C": 2.16, "T8_C": 1.696, "T9_C": 2.184, "T10_C": 1.68, "T11_C": 2.216, "T12_C": 1.66, "T13_C": 2.136, "T14_C": 1.71}
[2025-08-23 23:22:41] Madrid vs Elche - C Values: {"T1_C": 1.36, "T2_C": 4.62, "T3_C": 9.7, "T4_C": 1.08, "T5_C": 1.216, "T6_C": 3.096, "T7_C": 2.16, "T8_C": 1.696, "T9_C": 2.184, "T10_C": 1.68, "T11_C": 2.216, "T12_C": 1.66, "T13_C": 2.045, "T14_C": 1.775}
[2025-08-23 23:23:06] Madrid vs Elche - C Values: {"T1_C": 1.36, "T2_C": 4.58, "T3_C": 9.9, "T4_C": 1.075, "T5_C": 1.22, "T6_C": 3.096, "T7_C": 2.16, "T8_C": 1.696, "T9_C": 2.184, "T10_C": 1.68, "T11_C": 2.216, "T12_C": 1.66, "T13_C": 2.136, "T14_C": 1.71}
[2025-08-23 23:23:33] Madrid vs Elche - C Values: {"T1_C": 1.392, "T2_C": 4.34, "T3_C": 9.4, "T4_C": 1.08, "T5_C": 1.235, "T6_C": 2.94, "T7_C": 2.208, "T8_C": 1.665, "T9_C": 1.656, "T10_C": 2.225, "T11_C": 2.216, "T12_C": 1.66, "T13_C": 2.136, "T14_C": 1.71}
[2025-08-23 23:24:05] Madrid vs Elche - C Values: {"T1_C": 1.4, "T2_C": 4.38, "T3_C": 9, "T4_C": 1.09, "T5_C": 1.23, "T6_C": 2.915, "T7_C": 2.208, "T8_C": 1.665, "T9_C": 2.184, "T10_C": 1.68, "T11_C": 2.216, "T12_C": 1.66, "T13_C": 2.045, "T14_C": 1.775}
[2025-08-23 23:24:11] Madrid vs Elche - C Values: {"T1_C": 1.392, "T2_C": 4.34, "T3_C": 9.4, "T4_C": 1.08, "T5_C": 1.235, "T6_C": 2.94, "T7_C": 2.208, "T8_C": 1.665, "T9_C": 1.656, "T10_C": 2.225, "T11_C": 2.216, "T12_C": 1.66, "T13_C": 2.136, "T14_C": 1.71}
[2025-08-23 23:24:23] Madrid vs Elche - C Values: {"T1_C": 1.392, "T2_C": 4.34, "T3_C": 9.4, "T4_C": 1.08, "T5_C": 1.235, "T6_C": 2.94, "T7_C": 2.208, "T8_C": 1.665, "T9_C": 1.656, "T10_C": 2.225, "T11_C": 1.696, "T12_C": 2.16, "T13_C": 2.136, "T14_C": 1.71}
[2025-08-23 23:25:24] Madrid vs Elche - C Values: {"T1_C": 1.392, "T2_C": 4.34, "T3_C": 9.4, "T4_C": 1.08, "T5_C": 1.235, "T6_C": 2.94, "T7_C": 2.208, "T8_C": 1.665, "T9_C": 1.685, "T10_C": 2.175, "T11_C": 1.696, "T12_C": 2.16, "T13_C": 2.136, "T14_C": 1.71}
[2025-08-23 23:25:50] Madrid vs Elche - C Values: {"T1_C": 1.392, "T2_C": 4.34, "T3_C": 9.4, "T4_C": 1.08, "T5_C": 1.235, "T6_C": 2.94, "T7_C": 1.656, "T8_C": 2.225, "T9_C": 1.685, "T10_C": 2.175, "T11_C": 1.696, "T12_C": 2.16, "T13_C": 2.136, "T14_C": 1.71}
[2025-08-23 23:26:15] Madrid vs Elche - C Values: {"T1_C": 1.392, "T2_C": 4.34, "T3_C": 9.4, "T4_C": 1.08, "T5_C": 1.235, "T6_C": 2.94, "T7_C": 1.656, "T8_C": 2.225, "T9_C": 1.74, "T10_C": 2.096, "T11_C": 1.696, "T12_C": 2.16, "T13_C": 2.136, "T14_C": 1.71}
[2025-08-23 23:26:40] Madrid vs Elche - C Values: {"T1_C": 1.4, "T2_C": 4.38, "T3_C": 9, "T4_C": 1.09, "T5_C": 1.23, "T6_C": 2.915, "T7_C": 1.685, "T8_C": 2.175, "T9_C": 1.74, "T10_C": 2.096, "T11_C": 1.696, "T12_C": 2.16, "T13_C": 2.136, "T14_C": 1.71}
[2025-08-23 23:26:45] Madrid vs Elche - C Values: {"T1_C": 1.392, "T2_C": 4.34, "T3_C": 9.4, "T4_C": 1.08, "T5_C": 1.235, "T6_C": 2.94, "T7_C": 1.656, "T8_C": 2.225, "T9_C": 1.74, "T10_C": 2.096, "T11_C": 1.696, "T12_C": 2.16, "T13_C": 2.136, "T14_C": 1.71}
[2025-08-23 23:26:57] Madrid vs Elche - C Values: {"T1_C": 1.392, "T2_C": 4.34, "T3_C": 9.4, "T4_C": 1.08, "T5_C": 1.235, "T6_C": 2.94, "T7_C": 1.685, "T8_C": 2.175, "T9_C": 1.775, "T10_C": 2.048, "T11_C": 1.696, "T12_C": 2.16, "T13_C": 2.136, "T14_C": 1.71}
[2025-08-23 23:27:03] Madrid vs Elche - C Values: {"T1_C": 1.392, "T2_C": 4.34, "T3_C": 9.4, "T4_C": 1.08, "T5_C": 1.235, "T6_C": 2.94, "T7_C": 1.656, "T8_C": 2.225, "T9_C": 1.775, "T10_C": 2.048, "T11_C": 1.696, "T12_C": 2.16, "T13_C": 2.2, "T14_C": 1.67}
[2025-08-23 23:27:10] Madrid vs Elche - C Values: {"T1_C": 1.384, "T2_C": 4.3, "T3_C": 9.9, "T4_C": 1.075, "T5_C": 1.235, "T6_C": 2.975, "T7_C": 1.656, "T8_C": 2.225, "T9_C": 1.79, "T10_C": 2.02, "T11_C": 1.696, "T12_C": 2.16, "T13_C": 2.2, "T14_C": 1.67}
[2025-08-23 23:27:15] Madrid vs Elche - C Values: {"T1_C": 1.392, "T2_C": 4.34, "T3_C": 9.4, "T4_C": 1.08, "T5_C": 1.235, "T6_C": 2.94, "T7_C": 1.685, "T8_C": 2.175, "T9_C": 1.79, "T10_C": 2.02, "T11_C": 1.696, "T12_C": 2.16, "T13_C": 2.2, "T14_C": 1.67}
[2025-08-23 23:27:45] Madrid vs Elche - C Values: {"T1_C": 1.392, "T2_C": 4.34, "T3_C": 9.4, "T4_C": 1.08, "T5_C": 1.235, "T6_C": 2.94, "T7_C": 1.685, "T8_C": 2.175, "T9_C": 1.775, "T10_C": 2.048, "T11_C": 1.696, "T12_C": 2.16, "T13_C": 2.136, "T14_C": 1.71}
[2025-08-23 23:27:58] Madrid vs Elche - C Values: {"T1_C": 1.392, "T2_C": 4.34, "T3_C": 9.4, "T4_C": 1.08, "T5_C": 1.235, "T6_C": 2.94, "T7_C": 1.685, "T8_C": 2.175, "T9_C": 1.79, "T10_C": 2.02, "T11_C": 1.696, "T12_C": 2.16, "T13_C": 2.2, "T14_C": 1.67}
[2025-08-23 23:28:17] Madrid vs Elche - C Values: {"T1_C": 1.384, "T2_C": 4.3, "T3_C": 9.9, "T4_C": 1.075, "T5_C": 1.235, "T6_C": 2.975, "T7_C": 1.656, "T8_C": 2.225, "T9_C": 1.79, "T10_C": 2.02, "T11_C": 1.696, "T12_C": 2.16, "T13_C": 2.2, "T14_C": 1.67}
[2025-08-23 23:28:42] Madrid vs Elche - C Values: {"T1_C": 1.384, "T2_C": 4.3, "T3_C": 9.9, "T4_C": 1.075, "T5_C": 1.235, "T6_C": 2.975, "T7_C": 1.656, "T8_C": 2.225, "T9_C": 1.81, "T10_C": 1.995, "T11_C": 1.765, "T12_C": 2.06, "T13_C": 2.305, "T14_C": 1.616}
[2025-08-23 23:29:04] Madrid vs Elche - C Values: {"T1_C": 1.4, "T2_C": 4.12, "T3_C": 10, "T4_C": 1.07, "T5_C": 1.25, "T6_C": 2.915, "T7_C": 1.685, "T8_C": 2.175, "T9_C": 1.81, "T10_C": 1.995, "T11_C": 1.765, "T12_C": 2.06, "T13_C": 2.305, "T14_C": 1.616}
[2025-08-23 23:29:51] Madrid vs Elche - C Values: {"T1_C": 1.4, "T2_C": 4.2, "T3_C": 9.9, "T4_C": 1.075, "T5_C": 1.248, "T6_C": 2.915, "T7_C": 1.704, "T8_C": 2.145, "T9_C": 1.83, "T10_C": 1.975, "T11_C": 1.765, "T12_C": 2.06, "T13_C": 2.305, "T14_C": 1.616}
[2025-08-23 23:29:57] Madrid vs Elche - C Values: {"T1_C": 1.432, "T2_C": 4, "T3_C": 9.4, "T4_C": 1.08, "T5_C": 1.264, "T6_C": 2.775, "T7_C": 1.725, "T8_C": 2.115, "T9_C": 1.83, "T10_C": 1.975, "T11_C": 1.81, "T12_C": 2, "T13_C": 2.2, "T14_C": 1.67}
[2025-08-23 23:30:17] Madrid vs Elche - C Values: {"T1_C": 1.44, "T2_C": 4.02, "T3_C": 9, "T4_C": 1.09, "T5_C": 1.26, "T6_C": 2.744, "T7_C": 1.715, "T8_C": 2.13, "T9_C": 1.83, "T10_C": 1.975, "T11_C": 1.81, "T12_C": 2, "T13_C": 2.2, "T14_C": 1.67}
[2025-08-23 23:30:28] Madrid vs Elche - C Values: {"T1_C": 1.432, "T2_C": 4, "T3_C": 9.4, "T4_C": 1.08, "T5_C": 1.264, "T6_C": 2.775, "T7_C": 1.715, "T8_C": 2.13, "T9_C": 1.85, "T10_C": 1.95, "T11_C": 1.81, "T12_C": 2, "T13_C": 2.2, "T14_C": 1.67}
[2025-08-23 23:31:12] Madrid vs Elche - C Values: {"T1_C": 1.432, "T2_C": 4, "T3_C": 9.4, "T4_C": 1.08, "T5_C": 1.264, "T6_C": 2.775, "T7_C": 1.715, "T8_C": 2.13, "T9_C": 1.9, "T10_C": 1.9, "T11_C": 1.81, "T12_C": 2, "T13_C": 2.305, "T14_C": 1.616}
[2025-08-23 23:31:18] Madrid vs Elche - C Values: {"T1_C": 1.432, "T2_C": 4, "T3_C": 9.4, "T4_C": 1.08, "T5_C": 1.264, "T6_C": 2.775, "T7_C": 1.744, "T8_C": 2.085, "T9_C": 1.925, "T10_C": 1.875, "T11_C": 1.81, "T12_C": 2, "T13_C": 2.305, "T14_C": 1.616}
[2025-08-23 23:31:36] Madrid vs Elche - C Values: {"T1_C": 1.432, "T2_C": 4, "T3_C": 9.4, "T4_C": 1.08, "T5_C": 1.264, "T6_C": 2.775, "T7_C": 1.744, "T8_C": 2.085, "T9_C": 1.9, "T10_C": 1.9, "T11_C": 1.81, "T12_C": 2, "T13_C": 2.305, "T14_C": 1.616}
[2025-08-23 23:31:55] Madrid vs Elche - C Values: {"T1_C": 1.432, "T2_C": 4, "T3_C": 9.4, "T4_C": 1.08, "T5_C": 1.264, "T6_C": 2.775, "T7_C": 1.744, "T8_C": 2.085, "T9_C": 1.925, "T10_C": 1.875, "T11_C": 1.81, "T12_C": 2, "T13_C": 2.305, "T14_C": 1.616}
[2025-08-23 23:32:13] Madrid vs Elche - C Values: {"T1_C": 1.432, "T2_C": 4, "T3_C": 9.4, "T4_C": 1.08, "T5_C": 1.264, "T6_C": 2.775, "T7_C": 1.744, "T8_C": 2.085, "T9_C": 2.025, "T10_C": 1.785, "T11_C": 2, "T12_C": 1.81, "T13_C": 2.55, "T14_C": 1.512}
[2025-08-23 23:33:17] Madrid vs Elche - C Values: {"T1_C": 1.432, "T2_C": 4, "T3_C": 9.4, "T4_C": 1.08, "T5_C": 1.264, "T6_C": 2.775, "T7_C": 1.715, "T8_C": 2.13, "T9_C": 2, "T10_C": 1.808, "T11_C": 2, "T12_C": 1.81, "T13_C": 2.55, "T14_C": 1.512}
[2025-08-23 23:33:28] Madrid vs Elche - C Values: {"T1_C": 1.432, "T2_C": 4, "T3_C": 9.4, "T4_C": 1.08, "T5_C": 1.264, "T6_C": 2.775, "T7_C": 1.715, "T8_C": 2.13, "T9_C": 2.025, "T10_C": 1.785, "T11_C": 2, "T12_C": 1.81, "T13_C": 2.55, "T14_C": 1.512}
[2025-08-23 23:33:34] Madrid vs Elche - C Values: {"T1_C": 1.432, "T2_C": 4, "T3_C": 9.4, "T4_C": 1.08, "T5_C": 1.264, "T6_C": 2.775, "T7_C": 1.744, "T8_C": 2.085, "T9_C": 2.055, "T10_C": 1.77, "T11_C": 2, "T12_C": 1.81, "T13_C": 2.55, "T14_C": 1.512}
[2025-08-23 23:34:26] Madrid vs Elche - C Values: {"T1_C": 1.432, "T2_C": 4, "T3_C": 9.4, "T4_C": 1.08, "T5_C": 1.264, "T6_C": 2.775, "T7_C": 1.744, "T8_C": 2.085, "T9_C": 2.085, "T10_C": 1.744, "T11_C": 2, "T12_C": 1.81, "T13_C": 2.664, "T14_C": 1.475}
[2025-08-23 23:35:14] Madrid vs Elche - C Values: {"T1_C": 1.456, "T2_C": 3.8, "T3_C": 9.6, "T4_C": 1.08, "T5_C": 1.285, "T6_C": 2.7, "T7_C": 1.768, "T8_C": 2.055, "T9_C": 2.115, "T10_C": 1.725, "T11_C": 2.06, "T12_C": 1.765, "T13_C": 2.664, "T14_C": 1.475}
[2025-08-23 23:35:50] Madrid vs Elche - C Values: {"T1_C": 1.456, "T2_C": 3.8, "T3_C": 9.6, "T4_C": 1.08, "T5_C": 1.285, "T6_C": 2.7, "T7_C": 1.768, "T8_C": 2.055, "T9_C": 2.145, "T10_C": 1.704, "T11_C": 2.06, "T12_C": 1.765, "T13_C": 2.664, "T14_C": 1.475}
[2025-08-23 23:36:09] Madrid vs Elche - C Values: {"T1_C": 1.456, "T2_C": 3.8, "T3_C": 9.6, "T4_C": 1.08, "T5_C": 1.285, "T6_C": 2.7, "T7_C": 1.785, "T8_C": 2.025, "T9_C": 2.145, "T10_C": 1.704, "T11_C": 2.06, "T12_C": 1.765, "T13_C": 2.664, "T14_C": 1.475}
[2025-08-23 23:36:26] Madrid vs Elche - C Values: {"T1_C": 1.456, "T2_C": 3.8, "T3_C": 9.6, "T4_C": 1.08, "T5_C": 1.285, "T6_C": 2.7, "T7_C": 1.785, "T8_C": 2.025, "T9_C": 2.184, "T10_C": 1.68, "T11_C": 2.06, "T12_C": 1.765, "T13_C": 2.664, "T14_C": 1.475}
[2025-08-23 23:37:04] Madrid vs Elche - C Values: {"T1_C": 1.456, "T2_C": 3.8, "T3_C": 9.6, "T4_C": 1.08, "T5_C": 1.285, "T6_C": 2.7, "T7_C": 1.785, "T8_C": 2.025, "T9_C": 2.216, "T10_C": 1.66, "T11_C": 2.06, "T12_C": 1.765, "T13_C": 2.664, "T14_C": 1.475}
[2025-08-23 23:37:22] Madrid vs Elche - C Values: {"T1_C": 1.456, "T2_C": 3.8, "T3_C": 9.6, "T4_C": 1.08, "T5_C": 1.285, "T6_C": 2.7, "T7_C": 1.768, "T8_C": 2.055, "T9_C": 2.184, "T10_C": 1.68, "T11_C": 2.06, "T12_C": 1.765, "T13_C": 2.664, "T14_C": 1.475}
[2025-08-23 23:37:35] Madrid vs Elche - C Values: {"T1_C": 1.456, "T2_C": 3.8, "T3_C": 9.6, "T4_C": 1.08, "T5_C": 1.285, "T6_C": 2.7, "T7_C": 1.768, "T8_C": 2.055, "T9_C": 2.07, "T10_C": 1.752, "T11_C": 1.864, "T12_C": 1.936, "T13_C": 2.41, "T14_C": 1.568}
[2025-08-23 23:37:41] Madrid vs Elche - C Values: {"T1_C": 1.456, "T2_C": 3.8, "T3_C": 9.6, "T4_C": 1.08, "T5_C": 1.285, "T6_C": 2.7, "T7_C": 1.768, "T8_C": 2.055, "T9_C": 2.11, "T10_C": 1.73, "T11_C": 1.864, "T12_C": 1.936, "T13_C": 2.41, "T14_C": 1.568}
[2025-08-23 23:37:47] Madrid vs Elche - C Values: {"T1_C": 1.45, "T2_C": 3.78, "T3_C": 10, "T4_C": 1.075, "T5_C": 1.288, "T6_C": 2.725, "T7_C": 1.768, "T8_C": 2.055, "T9_C": 2.23, "T10_C": 1.656, "T11_C": 1.95, "T12_C": 1.85, "T13_C": 2.55, "T14_C": 1.512}
[2025-08-23 23:38:12] Madrid vs Elche - C Values: {"T1_C": 1.45, "T2_C": 3.78, "T3_C": 10, "T4_C": 1.075, "T5_C": 1.288, "T6_C": 2.725, "T7_C": 1.785, "T8_C": 2.025, "T9_C": 2.23, "T10_C": 1.656, "T11_C": 1.95, "T12_C": 1.85, "T13_C": 2.55, "T14_C": 1.512}
[2025-08-23 23:38:28] Madrid vs Elche - C Values: {"T1_C": 1.45, "T2_C": 3.78, "T3_C": 10, "T4_C": 1.075, "T5_C": 1.288, "T6_C": 2.725, "T7_C": 1.768, "T8_C": 2.055, "T9_C": 2.23, "T10_C": 1.656, "T11_C": 1.95, "T12_C": 1.85, "T13_C": 2.55, "T14_C": 1.512}
[2025-08-23 23:39:19] Madrid vs Elche - C Values: {"T1_C": 1.45, "T2_C": 3.78, "T3_C": 10, "T4_C": 1.075, "T5_C": 1.288, "T6_C": 2.725, "T7_C": 1.785, "T8_C": 2.025, "T9_C": 2.275, "T10_C": 1.63, "T11_C": 1.95, "T12_C": 1.85, "T13_C": 2.55, "T14_C": 1.512}
[2025-08-23 23:39:51] Madrid vs Elche - C Values: {"T1_C": 1.45, "T2_C": 3.78, "T3_C": 10, "T4_C": 1.075, "T5_C": 1.288, "T6_C": 2.725, "T7_C": 1.768, "T8_C": 2.055, "T9_C": 2.23, "T10_C": 1.656, "T11_C": 1.95, "T12_C": 1.85, "T13_C": 2.55, "T14_C": 1.512}
[2025-08-23 23:40:08] Madrid vs Elche - C Values: {"T1_C": 1.45, "T2_C": 3.78, "T3_C": 10, "T4_C": 1.075, "T5_C": 1.288, "T6_C": 2.725, "T7_C": 1.785, "T8_C": 2.025, "T9_C": 2.275, "T10_C": 1.63, "T11_C": 1.95, "T12_C": 1.85, "T13_C": 2.55, "T14_C": 1.512}
[2025-08-23 23:40:26] Madrid vs Elche - C Values: {"T1_C": 1.445, "T2_C": 3.76, "T3_C": 10.5, "T4_C": 1.07, "T5_C": 1.29, "T6_C": 2.75, "T7_C": 1.785, "T8_C": 2.025, "T9_C": 1.704, "T10_C": 2.144, "T11_C": 1.95, "T12_C": 1.85, "T13_C": 2.68, "T14_C": 1.47}
[2025-08-23 23:40:32] Madrid vs Elche - C Values: {"T1_C": 1.445, "T2_C": 3.76, "T3_C": 10.5, "T4_C": 1.07, "T5_C": 1.29, "T6_C": 2.75, "T7_C": 1.785, "T8_C": 2.025, "T9_C": 1.704, "T10_C": 2.144, "T11_C": 1.95, "T12_C": 1.85, "T13_C": 2.55, "T14_C": 1.512}
[2025-08-23 23:41:14] Madrid vs Elche - C Values: {"T1_C": 1.445, "T2_C": 3.76, "T3_C": 10.5, "T4_C": 1.07, "T5_C": 1.29, "T6_C": 2.75, "T7_C": 1.785, "T8_C": 2.025, "T9_C": 2.165, "T10_C": 1.696, "T11_C": 1.95, "T12_C": 1.85, "T13_C": 2.55, "T14_C": 1.512}
[2025-08-23 23:41:26] Madrid vs Elche - C Values: {"T1_C": 1.445, "T2_C": 3.76, "T3_C": 10.5, "T4_C": 1.07, "T5_C": 1.29, "T6_C": 2.75, "T7_C": 1.785, "T8_C": 2.025, "T9_C": 1.704, "T10_C": 2.144, "T11_C": 1.95, "T12_C": 1.85, "T13_C": 2.68, "T14_C": 1.47}
[2025-08-23 23:41:32] Madrid vs Elche - C Values: {"T1_C": 1.445, "T2_C": 3.76, "T3_C": 10.5, "T4_C": 1.07, "T5_C": 1.29, "T6_C": 2.75, "T7_C": 1.785, "T8_C": 2.025, "T9_C": 2.208, "T10_C": 1.665, "T11_C": 1.95, "T12_C": 1.85, "T13_C": 2.68, "T14_C": 1.47}
[2025-08-23 23:41:44] Madrid vs Elche - C Values: {"T1_C": 1.445, "T2_C": 3.76, "T3_C": 10.5, "T4_C": 1.07, "T5_C": 1.29, "T6_C": 2.75, "T7_C": 1.785, "T8_C": 2.025, "T9_C": 1.704, "T10_C": 2.144, "T11_C": 1.95, "T12_C": 1.85, "T13_C": 2.68, "T14_C": 1.47}
[2025-08-23 23:41:56] Madrid vs Elche - C Values: {"T1_C": 1.445, "T2_C": 3.76, "T3_C": 10.5, "T4_C": 1.07, "T5_C": 1.29, "T6_C": 2.75, "T7_C": 1.785, "T8_C": 2.025, "T9_C": 2.208, "T10_C": 1.665, "T11_C": 1.95, "T12_C": 1.85, "T13_C": 2.68, "T14_C": 1.47}
[2025-08-23 23:42:03] Madrid vs Elche - C Values: {"T1_C": 1.445, "T2_C": 3.76, "T3_C": 10.5, "T4_C": 1.07, "T5_C": 1.29, "T6_C": 2.75, "T7_C": 1.785, "T8_C": 2.025, "T9_C": 1.704, "T10_C": 2.144, "T11_C": 1.95, "T12_C": 1.85, "T13_C": 2.68, "T14_C": 1.47}
[2025-08-23 23:42:23] Madrid vs Elche - C Values: {"T1_C": 1.445, "T2_C": 3.76, "T3_C": 10.5, "T4_C": 1.07, "T5_C": 1.29, "T6_C": 2.75, "T7_C": 1.785, "T8_C": 2.025, "T9_C": 2.208, "T10_C": 1.665, "T11_C": 1.95, "T12_C": 1.85, "T13_C": 2.68, "T14_C": 1.47}
[2025-08-23 23:42:29] Madrid vs Elche - C Values: {"T1_C": 1.456, "T2_C": 3.66, "T3_C": 10.5, "T4_C": 1.07, "T5_C": 1.3, "T6_C": 2.7, "T7_C": 1.808, "T8_C": 2, "T9_C": 2.208, "T10_C": 1.665, "T11_C": 2.045, "T12_C": 1.775, "T13_C": 2.68, "T14_C": 1.47}
[2025-08-23 23:42:35] Madrid vs Elche - C Values: {"T1_C": 1.456, "T2_C": 3.66, "T3_C": 10.5, "T4_C": 1.07, "T5_C": 1.3, "T6_C": 2.7, "T7_C": 1.808, "T8_C": 2, "T9_C": 1.704, "T10_C": 2.144, "T11_C": 2.045, "T12_C": 1.775, "T13_C": 2.68, "T14_C": 1.47}
[2025-08-23 23:42:42] Madrid vs Elche - C Values: {"T1_C": 1.445, "T2_C": 3.76, "T3_C": 10.5, "T4_C": 1.07, "T5_C": 1.29, "T6_C": 2.75, "T7_C": 1.785, "T8_C": 2.025, "T9_C": 1.704, "T10_C": 2.144, "T11_C": 1.95, "T12_C": 1.85, "T13_C": 2.68, "T14_C": 1.47}
[2025-08-23 23:42:48] Madrid vs Elche - C Values: {"T1_C": 1.445, "T2_C": 3.76, "T3_C": 10.5, "T4_C": 1.07, "T5_C": 1.29, "T6_C": 2.75, "T7_C": 1.785, "T8_C": 2.025, "T9_C": 2.208, "T10_C": 1.665, "T11_C": 1.95, "T12_C": 1.85, "T13_C": 2.68, "T14_C": 1.47}
[2025-08-23 23:42:54] Madrid vs Elche - C Values: {"T1_C": 1.456, "T2_C": 3.66, "T3_C": 10.5, "T4_C": 1.07, "T5_C": 1.3, "T6_C": 2.7, "T7_C": 1.808, "T8_C": 2, "T9_C": 1.704, "T10_C": 2.144, "T11_C": 1.95, "T12_C": 1.85, "T13_C": 2.68, "T14_C": 1.47}
[2025-08-23 23:43:07] Madrid vs Elche - C Values: {"T1_C": 1.456, "T2_C": 3.66, "T3_C": 10.5, "T4_C": 1.07, "T5_C": 1.3, "T6_C": 2.7, "T7_C": 1.808, "T8_C": 2, "T9_C": 2.208, "T10_C": 1.665, "T11_C": 1.95, "T12_C": 1.85, "T13_C": 2.68, "T14_C": 1.47}
[2025-08-23 23:43:13] Madrid vs Elche - C Values: {"T1_C": 1.456, "T2_C": 3.66, "T3_C": 10.5, "T4_C": 1.07, "T5_C": 1.3, "T6_C": 2.7, "T7_C": 1.808, "T8_C": 2, "T9_C": 1.704, "T10_C": 2.144, "T11_C": 1.95, "T12_C": 1.85, "T13_C": 2.68, "T14_C": 1.47}
[2025-08-23 23:43:25] Madrid vs Elche - C Values: {"T1_C": 1.456, "T2_C": 3.66, "T3_C": 10.5, "T4_C": 1.07, "T5_C": 1.3, "T6_C": 2.7, "T7_C": 1.808, "T8_C": 2, "T9_C": 1.64, "T10_C": 2.256, "T11_C": 2.045, "T12_C": 1.775, "T13_C": 2.68, "T14_C": 1.47}
[2025-08-23 23:43:57] Madrid vs Elche - C Values: {"T1_C": 1.456, "T2_C": 3.66, "T3_C": 10.5, "T4_C": 1.07, "T5_C": 1.3, "T6_C": 2.7, "T7_C": 1.83, "T8_C": 1.975, "T9_C": 1.64, "T10_C": 2.256, "T11_C": 2.045, "T12_C": 1.775, "T13_C": 2.68, "T14_C": 1.47}
[2025-08-23 23:44:02] Madrid vs Elche - C Values: {"T1_C": 1.456, "T2_C": 3.66, "T3_C": 10.5, "T4_C": 1.07, "T5_C": 1.3, "T6_C": 2.7, "T7_C": 1.83, "T8_C": 1.975, "T9_C": 1.7, "T10_C": 2.152, "T11_C": 2.045, "T12_C": 1.775, "T13_C": 2.68, "T14_C": 1.47}
[2025-08-23 23:44:18] Madrid vs Elche - C Values: {"T1_C": 1.456, "T2_C": 3.66, "T3_C": 10.5, "T4_C": 1.07, "T5_C": 1.3, "T6_C": 2.7, "T7_C": 1.83, "T8_C": 1.975, "T9_C": 1.775, "T10_C": 2.048, "T11_C": 2.045, "T12_C": 1.775, "T13_C": 2.68, "T14_C": 1.47}
[2025-08-23 23:44:31] Madrid vs Elche - C Values: {"T1_C": 1.456, "T2_C": 3.66, "T3_C": 10.5, "T4_C": 1.07, "T5_C": 1.3, "T6_C": 2.7, "T7_C": 1.85, "T8_C": 1.95, "T9_C": 1.775, "T10_C": 2.048, "T11_C": 2.045, "T12_C": 1.775, "T13_C": 2.68, "T14_C": 1.47}
[2025-08-23 23:45:30] Madrid vs Elche - C Values: {"T1_C": 1.49, "T2_C": 3.48, "T3_C": 10, "T4_C": 1.07, "T5_C": 1.32, "T6_C": 2.6, "T7_C": 1.88, "T8_C": 1.92, "T9_C": 1.775, "T10_C": 2.048, "T11_C": 2.045, "T12_C": 1.775, "T13_C": 2.68, "T14_C": 1.47}
[2025-08-23 23:45:48] Madrid vs Elche - C Values: {"T1_C": 1.495, "T2_C": 3.5, "T3_C": 10, "T4_C": 1.075, "T5_C": 1.32, "T6_C": 2.575, "T7_C": 1.9, "T8_C": 1.896, "T9_C": 1.775, "T10_C": 2.048, "T11_C": 2.136, "T12_C": 1.71, "T13_C": 2.68, "T14_C": 1.47}
[2025-08-23 23:46:08] Madrid vs Elche - C Values: {"T1_C": 1.49, "T2_C": 3.48, "T3_C": 10, "T4_C": 1.07, "T5_C": 1.32, "T6_C": 2.6, "T7_C": 1.9, "T8_C": 1.896, "T9_C": 1.775, "T10_C": 2.048, "T11_C": 2.136, "T12_C": 1.71, "T13_C": 2.89, "T14_C": 1.416}
[2025-08-23 23:46:52] Madrid vs Elche - C Values: {"T1_C": 1.495, "T2_C": 3.5, "T3_C": 10, "T4_C": 1.075, "T5_C": 1.32, "T6_C": 2.575, "T7_C": 1.93, "T8_C": 1.87, "T9_C": 1.775, "T10_C": 2.048, "T11_C": 2.136, "T12_C": 1.71, "T13_C": 2.68, "T14_C": 1.47}
[2025-08-23 23:47:40] Madrid vs Elche - C Values: {"T1_C": 1.5, "T2_C": 3.42, "T3_C": 10.5, "T4_C": 1.07, "T5_C": 1.335, "T6_C": 2.565, "T7_C": 1.93, "T8_C": 1.87, "T9_C": 1.85, "T10_C": 1.95, "T11_C": 2.136, "T12_C": 1.71, "T13_C": 2.89, "T14_C": 1.416}
[2025-08-23 23:49:00] Madrid vs Elche - C Values: {"T1_C": 1.49, "T2_C": 3.48, "T3_C": 10, "T4_C": 1.07, "T5_C": 1.32, "T6_C": 2.6, "T7_C": 1.9, "T8_C": 1.896, "T9_C": 1.85, "T10_C": 1.95, "T11_C": 2.136, "T12_C": 1.71, "T13_C": 2.89, "T14_C": 1.416}
[2025-08-23 23:49:13] Madrid vs Elche - C Values: {"T1_C": 1.5, "T2_C": 3.42, "T3_C": 10.5, "T4_C": 1.07, "T5_C": 1.335, "T6_C": 2.565, "T7_C": 1.9, "T8_C": 1.896, "T9_C": 1.85, "T10_C": 1.95, "T11_C": 2.136, "T12_C": 1.71, "T13_C": 2.89, "T14_C": 1.416}
[2025-08-23 23:49:31] Madrid vs Elche - C Values: {"T1_C": 1.49, "T2_C": 3.38, "T3_C": 11.5, "T4_C": 1.06, "T5_C": 1.336, "T6_C": 2.6, "T7_C": 1.9, "T8_C": 1.896, "T9_C": 1.85, "T10_C": 1.95, "T11_C": 2.136, "T12_C": 1.71, "T13_C": 3.105, "T14_C": 1.37}
[2025-08-23 23:50:57] Madrid vs Elche - C Values: {"T1_C": 1.456, "T2_C": 3.54, "T3_C": 11.5, "T4_C": 1.06, "T5_C": 1.315, "T6_C": 2.704, "T7_C": 1.88, "T8_C": 1.92, "T9_C": 1.85, "T10_C": 1.95, "T11_C": 2.136, "T12_C": 1.71, "T13_C": 3.105, "T14_C": 1.37}
[2025-08-23 23:51:17] Madrid vs Elche - C Values: {"T1_C": 1.47, "T2_C": 3.46, "T3_C": 11.5, "T4_C": 1.06, "T5_C": 1.325, "T6_C": 2.664, "T7_C": 1.88, "T8_C": 1.92, "T9_C": 1.85, "T10_C": 1.95, "T11_C": 2.136, "T12_C": 1.71, "T13_C": 3.105, "T14_C": 1.37}
[2025-08-23 23:51:36] Madrid vs Elche - C Values: {"T1_C": 1.47, "T2_C": 3.46, "T3_C": 11.5, "T4_C": 1.06, "T5_C": 1.325, "T6_C": 2.664, "T7_C": 1.88, "T8_C": 1.92, "T9_C": 1.85, "T10_C": 1.95, "T11_C": 2.136, "T12_C": 1.71, "T13_C": 3.26, "T14_C": 1.34}
[2025-08-23 23:51:43] Madrid vs Elche - C Values: {"T1_C": 1.49, "T2_C": 3.38, "T3_C": 11.5, "T4_C": 1.06, "T5_C": 1.336, "T6_C": 2.6, "T7_C": 1.9, "T8_C": 1.896, "T9_C": 1.85, "T10_C": 1.95, "T11_C": 2.2, "T12_C": 1.67, "T13_C": 3.105, "T14_C": 1.37}
[2025-08-23 23:52:02] Madrid vs Elche - C Values: {"T1_C": 1.49, "T2_C": 3.38, "T3_C": 11.5, "T4_C": 1.06, "T5_C": 1.336, "T6_C": 2.6, "T7_C": 1.9, "T8_C": 1.896, "T9_C": 1.94, "T10_C": 1.86, "T11_C": 2.2, "T12_C": 1.67, "T13_C": 3.26, "T14_C": 1.34}
[2025-08-23 23:52:09] Madrid vs Elche - C Values: {"T1_C": 1.49, "T2_C": 3.38, "T3_C": 11.5, "T4_C": 1.06, "T5_C": 1.336, "T6_C": 2.6, "T7_C": 1.9, "T8_C": 1.896, "T9_C": 1.85, "T10_C": 1.95, "T11_C": 2.2, "T12_C": 1.67, "T13_C": 3.105, "T14_C": 1.37}
[2025-08-23 23:52:15] Madrid vs Elche - C Values: {"T1_C": 1.49, "T2_C": 3.38, "T3_C": 11.5, "T4_C": 1.06, "T5_C": 1.336, "T6_C": 2.6, "T7_C": 1.93, "T8_C": 1.87, "T9_C": 1.85, "T10_C": 1.95, "T11_C": 2.2, "T12_C": 1.67, "T13_C": 3.105, "T14_C": 1.37}
[2025-08-23 23:52:21] Madrid vs Elche - C Values: {"T1_C": 1.49, "T2_C": 3.38, "T3_C": 11.5, "T4_C": 1.06, "T5_C": 1.336, "T6_C": 2.6, "T7_C": 1.93, "T8_C": 1.87, "T9_C": 1.94, "T10_C": 1.86, "T11_C": 2.2, "T12_C": 1.67, "T13_C": 3.105, "T14_C": 1.37}
[2025-08-23 23:52:28] Madrid vs Elche - C Values: {"T1_C": 1.49, "T2_C": 3.38, "T3_C": 11.5, "T4_C": 1.06, "T5_C": 1.336, "T6_C": 2.6, "T7_C": 1.93, "T8_C": 1.87, "T9_C": 1.85, "T10_C": 1.95, "T11_C": 2.2, "T12_C": 1.67, "T13_C": 3.105, "T14_C": 1.37}
[2025-08-23 23:58:19] Madrid vs Elche - C Values: {"T1_C": 1.49, "T2_C": 3.38, "T3_C": 11.5, "T4_C": 1.06, "T5_C": 1.336, "T6_C": 2.6, "T7_C": 1.93, "T8_C": 1.87, "T9_C": 1.77, "T10_C": 2.05, "T11_C": 2.2, "T12_C": 1.67, "T13_C": 3.105, "T14_C": 1.37}
