2025-08-23 17:18:48,352 INFO [2025-08-23 17:18:48] C values: 1.61, 4.06, 5.4
2025-08-23 17:21:06,450 INFO [2025-08-23 17:21:06] C values: 1.584, 3.98, 5.8
2025-08-23 17:24:48,387 INFO [2025-08-23 17:24:48] C values: 1.568, 4.04, 5.9
2025-08-23 17:25:48,488 INFO [2025-08-23 17:25:48] C values: 1.584, 3.98, 5.8
2025-08-23 17:26:53,561 INFO [2025-08-23 17:26:53] C values: 1.61, 3.78, 5.9
2025-08-23 17:30:47,346 INFO [2025-08-23 17:30:47] C values: 1.59, 3.74, 6.35
2025-08-23 17:31:17,274 INFO [2025-08-23 17:31:17] C values: 1.61, 3.78, 5.9
2025-08-23 17:32:35,565 INFO [2025-08-23 17:32:35] C values: 1.59, 3.74, 6.35
2025-08-23 17:34:11,441 INFO [2025-08-23 17:34:11] C values: 1.61, 3.78, 5.9
2025-08-23 17:34:17,384 INFO [2025-08-23 17:34:17] C values: 1.648, 3.62, 5.85
2025-08-23 17:34:29,450 INFO [2025-08-23 17:34:29] C values: 1.608, 3.62, 6.4
2025-08-23 17:34:41,307 INFO [2025-08-23 17:34:41] C values: 1.648, 3.62, 5.85
2025-08-23 17:35:17,235 INFO [2025-08-23 17:35:17] C values: 1.625, 3.68, 5.95
2025-08-23 17:35:41,268 INFO [2025-08-23 17:35:41] C values: 1.648, 3.62, 5.85
2025-08-23 17:36:59,529 INFO [2025-08-23 17:36:59] C values: 1.66, 3.54, 5.9
2025-08-23 17:38:17,397 INFO [2025-08-23 17:38:17] C values: 2.89, 3.4, 2.416
2025-08-23 17:38:41,613 INFO [2025-08-23 17:38:41] C values: 2.38, 3.42, 2.94
2025-08-23 17:38:47,708 INFO [2025-08-23 17:38:47] C values: 2.64, 3.3, 2.695
2025-08-23 17:38:53,903 INFO [2025-08-23 17:38:53] C values: 2.525, 3.3, 2.82
2025-08-23 17:39:05,248 INFO [2025-08-23 17:39:05] C values: 2.49, 3.42, 2.78
2025-08-23 17:41:23,606 INFO [2025-08-23 17:41:23] C values: 2.605, 3.4, 2.656
2025-08-23 17:41:41,544 INFO [2025-08-23 17:41:41] C values: 2.64, 3.3, 2.695
2025-08-23 17:43:47,382 INFO [2025-08-23 17:43:47] C values: 2.715, 3.26, 2.645
2025-08-23 17:44:05,395 INFO [2025-08-23 17:44:05] C values: 2.64, 3.3, 2.695
2025-08-23 17:44:41,534 INFO [2025-08-23 17:44:41] C values: 2.715, 3.26, 2.645
2025-08-23 17:46:29,957 INFO [2025-08-23 17:46:29] C values: 2.76, 3.3, 2.575
2025-08-23 17:46:35,757 INFO [2025-08-23 17:46:35] C values: 2.845, 3.26, 2.53
2025-08-23 17:46:41,439 INFO [2025-08-23 17:46:41] C values: 2.856, 3.28, 2.515
2025-08-23 17:47:05,385 INFO [2025-08-23 17:47:05] C values: 2.89, 3.32, 2.464
2025-08-23 17:47:11,760 INFO [2025-08-23 17:47:11] C values: 2.856, 3.28, 2.515
2025-08-23 17:47:53,251 INFO [2025-08-23 17:47:53] C values: 2.856, 3.22, 2.544
2025-08-23 17:47:59,556 INFO [2025-08-23 17:47:59] C values: 3.112, 3.3, 2.33
2025-08-23 17:48:23,850 INFO [2025-08-23 17:48:23] C values: 3.28, 3.32, 2.232
2025-08-23 17:48:29,436 INFO [2025-08-23 17:48:29] C values: 8, 5, 1.37
2025-08-23 17:48:35,218 INFO [2025-08-23 17:48:35] C values: 7.5, 5, 1.384
2025-08-23 17:48:47,611 INFO [2025-08-23 17:48:47] C values: 6.55, 4.7, 1.45
2025-08-23 17:48:53,675 INFO [2025-08-23 17:48:53] C values: 6.15, 4.76, 1.47
2025-08-23 17:48:59,553 INFO [2025-08-23 17:48:59] C values: 8, 5.3, 1.35
2025-08-23 17:49:17,543 INFO [2025-08-23 17:49:17] C values: 6.15, 4.76, 1.47
2025-08-23 17:49:35,659 INFO [2025-08-23 17:49:35] C values: 6.75, 4.88, 1.425
2025-08-23 17:51:53,529 INFO [2025-08-23 17:51:53] C values: 6.55, 4.7, 1.45
2025-08-23 17:52:11,336 INFO [2025-08-23 17:52:11] C values: 6.75, 4.88, 1.425
2025-08-23 17:54:03,495 INFO [2025-08-23 17:54:03] C values: 6.55, 4.7, 1.45
2025-08-23 17:54:09,608 INFO [2025-08-23 17:54:09] C values: 6.2, 4.56, 1.485
2025-08-23 17:57:21,219 INFO [2025-08-23 17:57:21] C values: 6.15, 4.76, 1.47
2025-08-23 17:57:27,636 INFO [2025-08-23 17:57:27] C values: 6.2, 4.56, 1.485
2025-08-23 17:57:33,457 INFO [2025-08-23 17:57:33] C values: 6.15, 4.76, 1.47
2025-08-23 18:11:34,381 INFO [2025-08-23 18:11:34] C values: 6.75, 4.88, 1.425
2025-08-23 18:13:04,284 INFO [2025-08-23 18:13:04] C values: 7.1, 4.76, 1.425
2025-08-23 18:13:22,244 INFO [2025-08-23 18:13:22] C values: 6.75, 4.88, 1.425
2025-08-23 18:13:46,550 INFO [2025-08-23 18:13:46] C values: 7.1, 4.76, 1.425
2025-08-23 18:15:28,340 INFO [2025-08-23 18:15:28] C values: 7.5, 5, 1.384
2025-08-23 18:17:04,432 INFO [2025-08-23 18:17:04] C values: 7.9, 4.98, 1.375
2025-08-23 18:17:28,408 INFO [2025-08-23 18:17:28] C values: 8.3, 5.15, 1.35
2025-08-23 18:18:52,183 INFO [2025-08-23 18:18:52] C values: 8.6, 5.05, 1.35
2025-08-23 18:21:41,378 INFO [2025-08-23 18:21:41] C values: 9.6, 5.35, 1.31
2025-08-23 18:22:11,320 INFO [2025-08-23 18:22:11] C values: 9.8, 5.25, 1.31
2025-08-23 18:22:41,323 INFO [2025-08-23 18:22:41] C values: 9.6, 5.6, 1.296
2025-08-23 18:23:23,192 INFO [2025-08-23 18:23:23] C values: 10, 5.45, 1.29
2025-08-23 18:24:29,233 INFO [2025-08-23 18:24:29] C values: 11, 5.9, 1.256
2025-08-23 18:24:35,472 INFO [2025-08-23 18:24:35] C values: 11.5, 5.75, 1.256
2025-08-23 18:24:47,344 INFO [2025-08-23 18:24:47] C values: 12, 6.45, 1.225
2025-08-23 18:24:53,432 INFO [2025-08-23 18:24:53] C values: 11, 5.95, 1.256
2025-08-23 18:25:19,461 INFO [2025-08-23 18:25:19] C values: 12, 6.45, 1.225
2025-08-23 18:25:37,800 INFO [2025-08-23 18:25:37] C values: 12.5, 6.3, 1.225
2025-08-23 18:26:49,548 INFO [2025-08-23 18:26:49] C values: 13.5, 6.75, 1.2
2025-08-23 18:26:55,572 INFO [2025-08-23 18:26:55] C values: 15, 6.45, 1.2
2025-08-23 18:27:13,494 INFO [2025-08-23 18:27:13] C values: 13.5, 6.75, 1.2
2025-08-23 18:27:19,429 INFO [2025-08-23 18:27:19] C values: 15, 6.45, 1.2
2025-08-23 18:28:26,802 INFO [2025-08-23 18:28:26] C values: 14.5, 6.6, 1.2
2025-08-23 18:29:02,248 INFO [2025-08-23 18:29:02] C values: 15, 7.1, 1.18
2025-08-23 18:30:14,223 INFO [2025-08-23 18:30:14] C values: 16, 6.8, 1.18
2025-08-23 18:30:32,886 INFO [2025-08-23 18:30:32] C values: 15, 7.1, 1.18
2025-08-23 18:30:44,203 INFO [2025-08-23 18:30:44] C values: 17, 7.2, 1.165
2025-08-23 18:31:32,533 INFO [2025-08-23 18:31:32] C values: 17, 7.4, 1.165
2025-08-23 18:32:08,549 INFO [2025-08-23 18:32:08] C values: 18, 7.1, 1.165
2025-08-23 18:32:56,534 INFO [2025-08-23 18:32:56] C values: 20, 8, 1.136
2025-08-23 18:33:02,576 INFO [2025-08-23 18:33:02] C values: 17, 7.2, 1.165
2025-08-23 18:33:38,473 INFO [2025-08-23 18:33:38] C values: 18, 7.1, 1.165
2025-08-23 18:34:14,511 INFO [2025-08-23 18:34:14] C values: 20, 7.9, 1.14
2025-08-23 18:34:26,525 INFO [2025-08-23 18:34:26] C values: 22, 7.8, 1.136
2025-08-23 18:34:44,398 INFO [2025-08-23 18:34:44] C values: 20, 7.9, 1.14
2025-08-23 18:35:02,458 INFO [2025-08-23 18:35:02] C values: 23, 8.7, 1.115
2025-08-23 18:35:08,397 INFO [2025-08-23 18:35:08] C values: 20, 7.9, 1.14
2025-08-23 18:35:50,331 INFO [2025-08-23 18:35:50] C values: 23, 8.7, 1.115
2025-08-23 18:36:26,848 INFO [2025-08-23 18:36:26] C values: 22, 8.9, 1.115
2025-08-23 18:36:38,518 INFO [2025-08-23 18:36:38] C values: 23, 8.7, 1.115
2025-08-23 18:37:08,327 INFO [2025-08-23 18:37:08] C values: 25, 9.4, 1.1
2025-08-23 18:37:32,545 INFO [2025-08-23 18:37:32] C values: 23, 8.7, 1.115
2025-08-23 18:38:14,561 INFO [2025-08-23 18:38:14] C values: 25, 9.4, 1.1
2025-08-23 18:38:32,287 INFO [2025-08-23 18:38:32] C values: 25, 8.5, 1.104
2025-08-23 18:39:20,339 INFO [2025-08-23 18:39:20] C values: 27, 9, 1.095
2025-08-23 18:39:38,333 INFO [2025-08-23 18:39:38] C values: 27, 9, 1.085
2025-08-23 18:39:56,571 INFO [2025-08-23 18:39:56] C values: 27, 9.5, 1.085
2025-08-23 18:40:08,349 INFO [2025-08-23 18:40:08] C values: 27, 9.5, 1.075
2025-08-23 18:40:20,610 INFO [2025-08-23 18:40:20] C values: 27, 9.5, 1.085
2025-08-23 18:40:32,632 INFO [2025-08-23 18:40:32] C values: 27, 9.5, 1.075
2025-08-23 18:40:50,307 INFO [2025-08-23 18:40:50] C values: 27, 9.5, 1.085
2025-08-23 18:41:08,532 INFO [2025-08-23 18:41:08] C values: 32, 11, 1.06
2025-08-23 18:41:14,553 INFO [2025-08-23 18:41:14] C values: 32, 10, 1.075
2025-08-23 18:41:26,400 INFO [2025-08-23 18:41:26] C values: 32, 10, 1.064
2025-08-23 18:41:38,494 INFO [2025-08-23 18:41:38] C values: 32, 10, 1.075
2025-08-23 18:41:50,293 INFO [2025-08-23 18:41:50] C values: 32, 10, 1.064
2025-08-23 18:41:56,270 INFO [2025-08-23 18:41:56] C values: 32, 11, 1.064
2025-08-23 18:42:02,651 INFO [2025-08-23 18:42:02] C values: 32, 11, 1.06
2025-08-23 18:43:36,225 INFO [2025-08-23 18:43:36] C values: 39, 11, 1.06
2025-08-23 18:43:42,642 INFO [2025-08-23 18:43:42] C values: 39, 11, 1.05
2025-08-23 18:44:00,594 INFO [2025-08-23 18:44:00] C values: 39, 12, 1.05
2025-08-23 18:44:30,267 INFO [2025-08-23 18:44:30] C values: 39, 12, 1.048
2025-08-23 18:44:48,483 INFO [2025-08-23 18:44:48] C values: 39, 13, 1.048
2025-08-23 18:45:00,527 INFO [2025-08-23 18:45:00] C values: 39, 13, 1.04
2025-08-23 18:46:18,490 INFO [2025-08-23 18:46:18] C values: 39, 15, 1.04
2025-08-23 18:46:36,462 INFO [2025-08-23 18:46:36] C values: 48, 15, 1.035
2025-08-23 18:46:54,588 INFO [2025-08-23 18:46:54] C values: 48, 15, 1.03
2025-08-23 18:48:12,318 INFO [2025-08-23 18:48:12] C values: 48, 17, 1.025
2025-08-23 18:48:18,810 INFO [2025-08-23 18:48:18] C values: 47, 16, 1.025
2025-08-23 18:48:24,254 INFO [2025-08-23 18:48:24] C values: 48, 17, 1.025
2025-08-23 18:49:54,432 INFO [2025-08-23 18:49:54] C values: 61, 18, 1.016
2025-08-23 18:50:24,512 INFO [2025-08-23 18:50:24] C values: 62, 18, 1.016
2025-08-23 18:50:30,410 INFO [2025-08-23 18:50:30] C values: 62, 16, 1.025
2025-08-23 18:50:48,287 INFO [2025-08-23 18:50:48] C values: 62, 18, 1.016
2025-08-23 18:51:30,676 INFO [2025-08-23 18:51:30] C values: 72, 20, 1.01
2025-08-23 18:52:18,632 INFO [2025-08-23 18:52:18] C values: 68, 20, 1.01
2025-08-23 18:52:24,504 INFO [2025-08-23 18:52:24] C values: 75, 18, 1.016
2025-08-23 18:53:36,381 INFO [2025-08-23 18:53:36] C values: 90, 18, 1.016
2025-08-23 18:53:42,653 INFO [2025-08-23 18:53:42] C values: 78, 21, 1.008
2025-08-23 18:53:54,299 INFO [2025-08-23 18:53:54] C values: 90, 21, 1.005
2025-08-23 18:54:00,424 INFO [2025-08-23 18:54:00] C values: 88, 21, 1.005
2025-08-23 18:54:30,557 INFO [2025-08-23 18:54:30] C values: 90, 21, 1.005
2025-08-23 18:54:36,285 INFO [2025-08-23 18:54:36] C values: 117, 20, 1.005
2025-08-23 18:54:42,199 INFO [2025-08-23 18:54:42] C values: 97, 21, 1.005
2025-08-23 18:54:48,368 INFO [2025-08-23 18:54:48] C values: 137, 19, 1.005
2025-08-23 18:54:54,308 INFO [2025-08-23 18:54:54] C values: 141, 20, 1.005
2025-08-23 18:55:24,257 INFO [2025-08-23 18:55:24] C values: 155, 21, 1.001
2025-08-23 18:55:36,527 INFO [2025-08-23 18:55:36] C values: 172, 20, 1.001
2025-08-23 18:56:12,375 INFO [2025-08-23 18:56:12] C values: 190, 20, 1.001
2025-08-23 18:56:24,413 INFO [2025-08-23 18:56:24] C values: 9.3, 1.056
2025-08-23 18:56:30,378 INFO [2025-08-23 18:56:30] C values: 6.55, 1.11
2025-08-23 18:56:48,624 INFO [2025-08-23 18:56:48] C values: 7, 1.1
2025-08-23 18:57:06,578 INFO [2025-08-23 18:57:06] C values: 7.8, 1.08
2025-08-23 18:57:24,509 INFO [2025-08-23 18:57:24] C values: 1.416, 2.88
2025-08-23 18:57:30,913 INFO [2025-08-23 18:57:30] C values: 11.4, 17, 1.07
2025-08-23 18:57:42,220 INFO [2025-08-23 18:57:42] C values: 10.8, 18.4, 1.07
2025-08-23 18:57:48,499 INFO [2025-08-23 18:57:48] C values: 12.2, 13.3, 1.08
2025-08-23 18:58:18,637 INFO [2025-08-23 18:58:18] C values: 14.4, 14.4, 1.06
2025-08-23 18:58:36,495 INFO [2025-08-23 18:58:36] C values: 15.6, 15.6, 1.05
2025-08-23 18:58:42,636 INFO [2025-08-23 18:58:42] C values: 16.3, 21, 1.03
2025-08-23 18:58:52,765 INFO [2025-08-23 18:58:52] C values: 17.2, 19.3, 1.03
2025-08-23 18:58:58,200 INFO [2025-08-23 18:58:58] C values: 18, 20, 1.025
2025-08-23 18:59:07,893 INFO [2025-08-23 18:59:07] C values: 19.9, 19.9, 1.02
2025-08-23 18:59:13,735 INFO [2025-08-23 18:59:13] C values: 1.02
2025-08-23 18:59:19,280 INFO [2025-08-23 18:59:19] C values: 1.015
2025-08-23 18:59:25,241 INFO [2025-08-23 18:59:25] C values: 1.02
2025-08-23 18:59:55,306 INFO [2025-08-23 18:59:55] C values: 1.004
2025-08-23 19:01:19,478 ERROR Error: list index out of range
2025-08-23 19:01:19,977 ERROR Error: list index out of range
2025-08-23 19:01:20,447 ERROR Error: list index out of range
2025-08-23 19:01:20,912 ERROR Error: list index out of range
2025-08-23 19:01:21,362 ERROR Error: list index out of range
2025-08-23 19:01:21,793 ERROR Error: list index out of range
2025-08-23 19:01:22,392 ERROR Error: list index out of range
2025-08-23 19:01:22,828 ERROR Error: list index out of range
2025-08-23 19:01:23,264 ERROR Error: list index out of range
2025-08-23 19:01:23,737 ERROR Error: list index out of range
2025-08-23 19:01:24,197 ERROR Error: list index out of range
2025-08-23 19:01:24,623 ERROR Error: list index out of range
2025-08-23 19:01:25,323 ERROR Error: list index out of range
2025-08-23 19:01:25,763 ERROR Error: list index out of range
2025-08-23 19:01:26,209 ERROR Error: list index out of range
2025-08-23 19:01:26,672 ERROR Error: list index out of range
2025-08-23 19:01:27,528 ERROR Error: list index out of range
2025-08-23 19:01:27,964 ERROR Error: list index out of range
2025-08-23 19:01:28,381 ERROR Error: list index out of range
2025-08-23 19:01:28,826 ERROR Error: list index out of range
2025-08-23 19:01:29,245 ERROR Error: list index out of range
2025-08-23 19:01:29,668 ERROR Error: list index out of range
2025-08-23 19:01:30,108 ERROR Error: list index out of range
2025-08-23 19:01:30,553 ERROR Error: list index out of range
2025-08-23 19:01:30,995 ERROR Error: list index out of range
2025-08-23 19:01:31,595 ERROR Error: list index out of range
2025-08-23 19:01:32,011 ERROR Error: list index out of range
2025-08-23 19:01:32,456 ERROR Error: list index out of range
2025-08-23 19:01:33,077 ERROR Error: list index out of range
2025-08-23 19:01:33,562 ERROR Error: list index out of range
2025-08-23 19:01:33,991 ERROR Error: list index out of range
2025-08-23 19:01:34,424 ERROR Error: list index out of range
2025-08-23 19:01:34,859 ERROR Error: list index out of range
2025-08-23 19:01:35,288 ERROR Error: list index out of range
2025-08-23 19:01:35,725 ERROR Error: list index out of range
2025-08-23 19:01:36,184 ERROR Error: list index out of range
2025-08-23 19:01:36,627 ERROR Error: list index out of range
2025-08-23 19:01:37,762 ERROR Error: list index out of range
2025-08-23 19:01:38,232 ERROR Error: list index out of range
2025-08-23 19:01:38,701 ERROR Error: list index out of range
2025-08-23 19:01:39,176 ERROR Error: list index out of range
2025-08-23 19:01:39,711 ERROR Error: list index out of range
2025-08-23 19:01:40,206 ERROR Error: list index out of range
2025-08-23 19:01:40,832 ERROR Error: list index out of range
2025-08-23 19:01:41,270 ERROR Error: list index out of range
2025-08-23 19:01:41,715 ERROR Error: list index out of range
2025-08-23 19:01:42,141 ERROR Error: list index out of range
2025-08-23 19:01:42,598 ERROR Error: list index out of range
2025-08-23 19:01:43,226 ERROR Error: list index out of range
2025-08-23 19:01:43,651 ERROR Error: list index out of range
2025-08-23 19:01:44,073 ERROR Error: list index out of range
2025-08-23 19:01:44,516 ERROR Error: list index out of range
2025-08-23 19:01:45,146 ERROR Error: list index out of range
2025-08-23 19:01:45,586 ERROR Error: list index out of range
2025-08-23 19:01:46,023 ERROR Error: list index out of range
2025-08-23 19:01:46,447 ERROR Error: list index out of range
2025-08-23 19:01:46,891 ERROR Error: list index out of range
2025-08-23 19:01:47,343 ERROR Error: list index out of range
2025-08-23 19:01:47,771 ERROR Error: list index out of range
2025-08-23 19:01:48,211 ERROR Error: list index out of range
2025-08-23 19:01:48,663 ERROR Error: list index out of range
2025-08-23 19:01:49,259 ERROR Error: list index out of range
2025-08-23 19:01:49,709 ERROR Error: list index out of range
2025-08-23 19:01:50,119 ERROR Error: list index out of range
2025-08-23 19:01:50,586 ERROR Error: list index out of range
2025-08-23 19:01:51,057 ERROR Error: list index out of range
2025-08-23 19:01:51,476 ERROR Error: list index out of range
2025-08-23 19:01:51,912 ERROR Error: list index out of range
2025-08-23 19:01:52,354 ERROR Error: list index out of range
2025-08-23 19:01:52,794 ERROR Error: list index out of range
2025-08-23 19:01:53,429 ERROR Error: list index out of range
2025-08-23 19:01:53,874 ERROR Error: list index out of range
2025-08-23 19:01:54,305 ERROR Error: list index out of range
2025-08-23 19:01:54,751 ERROR Error: list index out of range
2025-08-23 19:01:55,367 ERROR Error: list index out of range
2025-08-23 19:01:55,873 ERROR Error: list index out of range
2025-08-23 19:01:56,329 ERROR Error: list index out of range
2025-08-23 19:01:57,014 ERROR Error: list index out of range
2025-08-23 19:01:57,457 ERROR Error: list index out of range
2025-08-23 19:01:57,902 ERROR Error: list index out of range
2025-08-23 19:01:58,352 ERROR Error: list index out of range
2025-08-23 19:01:58,791 ERROR Error: list index out of range
2025-08-23 19:01:59,231 ERROR Error: list index out of range
2025-08-23 19:01:59,675 ERROR Error: list index out of range
2025-08-23 19:02:00,105 ERROR Error: list index out of range
2025-08-23 19:02:00,769 ERROR Error: list index out of range
2025-08-23 19:02:01,385 ERROR Error: list index out of range
2025-08-23 19:02:01,811 ERROR Error: list index out of range
2025-08-23 19:02:02,258 ERROR Error: list index out of range
2025-08-23 19:02:02,672 ERROR Error: list index out of range
2025-08-23 19:02:03,211 ERROR Error: list index out of range
2025-08-23 19:02:03,655 ERROR Error: list index out of range
2025-08-23 19:02:04,147 ERROR Error: list index out of range
2025-08-23 19:02:04,597 ERROR Error: list index out of range
2025-08-23 19:02:05,176 ERROR Error: list index out of range
2025-08-23 19:02:05,643 ERROR Error: list index out of range
2025-08-23 19:02:06,099 ERROR Error: list index out of range
2025-08-23 19:02:06,536 ERROR Error: list index out of range
2025-08-23 19:02:06,986 ERROR Error: list index out of range
2025-08-23 19:02:07,603 ERROR Error: list index out of range
2025-08-23 19:02:08,047 ERROR Error: list index out of range
2025-08-23 19:02:08,508 ERROR Error: list index out of range
2025-08-23 19:02:09,002 ERROR Error: list index out of range
2025-08-23 19:02:09,442 ERROR Error: list index out of range
2025-08-23 19:02:09,877 ERROR Error: list index out of range
2025-08-23 19:02:10,311 ERROR Error: list index out of range
2025-08-23 19:02:10,739 ERROR Error: list index out of range
2025-08-23 19:02:11,188 ERROR Error: list index out of range
2025-08-23 19:02:11,630 ERROR Error: list index out of range
2025-08-23 19:02:12,058 ERROR Error: list index out of range
2025-08-23 19:02:12,538 ERROR Error: list index out of range
2025-08-23 19:02:13,241 ERROR Error: list index out of range
2025-08-23 19:02:13,667 ERROR Error: list index out of range
2025-08-23 19:02:14,096 ERROR Error: list index out of range
2025-08-23 19:02:14,530 ERROR Error: list index out of range
2025-08-23 19:02:14,984 ERROR Error: list index out of range
2025-08-23 19:02:15,479 ERROR Error: list index out of range
2025-08-23 19:02:15,912 ERROR Error: list index out of range
2025-08-23 19:02:16,341 ERROR Error: list index out of range
2025-08-23 19:02:16,781 ERROR Error: list index out of range
2025-08-23 19:02:17,374 ERROR Error: list index out of range
2025-08-23 19:02:17,820 ERROR Error: list index out of range
2025-08-23 19:02:18,272 ERROR Error: list index out of range
2025-08-23 19:02:18,729 ERROR Error: list index out of range
2025-08-23 19:02:19,344 ERROR Error: list index out of range
2025-08-23 19:02:19,781 ERROR Error: list index out of range
2025-08-23 19:02:20,211 ERROR Error: list index out of range
2025-08-23 19:02:20,649 ERROR Error: list index out of range
2025-08-23 19:02:21,071 ERROR Error: list index out of range
2025-08-23 19:02:21,503 ERROR Error: list index out of range
2025-08-23 19:02:21,919 ERROR Error: list index out of range
2025-08-23 19:02:22,317 ERROR Error: list index out of range
2025-08-23 19:02:22,797 ERROR Error: list index out of range
2025-08-23 19:02:23,228 ERROR Error: list index out of range
2025-08-23 19:02:23,672 ERROR Error: list index out of range
2025-08-23 19:02:24,097 ERROR Error: list index out of range
2025-08-23 19:02:24,583 ERROR Error: list index out of range
2025-08-23 19:02:25,260 ERROR Error: list index out of range
2025-08-23 19:02:25,742 ERROR Error: list index out of range
2025-08-23 19:02:26,178 ERROR Error: list index out of range
2025-08-23 19:02:26,638 ERROR Error: list index out of range
2025-08-23 19:02:27,068 ERROR Error: list index out of range
2025-08-23 19:02:27,529 ERROR Error: list index out of range
2025-08-23 19:02:27,966 ERROR Error: list index out of range
2025-08-23 19:02:28,527 ERROR Error: list index out of range
2025-08-23 19:02:29,029 ERROR Error: list index out of range
2025-08-23 19:02:29,468 ERROR Error: list index out of range
2025-08-23 19:02:29,919 ERROR Error: list index out of range
2025-08-23 19:02:30,400 ERROR Error: list index out of range
2025-08-23 19:02:30,839 ERROR Error: list index out of range
2025-08-23 19:02:31,438 ERROR Error: list index out of range
2025-08-23 19:02:31,865 ERROR Error: list index out of range
2025-08-23 19:02:32,299 ERROR Error: list index out of range
2025-08-23 19:02:32,737 ERROR Error: list index out of range
2025-08-23 19:02:33,187 ERROR Error: list index out of range
2025-08-23 19:02:33,631 ERROR Error: list index out of range
2025-08-23 19:02:34,049 ERROR Error: list index out of range
2025-08-23 19:02:34,512 ERROR Error: list index out of range
2025-08-23 19:02:34,972 ERROR Error: list index out of range
2025-08-23 19:02:35,431 ERROR Error: list index out of range
2025-08-23 19:02:35,882 ERROR Error: list index out of range
2025-08-23 19:02:36,359 ERROR Error: list index out of range
2025-08-23 19:02:36,848 ERROR Error: list index out of range
2025-08-23 19:02:37,449 ERROR Error: list index out of range
2025-08-23 19:02:37,889 ERROR Error: list index out of range
2025-08-23 19:02:38,347 ERROR Error: list index out of range
2025-08-23 19:02:38,813 ERROR Error: list index out of range
2025-08-23 19:02:39,286 ERROR Error: list index out of range
2025-08-23 19:02:39,714 ERROR Error: list index out of range
2025-08-23 19:02:40,152 ERROR Error: list index out of range
2025-08-23 19:02:40,640 ERROR Error: list index out of range
2025-08-23 19:02:41,111 ERROR Error: list index out of range
2025-08-23 19:02:41,528 ERROR Error: list index out of range
2025-08-23 19:02:41,993 ERROR Error: list index out of range
2025-08-23 19:02:42,458 ERROR Error: list index out of range
2025-08-23 19:02:42,928 ERROR Error: list index out of range
2025-08-23 19:02:43,553 ERROR Error: list index out of range
2025-08-23 19:02:44,024 ERROR Error: list index out of range
2025-08-23 19:02:44,486 ERROR Error: list index out of range
2025-08-23 19:02:45,039 ERROR Error: list index out of range
2025-08-23 19:02:45,486 ERROR Error: list index out of range
2025-08-23 19:02:45,920 ERROR Error: list index out of range
2025-08-23 19:02:46,357 ERROR Error: list index out of range
2025-08-23 19:02:46,798 ERROR Error: list index out of range
2025-08-23 19:02:47,244 ERROR Error: list index out of range
2025-08-23 19:02:47,685 ERROR Error: list index out of range
2025-08-23 19:02:48,152 ERROR Error: list index out of range
2025-08-23 19:02:48,593 ERROR Error: list index out of range
2025-08-23 19:02:49,340 ERROR Error: list index out of range
2025-08-23 19:02:49,756 ERROR Error: list index out of range
2025-08-23 19:02:50,229 ERROR Error: list index out of range
2025-08-23 19:02:50,703 ERROR Error: list index out of range
2025-08-23 19:02:51,136 ERROR Error: list index out of range
2025-08-23 19:02:51,611 ERROR Error: list index out of range
2025-08-23 19:02:52,071 ERROR Error: list index out of range
2025-08-23 19:02:52,495 ERROR Error: list index out of range
2025-08-23 19:02:53,112 ERROR Error: list index out of range
2025-08-23 19:02:53,555 ERROR Error: list index out of range
2025-08-23 19:02:54,035 ERROR Error: list index out of range
2025-08-23 19:02:54,522 ERROR Error: list index out of range
2025-08-23 19:02:55,019 ERROR Error: list index out of range
2025-08-23 19:02:55,614 ERROR Error: list index out of range
2025-08-23 19:02:56,165 ERROR Error: list index out of range
2025-08-23 19:02:56,929 ERROR Error: list index out of range
2025-08-23 19:02:57,359 ERROR Error: list index out of range
2025-08-23 19:02:57,779 ERROR Error: list index out of range
2025-08-23 19:02:58,517 ERROR Error: list index out of range
2025-08-23 19:02:58,986 ERROR Error: list index out of range
2025-08-23 19:02:59,619 ERROR Error: list index out of range
2025-08-23 19:03:00,068 ERROR Error: list index out of range
2025-08-23 19:03:00,533 ERROR Error: list index out of range
2025-08-23 19:03:01,337 ERROR Error: list index out of range
2025-08-23 19:03:01,958 ERROR Error: list index out of range
2025-08-23 19:03:02,421 ERROR Error: list index out of range
2025-08-23 19:03:02,873 ERROR Error: list index out of range
2025-08-23 19:03:03,346 ERROR Error: list index out of range
2025-08-23 19:03:03,817 ERROR Error: list index out of range
2025-08-23 19:03:04,251 ERROR Error: list index out of range
2025-08-23 19:03:04,693 ERROR Error: list index out of range
2025-08-23 19:03:05,128 ERROR Error: list index out of range
2025-08-23 19:03:05,615 ERROR Error: list index out of range
2025-08-23 19:03:06,049 ERROR Error: list index out of range
2025-08-23 19:03:06,495 ERROR Error: list index out of range
2025-08-23 19:03:06,944 ERROR Error: list index out of range
2025-08-23 19:03:07,545 ERROR Error: list index out of range
2025-08-23 19:03:07,970 ERROR Error: list index out of range
2025-08-23 19:03:08,427 ERROR Error: list index out of range
2025-08-23 19:03:08,871 ERROR Error: list index out of range
2025-08-23 19:03:09,343 ERROR Error: list index out of range
2025-08-23 19:03:09,883 ERROR Error: list index out of range
2025-08-23 19:03:10,320 ERROR Error: list index out of range
2025-08-23 19:03:10,779 ERROR Error: list index out of range
2025-08-23 19:03:11,258 ERROR Error: list index out of range
2025-08-23 19:03:11,802 ERROR Error: list index out of range
2025-08-23 19:03:12,256 ERROR Error: list index out of range
2025-08-23 19:03:12,749 ERROR Error: list index out of range
2025-08-23 19:03:13,455 ERROR Error: list index out of range
2025-08-23 19:03:13,967 ERROR Error: list index out of range
2025-08-23 19:03:14,471 ERROR Error: list index out of range
2025-08-23 19:03:14,933 ERROR Error: list index out of range
2025-08-23 19:03:15,376 ERROR Error: list index out of range
2025-08-23 19:03:15,824 ERROR Error: list index out of range
2025-08-23 19:03:16,350 ERROR Error: list index out of range
2025-08-23 19:03:16,836 ERROR Error: list index out of range
2025-08-23 19:03:17,262 ERROR Error: list index out of range
2025-08-23 19:03:17,758 ERROR Error: list index out of range
2025-08-23 19:03:18,188 ERROR Error: list index out of range
2025-08-23 19:03:18,617 ERROR Error: list index out of range
2025-08-23 19:03:19,260 ERROR Error: list index out of range
2025-08-23 19:03:19,709 ERROR Error: list index out of range
2025-08-23 19:03:20,162 ERROR Error: list index out of range
2025-08-23 19:03:20,603 ERROR Error: list index out of range
2025-08-23 19:03:21,039 ERROR Error: list index out of range
2025-08-23 19:03:21,448 ERROR Error: list index out of range
2025-08-23 19:03:21,921 ERROR Error: list index out of range
2025-08-23 19:03:22,368 ERROR Error: list index out of range
2025-08-23 19:03:22,824 ERROR Error: list index out of range
2025-08-23 19:03:23,238 ERROR Error: list index out of range
2025-08-23 19:03:23,649 ERROR Error: list index out of range
2025-08-23 19:03:24,086 ERROR Error: list index out of range
2025-08-23 19:03:24,526 ERROR Error: list index out of range
2025-08-23 19:03:24,951 ERROR Error: list index out of range
2025-08-23 19:03:25,614 ERROR Error: list index out of range
2025-08-23 19:03:26,074 ERROR Error: list index out of range
2025-08-23 19:03:26,548 ERROR Error: list index out of range
2025-08-23 19:03:26,978 ERROR Error: list index out of range
2025-08-23 19:03:27,413 ERROR Error: list index out of range
2025-08-23 19:03:27,879 ERROR Error: list index out of range
2025-08-23 19:03:28,351 ERROR Error: list index out of range
2025-08-23 19:03:28,821 ERROR Error: list index out of range
2025-08-23 19:03:29,294 ERROR Error: list index out of range
2025-08-23 19:03:29,942 ERROR Error: list index out of range
2025-08-23 19:03:30,367 ERROR Error: list index out of range
2025-08-23 19:03:30,837 ERROR Error: list index out of range
2025-08-23 19:03:31,461 ERROR Error: list index out of range
2025-08-23 19:03:31,922 ERROR Error: list index out of range
2025-08-23 19:03:32,327 ERROR Error: list index out of range
2025-08-23 19:03:32,776 ERROR Error: list index out of range
2025-08-23 19:03:33,214 ERROR Error: list index out of range
2025-08-23 19:03:33,635 ERROR Error: list index out of range
2025-08-23 19:03:34,341 ERROR Error: list index out of range
2025-08-23 19:03:34,815 ERROR Error: list index out of range
2025-08-23 19:03:35,285 ERROR Error: list index out of range
2025-08-23 19:03:35,769 ERROR Error: list index out of range
2025-08-23 19:03:36,178 ERROR Error: list index out of range
2025-08-23 19:03:36,622 ERROR Error: list index out of range
2025-08-23 19:03:37,604 ERROR Error: list index out of range
2025-08-23 19:03:38,453 ERROR Error: list index out of range
2025-08-23 19:03:38,883 ERROR Error: list index out of range
2025-08-23 19:03:39,305 ERROR Error: list index out of range
2025-08-23 19:03:39,759 ERROR Error: list index out of range
2025-08-23 19:03:40,265 ERROR Error: list index out of range
2025-08-23 19:03:40,701 ERROR Error: list index out of range
2025-08-23 19:03:41,127 ERROR Error: list index out of range
2025-08-23 19:03:41,621 ERROR Error: list index out of range
2025-08-23 19:03:42,020 ERROR Error: list index out of range
2025-08-23 19:03:42,421 ERROR Error: list index out of range
2025-08-23 19:03:42,885 ERROR Error: list index out of range
2025-08-23 19:03:43,452 ERROR Error: list index out of range
2025-08-23 19:03:43,873 ERROR Error: list index out of range
2025-08-23 19:03:44,312 ERROR Error: list index out of range
2025-08-23 19:03:44,750 ERROR Error: list index out of range
2025-08-23 19:03:45,169 ERROR Error: list index out of range
2025-08-23 19:03:45,599 ERROR Error: list index out of range
2025-08-23 19:03:46,034 ERROR Error: list index out of range
2025-08-23 19:03:46,473 ERROR Error: list index out of range
2025-08-23 19:03:47,080 ERROR Error: list index out of range
2025-08-23 19:03:47,513 ERROR Error: list index out of range
2025-08-23 19:03:47,978 ERROR Error: list index out of range
2025-08-23 19:03:48,400 ERROR Error: list index out of range
2025-08-23 19:03:48,880 ERROR Error: list index out of range
2025-08-23 19:03:49,551 ERROR Error: list index out of range
2025-08-23 19:03:49,954 ERROR Error: list index out of range
2025-08-23 19:03:50,605 ERROR Error: list index out of range
2025-08-23 19:03:51,064 ERROR Error: list index out of range
2025-08-23 19:03:51,495 ERROR Error: list index out of range
2025-08-23 19:03:52,125 ERROR Error: list index out of range
2025-08-23 19:03:52,580 ERROR Error: list index out of range
2025-08-23 19:03:53,017 ERROR Error: list index out of range
2025-08-23 19:03:53,442 ERROR Error: list index out of range
2025-08-23 19:03:53,963 ERROR Error: list index out of range
2025-08-23 19:03:54,392 ERROR Error: list index out of range
2025-08-23 19:03:54,848 ERROR Error: list index out of range
2025-08-23 19:03:55,496 ERROR Error: list index out of range
2025-08-23 19:03:55,968 ERROR Error: list index out of range
2025-08-23 19:03:56,456 ERROR Error: list index out of range
2025-08-23 19:03:57,031 ERROR Error: list index out of range
2025-08-23 19:03:57,467 ERROR Error: list index out of range
2025-08-23 19:03:57,919 ERROR Error: list index out of range
2025-08-23 19:03:58,587 ERROR Error: list index out of range
2025-08-23 19:03:59,030 ERROR Error: list index out of range
2025-08-23 19:03:59,475 ERROR Error: list index out of range
2025-08-23 19:03:59,903 ERROR Error: list index out of range
2025-08-23 19:04:00,337 ERROR Error: list index out of range
2025-08-23 19:04:00,737 ERROR Error: list index out of range
2025-08-23 19:04:01,340 ERROR Error: list index out of range
2025-08-23 19:04:01,780 ERROR Error: list index out of range
2025-08-23 19:04:02,416 ERROR Error: list index out of range
2025-08-23 19:04:02,863 ERROR Error: list index out of range
2025-08-23 19:04:03,327 ERROR Error: list index out of range
2025-08-23 19:04:03,820 ERROR Error: list index out of range
2025-08-23 19:04:04,262 ERROR Error: list index out of range
2025-08-23 19:04:04,748 ERROR Error: list index out of range
2025-08-23 19:04:05,192 ERROR Error: list index out of range
2025-08-23 19:04:05,632 ERROR Error: list index out of range
2025-08-23 19:04:06,077 ERROR Error: list index out of range
2025-08-23 19:04:06,524 ERROR Error: list index out of range
2025-08-23 19:04:07,009 ERROR Error: list index out of range
2025-08-23 19:04:07,955 ERROR Error: list index out of range
2025-08-23 19:04:08,571 ERROR Error: list index out of range
2025-08-23 19:04:09,026 ERROR Error: list index out of range
2025-08-23 19:04:09,481 ERROR Error: list index out of range
2025-08-23 19:04:09,880 ERROR Error: list index out of range
2025-08-23 19:04:10,321 ERROR Error: list index out of range
2025-08-23 19:04:10,726 ERROR Error: list index out of range
2025-08-23 19:04:11,184 ERROR Error: list index out of range
2025-08-23 19:04:11,581 ERROR Error: list index out of range
2025-08-23 19:04:12,063 ERROR Error: list index out of range
2025-08-23 19:04:12,725 ERROR Error: list index out of range
2025-08-23 19:04:13,395 ERROR Error: list index out of range
2025-08-23 19:04:13,827 ERROR Error: list index out of range
2025-08-23 19:04:14,258 ERROR Error: list index out of range
2025-08-23 19:04:14,712 ERROR Error: list index out of range
2025-08-23 19:04:15,189 ERROR Error: list index out of range
2025-08-23 19:04:15,653 ERROR Error: list index out of range
2025-08-23 19:04:16,113 ERROR Error: list index out of range
2025-08-23 19:04:16,552 ERROR Error: list index out of range
2025-08-23 19:04:17,000 ERROR Error: list index out of range
2025-08-23 19:04:17,446 ERROR Error: list index out of range
2025-08-23 19:04:17,879 ERROR Error: list index out of range
2025-08-23 19:04:18,309 ERROR Error: list index out of range
2025-08-23 19:04:18,730 ERROR Error: list index out of range
2025-08-23 19:04:19,304 ERROR Error: list index out of range
2025-08-23 19:04:19,791 ERROR Error: list index out of range
2025-08-23 19:04:20,256 ERROR Error: list index out of range
2025-08-23 19:04:20,719 ERROR Error: list index out of range
2025-08-23 19:04:21,148 ERROR Error: list index out of range
2025-08-23 19:04:21,587 ERROR Error: list index out of range
2025-08-23 19:04:21,998 ERROR Error: list index out of range
2025-08-23 19:04:22,432 ERROR Error: list index out of range
2025-08-23 19:04:22,886 ERROR Error: list index out of range
2025-08-23 19:04:23,319 ERROR Error: list index out of range
2025-08-23 19:04:23,750 ERROR Error: list index out of range
2025-08-23 19:04:24,230 ERROR Error: list index out of range
2025-08-23 19:04:24,651 ERROR Error: list index out of range
2025-08-23 19:04:25,265 ERROR Error: list index out of range
2025-08-23 19:04:25,720 ERROR Error: list index out of range
2025-08-23 19:04:26,180 ERROR Error: list index out of range
2025-08-23 19:04:26,625 ERROR Error: list index out of range
2025-08-23 19:04:27,049 ERROR Error: list index out of range
2025-08-23 19:04:27,548 ERROR Error: list index out of range
2025-08-23 19:04:27,973 ERROR Error: list index out of range
2025-08-23 19:04:28,550 ERROR Error: list index out of range
2025-08-23 19:04:29,030 ERROR Error: list index out of range
2025-08-23 19:04:29,484 ERROR Error: list index out of range
2025-08-23 19:04:29,924 ERROR Error: list index out of range
2025-08-23 19:04:30,377 ERROR Error: list index out of range
2025-08-23 19:04:30,813 ERROR Error: list index out of range
2025-08-23 19:04:31,414 ERROR Error: list index out of range
2025-08-23 19:04:31,839 ERROR Error: list index out of range
2025-08-23 19:04:32,458 ERROR Error: list index out of range
2025-08-23 19:04:32,884 ERROR Error: list index out of range
2025-08-23 19:04:33,345 ERROR Error: list index out of range
2025-08-23 19:04:33,785 ERROR Error: list index out of range
2025-08-23 19:04:34,286 ERROR Error: list index out of range
2025-08-23 19:04:34,718 ERROR Error: list index out of range
2025-08-23 19:04:35,168 ERROR Error: list index out of range
2025-08-23 19:04:35,632 ERROR Error: list index out of range
2025-08-23 19:04:36,070 ERROR Error: list index out of range
2025-08-23 19:04:36,544 ERROR Error: list index out of range
2025-08-23 19:04:36,980 ERROR Error: list index out of range
2025-08-23 19:04:37,612 ERROR Error: list index out of range
2025-08-23 19:04:38,059 ERROR Error: list index out of range
2025-08-23 19:04:38,493 ERROR Error: list index out of range
2025-08-23 19:04:38,931 ERROR Error: list index out of range
2025-08-23 19:04:39,415 ERROR Error: list index out of range
2025-08-23 19:04:39,856 ERROR Error: list index out of range
2025-08-23 19:04:40,321 ERROR Error: list index out of range
2025-08-23 19:04:40,752 ERROR Error: list index out of range
2025-08-23 19:04:41,202 ERROR Error: list index out of range
2025-08-23 19:04:41,627 ERROR Error: list index out of range
2025-08-23 19:04:42,068 ERROR Error: list index out of range
2025-08-23 19:04:42,520 ERROR Error: list index out of range
2025-08-23 19:04:42,937 ERROR Error: list index out of range
2025-08-23 19:04:43,553 ERROR Error: list index out of range
2025-08-23 19:04:44,024 ERROR Error: list index out of range
2025-08-23 19:04:44,559 ERROR Error: list index out of range
2025-08-23 19:04:44,998 ERROR Error: list index out of range
2025-08-23 19:04:45,446 ERROR Error: list index out of range
2025-08-23 19:04:45,881 ERROR Error: list index out of range
2025-08-23 19:04:46,332 ERROR Error: list index out of range
2025-08-23 19:04:46,758 ERROR Error: list index out of range
2025-08-23 19:04:47,224 ERROR Error: list index out of range
2025-08-23 19:04:47,653 ERROR Error: list index out of range
2025-08-23 19:04:48,094 ERROR Error: list index out of range
2025-08-23 19:04:48,622 ERROR Error: list index out of range
2025-08-23 19:04:49,246 ERROR Error: list index out of range
2025-08-23 19:04:49,672 ERROR Error: list index out of range
2025-08-23 19:04:50,108 ERROR Error: list index out of range
2025-08-23 19:04:50,546 ERROR Error: list index out of range
2025-08-23 19:04:50,994 ERROR Error: list index out of range
2025-08-23 19:04:51,427 ERROR Error: list index out of range
2025-08-23 19:04:51,880 ERROR Error: list index out of range
2025-08-23 19:04:52,426 ERROR Error: list index out of range
2025-08-23 19:04:52,896 ERROR Error: list index out of range
2025-08-23 19:04:53,474 ERROR Error: list index out of range
2025-08-23 19:04:53,892 ERROR Error: list index out of range
2025-08-23 19:04:54,336 ERROR Error: list index out of range
2025-08-23 19:04:54,946 ERROR Error: list index out of range
2025-08-23 19:04:55,561 ERROR Error: list index out of range
2025-08-23 19:04:56,011 ERROR Error: list index out of range
2025-08-23 19:04:56,432 ERROR Error: list index out of range
2025-08-23 19:04:56,901 ERROR Error: list index out of range
2025-08-23 19:04:57,360 ERROR Error: list index out of range
2025-08-23 19:04:57,776 ERROR Error: list index out of range
2025-08-23 19:04:58,242 ERROR Error: list index out of range
2025-08-23 19:04:58,705 ERROR Error: list index out of range
2025-08-23 19:04:59,148 ERROR Error: list index out of range
2025-08-23 19:04:59,587 ERROR Error: list index out of range
2025-08-23 19:05:00,021 ERROR Error: list index out of range
2025-08-23 19:05:00,446 ERROR Error: list index out of range
2025-08-23 19:05:00,900 ERROR Error: list index out of range
2025-08-23 19:05:01,558 ERROR Error: list index out of range
2025-08-23 19:05:02,012 ERROR Error: list index out of range
2025-08-23 19:05:02,445 ERROR Error: list index out of range
2025-08-23 19:05:03,021 ERROR Error: list index out of range
2025-08-23 19:05:03,486 ERROR Error: list index out of range
2025-08-23 19:05:03,916 ERROR Error: list index out of range
2025-08-23 19:05:04,389 ERROR Error: list index out of range
2025-08-23 19:05:04,845 ERROR Error: list index out of range
2025-08-23 19:05:05,285 ERROR Error: list index out of range
2025-08-23 19:05:05,724 ERROR Error: list index out of range
2025-08-23 19:05:06,488 ERROR Error: list index out of range
2025-08-23 19:05:06,962 ERROR Error: list index out of range
2025-08-23 19:05:07,564 ERROR Error: list index out of range
2025-08-23 19:05:08,017 ERROR Error: list index out of range
2025-08-23 19:05:08,462 ERROR Error: list index out of range
2025-08-23 19:05:08,895 ERROR Error: list index out of range
2025-08-23 19:05:09,375 ERROR Error: list index out of range
2025-08-23 19:05:09,809 ERROR Error: list index out of range
2025-08-23 19:05:10,243 ERROR Error: list index out of range
2025-08-23 19:05:10,929 ERROR Error: list index out of range
2025-08-23 19:05:11,373 ERROR Error: list index out of range
2025-08-23 19:05:11,852 ERROR Error: list index out of range
2025-08-23 19:05:12,264 ERROR Error: list index out of range
2025-08-23 19:05:12,701 ERROR Error: list index out of range
2025-08-23 19:05:13,332 ERROR Error: list index out of range
2025-08-23 19:05:13,756 ERROR Error: list index out of range
2025-08-23 19:05:14,205 ERROR Error: list index out of range
2025-08-23 19:05:14,803 ERROR Error: list index out of range
2025-08-23 19:05:15,254 ERROR Error: list index out of range
2025-08-23 19:05:15,698 ERROR Error: list index out of range
2025-08-23 19:05:16,121 ERROR Error: list index out of range
2025-08-23 19:05:16,546 ERROR Error: list index out of range
2025-08-23 19:05:17,021 ERROR Error: list index out of range
2025-08-23 19:05:17,493 ERROR Error: list index out of range
2025-08-23 19:05:17,950 ERROR Error: list index out of range
2025-08-23 19:05:18,425 ERROR Error: list index out of range
2025-08-23 19:05:19,267 ERROR Error: list index out of range
2025-08-23 19:05:19,716 ERROR Error: list index out of range
2025-08-23 19:05:20,179 ERROR Error: list index out of range
2025-08-23 19:05:20,605 ERROR Error: list index out of range
2025-08-23 19:05:21,068 ERROR Error: list index out of range
2025-08-23 19:05:21,507 ERROR Error: list index out of range
2025-08-23 19:05:21,934 ERROR Error: list index out of range
2025-08-23 19:05:22,395 ERROR Error: list index out of range
2025-08-23 19:05:22,860 ERROR Error: list index out of range
2025-08-23 19:05:23,291 ERROR Error: list index out of range
2025-08-23 19:05:23,731 ERROR Error: list index out of range
2025-08-23 19:05:24,174 ERROR Error: list index out of range
2025-08-23 19:05:24,607 ERROR Error: list index out of range
2025-08-23 19:05:25,215 ERROR Error: list index out of range
2025-08-23 19:05:25,696 ERROR Error: list index out of range
2025-08-23 19:05:26,151 ERROR Error: list index out of range
2025-08-23 19:05:26,611 ERROR Error: list index out of range
2025-08-23 19:05:27,056 ERROR Error: list index out of range
2025-08-23 19:05:27,495 ERROR Error: list index out of range
2025-08-23 19:05:27,942 ERROR Error: list index out of range
2025-08-23 19:05:28,380 ERROR Error: list index out of range
2025-08-23 19:05:28,843 ERROR Error: list index out of range
2025-08-23 19:05:29,283 ERROR Error: list index out of range
2025-08-23 19:05:29,746 ERROR Error: list index out of range
2025-08-23 19:05:30,211 ERROR Error: list index out of range
2025-08-23 19:05:30,928 ERROR Error: list index out of range
2025-08-23 19:05:31,492 ERROR Error: list index out of range
2025-08-23 19:05:31,944 ERROR Error: list index out of range
2025-08-23 19:05:32,398 ERROR Error: list index out of range
2025-08-23 19:05:32,844 ERROR Error: list index out of range
2025-08-23 19:05:33,319 ERROR Error: list index out of range
2025-08-23 19:05:33,770 ERROR Error: list index out of range
2025-08-23 19:05:34,201 ERROR Error: list index out of range
2025-08-23 19:05:34,692 ERROR Error: list index out of range
2025-08-23 19:05:35,157 ERROR Error: list index out of range
2025-08-23 19:05:35,604 ERROR Error: list index out of range
2025-08-23 19:05:36,045 ERROR Error: list index out of range
2025-08-23 19:05:36,480 ERROR Error: list index out of range
2025-08-23 19:05:36,918 ERROR Error: list index out of range
2025-08-23 19:05:37,540 ERROR Error: list index out of range
2025-08-23 19:05:37,959 ERROR Error: list index out of range
2025-08-23 19:05:38,383 ERROR Error: list index out of range
2025-08-23 19:05:38,899 ERROR Error: list index out of range
2025-08-23 19:05:39,366 ERROR Error: list index out of range
2025-08-23 19:05:39,824 ERROR Error: list index out of range
2025-08-23 19:05:40,306 ERROR Error: list index out of range
2025-08-23 19:05:40,741 ERROR Error: list index out of range
2025-08-23 19:05:41,183 ERROR Error: list index out of range
2025-08-23 19:05:41,624 ERROR Error: list index out of range
2025-08-23 19:05:42,074 ERROR Error: list index out of range
2025-08-23 19:05:42,594 ERROR Error: list index out of range
2025-08-23 19:05:43,192 ERROR Error: list index out of range
2025-08-23 19:05:43,647 ERROR Error: list index out of range
2025-08-23 19:05:44,113 ERROR Error: list index out of range
2025-08-23 19:05:44,543 ERROR Error: list index out of range
2025-08-23 19:05:44,997 ERROR Error: list index out of range
2025-08-23 19:05:45,425 ERROR Error: list index out of range
2025-08-23 19:05:45,845 ERROR Error: list index out of range
2025-08-23 19:05:46,274 ERROR Error: list index out of range
2025-08-23 19:05:46,708 ERROR Error: list index out of range
2025-08-23 19:05:47,127 ERROR Error: list index out of range
2025-08-23 19:05:47,568 ERROR Error: list index out of range
2025-08-23 19:05:47,986 ERROR Error: list index out of range
2025-08-23 19:05:48,418 ERROR Error: list index out of range
2025-08-23 19:05:48,839 ERROR Error: list index out of range
2025-08-23 19:05:49,466 ERROR Error: list index out of range
2025-08-23 19:05:49,886 ERROR Error: list index out of range
2025-08-23 19:05:50,316 ERROR Error: list index out of range
2025-08-23 19:05:50,916 ERROR Error: list index out of range
2025-08-23 19:05:51,366 ERROR Error: list index out of range
2025-08-23 19:05:51,967 ERROR Error: list index out of range
2025-08-23 19:05:52,408 ERROR Error: list index out of range
2025-08-23 19:05:52,944 ERROR Error: list index out of range
2025-08-23 19:05:53,357 ERROR Error: list index out of range
2025-08-23 19:05:53,797 ERROR Error: list index out of range
2025-08-23 19:05:54,209 ERROR Error: list index out of range
2025-08-23 19:05:54,625 ERROR Error: list index out of range
2025-08-23 19:05:55,217 ERROR Error: list index out of range
2025-08-23 19:05:55,626 ERROR Error: list index out of range
2025-08-23 19:05:56,051 ERROR Error: list index out of range
2025-08-23 19:05:56,452 ERROR Error: list index out of range
2025-08-23 19:05:57,067 ERROR Error: list index out of range
2025-08-23 19:05:57,486 ERROR Error: list index out of range
2025-08-23 19:05:57,933 ERROR Error: list index out of range
2025-08-23 19:05:58,582 ERROR Error: list index out of range
2025-08-23 19:05:59,013 ERROR Error: list index out of range
2025-08-23 19:05:59,449 ERROR Error: list index out of range
2025-08-23 19:05:59,969 ERROR Error: list index out of range
2025-08-23 19:06:00,535 ERROR Error: list index out of range
2025-08-23 19:06:00,964 ERROR Error: list index out of range
2025-08-23 19:06:01,574 ERROR Error: list index out of range
2025-08-23 19:06:02,006 ERROR Error: list index out of range
2025-08-23 19:06:02,430 ERROR Error: list index out of range
2025-08-23 19:06:02,886 ERROR Error: list index out of range
2025-08-23 19:06:03,381 ERROR Error: list index out of range
2025-08-23 19:06:03,847 ERROR Error: list index out of range
2025-08-23 19:06:04,290 ERROR Error: list index out of range
2025-08-23 19:06:04,743 ERROR Error: list index out of range
2025-08-23 19:06:05,158 ERROR Error: list index out of range
2025-08-23 19:06:05,624 ERROR Error: list index out of range
2025-08-23 19:06:06,111 ERROR Error: list index out of range
2025-08-23 19:06:06,565 ERROR Error: list index out of range
2025-08-23 19:06:06,981 ERROR Error: list index out of range
2025-08-23 19:06:07,597 ERROR Error: list index out of range
2025-08-23 19:06:08,008 ERROR Error: list index out of range
2025-08-23 19:06:08,460 ERROR Error: list index out of range
2025-08-23 19:06:08,921 ERROR Error: list index out of range
2025-08-23 19:06:09,337 ERROR Error: list index out of range
2025-08-23 19:06:09,822 ERROR Error: list index out of range
2025-08-23 19:06:10,374 ERROR Error: list index out of range
2025-08-23 19:06:10,815 ERROR Error: list index out of range
2025-08-23 19:06:11,236 ERROR Error: list index out of range
2025-08-23 19:06:11,650 ERROR Error: list index out of range
2025-08-23 19:06:12,255 ERROR Error: list index out of range
2025-08-23 19:06:12,693 ERROR Error: list index out of range
2025-08-23 19:06:13,730 ERROR Error: list index out of range
2025-08-23 19:06:14,156 ERROR Error: list index out of range
2025-08-23 19:06:14,735 ERROR Error: list index out of range
2025-08-23 19:06:15,165 ERROR Error: list index out of range
2025-08-23 19:06:15,601 ERROR Error: list index out of range
2025-08-23 19:06:16,285 ERROR Error: list index out of range
2025-08-23 19:06:16,730 ERROR Error: list index out of range
2025-08-23 19:06:17,164 ERROR Error: list index out of range
2025-08-23 19:06:17,627 ERROR Error: list index out of range
2025-08-23 19:06:18,080 ERROR Error: list index out of range
2025-08-23 19:06:18,508 ERROR Error: list index out of range
2025-08-23 19:06:18,947 ERROR Error: list index out of range
2025-08-23 19:06:19,548 ERROR Error: list index out of range
2025-08-23 19:06:19,975 ERROR Error: list index out of range
2025-08-23 19:06:20,409 ERROR Error: list index out of range
2025-08-23 19:06:20,863 ERROR Error: list index out of range
2025-08-23 19:06:21,407 ERROR Error: list index out of range
2025-08-23 19:06:21,885 ERROR Error: list index out of range
2025-08-23 19:06:22,348 ERROR Error: list index out of range
2025-08-23 19:06:22,775 ERROR Error: list index out of range
2025-08-23 19:06:23,201 ERROR Error: list index out of range
2025-08-23 19:06:23,642 ERROR Error: list index out of range
2025-08-23 19:06:24,111 ERROR Error: list index out of range
2025-08-23 19:06:24,552 ERROR Error: list index out of range
2025-08-23 19:06:25,001 ERROR Error: list index out of range
2025-08-23 19:06:25,600 ERROR Error: list index out of range
2025-08-23 19:06:26,026 ERROR Error: list index out of range
2025-08-23 19:06:26,472 ERROR Error: list index out of range
2025-08-23 19:06:26,906 ERROR Error: list index out of range
2025-08-23 19:06:27,360 ERROR Error: list index out of range
2025-08-23 19:06:27,779 ERROR Error: list index out of range
2025-08-23 19:06:28,240 ERROR Error: list index out of range
2025-08-23 19:06:28,689 ERROR Error: list index out of range
2025-08-23 19:06:29,208 ERROR Error: list index out of range
2025-08-23 19:06:29,639 ERROR Error: list index out of range
2025-08-23 19:06:30,083 ERROR Error: list index out of range
2025-08-23 19:06:30,508 ERROR Error: list index out of range
2025-08-23 19:06:30,927 ERROR Error: list index out of range
2025-08-23 19:06:32,575 ERROR Error: list index out of range
2025-08-23 19:06:33,011 ERROR Error: list index out of range
2025-08-23 19:06:33,531 ERROR Error: list index out of range
2025-08-23 19:06:33,957 ERROR Error: list index out of range
2025-08-23 19:06:34,393 ERROR Error: list index out of range
2025-08-23 19:06:34,825 ERROR Error: list index out of range
2025-08-23 19:06:35,272 ERROR Error: list index out of range
2025-08-23 19:06:35,703 ERROR Error: list index out of range
2025-08-23 19:06:36,168 ERROR Error: list index out of range
2025-08-23 19:06:36,622 ERROR Error: list index out of range
2025-08-23 19:06:37,139 ERROR Error: list index out of range
2025-08-23 19:06:37,574 ERROR Error: list index out of range
2025-08-23 19:06:38,002 ERROR Error: list index out of range
2025-08-23 19:06:38,587 ERROR Error: list index out of range
2025-08-23 19:06:39,043 ERROR Error: list index out of range
2025-08-23 19:06:39,485 ERROR Error: list index out of range
2025-08-23 19:06:39,915 ERROR Error: list index out of range
2025-08-23 19:06:40,377 ERROR Error: list index out of range
2025-08-23 19:06:40,867 ERROR Error: list index out of range
2025-08-23 19:06:41,429 ERROR Error: list index out of range
2025-08-23 19:06:41,903 ERROR Error: list index out of range
2025-08-23 19:06:42,385 ERROR Error: list index out of range
2025-08-23 19:06:42,883 ERROR Error: list index out of range
2025-08-23 19:06:43,320 ERROR Error: list index out of range
2025-08-23 19:06:43,753 ERROR Error: list index out of range
2025-08-23 19:06:44,378 ERROR Error: list index out of range
2025-08-23 19:06:44,796 ERROR Error: list index out of range
2025-08-23 19:06:45,227 ERROR Error: list index out of range
2025-08-23 19:06:45,819 ERROR Error: list index out of range
2025-08-23 19:06:46,274 ERROR Error: list index out of range
2025-08-23 19:06:46,752 ERROR Error: list index out of range
2025-08-23 19:06:47,232 ERROR Error: list index out of range
2025-08-23 19:06:47,663 ERROR Error: list index out of range
2025-08-23 19:06:48,111 ERROR Error: list index out of range
2025-08-23 19:06:48,544 ERROR Error: list index out of range
2025-08-23 19:06:48,978 ERROR Error: list index out of range
2025-08-23 19:06:49,437 ERROR Error: list index out of range
2025-08-23 19:06:49,856 ERROR Error: list index out of range
2025-08-23 19:06:50,473 ERROR Error: list index out of range
2025-08-23 19:06:50,883 ERROR Error: list index out of range
2025-08-23 19:06:51,298 ERROR Error: list index out of range
2025-08-23 19:06:51,724 ERROR Error: list index out of range
2025-08-23 19:06:52,151 ERROR Error: list index out of range
2025-08-23 19:06:52,565 ERROR Error: list index out of range
2025-08-23 19:06:52,993 ERROR Error: list index out of range
2025-08-23 19:06:53,446 ERROR Error: list index out of range
2025-08-23 19:06:53,909 ERROR Error: list index out of range
2025-08-23 19:06:54,342 ERROR Error: list index out of range
2025-08-23 19:06:54,797 ERROR Error: list index out of range
2025-08-23 19:06:55,214 ERROR Error: list index out of range
2025-08-23 19:06:55,650 ERROR Error: list index out of range
2025-08-23 19:06:56,262 ERROR Error: list index out of range
2025-08-23 19:06:56,689 ERROR Error: list index out of range
2025-08-23 19:06:57,130 ERROR Error: list index out of range
2025-08-23 19:06:57,658 ERROR Error: list index out of range
2025-08-23 19:06:58,070 ERROR Error: list index out of range
2025-08-23 19:06:58,504 ERROR Error: list index out of range
2025-08-23 19:06:58,946 ERROR Error: list index out of range
2025-08-23 19:06:59,392 ERROR Error: list index out of range
2025-08-23 19:06:59,821 ERROR Error: list index out of range
2025-08-23 19:07:00,257 ERROR Error: list index out of range
2025-08-23 19:07:00,777 ERROR Error: list index out of range
2025-08-23 19:07:01,227 ERROR Error: list index out of range
2025-08-23 19:07:01,669 ERROR Error: list index out of range
2025-08-23 19:07:02,267 ERROR Error: list index out of range
2025-08-23 19:07:02,699 ERROR Error: list index out of range
2025-08-23 19:07:03,160 ERROR Error: list index out of range
2025-08-23 19:07:03,596 ERROR Error: list index out of range
2025-08-23 19:07:04,207 ERROR Error: list index out of range
2025-08-23 19:07:04,661 ERROR Error: list index out of range
2025-08-23 19:07:05,096 ERROR Error: list index out of range
2025-08-23 19:07:05,551 ERROR Error: list index out of range
2025-08-23 19:07:05,991 ERROR Error: list index out of range
2025-08-23 19:07:06,430 ERROR Error: list index out of range
2025-08-23 19:07:06,837 ERROR Error: list index out of range
2025-08-23 19:07:07,291 ERROR Error: list index out of range
2025-08-23 19:07:07,847 ERROR Error: list index out of range
2025-08-23 19:07:08,469 ERROR Error: list index out of range
2025-08-23 19:07:08,885 ERROR Error: list index out of range
2025-08-23 19:07:09,309 ERROR Error: list index out of range
2025-08-23 19:07:09,713 ERROR Error: list index out of range
2025-08-23 19:07:10,194 ERROR Error: list index out of range
2025-08-23 19:07:10,636 ERROR Error: list index out of range
2025-08-23 19:07:11,055 ERROR Error: list index out of range
2025-08-23 19:07:11,477 ERROR Error: list index out of range
2025-08-23 19:07:11,906 ERROR Error: list index out of range
2025-08-23 19:07:12,421 ERROR Error: list index out of range
2025-08-23 19:07:12,874 ERROR Error: list index out of range
2025-08-23 19:07:13,337 ERROR Error: list index out of range
2025-08-23 19:07:13,786 ERROR Error: list index out of range
2025-08-23 19:07:14,406 ERROR Error: list index out of range
2025-08-23 19:07:14,836 ERROR Error: list index out of range
2025-08-23 19:07:15,279 ERROR Error: list index out of range
2025-08-23 19:07:15,720 ERROR Error: list index out of range
2025-08-23 19:07:16,219 ERROR Error: list index out of range
2025-08-23 19:07:16,660 ERROR Error: list index out of range
2025-08-23 19:07:17,117 ERROR Error: list index out of range
2025-08-23 19:07:17,551 ERROR Error: list index out of range
2025-08-23 19:07:18,230 ERROR Error: list index out of range
2025-08-23 19:07:18,652 ERROR Error: list index out of range
2025-08-23 19:07:19,085 ERROR Error: list index out of range
2025-08-23 19:07:19,509 ERROR Error: list index out of range
2025-08-23 19:07:19,946 ERROR Error: list index out of range
2025-08-23 19:07:20,581 ERROR Error: list index out of range
2025-08-23 19:07:20,995 ERROR Error: list index out of range
2025-08-23 19:07:21,418 ERROR Error: list index out of range
2025-08-23 19:07:21,860 ERROR Error: list index out of range
2025-08-23 19:07:22,297 ERROR Error: list index out of range
2025-08-23 19:07:22,750 ERROR Error: list index out of range
2025-08-23 19:07:23,210 ERROR Error: list index out of range
2025-08-23 19:07:23,614 ERROR Error: list index out of range
2025-08-23 19:07:24,253 ERROR Error: list index out of range
2025-08-23 19:07:24,698 ERROR Error: list index out of range
2025-08-23 19:07:25,725 ERROR Error: list index out of range
2025-08-23 19:07:26,358 ERROR Error: list index out of range
2025-08-23 19:07:26,802 ERROR Error: list index out of range
2025-08-23 19:07:27,239 ERROR Error: list index out of range
2025-08-23 19:07:27,685 ERROR Error: list index out of range
2025-08-23 19:07:28,265 ERROR Error: list index out of range
2025-08-23 19:07:28,683 ERROR Error: list index out of range
2025-08-23 19:07:29,108 ERROR Error: list index out of range
2025-08-23 19:07:29,562 ERROR Error: list index out of range
2025-08-23 19:07:29,983 ERROR Error: list index out of range
2025-08-23 19:07:30,431 ERROR Error: list index out of range
2025-08-23 19:07:30,877 ERROR Error: list index out of range
2025-08-23 19:07:31,309 ERROR Error: list index out of range
2025-08-23 19:07:31,761 ERROR Error: list index out of range
2025-08-23 19:07:32,420 ERROR Error: list index out of range
2025-08-23 19:07:32,851 ERROR Error: list index out of range
2025-08-23 19:07:33,329 ERROR Error: list index out of range
2025-08-23 19:07:33,771 ERROR Error: list index out of range
2025-08-23 19:07:34,213 ERROR Error: list index out of range
2025-08-23 19:07:34,641 ERROR Error: list index out of range
2025-08-23 19:07:35,044 ERROR Error: list index out of range
2025-08-23 19:07:35,439 ERROR Error: list index out of range
2025-08-23 19:07:35,870 ERROR Error: list index out of range
2025-08-23 19:07:36,349 ERROR Error: list index out of range
2025-08-23 19:07:36,806 ERROR Error: list index out of range
2025-08-23 19:07:37,243 ERROR Error: list index out of range
2025-08-23 19:07:37,679 ERROR Error: list index out of range
2025-08-23 19:07:38,283 ERROR Error: list index out of range
2025-08-23 19:07:38,707 ERROR Error: list index out of range
2025-08-23 19:07:39,109 ERROR Error: list index out of range
2025-08-23 19:07:39,506 ERROR Error: list index out of range
2025-08-23 19:07:39,949 ERROR Error: list index out of range
2025-08-23 19:07:40,373 ERROR Error: list index out of range
2025-08-23 19:07:40,795 ERROR Error: list index out of range
2025-08-23 19:07:41,246 ERROR Error: list index out of range
2025-08-23 19:07:41,651 ERROR Error: list index out of range
2025-08-23 19:07:42,083 ERROR Error: list index out of range
2025-08-23 19:07:42,515 ERROR Error: list index out of range
2025-08-23 19:07:42,935 ERROR Error: list index out of range
2025-08-23 19:07:43,353 ERROR Error: list index out of range
2025-08-23 19:07:43,823 ERROR Error: list index out of range
2025-08-23 19:07:44,407 ERROR Error: list index out of range
2025-08-23 19:07:44,830 ERROR Error: list index out of range
2025-08-23 19:07:45,241 ERROR Error: list index out of range
2025-08-23 19:07:45,682 ERROR Error: list index out of range
2025-08-23 19:07:46,135 ERROR Error: list index out of range
2025-08-23 19:07:46,577 ERROR Error: list index out of range
2025-08-23 19:07:47,047 ERROR Error: list index out of range
2025-08-23 19:07:47,490 ERROR Error: list index out of range
2025-08-23 19:07:47,942 ERROR Error: list index out of range
2025-08-23 19:07:48,431 ERROR Error: list index out of range
2025-08-23 19:07:48,924 ERROR Error: list index out of range
2025-08-23 19:07:49,349 ERROR Error: list index out of range
2025-08-23 19:07:49,785 ERROR Error: list index out of range
2025-08-23 19:07:50,390 ERROR Error: list index out of range
2025-08-23 19:07:50,829 ERROR Error: list index out of range
2025-08-23 19:07:51,266 ERROR Error: list index out of range
2025-08-23 19:07:51,765 ERROR Error: list index out of range
2025-08-23 19:07:52,251 ERROR Error: list index out of range
2025-08-23 19:07:52,692 ERROR Error: list index out of range
2025-08-23 19:07:53,152 ERROR Error: list index out of range
2025-08-23 19:07:53,601 ERROR Error: list index out of range
2025-08-23 19:07:54,025 ERROR Error: list index out of range
2025-08-23 19:07:54,489 ERROR Error: list index out of range
2025-08-23 19:07:54,943 ERROR Error: list index out of range
2025-08-23 19:07:55,379 ERROR Error: list index out of range
2025-08-23 19:07:55,822 ERROR Error: list index out of range
2025-08-23 19:07:56,714 ERROR Error: list index out of range
2025-08-23 19:07:57,149 ERROR Error: list index out of range
2025-08-23 19:07:57,580 ERROR Error: list index out of range
2025-08-23 19:07:58,036 ERROR Error: list index out of range
2025-08-23 19:07:58,493 ERROR Error: list index out of range
2025-08-23 19:07:58,935 ERROR Error: list index out of range
2025-08-23 19:07:59,405 ERROR Error: list index out of range
2025-08-23 19:07:59,872 ERROR Error: list index out of range
2025-08-23 19:08:00,302 ERROR Error: list index out of range
2025-08-23 19:08:00,775 ERROR Error: list index out of range
2025-08-23 19:08:01,221 ERROR Error: list index out of range
2025-08-23 19:08:01,657 ERROR Error: list index out of range
2025-08-23 19:08:02,267 ERROR Error: list index out of range
2025-08-23 19:08:02,695 ERROR Error: list index out of range
2025-08-23 19:08:03,152 ERROR Error: list index out of range
2025-08-23 19:08:03,624 ERROR Error: list index out of range
2025-08-23 19:08:04,076 ERROR Error: list index out of range
2025-08-23 19:08:04,535 ERROR Error: list index out of range
2025-08-23 19:08:04,980 ERROR Error: list index out of range
2025-08-23 19:08:05,428 ERROR Error: list index out of range
2025-08-23 19:08:05,852 ERROR Error: list index out of range
2025-08-23 19:08:06,286 ERROR Error: list index out of range
2025-08-23 19:08:06,732 ERROR Error: list index out of range
2025-08-23 19:08:07,150 ERROR Error: list index out of range
2025-08-23 19:08:07,597 ERROR Error: list index out of range
2025-08-23 19:08:08,212 ERROR Error: list index out of range
2025-08-23 19:08:08,627 ERROR Error: list index out of range
2025-08-23 19:08:09,122 ERROR Error: list index out of range
2025-08-23 19:08:09,554 ERROR Error: list index out of range
2025-08-23 19:08:09,969 ERROR Error: list index out of range
2025-08-23 19:08:10,391 ERROR Error: list index out of range
2025-08-23 19:08:10,830 ERROR Error: list index out of range
2025-08-23 19:08:11,307 ERROR Error: list index out of range
2025-08-23 19:08:11,853 ERROR Error: list index out of range
2025-08-23 19:08:12,287 ERROR Error: list index out of range
2025-08-23 19:08:12,783 ERROR Error: list index out of range
2025-08-23 19:08:13,211 ERROR Error: list index out of range
2025-08-23 19:08:13,680 ERROR Error: list index out of range
2025-08-23 19:08:14,282 ERROR Error: list index out of range
2025-08-23 19:08:14,729 ERROR Error: list index out of range
2025-08-23 19:08:15,169 ERROR Error: list index out of range
2025-08-23 19:08:15,723 ERROR Error: list index out of range
2025-08-23 19:08:16,120 ERROR Error: list index out of range
2025-08-23 19:08:16,560 ERROR Error: list index out of range
2025-08-23 19:08:17,006 ERROR Error: list index out of range
2025-08-23 19:08:17,447 ERROR Error: list index out of range
2025-08-23 19:08:17,889 ERROR Error: list index out of range
2025-08-23 19:08:18,336 ERROR Error: list index out of range
2025-08-23 19:08:18,835 ERROR Error: list index out of range
2025-08-23 19:08:19,295 ERROR Error: list index out of range
2025-08-23 19:08:19,748 ERROR Error: list index out of range
2025-08-23 19:08:20,719 ERROR Error: list index out of range
2025-08-23 19:08:21,168 ERROR Error: list index out of range
2025-08-23 19:08:21,588 ERROR Error: list index out of range
2025-08-23 19:08:22,023 ERROR Error: list index out of range
2025-08-23 19:08:22,455 ERROR Error: list index out of range
2025-08-23 19:08:22,879 ERROR Error: list index out of range
2025-08-23 19:08:23,279 ERROR Error: list index out of range
2025-08-23 19:08:23,880 ERROR Error: list index out of range
2025-08-23 19:08:24,334 ERROR Error: list index out of range
2025-08-23 19:08:24,766 ERROR Error: list index out of range
2025-08-23 19:08:25,198 ERROR Error: list index out of range
2025-08-23 19:08:25,682 ERROR Error: list index out of range
2025-08-23 19:08:26,574 ERROR Error: list index out of range
2025-08-23 19:08:26,990 ERROR Error: list index out of range
2025-08-23 19:08:27,415 ERROR Error: list index out of range
2025-08-23 19:08:27,960 ERROR Error: list index out of range
2025-08-23 19:08:28,405 ERROR Error: list index out of range
2025-08-23 19:08:28,836 ERROR Error: list index out of range
2025-08-23 19:08:29,310 ERROR Error: list index out of range
2025-08-23 19:08:29,772 ERROR Error: list index out of range
2025-08-23 19:08:30,246 ERROR Error: list index out of range
2025-08-23 19:08:30,942 ERROR Error: list index out of range
2025-08-23 19:08:31,360 ERROR Error: list index out of range
2025-08-23 19:08:31,808 ERROR Error: list index out of range
2025-08-23 19:08:32,467 ERROR Error: list index out of range
2025-08-23 19:08:32,916 ERROR Error: list index out of range
2025-08-23 19:08:33,362 ERROR Error: list index out of range
2025-08-23 19:08:33,839 ERROR Error: list index out of range
2025-08-23 19:08:34,308 ERROR Error: list index out of range
2025-08-23 19:08:34,753 ERROR Error: list index out of range
2025-08-23 19:08:35,187 ERROR Error: list index out of range
2025-08-23 19:08:35,645 ERROR Error: list index out of range
2025-08-23 19:08:36,060 ERROR Error: list index out of range
2025-08-23 19:08:36,500 ERROR Error: list index out of range
2025-08-23 19:08:36,945 ERROR Error: list index out of range
2025-08-23 19:08:37,381 ERROR Error: list index out of range
2025-08-23 19:08:37,800 ERROR Error: list index out of range
2025-08-23 19:08:38,387 ERROR Error: list index out of range
2025-08-23 19:08:38,804 ERROR Error: list index out of range
2025-08-23 19:08:39,271 ERROR Error: list index out of range
2025-08-23 19:08:39,714 ERROR Error: list index out of range
2025-08-23 19:08:40,169 ERROR Error: list index out of range
2025-08-23 19:08:40,589 ERROR Error: list index out of range
2025-08-23 19:08:41,026 ERROR Error: list index out of range
2025-08-23 19:08:41,434 ERROR Error: list index out of range
2025-08-23 19:08:41,872 ERROR Error: list index out of range
2025-08-23 19:08:42,308 ERROR Error: list index out of range
2025-08-23 19:08:42,748 ERROR Error: list index out of range
2025-08-23 19:08:43,166 ERROR Error: list index out of range
2025-08-23 19:08:43,607 ERROR Error: list index out of range
2025-08-23 19:08:44,211 ERROR Error: list index out of range
2025-08-23 19:11:38,090 INFO [2025-08-23 19:11:38] C values: 1.57, 4.56, 5.05
2025-08-23 19:12:20,523 INFO [2025-08-23 19:12:20] C values: 1.555, 4.52, 5.25
2025-08-23 19:12:32,412 INFO [2025-08-23 19:12:32] C values: 1.568, 4.38, 5.3
2025-08-23 19:12:38,502 INFO [2025-08-23 19:12:38] C values: 1.555, 4.52, 5.25
2025-08-23 19:13:02,559 INFO [2025-08-23 19:13:02] C values: 1.568, 4.38, 5.3
2025-08-23 19:13:44,129 INFO [2025-08-23 19:13:44] C values: 3.01, 3.11, 2.504
2025-08-23 19:14:02,227 INFO [2025-08-23 19:14:02] C values: 3.04, 3.04, 2.53
2025-08-23 19:14:40,454 INFO [2025-08-23 19:14:40] C values: 1.6, 4.36, 5
2025-08-23 19:14:58,835 INFO [2025-08-23 19:14:58] C values: 1.584, 4.3, 5.2
2025-08-23 19:15:10,339 INFO [2025-08-23 19:15:10] C values: 1.6, 4.36, 5
2025-08-23 19:15:40,424 INFO [2025-08-23 19:15:40] C values: 1.568, 4.38, 5.3
2025-08-23 19:15:52,486 INFO [2025-08-23 19:15:52] C values: 1.6, 4.36, 5
2025-08-23 19:16:04,603 INFO [2025-08-23 19:16:04] C values: 1.584, 4.3, 5.2
2025-08-23 19:16:22,327 INFO [2025-08-23 19:16:22] C values: 1.6, 4.36, 5
2025-08-23 19:16:46,246 INFO [2025-08-23 19:16:46] C values: 1.584, 4.3, 5.2
2025-08-23 19:17:07,225 INFO [2025-08-23 19:17:07] C values: 1.6, 4.36, 5
2025-08-23 19:17:08,508 INFO [2025-08-23 19:17:08] C values: 2.995, 2.995, 2.595
2025-08-23 19:17:14,616 INFO [2025-08-23 19:17:14] C values: 3.04, 3.04, 2.53
2025-08-23 19:17:37,342 INFO [2025-08-23 19:17:37] C values: 1.584, 4.3, 5.2
2025-08-23 19:19:01,233 INFO [2025-08-23 19:19:01] C values: 1.616, 4.06, 5.3
2025-08-23 19:19:02,520 INFO [2025-08-23 19:19:02] C values: 3.11, 3.01, 2.504
2025-08-23 19:19:32,360 INFO [2025-08-23 19:19:32] C values: 7, 4.02, 1.51
2025-08-23 19:19:44,209 INFO [2025-08-23 19:19:44] C values: 6.5, 4, 1.536
2025-08-23 19:21:01,514 INFO [2025-08-23 19:21:01] C values: 1.59, 4, 5.75
2025-08-23 19:21:19,253 INFO [2025-08-23 19:21:19] C values: 1.22, 6.6, 12
2025-08-23 19:21:37,560 INFO [2025-08-23 19:21:37] C values: 1.215, 6.6, 12.5
2025-08-23 19:22:07,447 INFO [2025-08-23 19:22:07] C values: 1.19, 7.1, 13.5
2025-08-23 19:22:25,200 INFO [2025-08-23 19:22:25] C values: 1.215, 6.6, 12.5
2025-08-23 19:22:26,214 INFO [2025-08-23 19:22:26] C values: 7, 4.02, 1.51
2025-08-23 19:23:49,545 INFO [2025-08-23 19:23:49] C values: 1.19, 6.95, 14.5
2025-08-23 19:23:55,417 INFO [2025-08-23 19:23:55] C values: 1.215, 6.6, 12.5
2025-08-23 19:24:13,390 INFO [2025-08-23 19:24:13] C values: 1.05, 13, 29
2025-08-23 19:24:19,359 INFO [2025-08-23 19:24:19] C values: 1.045, 13, 29
2025-08-23 19:24:43,633 INFO [2025-08-23 19:24:43] C values: 1.045, 15, 29
2025-08-23 19:24:56,584 INFO [2025-08-23 19:24:56] C values: 7.4, 3.98, 1.496
2025-08-23 19:25:19,214 INFO [2025-08-23 19:25:19] C values: 1.05, 13, 29
2025-08-23 19:25:49,529 INFO [2025-08-23 19:25:49] C values: 1.045, 13, 29
2025-08-23 19:26:02,504 INFO [2025-08-23 19:26:02] C values: 7.6, 4.08, 1.475
2025-08-23 19:26:25,194 INFO [2025-08-23 19:26:25] C values: 1.045, 15, 29
2025-08-23 19:26:32,538 INFO [2025-08-23 19:26:32] C values: 8.1, 4.04, 1.464
2025-08-23 19:26:37,526 INFO [2025-08-23 19:26:37] C values: 1.05, 13, 29
2025-08-23 19:27:01,406 INFO [2025-08-23 19:27:01] C values: 1.045, 15, 29
2025-08-23 19:27:32,605 INFO [2025-08-23 19:27:32] C values: 7, 4.02, 1.51
2025-08-23 19:27:38,494 INFO [2025-08-23 19:27:38] C values: 7.4, 3.98, 1.496
2025-08-23 19:27:43,471 INFO [2025-08-23 19:27:43] C values: 1.045, 13, 29
2025-08-23 19:28:31,454 INFO [2025-08-23 19:28:31] C values: 1.045, 15, 34
2025-08-23 19:28:37,309 INFO [2025-08-23 19:28:37] C values: 1.05, 13, 29
2025-08-23 19:28:49,316 INFO [2025-08-23 19:28:49] C values: 1.045, 13, 29
2025-08-23 19:28:56,369 INFO [2025-08-23 19:28:56] C values: 8.1, 4.04, 1.464
2025-08-23 19:29:02,682 INFO [2025-08-23 19:29:02] C values: 3.22, 2.896, 2.515
2025-08-23 19:29:20,281 INFO [2025-08-23 19:29:20] C values: 3.4, 2.76, 2.51
2025-08-23 19:29:37,277 INFO [2025-08-23 19:29:37] C values: 1.05, 13, 29
2025-08-23 19:29:55,575 INFO [2025-08-23 19:29:55] C values: 1.045, 13, 29
2025-08-23 19:29:56,609 INFO [2025-08-23 19:29:56] C values: 3.144, 2.79, 2.66
2025-08-23 19:30:07,491 INFO [2025-08-23 19:30:07] C values: 1.05, 13, 29
2025-08-23 19:30:14,360 INFO [2025-08-23 19:30:14] C values: 3.2, 2.765, 2.632
2025-08-23 19:30:26,456 INFO [2025-08-23 19:30:26] C values: 3.3, 2.8, 2.544
2025-08-23 19:31:08,614 INFO [2025-08-23 19:31:08] C values: 3.4, 2.76, 2.51
2025-08-23 19:32:56,265 INFO [2025-08-23 19:32:56] C values: 3.46, 2.68, 2.55
2025-08-23 19:33:02,352 INFO [2025-08-23 19:33:02] C values: 3.26, 2.755, 2.61
2025-08-23 19:33:38,454 INFO [2025-08-23 19:33:38] C values: 3.46, 2.68, 2.55
2025-08-23 19:33:56,403 INFO [2025-08-23 19:33:56] C values: 3.26, 2.755, 2.61
2025-08-23 19:34:20,592 INFO [2025-08-23 19:34:20] C values: 3.46, 2.68, 2.55
2025-08-23 19:34:33,342 INFO [2025-08-23 19:34:33] C values: 3.42, 2.64, 2.62
2025-08-23 19:35:09,323 INFO [2025-08-23 19:35:09] C values: 3.3, 2.665, 2.665
2025-08-23 19:35:39,344 INFO [2025-08-23 19:35:39] C values: 3.46, 2.68, 2.55
2025-08-23 19:36:33,932 INFO [2025-08-23 19:36:33] C values: 3.54, 2.66, 2.53
2025-08-23 19:36:39,428 INFO [2025-08-23 19:36:39] C values: 3.42, 2.64, 2.62
2025-08-23 19:36:51,226 INFO [2025-08-23 19:36:51] C values: 3.42, 2.625, 2.625
2025-08-23 19:37:15,439 INFO [2025-08-23 19:37:15] C values: 3.42, 2.64, 2.62
2025-08-23 19:37:33,311 INFO [2025-08-23 19:37:33] C values: 3.42, 2.625, 2.625
2025-08-23 19:37:43,429 INFO [2025-08-23 19:37:43] C values: 1.045, 13, 29
2025-08-23 19:37:49,585 INFO [2025-08-23 19:37:49] C values: 1.05, 13, 29
2025-08-23 19:37:57,325 INFO [2025-08-23 19:37:57] C values: 3.5, 2.605, 2.605
2025-08-23 19:38:39,443 INFO [2025-08-23 19:38:39] C values: 3.42, 2.62, 2.64
2025-08-23 19:39:01,420 INFO [2025-08-23 19:39:01] C values: 1.045, 13, 29
2025-08-23 19:39:21,937 INFO [2025-08-23 19:39:21] C values: 3.5, 2.605, 2.605
2025-08-23 19:39:25,484 INFO [2025-08-23 19:39:25] C values: 1.05, 13, 29
2025-08-23 19:39:37,816 INFO [2025-08-23 19:39:37] C values: 1.045, 13, 34
2025-08-23 19:40:01,267 INFO [2025-08-23 19:40:01] C values: 1.045, 13, 29
2025-08-23 19:40:05,464 INFO [2025-08-23 19:40:05] C values: 3.54, 2.54, 2.645
2025-08-23 19:40:07,449 INFO [2025-08-23 19:40:07] C values: 1.045, 13, 34
2025-08-23 19:40:23,296 INFO [2025-08-23 19:40:23] C values: 3.58, 2.584, 2.584
2025-08-23 19:40:35,558 INFO [2025-08-23 19:40:35] C values: 3.54, 2.54, 2.645
2025-08-23 19:40:41,589 INFO [2025-08-23 19:40:41] C values: 3.54, 2.53, 2.66
2025-08-23 19:41:11,578 INFO [2025-08-23 19:41:11] C values: 3.4, 2.51, 2.76
2025-08-23 19:41:23,574 INFO [2025-08-23 19:41:23] C values: 3.58, 2.512, 2.656
2025-08-23 19:41:29,692 INFO [2025-08-23 19:41:29] C values: 3.72, 2.53, 2.565
2025-08-23 19:41:47,480 INFO [2025-08-23 19:41:47] C values: 3.74, 2.544, 2.55
2025-08-23 19:41:59,310 INFO [2025-08-23 19:41:59] C values: 3.8, 2.515, 2.544
2025-08-23 19:44:19,202 INFO [2025-08-23 19:44:19] C values: 1.05, 13, 34
2025-08-23 19:44:31,536 INFO [2025-08-23 19:44:31] C values: 1.045, 13, 34
2025-08-23 19:44:37,417 INFO [2025-08-23 19:44:37] C values: 3.86, 2.455, 2.584
2025-08-23 19:45:49,352 INFO [2025-08-23 19:45:49] C values: 1.045, 15, 34
2025-08-23 19:45:55,658 INFO [2025-08-23 19:45:55] C values: 1.045, 13, 34
2025-08-23 20:07:10,734 INFO [2025-08-23 20:07:10] C values: 3.78, 2.325, 2.78
2025-08-23 20:07:40,336 INFO [2025-08-23 20:07:40] C values: 3.98, 2.29, 2.736
