[2025-08-23 22:38:43] Nice vs Auxerre - C Values: {"T1_C": 1.37, "T2_C": 5, "T3_C": 8, "T4_C": 1.096, "T5_C": 1.19, "T6_C": 3.096, "T7_C": 2.12, "T8_C": 1.72, "T9_C": 2.07, "T10_C": 1.752, "T11_C": 2.245, "T12_C": 1.648, "T13_C": 1.944, "T14_C": 1.856, "T180_C": 1.432, "T181_C": 2.816}
[2025-08-23 22:38:45] Nice vs Auxerre - C Values: {"T1_C": 1.37, "T2_C": 5.15, "T3_C": 7.7, "T4_C": 1.104, "T5_C": 1.184, "T6_C": 3.096, "T7_C": 2.12, "T8_C": 1.72, "T9_C": 2.07, "T10_C": 1.752, "T11_C": 2.245, "T12_C": 1.648, "T13_C": 1.925, "T14_C": 1.875, "T180_C": 1.432, "T181_C": 2.816}
[2025-08-23 22:38:51] Nice vs Auxerre - C Values: {"T1_C": 1.37, "T2_C": 5.15, "T3_C": 7.7, "T4_C": 1.104, "T5_C": 1.184, "T6_C": 3.096, "T7_C": 2.12, "T8_C": 1.72, "T9_C": 2.07, "T10_C": 1.752, "T11_C": 2.145, "T12_C": 1.704, "T13_C": 1.944, "T14_C": 1.856, "T180_C": 1.432, "T181_C": 2.816}
[2025-08-23 22:38:58] Nice vs Auxerre - C Values: {"T1_C": 1.37, "T2_C": 5, "T3_C": 8, "T4_C": 1.096, "T5_C": 1.19, "T6_C": 3.096, "T7_C": 2.12, "T8_C": 1.72, "T9_C": 2.184, "T10_C": 1.68, "T11_C": 2.245, "T12_C": 1.648, "T13_C": 2.12, "T14_C": 1.72, "T180_C": 1.475, "T181_C": 2.675}
[2025-08-23 22:39:11] Nice vs Auxerre - C Values: {"T1_C": 1.37, "T2_C": 5, "T3_C": 8, "T4_C": 1.096, "T5_C": 1.19, "T6_C": 3.096, "T7_C": 2.168, "T8_C": 1.69, "T9_C": 2.184, "T10_C": 1.68, "T11_C": 2.245, "T12_C": 1.648, "T13_C": 1.98, "T14_C": 1.825, "T180_C": 1.432, "T181_C": 2.816}
[2025-08-23 22:39:29] Nice vs Auxerre - C Values: {"T1_C": 1.37, "T2_C": 5, "T3_C": 8, "T4_C": 1.096, "T5_C": 1.19, "T6_C": 3.096, "T7_C": 2.12, "T8_C": 1.72, "T9_C": 2.184, "T10_C": 1.68, "T11_C": 2.245, "T12_C": 1.648, "T13_C": 1.98, "T14_C": 1.825, "T180_C": 1.432, "T181_C": 2.816}
[2025-08-23 22:39:36] Nice vs Auxerre - C Values: {"T1_C": 1.37, "T2_C": 5, "T3_C": 8, "T4_C": 1.096, "T5_C": 1.19, "T6_C": 3.096, "T7_C": 2.168, "T8_C": 1.69, "T9_C": 2.184, "T10_C": 1.68, "T11_C": 2.245, "T12_C": 1.648, "T13_C": 1.98, "T14_C": 1.825, "T180_C": 1.432, "T181_C": 2.816}
[2025-08-23 22:40:01] Nice vs Auxerre - C Values: {"T1_C": 1.37, "T2_C": 5, "T3_C": 8, "T4_C": 1.096, "T5_C": 1.19, "T6_C": 3.096, "T7_C": 2.168, "T8_C": 1.69, "T9_C": 2.184, "T10_C": 1.68, "T11_C": 2.31, "T12_C": 1.615, "T13_C": 2.12, "T14_C": 1.72, "T180_C": 1.475, "T181_C": 2.675}
[2025-08-23 22:40:25] Nice vs Auxerre - C Values: {"T1_C": 1.37, "T2_C": 5, "T3_C": 8, "T4_C": 1.096, "T5_C": 1.19, "T6_C": 3.096, "T7_C": 2.168, "T8_C": 1.69, "T9_C": 2.184, "T10_C": 1.68, "T11_C": 2.245, "T12_C": 1.648, "T13_C": 1.98, "T14_C": 1.825, "T180_C": 1.432, "T181_C": 2.816}
[2025-08-23 22:40:38] Nice vs Auxerre - C Values: {"T1_C": 1.37, "T2_C": 5.15, "T3_C": 7.7, "T4_C": 1.104, "T5_C": 1.184, "T6_C": 3.096, "T7_C": 2.168, "T8_C": 1.69, "T9_C": 2.184, "T10_C": 1.68, "T11_C": 2.31, "T12_C": 1.615, "T13_C": 2.12, "T14_C": 1.72, "T180_C": 1.475, "T181_C": 2.675}
[2025-08-23 22:41:21] Nice vs Auxerre - C Values: {"T1_C": 1.37, "T2_C": 5, "T3_C": 8, "T4_C": 1.096, "T5_C": 1.19, "T6_C": 3.096, "T7_C": 2.168, "T8_C": 1.69, "T9_C": 2.184, "T10_C": 1.68, "T11_C": 2.31, "T12_C": 1.615, "T13_C": 2.12, "T14_C": 1.72, "T180_C": 1.475, "T181_C": 2.675}
[2025-08-23 22:41:39] Nice vs Auxerre - C Values: {"T1_C": 1.37, "T2_C": 4.92, "T3_C": 8.2, "T4_C": 1.095, "T5_C": 1.195, "T6_C": 3.096, "T7_C": 2.168, "T8_C": 1.69, "T9_C": 2.184, "T10_C": 1.68, "T11_C": 2.31, "T12_C": 1.615, "T13_C": 2.12, "T14_C": 1.72, "T180_C": 1.475, "T181_C": 2.675}
[2025-08-23 22:42:18] Nice vs Auxerre - C Values: {"T1_C": 1.37, "T2_C": 5, "T3_C": 7.9, "T4_C": 1.1, "T5_C": 1.19, "T6_C": 3.096, "T7_C": 2.216, "T8_C": 1.66, "T9_C": 2.184, "T10_C": 1.68, "T11_C": 1.61, "T12_C": 2.312, "T13_C": 2.12, "T14_C": 1.72, "T180_C": 1.475, "T181_C": 2.675}
[2025-08-23 22:43:34] Nice vs Auxerre - C Values: {"T1_C": 1.37, "T2_C": 5, "T3_C": 7.9, "T4_C": 1.1, "T5_C": 1.19, "T6_C": 3.096, "T7_C": 2.216, "T8_C": 1.66, "T9_C": 2.184, "T10_C": 1.68, "T11_C": 1.61, "T12_C": 2.312, "T13_C": 2.02, "T14_C": 1.792, "T180_C": 1.432, "T181_C": 2.82}
[2025-08-23 22:43:41] Nice vs Auxerre - C Values: {"T1_C": 1.408, "T2_C": 4.76, "T3_C": 7.5, "T4_C": 1.105, "T5_C": 1.205, "T6_C": 2.93, "T7_C": 2.216, "T8_C": 1.66, "T9_C": 2.184, "T10_C": 1.68, "T11_C": 1.61, "T12_C": 2.312, "T13_C": 2.02, "T14_C": 1.792, "T180_C": 1.432, "T181_C": 2.82}
[2025-08-23 22:43:59] Nice vs Auxerre - C Values: {"T1_C": 1.408, "T2_C": 4.76, "T3_C": 7.5, "T4_C": 1.105, "T5_C": 1.205, "T6_C": 2.93, "T7_C": 2.216, "T8_C": 1.66, "T9_C": 1.656, "T10_C": 2.225, "T11_C": 1.61, "T12_C": 2.312, "T13_C": 2.02, "T14_C": 1.792, "T180_C": 1.432, "T181_C": 2.82}
[2025-08-23 22:44:11] Nice vs Auxerre - C Values: {"T1_C": 1.408, "T2_C": 4.76, "T3_C": 7.5, "T4_C": 1.105, "T5_C": 1.205, "T6_C": 2.93, "T7_C": 1.66, "T8_C": 2.216, "T9_C": 1.656, "T10_C": 2.225, "T11_C": 1.67, "T12_C": 2.205, "T13_C": 2.02, "T14_C": 1.792, "T180_C": 1.432, "T181_C": 2.82}
[2025-08-23 22:45:13] Nice vs Auxerre - C Values: {"T1_C": 1.408, "T2_C": 4.76, "T3_C": 7.5, "T4_C": 1.105, "T5_C": 1.205, "T6_C": 2.93, "T7_C": 1.69, "T8_C": 2.168, "T9_C": 1.656, "T10_C": 2.225, "T11_C": 1.67, "T12_C": 2.205, "T13_C": 2.02, "T14_C": 1.792, "T180_C": 1.432, "T181_C": 2.82}
[2025-08-23 22:45:26] Nice vs Auxerre - C Values: {"T1_C": 1.41, "T2_C": 4.88, "T3_C": 7.1, "T4_C": 1.112, "T5_C": 1.2, "T6_C": 2.915, "T7_C": 1.72, "T8_C": 2.12, "T9_C": 1.656, "T10_C": 2.225, "T11_C": 1.7, "T12_C": 2.152, "T13_C": 1.864, "T14_C": 1.936, "T180_C": 1.4, "T181_C": 2.96}
[2025-08-23 22:45:51] Nice vs Auxerre - C Values: {"T1_C": 1.41, "T2_C": 4.88, "T3_C": 7.1, "T4_C": 1.112, "T5_C": 1.2, "T6_C": 2.915, "T7_C": 1.72, "T8_C": 2.12, "T9_C": 1.685, "T10_C": 2.175, "T11_C": 1.71, "T12_C": 2.136, "T13_C": 1.89, "T14_C": 1.91, "T180_C": 1.4, "T181_C": 2.96}
[2025-08-23 22:46:03] Nice vs Auxerre - C Values: {"T1_C": 1.408, "T2_C": 4.76, "T3_C": 7.5, "T4_C": 1.105, "T5_C": 1.205, "T6_C": 2.93, "T7_C": 1.69, "T8_C": 2.168, "T9_C": 1.685, "T10_C": 2.175, "T11_C": 1.67, "T12_C": 2.205, "T13_C": 2.02, "T14_C": 1.792, "T180_C": 1.432, "T181_C": 2.82}
[2025-08-23 22:46:16] Nice vs Auxerre - C Values: {"T1_C": 1.41, "T2_C": 4.88, "T3_C": 7.1, "T4_C": 1.112, "T5_C": 1.2, "T6_C": 2.915, "T7_C": 1.69, "T8_C": 2.168, "T9_C": 1.656, "T10_C": 2.225, "T11_C": 1.685, "T12_C": 2.18, "T13_C": 1.888, "T14_C": 1.912, "T180_C": 1.4, "T181_C": 2.96}
[2025-08-23 22:46:23] Nice vs Auxerre - C Values: {"T1_C": 1.41, "T2_C": 4.88, "T3_C": 7.1, "T4_C": 1.112, "T5_C": 1.2, "T6_C": 2.915, "T7_C": 1.69, "T8_C": 2.168, "T9_C": 1.685, "T10_C": 2.175, "T11_C": 1.7, "T12_C": 2.152, "T13_C": 1.91, "T14_C": 1.89, "T180_C": 1.4, "T181_C": 2.96}
[2025-08-23 22:46:36] Nice vs Auxerre - C Values: {"T1_C": 1.41, "T2_C": 4.88, "T3_C": 7.1, "T4_C": 1.112, "T5_C": 1.2, "T6_C": 2.915, "T7_C": 1.69, "T8_C": 2.168, "T9_C": 1.685, "T10_C": 2.175, "T11_C": 1.67, "T12_C": 2.205, "T13_C": 2.02, "T14_C": 1.792, "T180_C": 1.432, "T181_C": 2.82}
[2025-08-23 22:46:49] Nice vs Auxerre - C Values: {"T1_C": 1.408, "T2_C": 4.76, "T3_C": 7.5, "T4_C": 1.105, "T5_C": 1.205, "T6_C": 2.93, "T7_C": 1.69, "T8_C": 2.168, "T9_C": 1.685, "T10_C": 2.175, "T11_C": 1.67, "T12_C": 2.205, "T13_C": 2.02, "T14_C": 1.792, "T180_C": 1.432, "T181_C": 2.82}
[2025-08-23 22:46:56] Nice vs Auxerre - C Values: {"T1_C": 1.41, "T2_C": 4.78, "T3_C": 7.4, "T4_C": 1.11, "T5_C": 1.205, "T6_C": 2.915, "T7_C": 1.72, "T8_C": 2.12, "T9_C": 1.74, "T10_C": 2.096, "T11_C": 1.67, "T12_C": 2.205, "T13_C": 2.02, "T14_C": 1.792, "T180_C": 1.432, "T181_C": 2.82}
[2025-08-23 22:47:06] Nice vs Auxerre - C Values: {"T1_C": 1.41, "T2_C": 4.64, "T3_C": 7.7, "T4_C": 1.104, "T5_C": 1.215, "T6_C": 2.915, "T7_C": 1.72, "T8_C": 2.12, "T9_C": 1.775, "T10_C": 2.048, "T11_C": 1.744, "T12_C": 2.09, "T13_C": 2.02, "T14_C": 1.792, "T180_C": 1.432, "T181_C": 2.82}
[2025-08-23 22:47:19] Nice vs Auxerre - C Values: {"T1_C": 1.408, "T2_C": 4.76, "T3_C": 7.5, "T4_C": 1.105, "T5_C": 1.205, "T6_C": 2.93, "T7_C": 1.69, "T8_C": 2.168, "T9_C": 1.775, "T10_C": 2.048, "T11_C": 1.67, "T12_C": 2.205, "T13_C": 2.02, "T14_C": 1.792, "T180_C": 1.432, "T181_C": 2.82}
[2025-08-23 22:48:01] Nice vs Auxerre - C Values: {"T1_C": 1.408, "T2_C": 4.76, "T3_C": 7.5, "T4_C": 1.105, "T5_C": 1.205, "T6_C": 2.93, "T7_C": 1.66, "T8_C": 2.216, "T9_C": 1.775, "T10_C": 2.048, "T11_C": 1.67, "T12_C": 2.205, "T13_C": 2.02, "T14_C": 1.792, "T180_C": 1.432, "T181_C": 2.82}
[2025-08-23 22:48:48] Nice vs Auxerre - C Values: {"T1_C": 1.395, "T2_C": 4.74, "T3_C": 7.9, "T4_C": 1.1, "T5_C": 1.21, "T6_C": 2.975, "T7_C": 1.66, "T8_C": 2.216, "T9_C": 1.79, "T10_C": 2.02, "T11_C": 1.67, "T12_C": 2.205, "T13_C": 2.02, "T14_C": 1.792, "T180_C": 1.432, "T181_C": 2.82}
[2025-08-23 22:49:00] Nice vs Auxerre - C Values: {"T1_C": 1.408, "T2_C": 4.76, "T3_C": 7.5, "T4_C": 1.105, "T5_C": 1.205, "T6_C": 2.93, "T7_C": 1.69, "T8_C": 2.168, "T9_C": 1.74, "T10_C": 2.096, "T11_C": 1.67, "T12_C": 2.205, "T13_C": 2.02, "T14_C": 1.792, "T180_C": 1.432, "T181_C": 2.82}
[2025-08-23 22:49:26] Nice vs Auxerre - C Values: {"T1_C": 1.408, "T2_C": 4.76, "T3_C": 7.5, "T4_C": 1.105, "T5_C": 1.205, "T6_C": 2.93, "T7_C": 1.69, "T8_C": 2.168, "T9_C": 1.775, "T10_C": 2.048, "T11_C": 1.67, "T12_C": 2.205, "T13_C": 2.02, "T14_C": 1.792, "T180_C": 1.432, "T181_C": 2.82}
[2025-08-23 22:50:15] Nice vs Auxerre - C Values: {"T1_C": 1.408, "T2_C": 4.76, "T3_C": 7.5, "T4_C": 1.105, "T5_C": 1.205, "T6_C": 2.93, "T7_C": 1.69, "T8_C": 2.168, "T9_C": 1.79, "T10_C": 2.02, "T11_C": 1.744, "T12_C": 2.09, "T13_C": 2.02, "T14_C": 1.792, "T180_C": 1.432, "T181_C": 2.82}
[2025-08-23 22:50:21] Nice vs Auxerre - C Values: {"T1_C": 1.395, "T2_C": 4.74, "T3_C": 7.9, "T4_C": 1.1, "T5_C": 1.21, "T6_C": 2.975, "T7_C": 1.69, "T8_C": 2.168, "T9_C": 1.81, "T10_C": 1.995, "T11_C": 1.744, "T12_C": 2.09, "T13_C": 2.155, "T14_C": 1.696, "T180_C": 1.475, "T181_C": 2.664}
[2025-08-23 22:50:33] Nice vs Auxerre - C Values: {"T1_C": 1.41, "T2_C": 4.64, "T3_C": 7.7, "T4_C": 1.104, "T5_C": 1.215, "T6_C": 2.915, "T7_C": 1.72, "T8_C": 2.12, "T9_C": 1.81, "T10_C": 1.995, "T11_C": 1.744, "T12_C": 2.09, "T13_C": 2.02, "T14_C": 1.792, "T180_C": 1.432, "T181_C": 2.82}
[2025-08-23 22:50:51] Nice vs Auxerre - C Values: {"T1_C": 1.395, "T2_C": 4.74, "T3_C": 7.9, "T4_C": 1.1, "T5_C": 1.21, "T6_C": 2.975, "T7_C": 1.69, "T8_C": 2.168, "T9_C": 1.81, "T10_C": 1.995, "T11_C": 1.744, "T12_C": 2.09, "T13_C": 2.155, "T14_C": 1.696, "T180_C": 1.475, "T181_C": 2.664}
[2025-08-23 22:51:10] Nice vs Auxerre - C Values: {"T1_C": 2.15, "T2_C": 3.32, "T3_C": 3.46, "T4_C": 1.325, "T5_C": 1.35, "T6_C": 1.715, "T7_C": 1.57, "T8_C": 2.408, "T9_C": 1.81, "T10_C": 1.995, "T11_C": 1.67, "T12_C": 2.205, "T13_C": 2.405, "T14_C": 1.57, "T180_C": 1.52, "T181_C": 2.53}
[2025-08-23 22:51:16] Nice vs Auxerre - C Values: {"T1_C": 2.15, "T2_C": 3.32, "T3_C": 3.46, "T4_C": 1.325, "T5_C": 1.35, "T6_C": 1.715, "T7_C": 1.57, "T8_C": 2.408, "T9_C": 1.81, "T10_C": 1.995, "T11_C": 1.67, "T12_C": 2.205, "T13_C": 2.29, "T14_C": 1.625}
[2025-08-23 22:51:22] Nice vs Auxerre - C Values: {"T1_C": 2.12, "T2_C": 3.26, "T3_C": 3.62, "T4_C": 1.304, "T5_C": 1.355, "T6_C": 1.736, "T7_C": 1.52, "T8_C": 2.53, "T9_C": 1.875, "T10_C": 1.925, "T11_C": 1.67, "T12_C": 2.205, "T13_C": 1.56, "T14_C": 2.43}
[2025-08-23 22:51:59] Nice vs Auxerre - C Values: {"T1_C": 2.136, "T2_C": 3.3, "T3_C": 3.54, "T4_C": 1.315, "T5_C": 1.35, "T6_C": 1.725, "T7_C": 1.545, "T8_C": 2.46, "T9_C": 1.925, "T10_C": 1.875, "T11_C": 1.744, "T12_C": 2.09, "T13_C": 1.56, "T14_C": 2.43}
[2025-08-23 22:52:25] Nice vs Auxerre - C Values: {"T1_C": 2.12, "T2_C": 3.26, "T3_C": 3.62, "T4_C": 1.304, "T5_C": 1.355, "T6_C": 1.736, "T7_C": 1.52, "T8_C": 2.53, "T9_C": 1.925, "T10_C": 1.875, "T11_C": 1.67, "T12_C": 2.205, "T13_C": 1.56, "T14_C": 2.43}
[2025-08-23 22:52:32] Nice vs Auxerre - C Values: {"T1_C": 2.144, "T2_C": 3.26, "T3_C": 3.56, "T4_C": 1.31, "T5_C": 1.36, "T6_C": 1.72, "T7_C": 1.545, "T8_C": 2.46, "T9_C": 1.925, "T10_C": 1.875, "T11_C": 1.744, "T12_C": 2.09, "T13_C": 1.56, "T14_C": 2.43}
[2025-08-23 22:52:44] Nice vs Auxerre - C Values: {"T1_C": 2.136, "T2_C": 3.3, "T3_C": 3.54, "T4_C": 1.315, "T5_C": 1.35, "T6_C": 1.725, "T7_C": 1.545, "T8_C": 2.46, "T9_C": 1.925, "T10_C": 1.875, "T11_C": 1.67, "T12_C": 2.205, "T13_C": 1.56, "T14_C": 2.43}
[2025-08-23 22:53:08] Nice vs Auxerre - C Values: {"T1_C": 2.136, "T2_C": 3.3, "T3_C": 3.54, "T4_C": 1.315, "T5_C": 1.35, "T6_C": 1.725, "T7_C": 1.545, "T8_C": 2.46, "T9_C": 1.925, "T10_C": 1.875, "T11_C": 1.744, "T12_C": 2.09, "T13_C": 1.56, "T14_C": 2.43}
[2025-08-23 22:53:14] Nice vs Auxerre - C Values: {"T1_C": 2.136, "T2_C": 3.3, "T3_C": 3.54, "T4_C": 1.315, "T5_C": 1.35, "T6_C": 1.725, "T7_C": 1.545, "T8_C": 2.46, "T9_C": 1.875, "T10_C": 1.925, "T11_C": 1.67, "T12_C": 2.205, "T13_C": 1.56, "T14_C": 2.43}
[2025-08-23 22:53:26] Nice vs Auxerre - C Values: {"T1_C": 2.136, "T2_C": 3.3, "T3_C": 3.54, "T4_C": 1.315, "T5_C": 1.35, "T6_C": 1.725, "T7_C": 1.545, "T8_C": 2.46, "T9_C": 1.9, "T10_C": 1.9, "T11_C": 1.67, "T12_C": 2.205, "T13_C": 1.56, "T14_C": 2.43}
[2025-08-23 22:53:52] Nice vs Auxerre - C Values: {"T1_C": 2.136, "T2_C": 3.3, "T3_C": 3.54, "T4_C": 1.315, "T5_C": 1.35, "T6_C": 1.725, "T7_C": 1.545, "T8_C": 2.46, "T9_C": 1.925, "T10_C": 1.875, "T11_C": 1.744, "T12_C": 2.09, "T13_C": 1.56, "T14_C": 2.43}
[2025-08-23 22:54:12] Nice vs Auxerre - C Values: {"T1_C": 1.37, "T2_C": 4.92, "T3_C": 8.2, "T4_C": 1.095, "T5_C": 1.195, "T6_C": 3.096, "T7_C": 1.66, "T8_C": 2.216, "T9_C": 1.925, "T10_C": 1.875, "T11_C": 1.848, "T12_C": 1.955, "T13_C": 2.168, "T14_C": 1.69}
[2025-08-23 22:54:24] Nice vs Auxerre - C Values: {"T1_C": 1.3, "T2_C": 5.35, "T3_C": 10, "T4_C": 1.07, "T5_C": 1.175, "T6_C": 3.51, "T7_C": 2.12, "T8_C": 1.72, "T9_C": 1.83, "T10_C": 1.975, "T11_C": 1.705, "T12_C": 2.144, "T13_C": 1.56, "T14_C": 2.43}
[2025-08-23 22:54:42] Nice vs Auxerre - C Values: {"T1_C": 1.37, "T2_C": 4.82, "T3_C": 8.6, "T4_C": 1.09, "T5_C": 1.205, "T6_C": 3.096, "T7_C": 2.216, "T8_C": 1.66, "T9_C": 1.808, "T10_C": 2, "T11_C": 1.705, "T12_C": 2.144, "T13_C": 2.29, "T14_C": 1.625}
[2025-08-23 22:55:14] Nice vs Auxerre - C Values: {"T1_C": 1.34, "T2_C": 5, "T3_C": 9.4, "T4_C": 1.075, "T5_C": 1.19, "T6_C": 3.275, "T7_C": 2.216, "T8_C": 1.66, "T9_C": 1.83, "T10_C": 1.975, "T11_C": 1.705, "T12_C": 2.144, "T13_C": 2.29, "T14_C": 1.625}
[2025-08-23 22:55:22] Nice vs Auxerre - C Values: {"T1_C": 1.37, "T2_C": 4.82, "T3_C": 8.6, "T4_C": 1.09, "T5_C": 1.205, "T6_C": 3.096, "T7_C": 2.264, "T8_C": 1.635, "T9_C": 1.856, "T10_C": 1.944, "T11_C": 1.705, "T12_C": 2.144, "T13_C": 2.29, "T14_C": 1.625}
[2025-08-23 22:55:34] Nice vs Auxerre - C Values: {"T1_C": 1.37, "T2_C": 4.82, "T3_C": 8.6, "T4_C": 1.09, "T5_C": 1.205, "T6_C": 3.096, "T7_C": 2.264, "T8_C": 1.635, "T9_C": 1.885, "T10_C": 1.915, "T11_C": 1.705, "T12_C": 2.144, "T13_C": 2.29, "T14_C": 1.625}
[2025-08-23 22:55:40] Nice vs Auxerre - C Values: {"T1_C": 1.37, "T2_C": 4.82, "T3_C": 8.6, "T4_C": 1.09, "T5_C": 1.205, "T6_C": 3.096, "T7_C": 1.635, "T8_C": 2.264, "T9_C": 1.885, "T10_C": 1.915, "T11_C": 1.816, "T12_C": 1.992, "T13_C": 2.25, "T14_C": 1.645}
[2025-08-23 22:56:23] Nice vs Auxerre - C Values: {"T1_C": 1.37, "T2_C": 4.82, "T3_C": 8.6, "T4_C": 1.09, "T5_C": 1.205, "T6_C": 3.096, "T7_C": 1.635, "T8_C": 2.264, "T9_C": 1.856, "T10_C": 1.944, "T11_C": 1.8, "T12_C": 2.01, "T13_C": 2.225, "T14_C": 1.66}
[2025-08-23 22:56:46] Nice vs Auxerre - C Values: {"T1_C": 1.37, "T2_C": 4.82, "T3_C": 8.6, "T4_C": 1.09, "T5_C": 1.205, "T6_C": 3.096, "T7_C": 1.635, "T8_C": 2.264, "T9_C": 1.83, "T10_C": 1.975, "T11_C": 1.705, "T12_C": 2.144, "T13_C": 2.29, "T14_C": 1.625}
[2025-08-23 22:57:22] Nice vs Auxerre - C Values: {"T1_C": 1.37, "T2_C": 4.82, "T3_C": 8.6, "T4_C": 1.09, "T5_C": 1.205, "T6_C": 3.096, "T7_C": 1.635, "T8_C": 2.264, "T9_C": 1.856, "T10_C": 1.944, "T11_C": 1.8, "T12_C": 2.01, "T13_C": 2.225, "T14_C": 1.66}
[2025-08-23 22:57:34] Nice vs Auxerre - C Values: {"T1_C": 1.37, "T2_C": 4.82, "T3_C": 8.6, "T4_C": 1.09, "T5_C": 1.205, "T6_C": 3.096, "T7_C": 1.635, "T8_C": 2.264, "T9_C": 1.885, "T10_C": 1.915, "T11_C": 1.816, "T12_C": 1.992, "T13_C": 2.25, "T14_C": 1.645}
[2025-08-23 22:57:52] Nice vs Auxerre - C Values: {"T1_C": 1.37, "T2_C": 4.82, "T3_C": 8.6, "T4_C": 1.09, "T5_C": 1.205, "T6_C": 3.096, "T7_C": 1.635, "T8_C": 2.264, "T9_C": 1.885, "T10_C": 1.915, "T11_C": 1.77, "T12_C": 2.048, "T13_C": 2.25, "T14_C": 1.645}
[2025-08-23 22:58:06] Nice vs Auxerre - C Values: {"T1_C": 1.37, "T2_C": 4.82, "T3_C": 8.6, "T4_C": 1.09, "T5_C": 1.205, "T6_C": 3.096, "T7_C": 1.635, "T8_C": 2.264, "T9_C": 1.912, "T10_C": 1.888, "T11_C": 1.784, "T12_C": 2.03, "T13_C": 2.28, "T14_C": 1.63}
[2025-08-23 22:58:18] Nice vs Auxerre - C Values: {"T1_C": 1.38, "T2_C": 4.82, "T3_C": 8.2, "T4_C": 1.09, "T5_C": 1.205, "T6_C": 3.096, "T7_C": 1.664, "T8_C": 2.21, "T9_C": 1.912, "T10_C": 1.888, "T11_C": 1.784, "T12_C": 2.03, "T13_C": 2.28, "T14_C": 1.63}
[2025-08-23 22:58:24] Nice vs Auxerre - C Values: {"T1_C": 1.38, "T2_C": 4.82, "T3_C": 8.2, "T4_C": 1.09, "T5_C": 1.205, "T6_C": 3.096, "T7_C": 1.696, "T8_C": 2.16, "T9_C": 1.912, "T10_C": 1.888, "T11_C": 1.8, "T12_C": 2.01, "T13_C": 2.25, "T14_C": 1.645}
[2025-08-23 22:59:26] Nice vs Auxerre - C Values: {"T1_C": 1.425, "T2_C": 4.54, "T3_C": 7.6, "T4_C": 1.096, "T5_C": 1.22, "T6_C": 2.915, "T7_C": 1.725, "T8_C": 2.115, "T9_C": 1.912, "T10_C": 1.888, "T11_C": 1.816, "T12_C": 1.99, "T13_C": 2.216, "T14_C": 1.66}
[2025-08-23 23:00:20] Nice vs Auxerre - C Values: {"T1_C": 1.41, "T2_C": 4.54, "T3_C": 8, "T4_C": 1.096, "T5_C": 1.22, "T6_C": 2.915, "T7_C": 1.69, "T8_C": 2.168, "T9_C": 1.912, "T10_C": 1.888, "T11_C": 1.816, "T12_C": 1.99, "T13_C": 2.216, "T14_C": 1.66}
[2025-08-23 23:00:32] Nice vs Auxerre - C Values: {"T1_C": 1.37, "T2_C": 4.82, "T3_C": 8.5, "T4_C": 1.09, "T5_C": 1.2, "T6_C": 3.096, "T7_C": 1.69, "T8_C": 2.168, "T9_C": 1.94, "T10_C": 1.86, "T11_C": 1.83, "T12_C": 1.975, "T13_C": 2.245, "T14_C": 1.65}
[2025-08-23 23:00:44] Nice vs Auxerre - C Values: {"T1_C": 1.38, "T2_C": 4.82, "T3_C": 8.1, "T4_C": 1.09, "T5_C": 1.2, "T6_C": 3.096, "T7_C": 1.725, "T8_C": 2.115, "T9_C": 1.94, "T10_C": 1.86, "T11_C": 1.83, "T12_C": 1.975, "T13_C": 2.245, "T14_C": 1.65}
[2025-08-23 23:00:56] Nice vs Auxerre - C Values: {"T1_C": 1.38, "T2_C": 4.72, "T3_C": 8.5, "T4_C": 1.085, "T5_C": 1.21, "T6_C": 3.096, "T7_C": 1.725, "T8_C": 2.115, "T9_C": 1.975, "T10_C": 1.83, "T11_C": 1.845, "T12_C": 1.96, "T13_C": 2.275, "T14_C": 1.63}
[2025-08-23 23:01:08] Nice vs Auxerre - C Values: {"T1_C": 1.38, "T2_C": 4.82, "T3_C": 8.1, "T4_C": 1.09, "T5_C": 1.2, "T6_C": 3.096, "T7_C": 1.725, "T8_C": 2.115, "T9_C": 1.94, "T10_C": 1.86, "T11_C": 1.83, "T12_C": 1.975, "T13_C": 2.245, "T14_C": 1.65}
[2025-08-23 23:01:14] Nice vs Auxerre - C Values: {"T1_C": 1.38, "T2_C": 4.72, "T3_C": 8.5, "T4_C": 1.085, "T5_C": 1.21, "T6_C": 3.096, "T7_C": 1.725, "T8_C": 2.115, "T9_C": 1.975, "T10_C": 1.83, "T11_C": 1.845, "T12_C": 1.96, "T13_C": 2.275, "T14_C": 1.63}
[2025-08-23 23:01:27] Nice vs Auxerre - C Values: {"T1_C": 1.425, "T2_C": 4.54, "T3_C": 7.6, "T4_C": 1.096, "T5_C": 1.22, "T6_C": 2.915, "T7_C": 1.752, "T8_C": 2.07, "T9_C": 1.975, "T10_C": 1.83, "T11_C": 1.87, "T12_C": 1.93, "T13_C": 2.225, "T14_C": 1.656}
[2025-08-23 23:01:39] Nice vs Auxerre - C Values: {"T1_C": 1.416, "T2_C": 4.5, "T3_C": 8.1, "T4_C": 1.09, "T5_C": 1.225, "T6_C": 2.95, "T7_C": 1.752, "T8_C": 2.07, "T9_C": 2.12, "T10_C": 1.72, "T11_C": 2.02, "T12_C": 1.792, "T13_C": 1.56, "T14_C": 2.43}
[2025-08-23 23:01:51] Nice vs Auxerre - C Values: {"T1_C": 1.416, "T2_C": 4.5, "T3_C": 8.1, "T4_C": 1.09, "T5_C": 1.225, "T6_C": 2.95, "T7_C": 1.752, "T8_C": 2.07, "T9_C": 2.08, "T10_C": 1.744, "T11_C": 1.896, "T12_C": 1.904, "T13_C": 2.27, "T14_C": 1.63}
[2025-08-23 23:02:04] Nice vs Auxerre - C Values: {"T1_C": 1.38, "T2_C": 4.72, "T3_C": 8.5, "T4_C": 1.085, "T5_C": 1.21, "T6_C": 3.096, "T7_C": 1.725, "T8_C": 2.115, "T9_C": 2.08, "T10_C": 1.744, "T11_C": 1.87, "T12_C": 1.93, "T13_C": 2.32, "T14_C": 1.61}
[2025-08-23 23:02:47] Nice vs Auxerre - C Values: {"T1_C": 1.416, "T2_C": 4.5, "T3_C": 8.1, "T4_C": 1.09, "T5_C": 1.225, "T6_C": 2.95, "T7_C": 1.752, "T8_C": 2.07, "T9_C": 2.12, "T10_C": 1.72, "T11_C": 2.02, "T12_C": 1.792, "T13_C": 1.56, "T14_C": 2.43}
[2025-08-23 23:03:25] Nice vs Auxerre - C Values: {"T1_C": 1.38, "T2_C": 4.72, "T3_C": 8.5, "T4_C": 1.085, "T5_C": 1.21, "T6_C": 3.096, "T7_C": 1.725, "T8_C": 2.115, "T9_C": 2.08, "T10_C": 1.744, "T11_C": 1.87, "T12_C": 1.93, "T13_C": 2.32, "T14_C": 1.61}
[2025-08-23 23:03:31] Nice vs Auxerre - C Values: {"T1_C": 1.38, "T2_C": 4.72, "T3_C": 8.5, "T4_C": 1.085, "T5_C": 1.21, "T6_C": 3.096, "T7_C": 1.725, "T8_C": 2.115, "T9_C": 2.08, "T10_C": 1.744, "T11_C": 1.896, "T12_C": 1.904, "T13_C": 2.375, "T14_C": 1.584}
[2025-08-23 23:03:38] Nice vs Auxerre - C Values: {"T1_C": 1.416, "T2_C": 4.5, "T3_C": 8.1, "T4_C": 1.09, "T5_C": 1.225, "T6_C": 2.95, "T7_C": 1.752, "T8_C": 2.07, "T9_C": 2.12, "T10_C": 1.72, "T11_C": 2.02, "T12_C": 1.792, "T13_C": 1.56, "T14_C": 2.43}
[2025-08-23 23:03:49] Nice vs Auxerre - C Values: {"T1_C": 1.38, "T2_C": 4.72, "T3_C": 8.5, "T4_C": 1.085, "T5_C": 1.21, "T6_C": 3.096, "T7_C": 1.752, "T8_C": 2.07, "T9_C": 2.12, "T10_C": 1.72, "T11_C": 2.02, "T12_C": 1.792, "T13_C": 1.56, "T14_C": 2.43}
[2025-08-23 23:03:55] Nice vs Auxerre - C Values: {"T1_C": 1.38, "T2_C": 4.62, "T3_C": 8.8, "T4_C": 1.08, "T5_C": 1.216, "T6_C": 3.096, "T7_C": 1.696, "T8_C": 2.16, "T9_C": 2.165, "T10_C": 1.696, "T11_C": 2.02, "T12_C": 1.792, "T13_C": 1.59, "T14_C": 2.36}
[2025-08-23 23:04:56] Nice vs Auxerre - C Values: {"T1_C": 1.38, "T2_C": 4.62, "T3_C": 8.8, "T4_C": 1.08, "T5_C": 1.216, "T6_C": 3.096, "T7_C": 1.725, "T8_C": 2.115, "T9_C": 2.208, "T10_C": 1.665, "T11_C": 2.02, "T12_C": 1.792, "T13_C": 1.59, "T14_C": 2.36}
[2025-08-23 23:06:04] Nice vs Auxerre - C Values: {"T1_C": 1.416, "T2_C": 4.5, "T3_C": 8.1, "T4_C": 1.09, "T5_C": 1.225, "T6_C": 2.95, "T7_C": 1.752, "T8_C": 2.07, "T9_C": 2.208, "T10_C": 1.665, "T11_C": 2.02, "T12_C": 1.792, "T13_C": 1.59, "T14_C": 2.36}
[2025-08-23 23:06:10] Nice vs Auxerre - C Values: {"T1_C": 1.416, "T2_C": 4.5, "T3_C": 8.1, "T4_C": 1.09, "T5_C": 1.225, "T6_C": 2.95, "T7_C": 1.752, "T8_C": 2.07, "T9_C": 2.208, "T10_C": 1.665, "T11_C": 2.02, "T12_C": 1.792, "T13_C": 1.56, "T14_C": 2.43}
[2025-08-23 23:06:16] Nice vs Auxerre - C Values: {"T1_C": 1.416, "T2_C": 4.5, "T3_C": 8.1, "T4_C": 1.09, "T5_C": 1.225, "T6_C": 2.95, "T7_C": 1.752, "T8_C": 2.07, "T9_C": 2.208, "T10_C": 1.665, "T11_C": 2.02, "T12_C": 1.792, "T13_C": 1.59, "T14_C": 2.36}
[2025-08-23 23:06:23] Nice vs Auxerre - C Values: {"T1_C": 1.416, "T2_C": 4.5, "T3_C": 8.1, "T4_C": 1.09, "T5_C": 1.225, "T6_C": 2.95, "T7_C": 1.752, "T8_C": 2.07, "T9_C": 2.208, "T10_C": 1.665, "T11_C": 2.02, "T12_C": 1.792, "T13_C": 1.56, "T14_C": 2.43}
[2025-08-23 23:06:36] Nice vs Auxerre - C Values: {"T1_C": 1.416, "T2_C": 4.5, "T3_C": 8.1, "T4_C": 1.09, "T5_C": 1.225, "T6_C": 2.95, "T7_C": 1.752, "T8_C": 2.07, "T9_C": 2.208, "T10_C": 1.665, "T11_C": 2.02, "T12_C": 1.792, "T13_C": 1.59, "T14_C": 2.36}
[2025-08-23 23:06:55] Nice vs Auxerre - C Values: {"T1_C": 1.416, "T2_C": 4.5, "T3_C": 8.1, "T4_C": 1.09, "T5_C": 1.225, "T6_C": 2.95, "T7_C": 1.752, "T8_C": 2.07, "T9_C": 2.208, "T10_C": 1.665, "T11_C": 2.02, "T12_C": 1.792, "T13_C": 1.56, "T14_C": 2.43}
[2025-08-23 23:07:07] Nice vs Auxerre - C Values: {"T1_C": 1.38, "T2_C": 4.62, "T3_C": 8.8, "T4_C": 1.08, "T5_C": 1.216, "T6_C": 3.096, "T7_C": 1.725, "T8_C": 2.115, "T9_C": 1.64, "T10_C": 2.256, "T11_C": 2.02, "T12_C": 1.792, "T13_C": 1.59, "T14_C": 2.36}
[2025-08-23 23:07:20] Nice vs Auxerre - C Values: {"T1_C": 1.38, "T2_C": 4.62, "T3_C": 8.8, "T4_C": 1.08, "T5_C": 1.216, "T6_C": 3.096, "T7_C": 1.725, "T8_C": 2.115, "T9_C": 1.704, "T10_C": 2.144, "T11_C": 2.02, "T12_C": 1.792, "T13_C": 1.59, "T14_C": 2.36}
[2025-08-23 23:07:45] Nice vs Auxerre - C Values: {"T1_C": 1.38, "T2_C": 4.72, "T3_C": 8.5, "T4_C": 1.085, "T5_C": 1.21, "T6_C": 3.096, "T7_C": 1.752, "T8_C": 2.07, "T9_C": 1.704, "T10_C": 2.144, "T11_C": 2.02, "T12_C": 1.792, "T13_C": 1.59, "T14_C": 2.36}
[2025-08-23 23:08:10] Nice vs Auxerre - C Values: {"T1_C": 1.416, "T2_C": 4.5, "T3_C": 8.1, "T4_C": 1.09, "T5_C": 1.225, "T6_C": 2.95, "T7_C": 1.77, "T8_C": 2.05, "T9_C": 1.704, "T10_C": 2.144, "T11_C": 2.155, "T12_C": 1.696, "T13_C": 1.56, "T14_C": 2.43}
[2025-08-23 23:08:41] Nice vs Auxerre - C Values: {"T1_C": 1.42, "T2_C": 4.4, "T3_C": 8.2, "T4_C": 1.09, "T5_C": 1.23, "T6_C": 2.915, "T7_C": 1.79, "T8_C": 2.02, "T9_C": 1.775, "T10_C": 2.048, "T11_C": 2.155, "T12_C": 1.696, "T13_C": 1.56, "T14_C": 2.43}
[2025-08-23 23:08:54] Nice vs Auxerre - C Values: {"T1_C": 1.416, "T2_C": 4.5, "T3_C": 8.1, "T4_C": 1.09, "T5_C": 1.225, "T6_C": 2.95, "T7_C": 1.77, "T8_C": 2.05, "T9_C": 1.775, "T10_C": 2.048, "T11_C": 2.155, "T12_C": 1.696, "T13_C": 1.59, "T14_C": 2.36}
[2025-08-23 23:09:27] Nice vs Auxerre - C Values: {"T1_C": 1.42, "T2_C": 4.4, "T3_C": 8.2, "T4_C": 1.09, "T5_C": 1.23, "T6_C": 2.915, "T7_C": 1.79, "T8_C": 2.02, "T9_C": 1.775, "T10_C": 2.048, "T11_C": 2.155, "T12_C": 1.696, "T13_C": 1.59, "T14_C": 2.36}
[2025-08-23 23:11:00] Nice vs Auxerre - C Values: {"T1_C": 1.42, "T2_C": 4.4, "T3_C": 8.2, "T4_C": 1.09, "T5_C": 1.23, "T6_C": 2.915, "T7_C": 1.79, "T8_C": 2.02, "T9_C": 1.775, "T10_C": 2.048, "T11_C": 2.29, "T12_C": 1.625, "T13_C": 1.59, "T14_C": 2.36}
[2025-08-23 23:11:07] Nice vs Auxerre - C Values: {"T1_C": 1.42, "T2_C": 4.4, "T3_C": 8.2, "T4_C": 1.09, "T5_C": 1.23, "T6_C": 2.915, "T7_C": 1.79, "T8_C": 2.02, "T9_C": 1.775, "T10_C": 2.048, "T11_C": 2.29, "T12_C": 1.625, "T13_C": 1.59, "T14_C": 2.36}
[2025-08-23 23:11:19] Nice vs Auxerre - C Values: {"T1_C": 1.42, "T2_C": 4.4, "T3_C": 8.2, "T4_C": 1.09, "T5_C": 1.23, "T6_C": 2.915, "T7_C": 1.79, "T8_C": 2.02, "T9_C": 1.775, "T10_C": 2.048, "T11_C": 2.155, "T12_C": 1.696, "T13_C": 1.59, "T14_C": 2.36}
[2025-08-23 23:11:36] Nice vs Auxerre - C Values: {"T1_C": 1.42, "T2_C": 4.4, "T3_C": 8.2, "T4_C": 1.09, "T5_C": 1.23, "T6_C": 2.915, "T7_C": 1.825, "T8_C": 1.98, "T9_C": 1.775, "T10_C": 2.048, "T11_C": 2.29, "T12_C": 1.625, "T13_C": 1.59, "T14_C": 2.36}
[2025-08-23 23:11:49] Nice vs Auxerre - C Values: {"T1_C": 1.42, "T2_C": 4.4, "T3_C": 8.2, "T4_C": 1.09, "T5_C": 1.23, "T6_C": 2.915, "T7_C": 1.79, "T8_C": 2.02, "T9_C": 1.775, "T10_C": 2.048, "T11_C": 2.155, "T12_C": 1.696, "T13_C": 1.59, "T14_C": 2.36}
[2025-08-23 23:12:20] Nice vs Auxerre - C Values: {"T1_C": 1.42, "T2_C": 4.4, "T3_C": 8.2, "T4_C": 1.09, "T5_C": 1.23, "T6_C": 2.915, "T7_C": 1.825, "T8_C": 1.98, "T9_C": 1.775, "T10_C": 2.048, "T11_C": 2.29, "T12_C": 1.625, "T13_C": 1.59, "T14_C": 2.36}
[2025-08-23 23:12:27] Nice vs Auxerre - C Values: {"T1_C": 1.42, "T2_C": 4.4, "T3_C": 8.2, "T4_C": 1.09, "T5_C": 1.23, "T6_C": 2.915, "T7_C": 1.79, "T8_C": 2.02, "T9_C": 1.775, "T10_C": 2.048, "T11_C": 2.29, "T12_C": 1.625, "T13_C": 1.59, "T14_C": 2.36}
[2025-08-23 23:12:52] Nice vs Auxerre - C Values: {"T1_C": 1.416, "T2_C": 4.34, "T3_C": 8.6, "T4_C": 1.08, "T5_C": 1.235, "T6_C": 2.94, "T7_C": 1.79, "T8_C": 2.02, "T9_C": 1.85, "T10_C": 1.95, "T11_C": 2.29, "T12_C": 1.625, "T13_C": 1.64, "T14_C": 2.26}
[2025-08-23 23:13:11] Nice vs Auxerre - C Values: {"T1_C": 1.416, "T2_C": 4.34, "T3_C": 8.6, "T4_C": 1.08, "T5_C": 1.235, "T6_C": 2.94, "T7_C": 1.79, "T8_C": 2.02, "T9_C": 1.85, "T10_C": 1.95, "T11_C": 1.56, "T12_C": 2.43, "T13_C": 1.64, "T14_C": 2.26}
[2025-08-23 23:14:38] Nice vs Auxerre - C Values: {"T1_C": 1.38, "T2_C": 4.54, "T3_C": 9.1, "T4_C": 1.075, "T5_C": 1.22, "T6_C": 3.096, "T7_C": 1.744, "T8_C": 2.08, "T9_C": 1.85, "T10_C": 1.95, "T11_C": 2.29, "T12_C": 1.625, "T13_C": 1.64, "T14_C": 2.26}
[2025-08-23 23:14:57] Nice vs Auxerre - C Values: {"T1_C": 1.38, "T2_C": 4.62, "T3_C": 8.8, "T4_C": 1.08, "T5_C": 1.216, "T6_C": 3.096, "T7_C": 1.77, "T8_C": 2.05, "T9_C": 1.85, "T10_C": 1.95, "T11_C": 2.29, "T12_C": 1.625, "T13_C": 1.64, "T14_C": 2.26}
[2025-08-23 23:15:04] Nice vs Auxerre - C Values: {"T1_C": 1.38, "T2_C": 4.62, "T3_C": 8.8, "T4_C": 1.08, "T5_C": 1.216, "T6_C": 3.096, "T7_C": 1.77, "T8_C": 2.05, "T9_C": 1.85, "T10_C": 1.95, "T11_C": 2.525, "T12_C": 1.52, "T13_C": 1.64, "T14_C": 2.26}
[2025-08-23 23:15:16] Nice vs Auxerre - C Values: {"T1_C": 1.38, "T2_C": 4.62, "T3_C": 8.8, "T4_C": 1.08, "T5_C": 1.216, "T6_C": 3.096, "T7_C": 1.77, "T8_C": 2.05, "T9_C": 1.85, "T10_C": 1.95, "T11_C": 2.44, "T12_C": 1.555, "T13_C": 1.64, "T14_C": 2.26}
[2025-08-23 23:15:23] Nice vs Auxerre - C Values: {"T1_C": 1.38, "T2_C": 4.58, "T3_C": 9, "T4_C": 1.075, "T5_C": 1.22, "T6_C": 3.096, "T7_C": 1.77, "T8_C": 2.05, "T9_C": 1.85, "T10_C": 1.95, "T11_C": 2.44, "T12_C": 1.555, "T13_C": 1.64, "T14_C": 2.26}
[2025-08-23 23:15:29] Nice vs Auxerre - C Values: {"T1_C": 1.375, "T2_C": 4.5, "T3_C": 9.5, "T4_C": 1.07, "T5_C": 1.22, "T6_C": 3.115, "T7_C": 1.752, "T8_C": 2.07, "T9_C": 1.94, "T10_C": 1.86, "T11_C": 2.42, "T12_C": 1.56, "T13_C": 1.696, "T14_C": 2.16}
[2025-08-23 23:15:35] Nice vs Auxerre - C Values: {"T1_C": 1.375, "T2_C": 4.5, "T3_C": 9.5, "T4_C": 1.07, "T5_C": 1.22, "T6_C": 3.115, "T7_C": 1.744, "T8_C": 2.08, "T9_C": 1.94, "T10_C": 1.86, "T11_C": 2.42, "T12_C": 1.56, "T13_C": 1.696, "T14_C": 2.16}
[2025-08-23 23:15:54] Nice vs Auxerre - C Values: {"T1_C": 1.38, "T2_C": 4.54, "T3_C": 9.1, "T4_C": 1.075, "T5_C": 1.22, "T6_C": 3.096, "T7_C": 1.744, "T8_C": 2.08, "T9_C": 1.94, "T10_C": 1.86, "T11_C": 2.42, "T12_C": 1.56, "T13_C": 1.696, "T14_C": 2.16}
[2025-08-23 23:16:01] Nice vs Auxerre - C Values: {"T1_C": 1.38, "T2_C": 4.54, "T3_C": 9.1, "T4_C": 1.075, "T5_C": 1.22, "T6_C": 3.096, "T7_C": 1.744, "T8_C": 2.08, "T9_C": 1.94, "T10_C": 1.86, "T11_C": 2.392, "T12_C": 1.575, "T13_C": 1.696, "T14_C": 2.16}
[2025-08-23 23:16:12] Nice vs Auxerre - C Values: {"T1_C": 1.136, "T2_C": 7.8, "T3_C": 22, "T4_C": 1.01, "T5_C": 1.1, "T6_C": 5.85, "T7_C": 1.825, "T8_C": 1.98, "T9_C": 1.85, "T10_C": 1.95, "T11_C": 2.392, "T12_C": 1.575, "T13_C": 2.136, "T14_C": 1.71}
[2025-08-23 23:16:24] Nice vs Auxerre - C Values: {"T1_C": 1.136, "T2_C": 7.6, "T3_C": 23, "T4_C": 1.009, "T5_C": 1.104, "T6_C": 5.85, "T7_C": 1.8, "T8_C": 2.01, "T9_C": 1.85, "T10_C": 1.95, "T11_C": 2.23, "T12_C": 1.656, "T13_C": 2.2, "T14_C": 1.67}
[2025-08-23 23:16:30] Nice vs Auxerre - C Values: {"T1_C": 1.136, "T2_C": 7.6, "T3_C": 23, "T4_C": 1.009, "T5_C": 1.104, "T6_C": 5.85, "T7_C": 1.775, "T8_C": 2.04, "T9_C": 1.85, "T10_C": 1.95, "T11_C": 2.11, "T12_C": 1.725, "T13_C": 2.2, "T14_C": 1.67}
[2025-08-23 23:16:36] Nice vs Auxerre - C Values: {"T1_C": 1.136, "T2_C": 7.6, "T3_C": 23, "T4_C": 1.009, "T5_C": 1.104, "T6_C": 5.85, "T7_C": 1.775, "T8_C": 2.04, "T9_C": 1.85, "T10_C": 1.95, "T11_C": 2.02, "T12_C": 1.792, "T13_C": 2.2, "T14_C": 1.67}
[2025-08-23 23:16:42] Nice vs Auxerre - C Values: {"T1_C": 1.112, "T2_C": 8, "T3_C": 25, "T4_C": 1.01, "T5_C": 1.1, "T6_C": 6.18, "T7_C": 1.664, "T8_C": 2.21, "T9_C": 1.775, "T10_C": 2.048, "T11_C": 1.81, "T12_C": 2, "T13_C": 2.2, "T14_C": 1.67}
[2025-08-23 23:16:49] Nice vs Auxerre - C Values: {"T1_C": 1.115, "T2_C": 8.5, "T3_C": 25, "T4_C": 1.007, "T5_C": 1.09, "T6_C": 6.42, "T7_C": 1.696, "T8_C": 2.16, "T9_C": 1.775, "T10_C": 2.048, "T11_C": 1.768, "T12_C": 2.056, "T13_C": 2.2, "T14_C": 1.67}
[2025-08-23 23:16:56] Nice vs Auxerre - C Values: {"T1_C": 1.115, "T2_C": 8.5, "T3_C": 25, "T4_C": 1.007, "T5_C": 1.09, "T6_C": 6.42, "T7_C": 1.696, "T8_C": 2.16, "T9_C": 1.775, "T10_C": 2.048, "T11_C": 1.725, "T12_C": 2.112, "T13_C": 2.2, "T14_C": 1.67}
[2025-08-23 23:17:02] Nice vs Auxerre - C Values: {"T1_C": 1.115, "T2_C": 8.5, "T3_C": 25, "T4_C": 1.007, "T5_C": 1.09, "T6_C": 6.42, "T7_C": 1.696, "T8_C": 2.16, "T9_C": 1.775, "T10_C": 2.048, "T11_C": 1.664, "T12_C": 2.216, "T13_C": 2.2, "T14_C": 1.67}
[2025-08-23 23:17:08] Nice vs Auxerre - C Values: {"T1_C": 1.115, "T2_C": 8.7, "T3_C": 23, "T4_C": 1.009, "T5_C": 1.088, "T6_C": 6.42, "T7_C": 1.696, "T8_C": 2.16, "T9_C": 1.775, "T10_C": 2.048, "T11_C": 2.305, "T12_C": 1.616, "T13_C": 2.2, "T14_C": 1.67}
[2025-08-23 23:17:14] Nice vs Auxerre - C Values: {"T1_C": 1.1, "T2_C": 8, "T3_C": 29, "T4_C": 1.007, "T5_C": 1.1, "T6_C": 6.36, "T7_C": 1.696, "T8_C": 2.16, "T9_C": 1.85, "T10_C": 1.95, "T11_C": 1.61, "T12_C": 2.315, "T13_C": 2.41, "T14_C": 1.568}
[2025-08-23 23:17:21] Nice vs Auxerre - C Values: {"T1_C": 1.1, "T2_C": 8, "T3_C": 29, "T4_C": 1.007, "T5_C": 1.1, "T6_C": 6.36, "T7_C": 1.696, "T8_C": 2.16, "T9_C": 1.85, "T10_C": 1.95, "T11_C": 1.635, "T12_C": 2.264, "T13_C": 2.41, "T14_C": 1.568}
[2025-08-23 23:17:27] Nice vs Auxerre - C Values: {"T1_C": 1.09, "T2_C": 8.5, "T3_C": 29, "T4_C": 1.007, "T5_C": 1.09, "T6_C": 6.67, "T7_C": 1.64, "T8_C": 2.26, "T9_C": 1.85, "T10_C": 1.95, "T11_C": 2.305, "T12_C": 1.616, "T13_C": 2.41, "T14_C": 1.568}
[2025-08-23 23:17:33] Nice vs Auxerre - C Values: {"T1_C": 1.09, "T2_C": 8.5, "T3_C": 29, "T4_C": 1.007, "T5_C": 1.09, "T6_C": 6.67, "T7_C": 1.64, "T8_C": 2.26, "T9_C": 1.85, "T10_C": 1.95, "T11_C": 2.2, "T12_C": 1.67, "T13_C": 2.41, "T14_C": 1.568}
[2025-08-23 23:17:39] Nice vs Auxerre - C Values: {"T1_C": 1.09, "T2_C": 8.5, "T3_C": 29, "T4_C": 1.007, "T5_C": 1.09, "T6_C": 6.67, "T7_C": 1.64, "T8_C": 2.26, "T9_C": 1.85, "T10_C": 1.95, "T11_C": 2.305, "T12_C": 1.616, "T13_C": 2.41, "T14_C": 1.568}
[2025-08-23 23:17:58] Nice vs Auxerre - C Values: {"T1_C": 1.09, "T2_C": 8.5, "T3_C": 29, "T4_C": 1.007, "T5_C": 1.09, "T6_C": 6.67, "T7_C": 1.64, "T8_C": 2.26, "T9_C": 1.85, "T10_C": 1.95, "T11_C": 2.175, "T12_C": 1.688, "T13_C": 2.41, "T14_C": 1.568}
[2025-08-23 23:18:15] Nice vs Auxerre - C Values: {"T1_C": 1.09, "T2_C": 8.5, "T3_C": 29, "T4_C": 1.007, "T5_C": 1.09, "T6_C": 6.67, "T7_C": 1.64, "T8_C": 2.26, "T9_C": 1.85, "T10_C": 1.95, "T11_C": 2.305, "T12_C": 1.616, "T13_C": 2.41, "T14_C": 1.568}
[2025-08-23 23:18:34] Nice vs Auxerre - C Values: {"T1_C": 1.09, "T2_C": 8.5, "T3_C": 29, "T4_C": 1.007, "T5_C": 1.09, "T6_C": 6.67, "T7_C": 1.64, "T8_C": 2.26, "T9_C": 1.85, "T10_C": 1.95, "T11_C": 2.305, "T12_C": 1.616, "T13_C": 2.55, "T14_C": 1.512}
[2025-08-23 23:19:06] Nice vs Auxerre - C Values: {"T1_C": 1.1, "T2_C": 8, "T3_C": 29, "T4_C": 1.007, "T5_C": 1.1, "T6_C": 6.36, "T7_C": 1.696, "T8_C": 2.16, "T9_C": 1.94, "T10_C": 1.86, "T11_C": 2.55, "T12_C": 1.512, "T13_C": 2.55, "T14_C": 1.512}
[2025-08-23 23:19:20] Nice vs Auxerre - C Values: {"T1_C": 1.09, "T2_C": 8.5, "T3_C": 29, "T4_C": 1.007, "T5_C": 1.09, "T6_C": 6.67, "T7_C": 1.664, "T8_C": 2.21, "T9_C": 1.94, "T10_C": 1.86, "T11_C": 2.41, "T12_C": 1.568, "T13_C": 2.55, "T14_C": 1.512}
[2025-08-23 23:19:31] Nice vs Auxerre - C Values: {"T1_C": 1.112, "T2_C": 8, "T3_C": 25, "T4_C": 1.01, "T5_C": 1.1, "T6_C": 6.18, "T7_C": 1.664, "T8_C": 2.21, "T9_C": 1.775, "T10_C": 2.048, "T11_C": 2.305, "T12_C": 1.616, "T13_C": 2.305, "T14_C": 1.616}
[2025-08-23 23:20:08] Nice vs Auxerre - C Values: {"T1_C": 1.09, "T2_C": 8.5, "T3_C": 29, "T4_C": 1.007, "T5_C": 1.09, "T6_C": 6.67, "T7_C": 1.664, "T8_C": 2.21, "T9_C": 1.94, "T10_C": 1.86, "T11_C": 2.41, "T12_C": 1.568, "T13_C": 2.55, "T14_C": 1.512}
[2025-08-23 23:20:45] Nice vs Auxerre - C Values: {"T1_C": 1.09, "T2_C": 8.5, "T3_C": 29, "T4_C": 1.007, "T5_C": 1.09, "T6_C": 6.67, "T7_C": 1.664, "T8_C": 2.21, "T9_C": 1.94, "T10_C": 1.86, "T11_C": 1.63, "T12_C": 2.28, "T13_C": 2.55, "T14_C": 1.512}
[2025-08-23 23:20:57] Nice vs Auxerre - C Values: {"T1_C": 1.09, "T2_C": 8.5, "T3_C": 29, "T4_C": 1.007, "T5_C": 1.09, "T6_C": 6.67, "T7_C": 1.664, "T8_C": 2.21, "T9_C": 1.94, "T10_C": 1.86, "T11_C": 1.59, "T12_C": 2.36, "T13_C": 2.55, "T14_C": 1.512}
[2025-08-23 23:21:03] Nice vs Auxerre - C Values: {"T1_C": 1.09, "T2_C": 8.5, "T3_C": 29, "T4_C": 1.007, "T5_C": 1.09, "T6_C": 6.67, "T7_C": 1.664, "T8_C": 2.21, "T9_C": 1.85, "T10_C": 1.95, "T11_C": 1.59, "T12_C": 2.36, "T13_C": 2.55, "T14_C": 1.512}
[2025-08-23 23:21:09] Nice vs Auxerre - C Values: {"T1_C": 1.085, "T2_C": 9, "T3_C": 34, "T4_C": 1.002, "T5_C": 1.085, "T6_C": 7.18, "T7_C": 1.64, "T8_C": 2.26, "T9_C": 1.85, "T10_C": 1.95, "T11_C": 1.61, "T12_C": 2.32, "T13_C": 2.55, "T14_C": 1.512}
[2025-08-23 23:21:21] Nice vs Auxerre - C Values: {"T1_C": 1.09, "T2_C": 8.5, "T3_C": 34, "T4_C": 1.002, "T5_C": 1.09, "T6_C": 6.86, "T7_C": 1.64, "T8_C": 2.26, "T9_C": 1.85, "T10_C": 1.95, "T11_C": 1.59, "T12_C": 2.36, "T13_C": 2.55, "T14_C": 1.512}
[2025-08-23 23:21:27] Nice vs Auxerre - C Values: {"T1_C": 1.085, "T2_C": 9, "T3_C": 34, "T4_C": 1.002, "T5_C": 1.085, "T6_C": 7.18, "T7_C": 1.64, "T8_C": 2.26, "T9_C": 1.85, "T10_C": 1.95, "T11_C": 1.61, "T12_C": 2.32, "T13_C": 2.55, "T14_C": 1.512}
[2025-08-23 23:21:34] Nice vs Auxerre - C Values: {"T1_C": 1.085, "T2_C": 9, "T3_C": 34, "T4_C": 1.002, "T5_C": 1.085, "T6_C": 7.18, "T7_C": 1.64, "T8_C": 2.26, "T9_C": 1.85, "T10_C": 1.95, "T11_C": 1.62, "T12_C": 2.296, "T13_C": 2.68, "T14_C": 1.47}
[2025-08-23 23:23:52] Nice vs Auxerre - C Values: {"T1_C": 1.085, "T2_C": 9, "T3_C": 34, "T4_C": 1.002, "T5_C": 1.085, "T6_C": 7.18, "T7_C": 1.64, "T8_C": 2.26, "T9_C": 1.85, "T10_C": 1.95, "T11_C": 1.63, "T12_C": 2.275, "T13_C": 2.68, "T14_C": 1.47}
[2025-08-23 23:23:59] Nice vs Auxerre - C Values: {"T1_C": 1.085, "T2_C": 9, "T3_C": 34, "T4_C": 1.002, "T5_C": 1.085, "T6_C": 7.18, "T7_C": 1.64, "T8_C": 2.26, "T9_C": 1.85, "T10_C": 1.95, "T11_C": 1.62, "T12_C": 2.296, "T13_C": 2.68, "T14_C": 1.47}
[2025-08-23 23:32:45] Nice vs Auxerre - C Values: {"T1_C": 1.085, "T2_C": 9, "T3_C": 34, "T4_C": 1.002, "T5_C": 1.085, "T6_C": 7.18, "T7_C": 1.64, "T8_C": 2.26, "T9_C": 1.77, "T10_C": 2.05, "T11_C": 2.305, "T12_C": 1.616, "T13_C": 2.55, "T14_C": 1.512}
[2025-08-23 23:33:09] Nice vs Auxerre - C Values: {"T1_C": 1.085, "T2_C": 9, "T3_C": 34, "T4_C": 1.002, "T5_C": 1.085, "T6_C": 7.18, "T7_C": 2.225, "T8_C": 1.656, "T9_C": 1.77, "T10_C": 2.05, "T11_C": 2.305, "T12_C": 1.616, "T13_C": 2.55, "T14_C": 1.512}
[2025-08-23 23:33:41] Nice vs Auxerre - C Values: {"T1_C": 1.085, "T2_C": 9, "T3_C": 34, "T4_C": 1.002, "T5_C": 1.085, "T6_C": 7.18, "T7_C": 2.225, "T8_C": 1.656, "T9_C": 1.85, "T10_C": 1.95, "T11_C": 2.305, "T12_C": 1.616, "T13_C": 2.55, "T14_C": 1.512}
[2025-08-23 23:34:19] Nice vs Auxerre - C Values: {"T1_C": 1.085, "T2_C": 9, "T3_C": 34, "T4_C": 1.002, "T5_C": 1.085, "T6_C": 7.18, "T7_C": 2.225, "T8_C": 1.656, "T9_C": 1.85, "T10_C": 1.95, "T11_C": 2.305, "T12_C": 1.616, "T13_C": 2.68, "T14_C": 1.47}
[2025-08-23 23:38:12] Nice vs Auxerre - C Values: {"T1_C": 1.085, "T2_C": 9, "T3_C": 34, "T4_C": 1.002, "T5_C": 1.085, "T6_C": 7.18, "T7_C": 2.225, "T8_C": 1.656, "T9_C": 1.94, "T10_C": 1.86, "T11_C": 2.305, "T12_C": 1.616, "T13_C": 2.68, "T14_C": 1.47}
[2025-08-23 23:40:08] Nice vs Auxerre - C Values: {"T1_C": 1.085, "T2_C": 9, "T3_C": 34, "T4_C": 1.002, "T5_C": 1.085, "T6_C": 7.18, "T7_C": 2.275, "T8_C": 1.63, "T9_C": 1.94, "T10_C": 1.86, "T11_C": 2.305, "T12_C": 1.616, "T13_C": 2.68, "T14_C": 1.47}
[2025-08-23 23:40:38] Nice vs Auxerre - C Values: {"T1_C": 1.07, "T2_C": 9, "T3_C": 34, "T4_C": 1.003, "T5_C": 1.07, "T6_C": 7.26, "T7_C": 2.275, "T8_C": 1.63, "T9_C": 1.94, "T10_C": 1.86, "T11_C": 1.61, "T12_C": 2.32, "T13_C": 2.68, "T14_C": 1.47}
[2025-08-23 23:40:50] Nice vs Auxerre - C Values: {"T1_C": 1.07, "T2_C": 9.5, "T3_C": 34, "T4_C": 1.002, "T5_C": 1.07, "T6_C": 7.53, "T7_C": 2.275, "T8_C": 1.63, "T9_C": 1.94, "T10_C": 1.86, "T11_C": 2.305, "T12_C": 1.616, "T13_C": 2.68, "T14_C": 1.47}
[2025-08-23 23:41:02] Nice vs Auxerre - C Values: {"T1_C": 1.07, "T2_C": 9.5, "T3_C": 34, "T4_C": 1.002, "T5_C": 1.07, "T6_C": 7.53, "T7_C": 2.275, "T8_C": 1.63, "T9_C": 1.94, "T10_C": 1.86, "T11_C": 1.61, "T12_C": 2.315, "T13_C": 2.68, "T14_C": 1.47}
[2025-08-23 23:41:08] Nice vs Auxerre - C Values: {"T1_C": 1.085, "T2_C": 9, "T3_C": 34, "T4_C": 1.002, "T5_C": 1.085, "T6_C": 7.18, "T7_C": 1.64, "T8_C": 2.26, "T9_C": 1.94, "T10_C": 1.86, "T11_C": 1.62, "T12_C": 2.296, "T13_C": 2.68, "T14_C": 1.47}
[2025-08-23 23:41:38] Nice vs Auxerre - C Values: {"T1_C": 1.085, "T2_C": 9, "T3_C": 34, "T4_C": 1.002, "T5_C": 1.085, "T6_C": 7.18, "T7_C": 1.64, "T8_C": 2.26, "T9_C": 1.85, "T10_C": 1.95, "T11_C": 1.62, "T12_C": 2.296, "T13_C": 2.68, "T14_C": 1.47}
[2025-08-23 23:41:56] Nice vs Auxerre - C Values: {"T1_C": 1.07, "T2_C": 9.5, "T3_C": 34, "T4_C": 1.002, "T5_C": 1.07, "T6_C": 7.53, "T7_C": 1.64, "T8_C": 2.26, "T9_C": 1.85, "T10_C": 1.95, "T11_C": 1.62, "T12_C": 2.296, "T13_C": 2.68, "T14_C": 1.47}
[2025-08-23 23:42:03] Nice vs Auxerre - C Values: {"T1_C": 1.07, "T2_C": 9.5, "T3_C": 34, "T4_C": 1.002, "T5_C": 1.07, "T6_C": 7.53, "T7_C": 1.64, "T8_C": 2.26, "T9_C": 1.94, "T10_C": 1.86, "T11_C": 1.62, "T12_C": 2.296, "T13_C": 2.89, "T14_C": 1.416}
[2025-08-23 23:42:23] Nice vs Auxerre - C Values: {"T1_C": 1.085, "T2_C": 9, "T3_C": 34, "T4_C": 1.002, "T5_C": 1.085, "T6_C": 7.18, "T7_C": 1.64, "T8_C": 2.26, "T9_C": 1.94, "T10_C": 1.86, "T11_C": 1.63, "T12_C": 2.275, "T13_C": 2.68, "T14_C": 1.47}
[2025-08-23 23:42:54] Nice vs Auxerre - C Values: {"T1_C": 1.085, "T2_C": 9, "T3_C": 34, "T4_C": 1.002, "T5_C": 1.085, "T6_C": 7.18, "T7_C": 1.64, "T8_C": 2.26, "T9_C": 1.85, "T10_C": 1.95, "T11_C": 1.63, "T12_C": 2.275, "T13_C": 2.68, "T14_C": 1.47}
[2025-08-23 23:43:13] Nice vs Auxerre - C Values: {"T1_C": 1.085, "T2_C": 9, "T3_C": 34, "T4_C": 1.002, "T5_C": 1.085, "T6_C": 7.18, "T7_C": 1.64, "T8_C": 2.26, "T9_C": 1.94, "T10_C": 1.86, "T11_C": 1.63, "T12_C": 2.275, "T13_C": 2.68, "T14_C": 1.47}
[2025-08-23 23:43:25] Nice vs Auxerre - C Values: {"T1_C": 1.085, "T2_C": 9, "T3_C": 34, "T4_C": 1.002, "T5_C": 1.085, "T6_C": 7.18, "T7_C": 1.664, "T8_C": 2.21, "T9_C": 1.94, "T10_C": 1.86, "T11_C": 1.64, "T12_C": 2.256, "T13_C": 2.68, "T14_C": 1.47}
[2025-08-23 23:43:50] Nice vs Auxerre - C Values: {"T1_C": 1.085, "T2_C": 9, "T3_C": 34, "T4_C": 1.002, "T5_C": 1.085, "T6_C": 7.18, "T7_C": 1.664, "T8_C": 2.21, "T9_C": 2.07, "T10_C": 1.752, "T11_C": 1.69, "T12_C": 2.17, "T13_C": 2.68, "T14_C": 1.47}
[2025-08-23 23:43:57] Nice vs Auxerre - C Values: {"T1_C": 1.07, "T2_C": 9, "T3_C": 34, "T4_C": 1.003, "T5_C": 1.07, "T6_C": 7.26, "T7_C": 1.664, "T8_C": 2.21, "T9_C": 2.07, "T10_C": 1.752, "T11_C": 1.69, "T12_C": 2.17, "T13_C": 2.89, "T14_C": 1.416}
[2025-08-23 23:44:02] Nice vs Auxerre - C Values: {"T1_C": 1.085, "T2_C": 9, "T3_C": 34, "T4_C": 1.002, "T5_C": 1.085, "T6_C": 7.18, "T7_C": 1.664, "T8_C": 2.21, "T9_C": 2.07, "T10_C": 1.752, "T11_C": 1.7, "T12_C": 2.15, "T13_C": 2.89, "T14_C": 1.416}
[2025-08-23 23:44:24] Nice vs Auxerre - C Values: {"T1_C": 1.07, "T2_C": 9, "T3_C": 34, "T4_C": 1.003, "T5_C": 1.07, "T6_C": 7.26, "T7_C": 1.664, "T8_C": 2.21, "T9_C": 2.07, "T10_C": 1.752, "T11_C": 1.7, "T12_C": 2.15, "T13_C": 2.89, "T14_C": 1.416}
[2025-08-23 23:44:37] Nice vs Auxerre - C Values: {"T1_C": 1.07, "T2_C": 9, "T3_C": 34, "T4_C": 1.003, "T5_C": 1.07, "T6_C": 7.26, "T7_C": 1.664, "T8_C": 2.21, "T9_C": 1.975, "T10_C": 1.83, "T11_C": 1.7, "T12_C": 2.15, "T13_C": 2.89, "T14_C": 1.416}
[2025-08-23 23:44:59] Nice vs Auxerre - C Values: {"T1_C": 1.085, "T2_C": 9, "T3_C": 34, "T4_C": 1.002, "T5_C": 1.085, "T6_C": 7.18, "T7_C": 1.696, "T8_C": 2.16, "T9_C": 1.975, "T10_C": 1.83, "T11_C": 1.71, "T12_C": 2.136, "T13_C": 2.68, "T14_C": 1.47}
[2025-08-23 23:45:17] Nice vs Auxerre - C Values: {"T1_C": 1.085, "T2_C": 9, "T3_C": 34, "T4_C": 1.002, "T5_C": 1.085, "T6_C": 7.18, "T7_C": 1.696, "T8_C": 2.16, "T9_C": 1.975, "T10_C": 1.83, "T11_C": 1.71, "T12_C": 2.136, "T13_C": 2.89, "T14_C": 1.416}
[2025-08-23 23:45:23] Nice vs Auxerre - C Values: {"T1_C": 1.085, "T2_C": 9, "T3_C": 34, "T4_C": 1.002, "T5_C": 1.085, "T6_C": 7.18, "T7_C": 1.664, "T8_C": 2.21, "T9_C": 1.975, "T10_C": 1.83, "T11_C": 1.7, "T12_C": 2.15, "T13_C": 2.89, "T14_C": 1.416}
[2025-08-23 23:45:41] Nice vs Auxerre - C Values: {"T1_C": 1.07, "T2_C": 9, "T3_C": 34, "T4_C": 1.003, "T5_C": 1.07, "T6_C": 7.26, "T7_C": 1.696, "T8_C": 2.16, "T9_C": 2.08, "T10_C": 1.75, "T11_C": 1.744, "T12_C": 2.085, "T13_C": 2.89, "T14_C": 1.416}
[2025-08-23 23:45:54] Nice vs Auxerre - C Values: {"T1_C": 1.07, "T2_C": 9.5, "T3_C": 41, "T4_C": 1.001, "T5_C": 1.07, "T6_C": 7.78, "T7_C": 1.696, "T8_C": 2.16, "T9_C": 2.08, "T10_C": 1.75, "T11_C": 1.77, "T12_C": 2.05, "T13_C": 3.105, "T14_C": 1.37}
[2025-08-23 23:46:08] Nice vs Auxerre - C Values: {"T1_C": 1.085, "T2_C": 9, "T3_C": 34, "T4_C": 1.002, "T5_C": 1.085, "T6_C": 7.18, "T7_C": 1.725, "T8_C": 2.115, "T9_C": 2.184, "T10_C": 1.68, "T11_C": 1.78, "T12_C": 2.04, "T13_C": 2.89, "T14_C": 1.416}
[2025-08-23 23:46:14] Nice vs Auxerre - C Values: {"T1_C": 1.085, "T2_C": 9, "T3_C": 34, "T4_C": 1.002, "T5_C": 1.085, "T6_C": 7.18, "T7_C": 1.725, "T8_C": 2.115, "T9_C": 2.184, "T10_C": 1.68, "T11_C": 1.795, "T12_C": 2.016, "T13_C": 2.89, "T14_C": 1.416}
[2025-08-23 23:46:33] Nice vs Auxerre - C Values: {"T1_C": 1.085, "T2_C": 9, "T3_C": 41, "T4_C": 1.001, "T5_C": 1.085, "T6_C": 7.41, "T7_C": 1.725, "T8_C": 2.115, "T9_C": 2.08, "T10_C": 1.75, "T11_C": 1.795, "T12_C": 2.016, "T13_C": 2.89, "T14_C": 1.416}
[2025-08-23 23:46:52] Nice vs Auxerre - C Values: {"T1_C": 1.07, "T2_C": 9.5, "T3_C": 41, "T4_C": 1.001, "T5_C": 1.07, "T6_C": 7.78, "T7_C": 1.725, "T8_C": 2.115, "T9_C": 2.175, "T10_C": 1.685, "T11_C": 1.82, "T12_C": 1.984, "T13_C": 3.105, "T14_C": 1.37}
[2025-08-23 23:46:57] Nice vs Auxerre - C Values: {"T1_C": 1.085, "T2_C": 9, "T3_C": 34, "T4_C": 1.002, "T5_C": 1.085, "T6_C": 7.18, "T7_C": 1.752, "T8_C": 2.07, "T9_C": 2.175, "T10_C": 1.685, "T11_C": 1.855, "T12_C": 1.95, "T13_C": 3.105, "T14_C": 1.37}
[2025-08-23 23:47:10] Nice vs Auxerre - C Values: {"T1_C": 1.085, "T2_C": 9, "T3_C": 41, "T4_C": 1.001, "T5_C": 1.085, "T6_C": 7.41, "T7_C": 1.752, "T8_C": 2.07, "T9_C": 2.175, "T10_C": 1.685, "T11_C": 1.865, "T12_C": 1.936, "T13_C": 3.105, "T14_C": 1.37}
[2025-08-23 23:47:34] Nice vs Auxerre - C Values: {"T1_C": 1.07, "T2_C": 9, "T3_C": 41, "T4_C": 1.001, "T5_C": 1.07, "T6_C": 7.49, "T7_C": 1.752, "T8_C": 2.07, "T9_C": 2.175, "T10_C": 1.685, "T11_C": 1.88, "T12_C": 1.92, "T13_C": 3.105, "T14_C": 1.37}
[2025-08-23 23:47:47] Nice vs Auxerre - C Values: {"T1_C": 1.07, "T2_C": 9, "T3_C": 41, "T4_C": 1.001, "T5_C": 1.07, "T6_C": 7.49, "T7_C": 1.752, "T8_C": 2.07, "T9_C": 2.28, "T10_C": 1.625, "T11_C": 1.896, "T12_C": 1.904, "T13_C": 3.26, "T14_C": 1.34}
[2025-08-23 23:48:23] Nice vs Auxerre - C Values: {"T1_C": 1.07, "T2_C": 9.5, "T3_C": 41, "T4_C": 1.001, "T5_C": 1.07, "T6_C": 7.78, "T7_C": 1.752, "T8_C": 2.07, "T9_C": 2.395, "T10_C": 1.575, "T11_C": 1.91, "T12_C": 1.89, "T13_C": 3.26, "T14_C": 1.34}
[2025-08-23 23:48:35] Nice vs Auxerre - C Values: {"T1_C": 1.07, "T2_C": 9.5, "T3_C": 41, "T4_C": 1.001, "T5_C": 1.07, "T6_C": 7.78, "T7_C": 1.752, "T8_C": 2.07, "T9_C": 2.28, "T10_C": 1.625, "T11_C": 1.91, "T12_C": 1.89, "T13_C": 3.26, "T14_C": 1.34}
[2025-08-23 23:48:48] Nice vs Auxerre - C Values: {"T1_C": 1.07, "T2_C": 9, "T3_C": 41, "T4_C": 1.001, "T5_C": 1.07, "T6_C": 7.49, "T7_C": 1.775, "T8_C": 2.04, "T9_C": 2.28, "T10_C": 1.625, "T11_C": 1.94, "T12_C": 1.86, "T13_C": 3.26, "T14_C": 1.34}
[2025-08-23 23:48:54] Nice vs Auxerre - C Values: {"T1_C": 1.07, "T2_C": 9, "T3_C": 41, "T4_C": 1.001, "T5_C": 1.07, "T6_C": 7.49, "T7_C": 1.775, "T8_C": 2.04, "T9_C": 2.28, "T10_C": 1.625, "T11_C": 1.925, "T12_C": 1.875, "T13_C": 3.26, "T14_C": 1.34}
[2025-08-23 23:49:07] Nice vs Auxerre - C Values: {"T1_C": 1.07, "T2_C": 9, "T3_C": 41, "T4_C": 1.001, "T5_C": 1.07, "T6_C": 7.49, "T7_C": 1.775, "T8_C": 2.04, "T9_C": 2.28, "T10_C": 1.625, "T11_C": 1.94, "T12_C": 1.86, "T13_C": 3.26, "T14_C": 1.34}
[2025-08-23 23:49:31] Nice vs Auxerre - C Values: {"T1_C": 1.07, "T2_C": 9.5, "T3_C": 41, "T4_C": 1.001, "T5_C": 1.07, "T6_C": 7.78, "T7_C": 1.775, "T8_C": 2.04, "T9_C": 2.385, "T10_C": 1.575, "T11_C": 1.96, "T12_C": 1.845, "T13_C": 3.36, "T14_C": 1.325}
[2025-08-23 23:50:02] Nice vs Auxerre - C Values: {"T1_C": 1.06, "T2_C": 9.5, "T3_C": 41, "T4_C": 1.001, "T5_C": 1.06, "T6_C": 7.84, "T7_C": 1.775, "T8_C": 2.04, "T9_C": 2.325, "T10_C": 1.608, "T11_C": 1.975, "T12_C": 1.83, "T13_C": 3.36, "T14_C": 1.325}
[2025-08-23 23:50:21] Nice vs Auxerre - C Values: {"T1_C": 1.07, "T2_C": 9.5, "T3_C": 41, "T4_C": 1.001, "T5_C": 1.07, "T6_C": 7.78, "T7_C": 1.775, "T8_C": 2.04, "T9_C": 2.325, "T10_C": 1.608, "T11_C": 2, "T12_C": 1.81, "T13_C": 3.36, "T14_C": 1.325}
[2025-08-23 23:50:39] Nice vs Auxerre - C Values: {"T1_C": 1.07, "T2_C": 9.5, "T3_C": 41, "T4_C": 1.001, "T5_C": 1.07, "T6_C": 7.78, "T7_C": 1.775, "T8_C": 2.04, "T9_C": 2.325, "T10_C": 1.608, "T11_C": 2.016, "T12_C": 1.795, "T13_C": 3.36, "T14_C": 1.325}
[2025-08-23 23:50:51] Nice vs Auxerre - C Values: {"T1_C": 1.07, "T2_C": 9.5, "T3_C": 41, "T4_C": 1.001, "T5_C": 1.07, "T6_C": 7.78, "T7_C": 1.8, "T8_C": 2.01, "T9_C": 2.325, "T10_C": 1.608, "T11_C": 2.03, "T12_C": 1.784, "T13_C": 3.36, "T14_C": 1.325}
[2025-08-23 23:51:04] Nice vs Auxerre - C Values: {"T1_C": 1.07, "T2_C": 9.5, "T3_C": 41, "T4_C": 1.001, "T5_C": 1.07, "T6_C": 7.78, "T7_C": 1.79, "T8_C": 2.02, "T9_C": 2.325, "T10_C": 1.608, "T11_C": 2.01, "T12_C": 1.8, "T13_C": 3.36, "T14_C": 1.325}
[2025-08-23 23:51:17] Nice vs Auxerre - C Values: {"T1_C": 1.07, "T2_C": 9.5, "T3_C": 41, "T4_C": 1.001, "T5_C": 1.07, "T6_C": 7.78, "T7_C": 1.79, "T8_C": 2.02, "T9_C": 1.59, "T10_C": 2.36, "T11_C": 2.01, "T12_C": 1.8, "T13_C": 3.36, "T14_C": 1.325}
[2025-08-23 23:51:24] Nice vs Auxerre - C Values: {"T1_C": 1.06, "T2_C": 9.5, "T3_C": 41, "T4_C": 1.001, "T5_C": 1.06, "T6_C": 7.84, "T7_C": 1.775, "T8_C": 2.04, "T9_C": 1.64, "T10_C": 2.256, "T11_C": 2.056, "T12_C": 1.765, "T13_C": 3.6, "T14_C": 1.29}
[2025-08-23 23:51:29] Nice vs Auxerre - C Values: {"T1_C": 1.07, "T2_C": 9, "T3_C": 41, "T4_C": 1.001, "T5_C": 1.07, "T6_C": 7.49, "T7_C": 1.848, "T8_C": 1.955, "T9_C": 1.665, "T10_C": 2.208, "T11_C": 2.144, "T12_C": 1.704, "T13_C": 3.36, "T14_C": 1.325}
[2025-08-23 23:51:43] Nice vs Auxerre - C Values: {"T1_C": 1.085, "T2_C": 9, "T3_C": 41, "T4_C": 1.001, "T5_C": 1.085, "T6_C": 7.41, "T7_C": 1.848, "T8_C": 1.955, "T9_C": 1.64, "T10_C": 2.256, "T11_C": 2.125, "T12_C": 1.715, "T13_C": 3.36, "T14_C": 1.325}
[2025-08-23 23:51:56] Nice vs Auxerre - C Values: {"T1_C": 1.085, "T2_C": 9, "T3_C": 41, "T4_C": 1.001, "T5_C": 1.085, "T6_C": 7.41, "T7_C": 1.848, "T8_C": 1.955, "T9_C": 1.64, "T10_C": 2.256, "T11_C": 2.13, "T12_C": 1.715, "T13_C": 3.36, "T14_C": 1.325}
[2025-08-23 23:52:02] Nice vs Auxerre - C Values: {"T1_C": 1.07, "T2_C": 9, "T3_C": 41, "T4_C": 1.001, "T5_C": 1.07, "T6_C": 7.49, "T7_C": 1.87, "T8_C": 1.93, "T9_C": 1.665, "T10_C": 2.208, "T11_C": 2.208, "T12_C": 1.67, "T13_C": 3.36, "T14_C": 1.325}
[2025-08-23 23:52:35] Nice vs Auxerre - C Values: {"T1_C": 1.07, "T2_C": 9, "T3_C": 41, "T4_C": 1.001, "T5_C": 1.07, "T6_C": 7.49, "T7_C": 1.87, "T8_C": 1.93, "T9_C": 1.665, "T10_C": 2.208, "T11_C": 2.208, "T12_C": 1.67, "T13_C": 3.45, "T14_C": 1.31}
[2025-08-23 23:52:59] Nice vs Auxerre - C Values: {"T1_C": 1.07, "T2_C": 9, "T3_C": 41, "T4_C": 1.001, "T5_C": 1.07, "T6_C": 7.49, "T7_C": 1.87, "T8_C": 1.93, "T9_C": 1.685, "T10_C": 2.175, "T11_C": 2.225, "T12_C": 1.66, "T13_C": 3.7, "T14_C": 1.275}
[2025-08-23 23:53:06] Nice vs Auxerre - C Values: {"T1_C": 1.07, "T2_C": 9, "T3_C": 41, "T4_C": 1.001, "T5_C": 1.07, "T6_C": 7.49, "T7_C": 1.87, "T8_C": 1.93, "T9_C": 1.7, "T10_C": 2.152, "T11_C": 2.24, "T12_C": 1.65, "T13_C": 3.7, "T14_C": 1.275}
[2025-08-23 23:53:29] Nice vs Auxerre - C Values: {"T1_C": 1.07, "T2_C": 9.5, "T3_C": 41, "T4_C": 1.001, "T5_C": 1.07, "T6_C": 7.78, "T7_C": 1.87, "T8_C": 1.93, "T9_C": 1.735, "T10_C": 2.1, "T11_C": 2.265, "T12_C": 1.635, "T13_C": 3.7, "T14_C": 1.275}
[2025-08-23 23:53:35] Nice vs Auxerre - C Values: {"T1_C": 1.06, "T2_C": 9.5, "T3_C": 41, "T4_C": 1.001, "T5_C": 1.06, "T6_C": 7.84, "T7_C": 1.87, "T8_C": 1.93, "T9_C": 1.735, "T10_C": 2.1, "T11_C": 2.265, "T12_C": 1.635, "T13_C": 3.7, "T14_C": 1.275}
[2025-08-23 23:53:54] Nice vs Auxerre - C Values: {"T1_C": 1.07, "T2_C": 9, "T3_C": 41, "T4_C": 1.001, "T5_C": 1.07, "T6_C": 7.49, "T7_C": 1.896, "T8_C": 1.9, "T9_C": 1.75, "T10_C": 2.075, "T11_C": 2.315, "T12_C": 1.61, "T13_C": 3.7, "T14_C": 1.275}
[2025-08-23 23:54:01] Nice vs Auxerre - C Values: {"T1_C": 1.07, "T2_C": 9, "T3_C": 41, "T4_C": 1.001, "T5_C": 1.07, "T6_C": 7.49, "T7_C": 1.92, "T8_C": 1.88, "T9_C": 1.77, "T10_C": 2.05, "T11_C": 2.36, "T12_C": 1.59, "T13_C": 3.7, "T14_C": 1.275}
[2025-08-23 23:54:26] Nice vs Auxerre - C Values: {"T1_C": 1.07, "T2_C": 9, "T3_C": 41, "T4_C": 1.001, "T5_C": 1.07, "T6_C": 7.49, "T7_C": 1.92, "T8_C": 1.88, "T9_C": 1.785, "T10_C": 2.025, "T11_C": 2.38, "T12_C": 1.58, "T13_C": 3.7, "T14_C": 1.275}
[2025-08-23 23:54:37] Nice vs Auxerre - C Values: {"T1_C": 1.07, "T2_C": 9, "T3_C": 41, "T4_C": 1.001, "T5_C": 1.07, "T6_C": 7.49, "T7_C": 1.92, "T8_C": 1.88, "T9_C": 1.785, "T10_C": 2.025, "T11_C": 2.38, "T12_C": 1.58, "T13_C": 3.6, "T14_C": 1.29}
[2025-08-23 23:54:44] Nice vs Auxerre - C Values: {"T1_C": 1.06, "T2_C": 9.5, "T3_C": 41, "T4_C": 1.001, "T5_C": 1.06, "T6_C": 7.84, "T7_C": 1.92, "T8_C": 1.88, "T9_C": 1.808, "T10_C": 2, "T11_C": 2.405, "T12_C": 1.57, "T13_C": 3.86, "T14_C": 1.26}
[2025-08-23 23:54:49] Nice vs Auxerre - C Values: {"T1_C": 1.06, "T2_C": 9.5, "T3_C": 41, "T4_C": 1.001, "T5_C": 1.06, "T6_C": 7.84, "T7_C": 1.92, "T8_C": 1.88, "T9_C": 1.83, "T10_C": 1.975, "T11_C": 2.42, "T12_C": 1.565, "T13_C": 3.86, "T14_C": 1.26}
[2025-08-23 23:55:07] Nice vs Auxerre - C Values: {"T1_C": 1.07, "T2_C": 9, "T3_C": 41, "T4_C": 1.001, "T5_C": 1.07, "T6_C": 7.49, "T7_C": 1.95, "T8_C": 1.85, "T9_C": 1.83, "T10_C": 1.975, "T11_C": 1.59, "T12_C": 2.36, "T13_C": 3.86, "T14_C": 1.26}
[2025-08-23 23:55:13] Nice vs Auxerre - C Values: {"T1_C": 1.06, "T2_C": 9.5, "T3_C": 41, "T4_C": 1.001, "T5_C": 1.06, "T6_C": 7.84, "T7_C": 1.896, "T8_C": 1.9, "T9_C": 1.785, "T10_C": 2.025, "T11_C": 2.35, "T12_C": 1.592, "T13_C": 3.86, "T14_C": 1.26}
[2025-08-23 23:55:20] Nice vs Auxerre - C Values: {"T1_C": 1.06, "T2_C": 9.5, "T3_C": 41, "T4_C": 1.001, "T5_C": 1.06, "T6_C": 7.84, "T7_C": 1.92, "T8_C": 1.88, "T9_C": 1.808, "T10_C": 2, "T11_C": 2.405, "T12_C": 1.57, "T13_C": 3.86, "T14_C": 1.26}
[2025-08-23 23:55:38] Nice vs Auxerre - C Values: {"T1_C": 1.06, "T2_C": 9.5, "T3_C": 41, "T4_C": 1.001, "T5_C": 1.06, "T6_C": 7.84, "T7_C": 1.92, "T8_C": 1.88, "T9_C": 1.83, "T10_C": 1.975, "T11_C": 2.42, "T12_C": 1.565, "T13_C": 3.86, "T14_C": 1.26}
[2025-08-23 23:55:51] Nice vs Auxerre - C Values: {"T1_C": 1.07, "T2_C": 9, "T3_C": 41, "T4_C": 1.001, "T5_C": 1.07, "T6_C": 7.49, "T7_C": 1.975, "T8_C": 1.83, "T9_C": 1.885, "T10_C": 1.915, "T11_C": 1.59, "T12_C": 2.36, "T13_C": 3.86, "T14_C": 1.26}
[2025-08-23 23:55:56] Nice vs Auxerre - C Values: {"T1_C": 1.07, "T2_C": 9, "T3_C": 41, "T4_C": 1.001, "T5_C": 1.07, "T6_C": 7.49, "T7_C": 2, "T8_C": 1.808, "T9_C": 1.885, "T10_C": 1.915, "T11_C": 1.59, "T12_C": 2.36, "T13_C": 3.6, "T14_C": 1.29}
[2025-08-23 23:56:08] Nice vs Auxerre - C Values: {"T1_C": 1.06, "T2_C": 9.5, "T3_C": 41, "T4_C": 1.001, "T5_C": 1.06, "T6_C": 7.84, "T7_C": 1.975, "T8_C": 1.83, "T9_C": 1.912, "T10_C": 1.888, "T11_C": 1.59, "T12_C": 2.36, "T13_C": 3.86, "T14_C": 1.26}
[2025-08-23 23:56:14] Nice vs Auxerre - C Values: {"T1_C": 1.06, "T2_C": 9.5, "T3_C": 41, "T4_C": 1.001, "T5_C": 1.06, "T6_C": 7.84, "T7_C": 1.975, "T8_C": 1.83, "T9_C": 1.94, "T10_C": 1.86, "T11_C": 1.59, "T12_C": 2.36, "T13_C": 3.86, "T14_C": 1.26}
[2025-08-23 23:56:38] Nice vs Auxerre - C Values: {"T1_C": 1.06, "T2_C": 9.5, "T3_C": 41, "T4_C": 1.001, "T5_C": 1.06, "T6_C": 7.84, "T7_C": 2, "T8_C": 1.808, "T9_C": 1.94, "T10_C": 1.86, "T11_C": 1.59, "T12_C": 2.36, "T13_C": 3.86, "T14_C": 1.26}
[2025-08-23 23:56:51] Nice vs Auxerre - C Values: {"T1_C": 1.06, "T2_C": 9.5, "T3_C": 41, "T4_C": 1.001, "T5_C": 1.06, "T6_C": 7.84, "T7_C": 2, "T8_C": 1.808, "T9_C": 1.975, "T10_C": 1.83, "T11_C": 1.64, "T12_C": 2.26, "T13_C": 3.86, "T14_C": 1.26}
[2025-08-23 23:57:15] Nice vs Auxerre - C Values: {"T1_C": 1.06, "T2_C": 9.5, "T3_C": 41, "T4_C": 1.001, "T5_C": 1.06, "T6_C": 7.84, "T7_C": 2.025, "T8_C": 1.785, "T9_C": 2.008, "T10_C": 1.8, "T11_C": 1.64, "T12_C": 2.26, "T13_C": 3.86, "T14_C": 1.26}
[2025-08-23 23:57:20] Nice vs Auxerre - C Values: {"T1_C": 1.07, "T2_C": 9, "T3_C": 41, "T4_C": 1.001, "T5_C": 1.07, "T6_C": 7.49, "T7_C": 2.025, "T8_C": 1.785, "T9_C": 2.008, "T10_C": 1.8, "T11_C": 1.64, "T12_C": 2.26, "T13_C": 3.86, "T14_C": 1.26}
[2025-08-23 23:57:39] Nice vs Auxerre - C Values: {"T1_C": 1.06, "T2_C": 9.5, "T3_C": 41, "T4_C": 1.001, "T5_C": 1.06, "T6_C": 7.84, "T7_C": 2.025, "T8_C": 1.785, "T9_C": 2.045, "T10_C": 1.775, "T11_C": 1.64, "T12_C": 2.26, "T13_C": 4.17, "T14_C": 1.23}
[2025-08-23 23:57:52] Nice vs Auxerre - C Values: {"T1_C": 1.07, "T2_C": 9, "T3_C": 41, "T4_C": 1.001, "T5_C": 1.07, "T6_C": 7.49, "T7_C": 2.055, "T8_C": 1.768, "T9_C": 2.045, "T10_C": 1.775, "T11_C": 1.64, "T12_C": 2.26, "T13_C": 3.86, "T14_C": 1.26}
[2025-08-23 23:58:12] Nice vs Auxerre - C Values: {"T1_C": 1.1, "T2_C": 7.5, "T3_C": 41, "T4_C": 1.001, "T5_C": 1.1, "T6_C": 6.42, "T7_C": 2.13, "T8_C": 1.715, "T9_C": 1.856, "T10_C": 1.944, "T11_C": 1.64, "T12_C": 2.26, "T13_C": 3.26, "T14_C": 1.34}
[2025-08-23 23:58:31] Nice vs Auxerre - C Values: {"T1_C": 1.085, "T2_C": 8, "T3_C": 41, "T4_C": 1.001, "T5_C": 1.085, "T6_C": 6.82, "T7_C": 2.13, "T8_C": 1.715, "T9_C": 1.94, "T10_C": 1.86, "T11_C": 1.64, "T12_C": 2.26, "T13_C": 3.36, "T14_C": 1.325}
[2025-08-23 23:58:42] Nice vs Auxerre - C Values: {"T1_C": 1.085, "T2_C": 8, "T3_C": 41, "T4_C": 1.001, "T5_C": 1.085, "T6_C": 6.82, "T7_C": 2.14, "T8_C": 1.71, "T9_C": 1.94, "T10_C": 1.86, "T11_C": 1.64, "T12_C": 2.26, "T13_C": 3.36, "T14_C": 1.325}
[2025-08-23 23:58:54] Nice vs Auxerre - C Values: {"T1_C": 1.07, "T2_C": 9, "T3_C": 41, "T4_C": 1.001, "T5_C": 1.07, "T6_C": 7.49, "T7_C": 2.096, "T8_C": 1.74, "T9_C": 2.165, "T10_C": 1.69, "T11_C": 1.696, "T12_C": 2.16, "T13_C": 4.17, "T14_C": 1.23}
[2025-08-23 23:59:13] Nice vs Auxerre - C Values: {"T1_C": 1.07, "T2_C": 9, "T3_C": 41, "T4_C": 1.001, "T5_C": 1.07, "T6_C": 7.49, "T7_C": 2.096, "T8_C": 1.74, "T9_C": 2.165, "T10_C": 1.69, "T11_C": 1.696, "T12_C": 2.16, "T13_C": 3.86, "T14_C": 1.26}
[2025-08-23 23:59:25] Nice vs Auxerre - C Values: {"T1_C": 1.07, "T2_C": 9, "T3_C": 41, "T4_C": 1.001, "T5_C": 1.07, "T6_C": 7.49, "T7_C": 2.14, "T8_C": 1.71, "T9_C": 2.21, "T10_C": 1.664, "T11_C": 1.696, "T12_C": 2.16, "T13_C": 3.86, "T14_C": 1.26}
[2025-08-23 23:59:38] Nice vs Auxerre - C Values: {"T1_C": 1.06, "T2_C": 9.5, "T3_C": 41, "T4_C": 1.001, "T5_C": 1.06, "T6_C": 7.84, "T7_C": 2.096, "T8_C": 1.74, "T9_C": 2.21, "T10_C": 1.664, "T11_C": 1.696, "T12_C": 2.16, "T13_C": 4.17, "T14_C": 1.23}
[2025-08-23 23:59:45] Nice vs Auxerre - C Values: {"T1_C": 1.06, "T2_C": 9.5, "T3_C": 51, "T4_C": 1.001, "T5_C": 1.06, "T6_C": 8.1, "T7_C": 2.096, "T8_C": 1.74, "T9_C": 2.21, "T10_C": 1.664, "T11_C": 1.696, "T12_C": 2.16, "T13_C": 4.17, "T14_C": 1.23}
[2025-08-23 23:59:56] Nice vs Auxerre - C Values: {"T1_C": 1.07, "T2_C": 9, "T3_C": 41, "T4_C": 1.001, "T5_C": 1.07, "T6_C": 7.49, "T7_C": 2.14, "T8_C": 1.71, "T9_C": 2.21, "T10_C": 1.664, "T11_C": 1.696, "T12_C": 2.16, "T13_C": 4.17, "T14_C": 1.23}
