[2025-08-23 21:18:41] Palma vs Vigo - C Values: {"T1_C": 9.7, "T2_C": 4.06, "T3_C": 1.42, "T4_C": 2.875, "T5_C": 1.26, "T6_C": 1.075, "T7_C": 1.785, "T8_C": 2.025, "T9_C": 2.304, "T10_C": 1.616, "T11_C": 1.845, "T12_C": 1.96, "T13_C": 1.864, "T14_C": 1.936, "T180_C": 1.845, "T181_C": 1.96}
[2025-08-23 21:19:13] Palma vs Vigo - C Values: {"T1_C": 10, "T2_C": 4, "T3_C": 1.41, "T4_C": 2.905, "T5_C": 1.264, "T6_C": 1.064, "T7_C": 1.785, "T8_C": 2.025, "T9_C": 1.63, "T10_C": 2.28, "T11_C": 1.92, "T12_C": 1.88, "T13_C": 1.95, "T14_C": 1.85, "T180_C": 1.92, "T181_C": 1.88}
[2025-08-23 21:19:44] Palma vs Vigo - C Values: {"T1_C": 9.7, "T2_C": 4.06, "T3_C": 1.42, "T4_C": 2.875, "T5_C": 1.26, "T6_C": 1.075, "T7_C": 1.785, "T8_C": 2.025, "T9_C": 1.63, "T10_C": 2.28, "T11_C": 1.92, "T12_C": 1.88, "T13_C": 1.95, "T14_C": 1.85, "T180_C": 1.92, "T181_C": 1.88}
[2025-08-23 21:20:14] Palma vs Vigo - C Values: {"T1_C": 10, "T2_C": 4, "T3_C": 1.41, "T4_C": 2.905, "T5_C": 1.264, "T6_C": 1.064, "T7_C": 1.785, "T8_C": 2.025, "T9_C": 1.656, "T10_C": 2.23, "T11_C": 1.92, "T12_C": 1.88, "T13_C": 1.95, "T14_C": 1.85, "T180_C": 1.92, "T181_C": 1.88}
[2025-08-23 21:22:10] Palma vs Vigo - C Values: {"T1_C": 10, "T2_C": 4, "T3_C": 1.41, "T4_C": 2.905, "T5_C": 1.264, "T6_C": 1.064, "T7_C": 1.785, "T8_C": 2.025, "T9_C": 1.656, "T10_C": 2.23, "T11_C": 1.92, "T12_C": 1.88, "T13_C": 1.95, "T14_C": 1.85, "T180_C": 1.92, "T181_C": 1.88}
[2025-08-23 21:22:41] Palma vs Vigo - C Values: {"T1_C": 11, "T2_C": 4.2, "T3_C": 1.38, "T4_C": 3.056, "T5_C": 1.245, "T6_C": 1.06, "T7_C": 1.808, "T8_C": 2, "T9_C": 1.656, "T10_C": 2.23, "T11_C": 1.92, "T12_C": 1.88, "T13_C": 1.95, "T14_C": 1.85, "T180_C": 1.92, "T181_C": 1.88}
[2025-08-23 21:22:59] Palma vs Vigo - C Values: {"T1_C": 11, "T2_C": 4.2, "T3_C": 1.38, "T4_C": 3.056, "T5_C": 1.245, "T6_C": 1.06, "T7_C": 1.808, "T8_C": 2, "T9_C": 1.656, "T10_C": 2.23, "T11_C": 1.92, "T12_C": 1.88, "T13_C": 1.95, "T14_C": 1.85, "T180_C": 1.92, "T181_C": 1.88}
[2025-08-23 21:23:09] Palma vs Vigo - C Values: {"T1_C": 10, "T2_C": 4, "T3_C": 1.41, "T4_C": 2.905, "T5_C": 1.264, "T6_C": 1.064, "T7_C": 1.785, "T8_C": 2.025, "T9_C": 1.656, "T10_C": 2.23, "T11_C": 1.92, "T12_C": 1.88, "T13_C": 1.95, "T14_C": 1.85, "T180_C": 1.92, "T181_C": 1.88}
[2025-08-23 21:23:46] Palma vs Vigo - C Values: {"T1_C": 11, "T2_C": 4.2, "T3_C": 1.38, "T4_C": 3.056, "T5_C": 1.245, "T6_C": 1.06, "T7_C": 1.808, "T8_C": 2, "T9_C": 1.656, "T10_C": 2.23, "T11_C": 1.92, "T12_C": 1.88, "T13_C": 1.95, "T14_C": 1.85, "T180_C": 1.92, "T181_C": 1.88}
[2025-08-23 21:24:26] Palma vs Vigo - C Values: {"T1_C": 11, "T2_C": 4.2, "T3_C": 1.38, "T4_C": 3.056, "T5_C": 1.245, "T6_C": 1.06, "T7_C": 1.808, "T8_C": 2, "T9_C": 1.656, "T10_C": 2.23, "T11_C": 1.92, "T12_C": 1.88, "T13_C": 1.95, "T14_C": 1.85, "T180_C": 1.92, "T181_C": 1.88}
[2025-08-23 21:24:42] Palma vs Vigo - C Values: {"T1_C": 10, "T2_C": 4, "T3_C": 1.41, "T4_C": 2.905, "T5_C": 1.264, "T6_C": 1.064, "T7_C": 1.785, "T8_C": 2.025, "T9_C": 1.656, "T10_C": 2.23, "T11_C": 1.92, "T12_C": 1.88, "T13_C": 1.95, "T14_C": 1.85, "T180_C": 1.92, "T181_C": 1.88}
[2025-08-23 21:24:46] Palma vs Vigo - C Values: {"T1_C": 10, "T2_C": 4, "T3_C": 1.41, "T4_C": 2.905, "T5_C": 1.264, "T6_C": 1.064, "T7_C": 1.785, "T8_C": 2.025, "T9_C": 1.656, "T10_C": 2.23, "T11_C": 1.92, "T12_C": 1.88, "T13_C": 1.95, "T14_C": 1.85, "T180_C": 1.92, "T181_C": 1.88}
[2025-08-23 21:26:48] Palma vs Vigo - C Values: {"T1_C": 10, "T2_C": 4, "T3_C": 1.41, "T4_C": 2.905, "T5_C": 1.264, "T6_C": 1.064, "T7_C": 1.785, "T8_C": 2.025, "T9_C": 1.656, "T10_C": 2.23, "T11_C": 1.885, "T12_C": 1.915, "T13_C": 1.95, "T14_C": 1.85, "T180_C": 1.885, "T181_C": 1.915}
[2025-08-23 21:28:20] Palma vs Vigo - C Values: {"T1_C": 10, "T2_C": 4, "T3_C": 1.41, "T4_C": 2.905, "T5_C": 1.264, "T6_C": 1.064, "T7_C": 1.785, "T8_C": 2.025, "T9_C": 1.656, "T10_C": 2.23, "T11_C": 1.92, "T12_C": 1.88, "T13_C": 1.95, "T14_C": 1.85, "T180_C": 1.92, "T181_C": 1.88}
[2025-08-23 21:28:51] Palma vs Vigo - C Values: {"T1_C": 10, "T2_C": 4, "T3_C": 1.41, "T4_C": 2.905, "T5_C": 1.264, "T6_C": 1.064, "T7_C": 1.785, "T8_C": 2.025, "T9_C": 1.656, "T10_C": 2.23, "T11_C": 1.885, "T12_C": 1.915, "T13_C": 1.95, "T14_C": 1.85, "T180_C": 1.885, "T181_C": 1.915}
[2025-08-23 21:29:33] Palma vs Vigo - C Values: {"T1_C": 11, "T2_C": 4.2, "T3_C": 1.38, "T4_C": 3.056, "T5_C": 1.245, "T6_C": 1.06, "T7_C": 1.808, "T8_C": 2, "T9_C": 1.656, "T10_C": 2.23, "T11_C": 1.885, "T12_C": 1.915, "T13_C": 1.95, "T14_C": 1.85, "T180_C": 1.885, "T181_C": 1.915}
[2025-08-23 21:30:18] Palma vs Vigo - C Values: {"T1_C": 11, "T2_C": 4.2, "T3_C": 1.38, "T4_C": 3.056, "T5_C": 1.245, "T6_C": 1.06, "T7_C": 1.808, "T8_C": 2, "T9_C": 1.656, "T10_C": 2.23, "T11_C": 1.92, "T12_C": 1.88, "T13_C": 1.95, "T14_C": 1.85, "T180_C": 1.92, "T181_C": 1.88}
[2025-08-23 21:35:50] Palma vs Vigo - C Values: {"T1_C": 11, "T2_C": 4.2, "T3_C": 1.38, "T4_C": 3.056, "T5_C": 1.245, "T6_C": 1.06, "T7_C": 1.808, "T8_C": 2, "T9_C": 1.656, "T10_C": 2.23, "T11_C": 1.885, "T12_C": 1.915, "T13_C": 1.95, "T14_C": 1.85, "T180_C": 1.885, "T181_C": 1.915}
[2025-08-23 21:35:55] Palma vs Vigo - C Values: {"T1_C": 10, "T2_C": 4, "T3_C": 1.41, "T4_C": 2.905, "T5_C": 1.264, "T6_C": 1.064, "T7_C": 1.808, "T8_C": 2, "T9_C": 1.63, "T10_C": 2.28, "T11_C": 1.885, "T12_C": 1.915, "T13_C": 1.864, "T14_C": 1.936, "T180_C": 1.885, "T181_C": 1.915}
[2025-08-23 21:36:10] Palma vs Vigo - C Values: {"T1_C": 11, "T2_C": 4.2, "T3_C": 1.38, "T4_C": 3.056, "T5_C": 1.245, "T6_C": 1.06, "T7_C": 1.808, "T8_C": 2, "T9_C": 1.656, "T10_C": 2.23, "T11_C": 1.885, "T12_C": 1.915, "T13_C": 1.95, "T14_C": 1.85, "T180_C": 1.885, "T181_C": 1.915}
[2025-08-23 21:36:35] Palma vs Vigo - C Values: {"T1_C": 11, "T2_C": 4.2, "T3_C": 1.38, "T4_C": 3.056, "T5_C": 1.245, "T6_C": 1.06, "T7_C": 1.808, "T8_C": 2, "T9_C": 1.67, "T10_C": 2.205, "T11_C": 1.94, "T12_C": 1.86, "T13_C": 1.95, "T14_C": 1.85, "T180_C": 1.94, "T181_C": 1.86}
[2025-08-23 21:36:55] Palma vs Vigo - C Values: {"T1_C": 10.5, "T2_C": 4.2, "T3_C": 1.38, "T4_C": 3.048, "T5_C": 1.245, "T6_C": 1.06, "T7_C": 1.78, "T8_C": 2.04, "T9_C": 1.67, "T10_C": 2.205, "T11_C": 1.885, "T12_C": 1.915, "T13_C": 1.95, "T14_C": 1.85, "T180_C": 1.885, "T181_C": 1.915}
[2025-08-23 21:37:39] Palma vs Vigo - C Values: {"T1_C": 10.5, "T2_C": 4.2, "T3_C": 1.38, "T4_C": 3.048, "T5_C": 1.245, "T6_C": 1.06, "T7_C": 1.78, "T8_C": 2.04, "T9_C": 1.685, "T10_C": 2.175, "T11_C": 1.94, "T12_C": 1.86, "T13_C": 1.95, "T14_C": 1.85, "T180_C": 1.94, "T181_C": 1.86}
[2025-08-23 21:37:45] Palma vs Vigo - C Values: {"T1_C": 9.4, "T2_C": 3.76, "T3_C": 1.464, "T4_C": 2.705, "T5_C": 1.29, "T6_C": 1.075, "T7_C": 1.69, "T8_C": 2.168, "T9_C": 1.63, "T10_C": 2.28, "T11_C": 1.81, "T12_C": 2, "T13_C": 1.95, "T14_C": 1.85, "T180_C": 1.81, "T181_C": 2}
[2025-08-23 21:37:52] Palma vs Vigo - C Values: {"T1_C": 9.4, "T2_C": 3.76, "T3_C": 1.464, "T4_C": 2.705, "T5_C": 1.29, "T6_C": 1.075, "T7_C": 1.69, "T8_C": 2.168, "T9_C": 1.656, "T10_C": 2.23, "T11_C": 1.81, "T12_C": 2, "T13_C": 1.95, "T14_C": 1.85, "T180_C": 1.81, "T181_C": 2}
[2025-08-23 21:38:05] Palma vs Vigo - C Values: {"T1_C": 9.4, "T2_C": 3.76, "T3_C": 1.464, "T4_C": 2.705, "T5_C": 1.29, "T6_C": 1.075, "T7_C": 1.69, "T8_C": 2.168, "T9_C": 1.656, "T10_C": 2.23, "T11_C": 1.81, "T12_C": 2, "T13_C": 2.045, "T14_C": 1.775, "T180_C": 1.81, "T181_C": 2}
[2025-08-23 21:38:24] Palma vs Vigo - C Values: {"T1_C": 10.5, "T2_C": 4.2, "T3_C": 1.38, "T4_C": 3.048, "T5_C": 1.245, "T6_C": 1.06, "T7_C": 1.78, "T8_C": 2.04, "T9_C": 1.72, "T10_C": 2.12, "T11_C": 1.94, "T12_C": 1.86, "T13_C": 2.045, "T14_C": 1.775, "T180_C": 1.94, "T181_C": 1.86}
[2025-08-23 21:38:31] Palma vs Vigo - C Values: {"T1_C": 11.5, "T2_C": 4.12, "T3_C": 1.38, "T4_C": 3.05, "T5_C": 1.255, "T6_C": 1.056, "T7_C": 1.78, "T8_C": 2.04, "T9_C": 1.736, "T10_C": 2.1, "T11_C": 1.94, "T12_C": 1.86, "T13_C": 2.045, "T14_C": 1.775, "T180_C": 1.94, "T181_C": 1.86}
[2025-08-23 21:38:44] Palma vs Vigo - C Values: {"T1_C": 11.5, "T2_C": 4.12, "T3_C": 1.38, "T4_C": 3.05, "T5_C": 1.255, "T6_C": 1.056, "T7_C": 1.78, "T8_C": 2.04, "T9_C": 1.752, "T10_C": 2.075, "T11_C": 1.94, "T12_C": 1.86, "T13_C": 2.045, "T14_C": 1.775, "T180_C": 1.94, "T181_C": 1.86}
[2025-08-23 21:38:50] Palma vs Vigo - C Values: {"T1_C": 10.5, "T2_C": 4.2, "T3_C": 1.38, "T4_C": 3.048, "T5_C": 1.245, "T6_C": 1.06, "T7_C": 1.76, "T8_C": 2.064, "T9_C": 1.752, "T10_C": 2.075, "T11_C": 1.94, "T12_C": 1.86, "T13_C": 2.045, "T14_C": 1.775, "T180_C": 1.94, "T181_C": 1.86}
[2025-08-23 21:38:57] Palma vs Vigo - C Values: {"T1_C": 11.5, "T2_C": 4.12, "T3_C": 1.38, "T4_C": 3.05, "T5_C": 1.255, "T6_C": 1.056, "T7_C": 1.76, "T8_C": 2.064, "T9_C": 1.775, "T10_C": 2.048, "T11_C": 1.94, "T12_C": 1.86, "T13_C": 2.045, "T14_C": 1.775, "T180_C": 1.94, "T181_C": 1.86}
[2025-08-23 21:39:25] Palma vs Vigo - C Values: {"T1_C": 11.5, "T2_C": 4.12, "T3_C": 1.38, "T4_C": 3.05, "T5_C": 1.255, "T6_C": 1.056, "T7_C": 1.76, "T8_C": 2.064, "T9_C": 1.79, "T10_C": 2.02, "T11_C": 1.992, "T12_C": 1.816, "T13_C": 2.136, "T14_C": 1.71, "T180_C": 1.992, "T181_C": 1.816}
[2025-08-23 21:40:03] Palma vs Vigo - C Values: {"T1_C": 11.5, "T2_C": 4.12, "T3_C": 1.38, "T4_C": 3.05, "T5_C": 1.255, "T6_C": 1.056, "T7_C": 1.76, "T8_C": 2.064, "T9_C": 1.816, "T10_C": 1.99, "T11_C": 1.992, "T12_C": 1.816, "T13_C": 2.136, "T14_C": 1.71, "T180_C": 1.992, "T181_C": 1.816}
[2025-08-23 21:40:23] Palma vs Vigo - C Values: {"T1_C": 11.5, "T2_C": 4.12, "T3_C": 1.38, "T4_C": 3.05, "T5_C": 1.255, "T6_C": 1.056, "T7_C": 1.76, "T8_C": 2.064, "T9_C": 1.84, "T10_C": 1.965, "T11_C": 1.992, "T12_C": 1.816, "T13_C": 2.136, "T14_C": 1.71, "T180_C": 1.992, "T181_C": 1.816}
[2025-08-23 21:40:37] Palma vs Vigo - C Values: {"T1_C": 11.5, "T2_C": 4.12, "T3_C": 1.38, "T4_C": 3.05, "T5_C": 1.255, "T6_C": 1.056, "T7_C": 1.74, "T8_C": 2.096, "T9_C": 1.84, "T10_C": 1.965, "T11_C": 1.992, "T12_C": 1.816, "T13_C": 2.136, "T14_C": 1.71, "T180_C": 1.992, "T181_C": 1.816}
[2025-08-23 21:41:03] Palma vs Vigo - C Values: {"T1_C": 10, "T2_C": 4, "T3_C": 1.416, "T4_C": 2.9, "T5_C": 1.264, "T6_C": 1.065, "T7_C": 1.71, "T8_C": 2.14, "T9_C": 1.84, "T10_C": 1.965, "T11_C": 1.992, "T12_C": 1.816, "T13_C": 2.136, "T14_C": 1.71, "T180_C": 1.992, "T181_C": 1.816}
[2025-08-23 21:41:17] Palma vs Vigo - C Values: {"T1_C": 10.5, "T2_C": 4.2, "T3_C": 1.38, "T4_C": 3.048, "T5_C": 1.245, "T6_C": 1.06, "T7_C": 1.71, "T8_C": 2.14, "T9_C": 1.864, "T10_C": 1.936, "T11_C": 1.992, "T12_C": 1.816, "T13_C": 2.2, "T14_C": 1.67, "T180_C": 1.992, "T181_C": 1.816}
[2025-08-23 21:41:24] Palma vs Vigo - C Values: {"T1_C": 11.5, "T2_C": 4.12, "T3_C": 1.38, "T4_C": 3.05, "T5_C": 1.255, "T6_C": 1.056, "T7_C": 1.71, "T8_C": 2.14, "T9_C": 1.864, "T10_C": 1.936, "T11_C": 1.992, "T12_C": 1.816, "T13_C": 2.2, "T14_C": 1.67, "T180_C": 1.992, "T181_C": 1.816}
[2025-08-23 21:41:31] Palma vs Vigo - C Values: {"T1_C": 10.5, "T2_C": 3.9, "T3_C": 1.42, "T4_C": 2.875, "T5_C": 1.275, "T6_C": 1.064, "T7_C": 1.67, "T8_C": 2.2, "T9_C": 1.79, "T10_C": 2.02, "T11_C": 1.94, "T12_C": 1.86, "T13_C": 2.136, "T14_C": 1.71, "T180_C": 1.94, "T181_C": 1.86}
[2025-08-23 21:41:38] Palma vs Vigo - C Values: {"T1_C": 10.5, "T2_C": 3.9, "T3_C": 1.42, "T4_C": 2.875, "T5_C": 1.275, "T6_C": 1.064, "T7_C": 1.67, "T8_C": 2.2, "T9_C": 1.79, "T10_C": 2.02, "T11_C": 1.94, "T12_C": 1.86, "T13_C": 2.2, "T14_C": 1.67, "T180_C": 1.94, "T181_C": 1.86}
[2025-08-23 21:41:44] Palma vs Vigo - C Values: {"T1_C": 10.5, "T2_C": 3.9, "T3_C": 1.42, "T4_C": 2.875, "T5_C": 1.275, "T6_C": 1.064, "T7_C": 1.67, "T8_C": 2.2, "T9_C": 1.816, "T10_C": 1.99, "T11_C": 1.94, "T12_C": 1.86, "T13_C": 2.2, "T14_C": 1.67, "T180_C": 1.94, "T181_C": 1.86}
[2025-08-23 21:42:12] Palma vs Vigo - C Values: {"T1_C": 10, "T2_C": 4, "T3_C": 1.416, "T4_C": 2.9, "T5_C": 1.264, "T6_C": 1.065, "T7_C": 1.69, "T8_C": 2.168, "T9_C": 1.896, "T10_C": 1.904, "T11_C": 1.992, "T12_C": 1.816, "T13_C": 2.2, "T14_C": 1.67, "T180_C": 1.992, "T181_C": 1.816}
[2025-08-23 21:42:27] Palma vs Vigo - C Values: {"T1_C": 11.5, "T2_C": 4.12, "T3_C": 1.38, "T4_C": 3.05, "T5_C": 1.255, "T6_C": 1.056, "T7_C": 1.71, "T8_C": 2.14, "T9_C": 1.925, "T10_C": 1.875, "T11_C": 1.992, "T12_C": 1.816, "T13_C": 2.2, "T14_C": 1.67, "T180_C": 1.992, "T181_C": 1.816}
[2025-08-23 21:42:53] Palma vs Vigo - C Values: {"T1_C": 11.5, "T2_C": 4.12, "T3_C": 1.38, "T4_C": 3.05, "T5_C": 1.255, "T6_C": 1.056, "T7_C": 1.71, "T8_C": 2.14, "T9_C": 1.955, "T10_C": 1.848, "T11_C": 2.045, "T12_C": 1.775, "T13_C": 2.2, "T14_C": 1.67, "T180_C": 2.045, "T181_C": 1.775}
[2025-08-23 21:43:24] Palma vs Vigo - C Values: {"T1_C": 11.5, "T2_C": 4.12, "T3_C": 1.38, "T4_C": 3.05, "T5_C": 1.255, "T6_C": 1.056, "T7_C": 1.74, "T8_C": 2.096, "T9_C": 1.99, "T10_C": 1.82, "T11_C": 2.045, "T12_C": 1.775, "T13_C": 2.2, "T14_C": 1.67, "T180_C": 2.045, "T181_C": 1.775}
[2025-08-23 21:43:31] Palma vs Vigo - C Values: {"T1_C": 12, "T2_C": 4.04, "T3_C": 1.38, "T4_C": 3.055, "T5_C": 1.26, "T6_C": 1.05, "T7_C": 1.78, "T8_C": 2.04, "T9_C": 1.955, "T10_C": 1.848, "T11_C": 2.045, "T12_C": 1.775, "T13_C": 2.2, "T14_C": 1.67, "T180_C": 2.045, "T181_C": 1.775}
[2025-08-23 21:43:43] Palma vs Vigo - C Values: {"T1_C": 13, "T2_C": 4.26, "T3_C": 1.344, "T4_C": 3.232, "T5_C": 1.24, "T6_C": 1.045, "T7_C": 1.78, "T8_C": 2.04, "T9_C": 1.955, "T10_C": 1.848, "T11_C": 2.045, "T12_C": 1.775, "T13_C": 2.2, "T14_C": 1.67, "T180_C": 2.045, "T181_C": 1.775}
[2025-08-23 21:43:56] Palma vs Vigo - C Values: {"T1_C": 12, "T2_C": 4.04, "T3_C": 1.38, "T4_C": 3.055, "T5_C": 1.26, "T6_C": 1.05, "T7_C": 1.74, "T8_C": 2.096, "T9_C": 2.02, "T10_C": 1.79, "T11_C": 2.045, "T12_C": 1.775, "T13_C": 2.2, "T14_C": 1.67, "T180_C": 2.045, "T181_C": 1.775}
[2025-08-23 21:44:21] Palma vs Vigo - C Values: {"T1_C": 13, "T2_C": 4.26, "T3_C": 1.344, "T4_C": 3.232, "T5_C": 1.24, "T6_C": 1.045, "T7_C": 1.76, "T8_C": 2.064, "T9_C": 2.02, "T10_C": 1.79, "T11_C": 2.136, "T12_C": 1.71, "T13_C": 2.2, "T14_C": 1.67, "T180_C": 2.136, "T181_C": 1.71}
[2025-08-23 21:44:28] Palma vs Vigo - C Values: {"T1_C": 13, "T2_C": 4.26, "T3_C": 1.344, "T4_C": 3.232, "T5_C": 1.24, "T6_C": 1.045, "T7_C": 1.76, "T8_C": 2.064, "T9_C": 2.06, "T10_C": 1.765, "T11_C": 2.136, "T12_C": 1.71, "T13_C": 2.2, "T14_C": 1.67, "T180_C": 2.136, "T181_C": 1.71}
[2025-08-23 21:44:47] Palma vs Vigo - C Values: {"T1_C": 12, "T2_C": 4.04, "T3_C": 1.38, "T4_C": 3.055, "T5_C": 1.26, "T6_C": 1.05, "T7_C": 1.74, "T8_C": 2.096, "T9_C": 2.06, "T10_C": 1.765, "T11_C": 2.136, "T12_C": 1.71, "T13_C": 2.305, "T14_C": 1.616, "T180_C": 2.136, "T181_C": 1.71}
[2025-08-23 21:44:59] Palma vs Vigo - C Values: {"T1_C": 13, "T2_C": 4.26, "T3_C": 1.344, "T4_C": 3.232, "T5_C": 1.24, "T6_C": 1.045, "T7_C": 1.74, "T8_C": 2.096, "T9_C": 2.1, "T10_C": 1.736, "T11_C": 2.136, "T12_C": 1.71, "T13_C": 2.305, "T14_C": 1.616, "T180_C": 2.136, "T181_C": 1.71}
[2025-08-23 21:45:33] Palma vs Vigo - C Values: {"T1_C": 13, "T2_C": 4.26, "T3_C": 1.344, "T4_C": 3.232, "T5_C": 1.24, "T6_C": 1.045, "T7_C": 1.74, "T8_C": 2.096, "T9_C": 2.144, "T10_C": 1.704, "T11_C": 2.136, "T12_C": 1.71, "T13_C": 2.305, "T14_C": 1.616, "T180_C": 2.136, "T181_C": 1.71}
[2025-08-23 21:45:36] Palma vs Vigo - C Values: {"T1_C": 13, "T2_C": 4.26, "T3_C": 1.344, "T4_C": 3.232, "T5_C": 1.24, "T6_C": 1.045, "T7_C": 1.74, "T8_C": 2.096, "T9_C": 2.192, "T10_C": 1.675, "T11_C": 2.136, "T12_C": 1.71, "T13_C": 2.305, "T14_C": 1.616, "T180_C": 2.136, "T181_C": 1.71}
[2025-08-23 21:46:19] Palma vs Vigo - C Values: {"T1_C": 13, "T2_C": 4.26, "T3_C": 1.344, "T4_C": 3.232, "T5_C": 1.24, "T6_C": 1.045, "T7_C": 1.74, "T8_C": 2.096, "T9_C": 2.24, "T10_C": 1.65, "T11_C": 2.136, "T12_C": 1.71, "T13_C": 2.41, "T14_C": 1.568, "T180_C": 2.136, "T181_C": 1.71}
[2025-08-23 21:46:47] Palma vs Vigo - C Values: {"T1_C": 14, "T2_C": 4.3, "T3_C": 1.33, "T4_C": 3.304, "T5_C": 1.235, "T6_C": 1.04, "T7_C": 1.76, "T8_C": 2.064, "T9_C": 2.296, "T10_C": 1.62, "T11_C": 2.2, "T12_C": 1.67, "T13_C": 2.41, "T14_C": 1.568, "T180_C": 2.2, "T181_C": 1.67}
[2025-08-23 21:47:36] Palma vs Vigo - C Values: {"T1_C": 14, "T2_C": 4.3, "T3_C": 1.33, "T4_C": 3.304, "T5_C": 1.235, "T6_C": 1.04, "T7_C": 1.76, "T8_C": 2.064, "T9_C": 2.352, "T10_C": 1.592, "T11_C": 2.2, "T12_C": 1.67, "T13_C": 2.41, "T14_C": 1.568, "T180_C": 2.2, "T181_C": 1.67}
[2025-08-23 21:48:09] Palma vs Vigo - C Values: {"T1_C": 14, "T2_C": 4.3, "T3_C": 1.33, "T4_C": 3.304, "T5_C": 1.235, "T6_C": 1.04, "T7_C": 1.74, "T8_C": 2.096, "T9_C": 2.352, "T10_C": 1.592, "T11_C": 2.2, "T12_C": 1.67, "T13_C": 2.41, "T14_C": 1.568, "T180_C": 2.2, "T181_C": 1.67}
[2025-08-23 21:48:14] Palma vs Vigo - C Values: {"T1_C": 14, "T2_C": 4.3, "T3_C": 1.33, "T4_C": 3.304, "T5_C": 1.235, "T6_C": 1.04, "T7_C": 1.76, "T8_C": 2.064, "T9_C": 2.352, "T10_C": 1.592, "T11_C": 2.305, "T12_C": 1.616, "T13_C": 2.41, "T14_C": 1.568, "T180_C": 2.305, "T181_C": 1.616}
[2025-08-23 21:48:27] Palma vs Vigo - C Values: {"T1_C": 14.5, "T2_C": 4.52, "T3_C": 1.31, "T4_C": 3.464, "T5_C": 1.22, "T6_C": 1.035, "T7_C": 1.76, "T8_C": 2.064, "T9_C": 2.42, "T10_C": 1.565, "T11_C": 2.305, "T12_C": 1.616, "T13_C": 2.41, "T14_C": 1.568, "T180_C": 2.305, "T181_C": 1.616}
[2025-08-23 21:49:06] Palma vs Vigo - C Values: {"T1_C": 14.5, "T2_C": 4.52, "T3_C": 1.31, "T4_C": 3.464, "T5_C": 1.22, "T6_C": 1.035, "T7_C": 1.76, "T8_C": 2.064, "T9_C": 1.58, "T10_C": 2.384, "T11_C": 2.305, "T12_C": 1.616, "T13_C": 2.55, "T14_C": 1.512, "T180_C": 2.305, "T181_C": 1.616}
[2025-08-23 21:49:56] Palma vs Vigo - C Values: {"T1_C": 16, "T2_C": 4.4, "T3_C": 1.31, "T4_C": 3.47, "T5_C": 1.23, "T6_C": 1.03, "T7_C": 1.76, "T8_C": 2.064, "T9_C": 1.58, "T10_C": 2.384, "T11_C": 2.41, "T12_C": 1.568, "T13_C": 2.55, "T14_C": 1.512, "T180_C": 2.41, "T181_C": 1.568}
[2025-08-23 21:51:03] Palma vs Vigo - C Values: {"T1_C": 16, "T2_C": 4.4, "T3_C": 1.31, "T4_C": 3.47, "T5_C": 1.23, "T6_C": 1.03, "T7_C": 1.74, "T8_C": 2.096, "T9_C": 1.63, "T10_C": 2.28, "T11_C": 2.41, "T12_C": 1.568, "T13_C": 2.55, "T14_C": 1.512, "T180_C": 2.41, "T181_C": 1.568}
[2025-08-23 21:51:34] Palma vs Vigo - C Values: {"T1_C": 16, "T2_C": 4.4, "T3_C": 1.31, "T4_C": 3.47, "T5_C": 1.23, "T6_C": 1.03, "T7_C": 1.74, "T8_C": 2.096, "T9_C": 1.63, "T10_C": 2.28, "T11_C": 2.41, "T12_C": 1.568, "T13_C": 2.68, "T14_C": 1.47, "T180_C": 2.41, "T181_C": 1.568}
[2025-08-23 21:52:34] Palma vs Vigo - C Values: {"T1_C": 16, "T2_C": 4.54, "T3_C": 1.29, "T4_C": 3.58, "T5_C": 1.22, "T6_C": 1.03, "T7_C": 1.78, "T8_C": 2.04, "T9_C": 1.63, "T10_C": 2.28, "T11_C": 2.41, "T12_C": 1.568, "T13_C": 2.55, "T14_C": 1.512, "T180_C": 2.41, "T181_C": 1.568}
[2025-08-23 21:52:41] Palma vs Vigo - C Values: {"T1_C": 17, "T2_C": 4.48, "T3_C": 1.29, "T4_C": 3.6, "T5_C": 1.225, "T6_C": 1.025, "T7_C": 1.78, "T8_C": 2.04, "T9_C": 1.685, "T10_C": 2.175, "T11_C": 2.55, "T12_C": 1.512, "T13_C": 2.68, "T14_C": 1.47, "T180_C": 2.55, "T181_C": 1.512}
[2025-08-23 21:52:48] Palma vs Vigo - C Values: {"T1_C": 16, "T2_C": 4.54, "T3_C": 1.29, "T4_C": 3.58, "T5_C": 1.22, "T6_C": 1.03, "T7_C": 1.76, "T8_C": 2.064, "T9_C": 1.685, "T10_C": 2.175, "T11_C": 2.55, "T12_C": 1.512, "T13_C": 2.68, "T14_C": 1.47, "T180_C": 2.55, "T181_C": 1.512}
[2025-08-23 21:53:09] Palma vs Vigo - C Values: {"T1_C": 18, "T2_C": 4.44, "T3_C": 1.29, "T4_C": 3.58, "T5_C": 1.225, "T6_C": 1.025, "T7_C": 1.76, "T8_C": 2.064, "T9_C": 1.685, "T10_C": 2.175, "T11_C": 2.55, "T12_C": 1.512, "T13_C": 2.68, "T14_C": 1.47, "T180_C": 2.55, "T181_C": 1.512}
[2025-08-23 21:53:41] Palma vs Vigo - C Values: {"T1_C": 17, "T2_C": 4.48, "T3_C": 1.29, "T4_C": 3.6, "T5_C": 1.225, "T6_C": 1.025, "T7_C": 1.78, "T8_C": 2.04, "T9_C": 1.685, "T10_C": 2.175, "T11_C": 2.55, "T12_C": 1.512, "T13_C": 2.68, "T14_C": 1.47, "T180_C": 2.55, "T181_C": 1.512}
[2025-08-23 21:53:48] Palma vs Vigo - C Values: {"T1_C": 18, "T2_C": 4.44, "T3_C": 1.29, "T4_C": 3.58, "T5_C": 1.225, "T6_C": 1.025, "T7_C": 1.76, "T8_C": 2.064, "T9_C": 1.685, "T10_C": 2.175, "T11_C": 2.55, "T12_C": 1.512, "T13_C": 2.68, "T14_C": 1.47, "T180_C": 2.55, "T181_C": 1.512}
[2025-08-23 21:54:18] Palma vs Vigo - C Values: {"T1_C": 19, "T2_C": 4.36, "T3_C": 1.296, "T4_C": 3.59, "T5_C": 1.232, "T6_C": 1.02, "T7_C": 1.76, "T8_C": 2.064, "T9_C": 1.752, "T10_C": 2.075, "T11_C": 2.68, "T12_C": 1.47, "T13_C": 2.89, "T14_C": 1.416, "T180_C": 2.68, "T181_C": 1.47}
[2025-08-23 21:54:59] Palma vs Vigo - C Values: {"T1_C": 21, "T2_C": 4.78, "T3_C": 1.255, "T4_C": 3.93, "T5_C": 1.205, "T6_C": 1.016, "T7_C": 1.76, "T8_C": 2.064, "T9_C": 1.752, "T10_C": 2.075, "T11_C": 2.68, "T12_C": 1.47, "T13_C": 2.89, "T14_C": 1.416, "T180_C": 2.68, "T181_C": 1.47}
[2025-08-23 21:55:31] Palma vs Vigo - C Values: {"T1_C": 19, "T2_C": 4.36, "T3_C": 1.296, "T4_C": 3.59, "T5_C": 1.232, "T6_C": 1.02, "T7_C": 1.74, "T8_C": 2.096, "T9_C": 1.752, "T10_C": 2.075, "T11_C": 2.68, "T12_C": 1.47, "T13_C": 2.89, "T14_C": 1.416, "T180_C": 2.68, "T181_C": 1.47}
[2025-08-23 21:55:44] Palma vs Vigo - C Values: {"T1_C": 19, "T2_C": 4.36, "T3_C": 1.296, "T4_C": 3.59, "T5_C": 1.232, "T6_C": 1.02, "T7_C": 1.74, "T8_C": 2.096, "T9_C": 1.752, "T10_C": 2.075, "T11_C": 2.68, "T12_C": 1.47, "T13_C": 3.105, "T14_C": 1.37, "T180_C": 2.68, "T181_C": 1.47}
[2025-08-23 21:56:03] Palma vs Vigo - C Values: {"T1_C": 21, "T2_C": 4.8, "T3_C": 1.25, "T4_C": 3.93, "T5_C": 1.2, "T6_C": 1.016, "T7_C": 1.76, "T8_C": 2.064, "T9_C": 1.752, "T10_C": 2.075, "T11_C": 2.68, "T12_C": 1.47, "T13_C": 3.105, "T14_C": 1.37, "T180_C": 2.68, "T181_C": 1.47}
[2025-08-23 21:56:22] Palma vs Vigo - C Values: {"T1_C": 22, "T2_C": 4.74, "T3_C": 1.255, "T4_C": 3.93, "T5_C": 1.208, "T6_C": 1.015, "T7_C": 1.76, "T8_C": 2.064, "T9_C": 1.752, "T10_C": 2.075, "T11_C": 2.68, "T12_C": 1.47, "T13_C": 3.105, "T14_C": 1.37, "T180_C": 2.68, "T181_C": 1.47}
[2025-08-23 21:56:52] Palma vs Vigo - C Values: {"T1_C": 22, "T2_C": 4.74, "T3_C": 1.255, "T4_C": 3.93, "T5_C": 1.208, "T6_C": 1.015, "T7_C": 1.78, "T8_C": 2.04, "T9_C": 1.752, "T10_C": 2.075, "T11_C": 2.89, "T12_C": 1.416, "T13_C": 3.105, "T14_C": 1.37, "T180_C": 2.89, "T181_C": 1.416}
[2025-08-23 21:57:06] Palma vs Vigo - C Values: {"T1_C": 22, "T2_C": 4.74, "T3_C": 1.255, "T4_C": 3.93, "T5_C": 1.208, "T6_C": 1.015, "T7_C": 1.78, "T8_C": 2.04, "T9_C": 1.83, "T10_C": 1.975, "T11_C": 2.89, "T12_C": 1.416, "T13_C": 3.105, "T14_C": 1.37, "T180_C": 2.89, "T181_C": 1.416}
[2025-08-23 21:57:18] Palma vs Vigo - C Values: {"T1_C": 25, "T2_C": 4.5, "T3_C": 1.256, "T4_C": 3.84, "T5_C": 1.225, "T6_C": 1.01, "T7_C": 1.78, "T8_C": 2.04, "T9_C": 1.83, "T10_C": 1.975, "T11_C": 2.89, "T12_C": 1.416, "T13_C": 3.105, "T14_C": 1.37, "T180_C": 2.89, "T181_C": 1.416}
[2025-08-23 21:57:24] Palma vs Vigo - C Values: {"T1_C": 22, "T2_C": 4.74, "T3_C": 1.255, "T4_C": 3.93, "T5_C": 1.208, "T6_C": 1.015, "T7_C": 1.76, "T8_C": 2.064, "T9_C": 1.83, "T10_C": 1.975, "T11_C": 2.89, "T12_C": 1.416, "T13_C": 3.105, "T14_C": 1.37, "T180_C": 2.89, "T181_C": 1.416}
[2025-08-23 21:58:11] Palma vs Vigo - C Values: {"T1_C": 25, "T2_C": 4.5, "T3_C": 1.256, "T4_C": 3.84, "T5_C": 1.225, "T6_C": 1.01, "T7_C": 1.76, "T8_C": 2.064, "T9_C": 1.83, "T10_C": 1.975, "T11_C": 2.89, "T12_C": 1.416, "T13_C": 3.26, "T14_C": 1.34, "T180_C": 2.89, "T181_C": 1.416}
[2025-08-23 21:58:51] Palma vs Vigo - C Values: {"T1_C": 25, "T2_C": 4.5, "T3_C": 1.256, "T4_C": 3.84, "T5_C": 1.225, "T6_C": 1.01, "T7_C": 1.78, "T8_C": 2.04, "T9_C": 1.83, "T10_C": 1.975, "T11_C": 3.105, "T12_C": 1.37, "T13_C": 3.26, "T14_C": 1.34, "T180_C": 3.105, "T181_C": 1.37}
[2025-08-23 21:59:17] Palma vs Vigo - C Values: {"T1_C": 25, "T2_C": 4.5, "T3_C": 1.256, "T4_C": 3.84, "T5_C": 1.225, "T6_C": 1.01, "T7_C": 1.76, "T8_C": 2.064, "T9_C": 1.83, "T10_C": 1.975, "T11_C": 2.89, "T12_C": 1.416, "T13_C": 3.26, "T14_C": 1.34, "T180_C": 2.89, "T181_C": 1.416}
[2025-08-23 21:59:24] Palma vs Vigo - C Values: {"T1_C": 27, "T2_C": 4.5, "T3_C": 1.255, "T4_C": 3.88, "T5_C": 1.225, "T6_C": 1.008, "T7_C": 1.76, "T8_C": 2.064, "T9_C": 1.955, "T10_C": 1.848, "T11_C": 3.105, "T12_C": 1.37, "T13_C": 3.36, "T14_C": 1.325, "T180_C": 3.105, "T181_C": 1.37}
[2025-08-23 21:59:32] Palma vs Vigo - C Values: {"T1_C": 25, "T2_C": 4.33, "T3_C": 1.256, "T4_C": 3.75, "T5_C": 1.235, "T6_C": 1.015, "T7_C": 1.71, "T8_C": 2.14, "T9_C": 1.83, "T10_C": 1.975, "T11_C": 2.89, "T12_C": 1.416, "T13_C": 3.36, "T14_C": 1.325, "T180_C": 2.89, "T181_C": 1.416}
[2025-08-23 21:59:38] Palma vs Vigo - C Values: {"T1_C": 27, "T2_C": 4.5, "T3_C": 1.255, "T4_C": 3.88, "T5_C": 1.225, "T6_C": 1.008, "T7_C": 1.71, "T8_C": 2.14, "T9_C": 1.955, "T10_C": 1.848, "T11_C": 3.105, "T12_C": 1.37, "T13_C": 3.36, "T14_C": 1.325, "T180_C": 3.105, "T181_C": 1.37}
[2025-08-23 21:59:51] Palma vs Vigo - C Values: {"T1_C": 27, "T2_C": 4.5, "T3_C": 1.225, "T4_C": 3.96, "T5_C": 1.22, "T6_C": 1.01, "T7_C": 1.74, "T8_C": 2.096, "T9_C": 1.955, "T10_C": 1.848, "T11_C": 3.105, "T12_C": 1.37, "T13_C": 3.36, "T14_C": 1.325, "T180_C": 3.105, "T181_C": 1.37}
[2025-08-23 22:00:22] Palma vs Vigo - C Values: {"T1_C": 27, "T2_C": 4.5, "T3_C": 1.255, "T4_C": 3.88, "T5_C": 1.225, "T6_C": 1.008, "T7_C": 1.71, "T8_C": 2.14, "T9_C": 1.955, "T10_C": 1.848, "T11_C": 3.105, "T12_C": 1.37, "T13_C": 3.6, "T14_C": 1.29, "T180_C": 3.105, "T181_C": 1.37}
[2025-08-23 22:00:45] Palma vs Vigo - C Values: {"T1_C": 27, "T2_C": 4.5, "T3_C": 1.225, "T4_C": 3.96, "T5_C": 1.22, "T6_C": 1.01, "T7_C": 1.74, "T8_C": 2.096, "T9_C": 1.955, "T10_C": 1.848, "T11_C": 3.105, "T12_C": 1.37, "T13_C": 3.36, "T14_C": 1.325, "T180_C": 3.105, "T181_C": 1.37}
[2025-08-23 22:00:58] Palma vs Vigo - C Values: {"T1_C": 29, "T2_C": 4.5, "T3_C": 1.22, "T4_C": 3.99, "T5_C": 1.22, "T6_C": 1.008, "T7_C": 1.784, "T8_C": 2.03, "T9_C": 2.07, "T10_C": 1.752, "T11_C": 3.264, "T12_C": 1.34, "T13_C": 3.52, "T14_C": 1.3, "T180_C": 3.264, "T181_C": 1.34}
[2025-08-23 22:01:03] Palma vs Vigo - C Values: {"T1_C": 27, "T2_C": 4.5, "T3_C": 1.225, "T4_C": 3.96, "T5_C": 1.22, "T6_C": 1.01, "T7_C": 1.74, "T8_C": 2.096, "T9_C": 1.955, "T10_C": 1.848, "T11_C": 3.105, "T12_C": 1.37, "T13_C": 3.36, "T14_C": 1.325, "T180_C": 3.105, "T181_C": 1.37}
[2025-08-23 22:01:09] Palma vs Vigo - C Values: {"T1_C": 27, "T2_C": 4.5, "T3_C": 1.225, "T4_C": 3.96, "T5_C": 1.22, "T6_C": 1.01, "T7_C": 1.74, "T8_C": 2.096, "T9_C": 2.056, "T10_C": 1.765, "T11_C": 3.26, "T12_C": 1.34, "T13_C": 3.6, "T14_C": 1.29, "T180_C": 3.26, "T181_C": 1.34}
[2025-08-23 22:01:23] Palma vs Vigo - C Values: {"T1_C": 32, "T2_C": 4.5, "T3_C": 1.225, "T4_C": 4.02, "T5_C": 1.225, "T6_C": 1.004, "T7_C": 1.74, "T8_C": 2.096, "T9_C": 2.056, "T10_C": 1.765, "T11_C": 3.26, "T12_C": 1.34, "T13_C": 3.6, "T14_C": 1.29, "T180_C": 3.26, "T181_C": 1.34}
[2025-08-23 22:01:45] Palma vs Vigo - C Values: {"T1_C": 32, "T2_C": 4.5, "T3_C": 1.225, "T4_C": 4.02, "T5_C": 1.225, "T6_C": 1.004, "T7_C": 1.74, "T8_C": 2.096, "T9_C": 2.056, "T10_C": 1.765, "T11_C": 3.26, "T12_C": 1.34, "T13_C": 3.6, "T14_C": 1.29, "T180_C": 3.26, "T181_C": 1.34}
[2025-08-23 22:02:15] Palma vs Vigo - C Values: {"T1_C": 27, "T2_C": 4.33, "T3_C": 1.255, "T4_C": 3.79, "T5_C": 1.235, "T6_C": 1.009, "T7_C": 1.67, "T8_C": 2.2, "T9_C": 1.955, "T10_C": 1.848, "T11_C": 3.105, "T12_C": 1.37, "T13_C": 3.6, "T14_C": 1.29, "T180_C": 3.105, "T181_C": 1.37}
[2025-08-23 22:02:34] Palma vs Vigo - C Values: {"T1_C": 27, "T2_C": 4.33, "T3_C": 1.255, "T4_C": 3.79, "T5_C": 1.235, "T6_C": 1.009, "T7_C": 1.67, "T8_C": 2.2, "T9_C": 2.056, "T10_C": 1.765, "T11_C": 3.105, "T12_C": 1.37, "T13_C": 3.6, "T14_C": 1.29, "T180_C": 3.105, "T181_C": 1.37}
[2025-08-23 22:02:48] Palma vs Vigo - C Values: {"T1_C": 27, "T2_C": 4.5, "T3_C": 1.255, "T4_C": 3.88, "T5_C": 1.225, "T6_C": 1.008, "T7_C": 1.67, "T8_C": 2.2, "T9_C": 2.056, "T10_C": 1.765, "T11_C": 3.105, "T12_C": 1.37, "T13_C": 3.6, "T14_C": 1.29, "T180_C": 3.105, "T181_C": 1.37}
[2025-08-23 22:03:23] Palma vs Vigo - C Values: {"T1_C": 27, "T2_C": 4.5, "T3_C": 1.255, "T4_C": 3.88, "T5_C": 1.225, "T6_C": 1.008, "T7_C": 1.67, "T8_C": 2.2, "T9_C": 2.056, "T10_C": 1.765, "T11_C": 3.26, "T12_C": 1.34, "T13_C": 3.6, "T14_C": 1.29, "T180_C": 3.26, "T181_C": 1.34}
[2025-08-23 22:03:28] Palma vs Vigo - C Values: {"T1_C": 27, "T2_C": 4.5, "T3_C": 1.255, "T4_C": 3.88, "T5_C": 1.225, "T6_C": 1.008, "T7_C": 1.67, "T8_C": 2.2, "T9_C": 2.056, "T10_C": 1.765, "T11_C": 3.26, "T12_C": 1.34, "T13_C": 3.86, "T14_C": 1.26, "T180_C": 3.26, "T181_C": 1.34}
[2025-08-23 22:03:40] Palma vs Vigo - C Values: {"T1_C": 27, "T2_C": 4.5, "T3_C": 1.225, "T4_C": 3.96, "T5_C": 1.22, "T6_C": 1.01, "T7_C": 1.67, "T8_C": 2.2, "T9_C": 2.056, "T10_C": 1.765, "T11_C": 3.26, "T12_C": 1.34, "T13_C": 3.86, "T14_C": 1.26, "T180_C": 3.26, "T181_C": 1.34}
[2025-08-23 22:03:47] Palma vs Vigo - C Values: {"T1_C": 32, "T2_C": 4.5, "T3_C": 1.225, "T4_C": 4.02, "T5_C": 1.225, "T6_C": 1.004, "T7_C": 1.67, "T8_C": 2.2, "T9_C": 2.056, "T10_C": 1.765, "T11_C": 3.26, "T12_C": 1.34, "T13_C": 3.86, "T14_C": 1.26, "T180_C": 3.26, "T181_C": 1.34}
[2025-08-23 22:03:52] Palma vs Vigo - C Values: {"T1_C": 39, "T2_C": 4.75, "T3_C": 1.2, "T4_C": 4.3, "T5_C": 1.2, "T6_C": 1.001, "T7_C": 1.71, "T8_C": 2.14, "T9_C": 2.26, "T10_C": 1.64, "T11_C": 3.6, "T12_C": 1.29, "T13_C": 3.86, "T14_C": 1.26, "T180_C": 3.6, "T181_C": 1.29}
[2025-08-23 22:04:06] Palma vs Vigo - C Values: {"T1_C": 32, "T2_C": 4.75, "T3_C": 1.205, "T4_C": 4.23, "T5_C": 1.205, "T6_C": 1.004, "T7_C": 1.71, "T8_C": 2.14, "T9_C": 2.16, "T10_C": 1.696, "T11_C": 3.36, "T12_C": 1.325, "T13_C": 3.86, "T14_C": 1.26, "T180_C": 3.36, "T181_C": 1.325}
[2025-08-23 22:04:24] Palma vs Vigo - C Values: {"T1_C": 39, "T2_C": 4.75, "T3_C": 1.2, "T4_C": 4.3, "T5_C": 1.2, "T6_C": 1.001, "T7_C": 1.71, "T8_C": 2.14, "T9_C": 2.26, "T10_C": 1.64, "T11_C": 3.6, "T12_C": 1.29, "T13_C": 3.86, "T14_C": 1.26, "T180_C": 3.6, "T181_C": 1.29}
[2025-08-23 22:04:37] Palma vs Vigo - C Values: {"T1_C": 39, "T2_C": 4.75, "T3_C": 1.2, "T4_C": 4.3, "T5_C": 1.2, "T6_C": 1.001, "T7_C": 1.69, "T8_C": 2.168, "T9_C": 2.26, "T10_C": 1.64, "T11_C": 3.36, "T12_C": 1.325, "T13_C": 4.17, "T14_C": 1.23, "T180_C": 3.36, "T181_C": 1.325}
[2025-08-23 22:04:44] Palma vs Vigo - C Values: {"T1_C": 32, "T2_C": 4.5, "T3_C": 1.225, "T4_C": 4.02, "T5_C": 1.225, "T6_C": 1.004, "T7_C": 1.62, "T8_C": 2.296, "T9_C": 2.16, "T10_C": 1.696, "T11_C": 3.36, "T12_C": 1.325, "T13_C": 4.17, "T14_C": 1.23, "T180_C": 3.36, "T181_C": 1.325}
[2025-08-23 22:05:02] Palma vs Vigo - C Values: {"T1_C": 32, "T2_C": 4.5, "T3_C": 1.225, "T4_C": 4.02, "T5_C": 1.225, "T6_C": 1.004, "T7_C": 1.62, "T8_C": 2.296, "T9_C": 2.26, "T10_C": 1.64, "T11_C": 3.36, "T12_C": 1.325, "T13_C": 4.17, "T14_C": 1.23, "T180_C": 3.36, "T181_C": 1.325}
[2025-08-23 22:05:08] Palma vs Vigo - C Values: {"T1_C": 39, "T2_C": 4.75, "T3_C": 1.2, "T4_C": 4.3, "T5_C": 1.2, "T6_C": 1.001, "T7_C": 1.69, "T8_C": 2.168, "T9_C": 2.26, "T10_C": 1.64, "T11_C": 3.6, "T12_C": 1.29, "T13_C": 4.17, "T14_C": 1.23, "T180_C": 3.6, "T181_C": 1.29}
[2025-08-23 22:05:14] Palma vs Vigo - C Values: {"T1_C": 39, "T2_C": 4.75, "T3_C": 1.2, "T4_C": 4.3, "T5_C": 1.2, "T6_C": 1.001, "T7_C": 1.71, "T8_C": 2.14, "T9_C": 2.26, "T10_C": 1.64, "T11_C": 3.6, "T12_C": 1.29, "T13_C": 4.17, "T14_C": 1.23, "T180_C": 3.6, "T181_C": 1.29}
[2025-08-23 22:05:34] Palma vs Vigo - C Values: {"T1_C": 39, "T2_C": 5, "T3_C": 1.2, "T4_C": 4.45, "T5_C": 1.192, "T6_C": 1.001, "T7_C": 1.74, "T8_C": 2.096, "T9_C": 2.26, "T10_C": 1.64, "T11_C": 3.6, "T12_C": 1.29, "T13_C": 3.86, "T14_C": 1.26, "T180_C": 3.6, "T181_C": 1.29}
[2025-08-23 22:05:41] Palma vs Vigo - C Values: {"T1_C": 39, "T2_C": 4.75, "T3_C": 1.2, "T4_C": 4.3, "T5_C": 1.2, "T6_C": 1.001, "T7_C": 1.71, "T8_C": 2.14, "T9_C": 2.26, "T10_C": 1.64, "T11_C": 3.6, "T12_C": 1.29, "T13_C": 4.17, "T14_C": 1.23, "T180_C": 3.6, "T181_C": 1.29}
[2025-08-23 22:05:54] Palma vs Vigo - C Values: {"T1_C": 39, "T2_C": 5, "T3_C": 1.2, "T4_C": 4.45, "T5_C": 1.192, "T6_C": 1.001, "T7_C": 1.71, "T8_C": 2.14, "T9_C": 2.36, "T10_C": 1.59, "T11_C": 3.6, "T12_C": 1.29, "T13_C": 4.17, "T14_C": 1.23, "T180_C": 3.6, "T181_C": 1.29}
[2025-08-23 22:07:21] Palma vs Vigo - C Values: {"T1_C": 39, "T2_C": 5, "T3_C": 1.184, "T4_C": 4.51, "T5_C": 1.184, "T6_C": 1.001, "T7_C": 1.71, "T8_C": 2.14, "T9_C": 2.36, "T10_C": 1.59, "T11_C": 3.6, "T12_C": 1.29, "T13_C": 4.17, "T14_C": 1.23, "T180_C": 3.6, "T181_C": 1.29}
[2025-08-23 22:07:34] Palma vs Vigo - C Values: {"T1_C": 39, "T2_C": 5, "T3_C": 1.184, "T4_C": 4.51, "T5_C": 1.184, "T6_C": 1.001, "T7_C": 1.71, "T8_C": 2.14, "T9_C": 2.36, "T10_C": 1.59, "T11_C": 3.6, "T12_C": 1.29, "T13_C": 4.34, "T14_C": 1.216, "T180_C": 3.6, "T181_C": 1.29}
[2025-08-23 22:07:41] Palma vs Vigo - C Values: {"T1_C": 39, "T2_C": 5, "T3_C": 1.2, "T4_C": 4.45, "T5_C": 1.192, "T6_C": 1.001, "T7_C": 1.71, "T8_C": 2.14, "T9_C": 2.36, "T10_C": 1.59, "T11_C": 3.6, "T12_C": 1.29, "T13_C": 4.17, "T14_C": 1.23, "T180_C": 3.6, "T181_C": 1.29}
[2025-08-23 22:08:04] Palma vs Vigo - C Values: {"T1_C": 39, "T2_C": 5, "T3_C": 1.184, "T4_C": 4.51, "T5_C": 1.184, "T6_C": 1.001, "T7_C": 1.71, "T8_C": 2.14, "T9_C": 2.36, "T10_C": 1.59, "T11_C": 3.6, "T12_C": 1.29, "T13_C": 4.34, "T14_C": 1.216, "T180_C": 3.6, "T181_C": 1.29}
[2025-08-23 22:08:22] Palma vs Vigo - C Values: {"T1_C": 39, "T2_C": 5, "T3_C": 1.184, "T4_C": 4.51, "T5_C": 1.184, "T6_C": 1.001, "T7_C": 1.71, "T8_C": 2.14, "T9_C": 2.36, "T10_C": 1.59, "T11_C": 3.6, "T12_C": 1.29, "T13_C": 4.17, "T14_C": 1.23, "T180_C": 3.6, "T181_C": 1.29}
[2025-08-23 22:08:34] Palma vs Vigo - C Values: {"T1_C": 39, "T2_C": 5, "T3_C": 1.184, "T4_C": 4.51, "T5_C": 1.184, "T6_C": 1.001, "T7_C": 1.78, "T8_C": 2.04, "T9_C": 2.26, "T10_C": 1.64, "T11_C": 3.6, "T12_C": 1.29, "T13_C": 3.86, "T14_C": 1.26, "T180_C": 3.6, "T181_C": 1.29}
[2025-08-23 22:08:40] Palma vs Vigo - C Values: {"T1_C": 39, "T2_C": 5, "T3_C": 1.184, "T4_C": 4.51, "T5_C": 1.184, "T6_C": 1.001, "T7_C": 1.78, "T8_C": 2.04, "T9_C": 2.36, "T10_C": 1.59, "T11_C": 3.86, "T12_C": 1.26, "T13_C": 3.86, "T14_C": 1.26, "T180_C": 3.86, "T181_C": 1.26}
[2025-08-23 22:08:47] Palma vs Vigo - C Values: {"T1_C": 39, "T2_C": 5, "T3_C": 1.184, "T4_C": 4.51, "T5_C": 1.184, "T6_C": 1.001, "T7_C": 1.78, "T8_C": 2.04, "T9_C": 2.36, "T10_C": 1.59, "T11_C": 3.86, "T12_C": 1.26, "T13_C": 4.17, "T14_C": 1.23, "T180_C": 3.86, "T181_C": 1.26}
[2025-08-23 22:09:05] Palma vs Vigo - C Values: {"T1_C": 39, "T2_C": 5, "T3_C": 1.184, "T4_C": 4.51, "T5_C": 1.184, "T6_C": 1.001, "T7_C": 1.71, "T8_C": 2.14, "T9_C": 2.46, "T10_C": 1.545, "T11_C": 3.86, "T12_C": 1.26, "T13_C": 4.34, "T14_C": 1.216, "T180_C": 3.86, "T181_C": 1.26}
[2025-08-23 22:09:11] Palma vs Vigo - C Values: {"T1_C": 48, "T2_C": 5.5, "T3_C": 1.17, "T4_C": 4.96, "T5_C": 1.17, "T6_C": 1.001, "T7_C": 1.76, "T8_C": 2.064, "T9_C": 2.56, "T10_C": 1.51, "T11_C": 4.17, "T12_C": 1.23, "T13_C": 4.34, "T14_C": 1.216, "T180_C": 4.17, "T181_C": 1.23}
[2025-08-23 22:09:18] Palma vs Vigo - C Values: {"T1_C": 48, "T2_C": 5, "T3_C": 1.17, "T4_C": 4.64, "T5_C": 1.17, "T6_C": 1.001, "T7_C": 1.74, "T8_C": 2.096, "T9_C": 2.56, "T10_C": 1.51, "T11_C": 3.86, "T12_C": 1.26, "T13_C": 4.34, "T14_C": 1.216, "T180_C": 3.86, "T181_C": 1.26}
[2025-08-23 22:09:37] Palma vs Vigo - C Values: {"T1_C": 48, "T2_C": 5.5, "T3_C": 1.17, "T4_C": 4.96, "T5_C": 1.17, "T6_C": 1.001, "T7_C": 1.74, "T8_C": 2.096, "T9_C": 2.56, "T10_C": 1.51, "T11_C": 4.17, "T12_C": 1.23, "T13_C": 4.78, "T14_C": 1.184, "T180_C": 4.17, "T181_C": 1.23}
[2025-08-23 22:10:06] Palma vs Vigo - C Values: {"T1_C": 48, "T2_C": 5, "T3_C": 1.17, "T4_C": 4.64, "T5_C": 1.17, "T6_C": 1.001, "T7_C": 1.74, "T8_C": 2.096, "T9_C": 2.56, "T10_C": 1.51, "T11_C": 3.86, "T12_C": 1.26, "T13_C": 4.34, "T14_C": 1.216, "T180_C": 3.86, "T181_C": 1.26}
[2025-08-23 22:10:25] Palma vs Vigo - C Values: {"T1_C": 39, "T2_C": 5, "T3_C": 1.184, "T4_C": 4.51, "T5_C": 1.184, "T6_C": 1.001, "T7_C": 1.67, "T8_C": 2.2, "T9_C": 2.46, "T10_C": 1.545, "T11_C": 3.86, "T12_C": 1.26, "T13_C": 4.34, "T14_C": 1.216, "T180_C": 3.86, "T181_C": 1.26}
[2025-08-23 22:10:30] Palma vs Vigo - C Values: {"T1_C": 48, "T2_C": 5, "T3_C": 1.17, "T4_C": 4.64, "T5_C": 1.17, "T6_C": 1.001, "T7_C": 1.69, "T8_C": 2.168, "T9_C": 2.56, "T10_C": 1.51, "T11_C": 4.17, "T12_C": 1.23, "T13_C": 4.78, "T14_C": 1.184, "T180_C": 4.17, "T181_C": 1.23}
[2025-08-23 22:10:37] Palma vs Vigo - C Values: {"T1_C": 48, "T2_C": 5.5, "T3_C": 1.17, "T4_C": 4.96, "T5_C": 1.17, "T6_C": 1.001, "T7_C": 1.74, "T8_C": 2.096, "T9_C": 2.56, "T10_C": 1.51, "T11_C": 4.17, "T12_C": 1.23, "T13_C": 4.78, "T14_C": 1.184, "T180_C": 4.17, "T181_C": 1.23}
[2025-08-23 22:10:50] Palma vs Vigo - C Values: {"T1_C": 48, "T2_C": 5.5, "T3_C": 1.17, "T4_C": 4.96, "T5_C": 1.17, "T6_C": 1.001, "T7_C": 1.71, "T8_C": 2.14, "T9_C": 2.755, "T10_C": 1.45, "T11_C": 4.17, "T12_C": 1.23, "T13_C": 4.78, "T14_C": 1.184, "T180_C": 4.17, "T181_C": 1.23}
[2025-08-23 22:11:08] Palma vs Vigo - C Values: {"T1_C": 48, "T2_C": 5.5, "T3_C": 1.144, "T4_C": 5.06, "T5_C": 1.144, "T6_C": 1.001, "T7_C": 1.74, "T8_C": 2.096, "T9_C": 2.755, "T10_C": 1.45, "T11_C": 4.34, "T12_C": 1.216, "T13_C": 5.25, "T14_C": 1.16, "T180_C": 4.34, "T181_C": 1.216}
[2025-08-23 22:12:20] Palma vs Vigo - C Values: {"T1_C": 48, "T2_C": 6, "T3_C": 1.144, "T4_C": 5.38, "T5_C": 1.144, "T6_C": 1.001, "T7_C": 1.74, "T8_C": 2.096, "T9_C": 2.95, "T10_C": 1.4, "T11_C": 4.34, "T12_C": 1.216, "T13_C": 5.25, "T14_C": 1.16, "T180_C": 4.34, "T181_C": 1.216}
[2025-08-23 22:12:52] Palma vs Vigo - C Values: {"T1_C": 48, "T2_C": 6, "T3_C": 1.144, "T4_C": 5.38, "T5_C": 1.144, "T6_C": 1.001, "T7_C": 1.76, "T8_C": 2.064, "T9_C": 2.95, "T10_C": 1.4, "T11_C": 4.78, "T12_C": 1.184, "T13_C": 5.25, "T14_C": 1.16, "T180_C": 4.78, "T181_C": 1.184}
[2025-08-23 22:13:23] Palma vs Vigo - C Values: {"T1_C": 63, "T2_C": 6, "T3_C": 1.125, "T4_C": 5.58, "T5_C": 1.125, "T6_C": 1.001, "T7_C": 1.76, "T8_C": 2.064, "T9_C": 2.95, "T10_C": 1.4, "T11_C": 4.78, "T12_C": 1.184, "T13_C": 5.25, "T14_C": 1.16, "T180_C": 4.78, "T181_C": 1.184}
[2025-08-23 22:14:06] Palma vs Vigo - C Values: {"T1_C": 63, "T2_C": 6.5, "T3_C": 1.11, "T4_C": 5.98, "T5_C": 1.11, "T6_C": 1.001, "T7_C": 1.78, "T8_C": 2.04, "T9_C": 3.144, "T10_C": 1.36, "T11_C": 5.25, "T12_C": 1.16, "T13_C": 5.7, "T14_C": 1.14, "T180_C": 5.25, "T181_C": 1.16}
[2025-08-23 22:14:51] Palma vs Vigo - C Values: {"T1_C": 63, "T2_C": 6, "T3_C": 1.125, "T4_C": 5.58, "T5_C": 1.125, "T6_C": 1.001, "T7_C": 1.76, "T8_C": 2.064, "T9_C": 3.144, "T10_C": 1.36, "T11_C": 5.25, "T12_C": 1.16, "T13_C": 5.7, "T14_C": 1.14, "T180_C": 5.25, "T181_C": 1.16}
[2025-08-23 22:14:56] Palma vs Vigo - C Values: {"T1_C": 63, "T2_C": 6.5, "T3_C": 1.11, "T4_C": 5.98, "T5_C": 1.11, "T6_C": 1.001, "T7_C": 1.76, "T8_C": 2.064, "T9_C": 3.32, "T10_C": 1.33, "T11_C": 5.25, "T12_C": 1.16, "T13_C": 5.7, "T14_C": 1.14, "T180_C": 5.25, "T181_C": 1.16}
[2025-08-23 22:15:27] Palma vs Vigo - C Values: {"T1_C": 76, "T2_C": 6.5, "T3_C": 1.11, "T4_C": 6.07, "T5_C": 1.11, "T6_C": 1.001, "T7_C": 1.76, "T8_C": 2.064, "T9_C": 3.32, "T10_C": 1.33, "T11_C": 5.7, "T12_C": 1.14, "T13_C": 6.2, "T14_C": 1.12, "T180_C": 5.7, "T181_C": 1.14}
[2025-08-23 22:15:32] Palma vs Vigo - C Values: {"T1_C": 76, "T2_C": 7, "T3_C": 1.1, "T4_C": 6.48, "T5_C": 1.1, "T6_C": 1.001, "T7_C": 1.78, "T8_C": 2.04, "T9_C": 3.32, "T10_C": 1.33, "T11_C": 5.7, "T12_C": 1.14, "T13_C": 6.2, "T14_C": 1.12, "T180_C": 5.7, "T181_C": 1.14}
[2025-08-23 22:16:08] Palma vs Vigo - C Values: {"T1_C": 76, "T2_C": 7, "T3_C": 1.1, "T4_C": 6.48, "T5_C": 1.1, "T6_C": 1.001, "T7_C": 1.78, "T8_C": 2.04, "T9_C": 3.58, "T10_C": 1.29, "T11_C": 5.7, "T12_C": 1.14, "T13_C": 6.2, "T14_C": 1.12, "T180_C": 5.7, "T181_C": 1.14}
[2025-08-23 22:16:40] Palma vs Vigo - C Values: {"T1_C": 95, "T2_C": 7.5, "T3_C": 1.085, "T4_C": 7.04, "T5_C": 1.085, "T6_C": 1.001, "T7_C": 1.78, "T8_C": 2.04, "T9_C": 3.7, "T10_C": 1.275, "T11_C": 6.2, "T12_C": 1.12, "T13_C": 6.65, "T14_C": 1.11, "T180_C": 6.2, "T181_C": 1.12}
[2025-08-23 22:16:52] Palma vs Vigo - C Values: {"T1_C": 95, "T2_C": 7.5, "T3_C": 1.085, "T4_C": 7.04, "T5_C": 1.085, "T6_C": 1.001, "T7_C": 1.8, "T8_C": 2.01, "T9_C": 3.7, "T10_C": 1.275, "T11_C": 6.2, "T12_C": 1.12, "T13_C": 6.65, "T14_C": 1.11, "T180_C": 6.2, "T181_C": 1.12}
[2025-08-23 22:16:59] Palma vs Vigo - C Values: {"T1_C": 95, "T2_C": 7.5, "T3_C": 1.085, "T4_C": 7.04, "T5_C": 1.085, "T6_C": 1.001, "T7_C": 1.82, "T8_C": 1.984, "T9_C": 3.7, "T10_C": 1.275, "T11_C": 6.2, "T12_C": 1.12, "T13_C": 6.65, "T14_C": 1.11, "T180_C": 6.2, "T181_C": 1.12}
[2025-08-23 22:17:22] Palma vs Vigo - C Values: {"T1_C": 95, "T2_C": 7.5, "T3_C": 1.085, "T4_C": 7.04, "T5_C": 1.085, "T6_C": 1.001, "T7_C": 1.82, "T8_C": 1.984, "T11_C": 6.2, "T12_C": 1.12, "T13_C": 6.65, "T14_C": 1.11, "T180_C": 6.2, "T181_C": 1.12}
[2025-08-23 22:17:28] Palma vs Vigo - C Values: {"T1_C": 8.9, "T2_C": 1.25, "T3_C": 7.1, "T4_C": 1.115, "T5_C": 3.97, "T6_C": 1.085, "T7_C": 2.304, "T8_C": 1.616, "T9_C": 3.92, "T10_C": 1.255, "T11_C": 7.5, "T12_C": 1.085, "T13_C": 5.7, "T14_C": 1.14, "T180_C": 6.41, "T181_C": 1.115}
[2025-08-23 22:17:34] Palma vs Vigo - C Values: {"T1_C": 8.9, "T2_C": 1.22, "T3_C": 8.3, "T4_C": 1.095, "T5_C": 4.3, "T6_C": 1.085, "T7_C": 2.04, "T8_C": 1.775, "T9_C": 4.3, "T10_C": 1.22, "T11_C": 7.5, "T12_C": 1.085, "T13_C": 6.65, "T14_C": 1.11, "T180_C": 6.41, "T181_C": 1.115}
[2025-08-23 22:17:40] Palma vs Vigo - C Values: {"T1_C": 8.9, "T2_C": 1.22, "T3_C": 8.3, "T4_C": 1.095, "T5_C": 4.3, "T6_C": 1.085, "T7_C": 2.04, "T8_C": 1.775, "T9_C": 4.06, "T10_C": 1.24, "T11_C": 7.5, "T12_C": 1.085, "T13_C": 6.65, "T14_C": 1.11, "T180_C": 6.57, "T181_C": 1.11}
[2025-08-23 22:17:47] Palma vs Vigo - C Values: {"T1_C": 8.9, "T2_C": 1.22, "T3_C": 8.3, "T4_C": 1.095, "T5_C": 4.3, "T6_C": 1.085, "T7_C": 2.04, "T8_C": 1.775, "T11_C": 7.5, "T12_C": 1.085, "T13_C": 6.65, "T14_C": 1.11, "T180_C": 6.57, "T181_C": 1.11}
[2025-08-23 22:17:52] Palma vs Vigo - C Values: {"T1_C": 8.9, "T2_C": 1.22, "T3_C": 8.3, "T4_C": 1.095, "T5_C": 4.3, "T6_C": 1.085, "T7_C": 2.04, "T8_C": 1.775, "T11_C": 7.5, "T12_C": 1.085, "T13_C": 6.65, "T14_C": 1.11}
[2025-08-23 22:18:10] Palma vs Vigo - C Values: {"T1_C": 8.9, "T2_C": 1.22, "T3_C": 8.3, "T4_C": 1.095, "T5_C": 4.3, "T6_C": 1.085, "T7_C": 2.04, "T8_C": 1.775, "T9_C": 4.42, "T10_C": 1.21, "T11_C": 8.5, "T12_C": 1.07, "T13_C": 6.65, "T14_C": 1.11}
[2025-08-23 22:18:23] Palma vs Vigo - C Values: {"T1_C": 9.2, "T2_C": 1.195, "T3_C": 9.2, "T4_C": 1.088, "T5_C": 4.62, "T6_C": 1.07, "T7_C": 2.04, "T8_C": 1.775, "T9_C": 4.42, "T10_C": 1.21, "T11_C": 8.5, "T12_C": 1.07, "T13_C": 6.65, "T14_C": 1.11}
[2025-08-23 22:18:30] Palma vs Vigo - C Values: {"T1_C": 9.5, "T2_C": 1.195, "T3_C": 8.9, "T4_C": 1.09, "T5_C": 4.63, "T6_C": 1.07, "T7_C": 2.04, "T8_C": 1.775, "T9_C": 4.42, "T10_C": 1.21, "T11_C": 8.5, "T12_C": 1.07, "T13_C": 6.65, "T14_C": 1.11}
[2025-08-23 22:18:47] Palma vs Vigo - C Values: {"T1_C": 9.5, "T2_C": 1.195, "T3_C": 8.9, "T4_C": 1.09, "T5_C": 4.63, "T6_C": 1.07, "T7_C": 2.04, "T8_C": 1.775, "T9_C": 4.42, "T10_C": 1.21, "T11_C": 8.5, "T12_C": 1.07, "T13_C": 7.5, "T14_C": 1.085}
[2025-08-23 22:19:10] Palma vs Vigo - C Values: {"T1_C": 8.6, "T2_C": 1.22, "T3_C": 8.6, "T4_C": 1.09, "T5_C": 4.3, "T6_C": 1.09, "T7_C": 1.9, "T8_C": 1.9, "T9_C": 4.42, "T10_C": 1.21, "T11_C": 7.5, "T12_C": 1.085, "T13_C": 7.5, "T14_C": 1.085}
[2025-08-23 22:19:21] Palma vs Vigo - C Values: {"T1_C": 8.7, "T2_C": 1.195, "T3_C": 9.8, "T4_C": 1.08, "T5_C": 4.62, "T6_C": 1.08, "T7_C": 1.845, "T8_C": 1.955, "T9_C": 4.42, "T10_C": 1.21, "T11_C": 7.5, "T12_C": 1.085, "T13_C": 7.5, "T14_C": 1.085}
[2025-08-23 22:19:28] Palma vs Vigo - C Values: {"T1_C": 10, "T2_C": 1.175, "T3_C": 9.6, "T4_C": 1.08, "T5_C": 4.94, "T6_C": 1.06, "T7_C": 2.04, "T8_C": 1.775, "T9_C": 4.78, "T10_C": 1.184, "T11_C": 9.42, "T12_C": 1.056, "T13_C": 7.5, "T14_C": 1.085}
[2025-08-23 22:19:34] Palma vs Vigo - C Values: {"T1_C": 9.6, "T2_C": 1.175, "T3_C": 10, "T4_C": 1.075, "T5_C": 4.94, "T6_C": 1.07, "T7_C": 1.944, "T8_C": 1.856, "T9_C": 4.78, "T10_C": 1.184, "T11_C": 8.5, "T12_C": 1.07, "T13_C": 8.5, "T14_C": 1.07}
[2025-08-23 22:19:40] Palma vs Vigo - C Values: {"T1_C": 9.8, "T2_C": 1.175, "T3_C": 9.9, "T4_C": 1.075, "T5_C": 4.94, "T6_C": 1.064, "T7_C": 1.975, "T8_C": 1.83, "T9_C": 4.78, "T10_C": 1.184, "T11_C": 9.42, "T12_C": 1.056, "T13_C": 7.5, "T14_C": 1.085}
[2025-08-23 22:19:46] Palma vs Vigo - C Values: {"T1_C": 9.8, "T2_C": 1.175, "T3_C": 9.9, "T4_C": 1.075, "T5_C": 4.94, "T6_C": 1.064, "T7_C": 1.975, "T8_C": 1.83, "T9_C": 4.78, "T10_C": 1.184, "T11_C": 9.42, "T12_C": 1.056, "T13_C": 8.5, "T14_C": 1.07}
[2025-08-23 22:20:00] Palma vs Vigo - C Values: {"T1_C": 10, "T2_C": 1.16, "T3_C": 10.5, "T4_C": 1.07, "T5_C": 5.24, "T6_C": 1.06, "T7_C": 1.975, "T8_C": 1.83, "T9_C": 5.45, "T10_C": 1.15, "T11_C": 9.42, "T12_C": 1.056, "T13_C": 8.5, "T14_C": 1.07}
[2025-08-23 22:20:19] Palma vs Vigo - C Values: {"T1_C": 10, "T2_C": 1.16, "T3_C": 10.5, "T4_C": 1.065, "T5_C": 5.24, "T6_C": 1.06, "T7_C": 1.975, "T8_C": 1.83, "T9_C": 5.45, "T10_C": 1.15, "T11_C": 9.42, "T12_C": 1.056, "T13_C": 8.5, "T14_C": 1.07}
[2025-08-23 22:20:25] Palma vs Vigo - C Values: {"T1_C": 10.5, "T2_C": 1.16, "T3_C": 10, "T4_C": 1.07, "T5_C": 5.24, "T6_C": 1.056, "T7_C": 1.975, "T8_C": 1.83, "T9_C": 5.45, "T10_C": 1.15, "T11_C": 9.42, "T12_C": 1.056, "T13_C": 8.5, "T14_C": 1.07}
[2025-08-23 22:20:38] Palma vs Vigo - C Values: {"T1_C": 16, "T2_C": 1.075, "T3_C": 15, "T4_C": 1.035, "T5_C": 7.99, "T6_C": 1.025, "T7_C": 1.975, "T8_C": 1.83, "T9_C": 7, "T10_C": 1.1, "T11_C": 12.5, "T12_C": 1.025, "T13_C": 11.9, "T14_C": 1.03}
[2025-08-23 22:20:50] Palma vs Vigo - C Values: {"T1_C": 16, "T2_C": 1.075, "T3_C": 15, "T4_C": 1.035, "T5_C": 7.99, "T6_C": 1.025, "T7_C": 1.975, "T8_C": 1.83, "T11_C": 12.5, "T12_C": 1.025, "T13_C": 11.9, "T14_C": 1.03}
[2025-08-23 22:20:56] Palma vs Vigo - C Values: {"T1_C": 17, "T2_C": 1.07, "T3_C": 16, "T4_C": 1.03, "T5_C": 8.5, "T6_C": 1.025, "T7_C": 1.975, "T8_C": 1.83, "T11_C": 12.5, "T12_C": 1.025, "T13_C": 11.9, "T14_C": 1.03}
[2025-08-23 22:21:07] Palma vs Vigo - C Values: {"T1_C": 16, "T2_C": 1.065, "T3_C": 18, "T4_C": 1.025, "T5_C": 8.5, "T6_C": 1.025, "T7_C": 1.975, "T8_C": 1.83, "T11_C": 12.5, "T12_C": 1.025, "T13_C": 11.9, "T14_C": 1.03}
[2025-08-23 22:21:13] Palma vs Vigo - C Values: {"T1_C": 16, "T2_C": 1.065, "T3_C": 18, "T4_C": 1.025, "T5_C": 8.5, "T6_C": 1.025, "T7_C": 1.975, "T8_C": 1.83, "T9_C": 8.3, "T10_C": 1.07, "T11_C": 12.5, "T12_C": 1.025, "T13_C": 11.9, "T14_C": 1.03}
[2025-08-23 22:21:19] Palma vs Vigo - C Values: {"T1_C": 17, "T2_C": 1.056, "T3_C": 20, "T4_C": 1.02, "T5_C": 9.42, "T6_C": 1.02, "T7_C": 1.975, "T8_C": 1.83, "T9_C": 7.8, "T10_C": 1.08, "T11_C": 12.5, "T12_C": 1.025, "T13_C": 12.5, "T14_C": 1.025}
[2025-08-23 22:21:39] Palma vs Vigo - C Values: {"T1_C": 19, "T2_C": 1.056, "T3_C": 18, "T4_C": 1.025, "T5_C": 9.42, "T6_C": 1.02, "T7_C": 1.975, "T8_C": 1.83, "T11_C": 13.6, "T12_C": 1.02, "T13_C": 12.5, "T14_C": 1.025}
[2025-08-23 22:21:59] Palma vs Vigo - C Values: {"T1_C": 20, "T2_C": 1.04, "T3_C": 23, "T4_C": 1.016, "T5_C": 10.9, "T6_C": 1.016, "T7_C": 1.975, "T8_C": 1.83, "T11_C": 13.6, "T12_C": 1.02, "T13_C": 12.5, "T14_C": 1.025}
[2025-08-23 22:22:11] Palma vs Vigo - C Values: {"T1_C": 21, "T2_C": 1.04, "T3_C": 22, "T4_C": 1.016, "T5_C": 10.9, "T6_C": 1.01, "T7_C": 1.975, "T8_C": 1.83, "T9_C": 9.1, "T10_C": 1.06, "T11_C": 14.3, "T12_C": 1.016, "T13_C": 13.6, "T14_C": 1.02}
[2025-08-23 22:22:17] Palma vs Vigo - C Values: {"T1_C": 22, "T2_C": 1.04, "T3_C": 22, "T4_C": 1.015, "T5_C": 11.7, "T6_C": 1.009, "T7_C": 1.975, "T8_C": 1.83, "T9_C": 8.6, "T10_C": 1.065, "T11_C": 14.3, "T12_C": 1.016, "T13_C": 13.6, "T14_C": 1.02}
[2025-08-23 22:22:29] Palma vs Vigo - C Values: {"T1_C": 22, "T2_C": 1.04, "T3_C": 22, "T4_C": 1.015, "T5_C": 11.7, "T6_C": 1.009, "T7_C": 1.975, "T8_C": 1.83, "T9_C": 9.3, "T10_C": 1.056}
[2025-08-23 22:22:43] Palma vs Vigo - C Values: {"T1_C": 24, "T2_C": 1.032, "T3_C": 21, "T4_C": 1.01, "T5_C": 12.5, "T6_C": 1.007, "T7_C": 2.03, "T8_C": 1.784, "T9_C": 9.3, "T10_C": 1.056}
[2025-08-23 22:23:02] Palma vs Vigo - C Values: {"T1_C": 25, "T2_C": 1.03, "T3_C": 22, "T4_C": 1.008, "T5_C": 13.3, "T6_C": 1.005, "T7_C": 2.03, "T8_C": 1.784, "T9_C": 10, "T10_C": 1.045}
[2025-08-23 22:23:22] Palma vs Vigo - C Values: {"T1_C": 26, "T2_C": 1.025, "T3_C": 23, "T4_C": 1.006, "T5_C": 14.1, "T6_C": 1.003, "T7_C": 2.03, "T8_C": 1.784}
[2025-08-23 22:23:34] Palma vs Vigo - C Values: {"T1_C": 26, "T2_C": 1.025, "T3_C": 23}
[2025-08-23 22:23:46] Palma vs Vigo - C Values: {"T1_C": 26, "T2_C": 1.02, "T3_C": 26}
[2025-08-23 22:24:04] Palma vs Vigo - C Values: {"T1_C": 29, "T2_C": 1.016, "T3_C": 27}
[2025-08-23 22:24:11] Palma vs Vigo - C Values: {"T1_C": 21, "T2_C": 1.03, "T3_C": 28}
[2025-08-23 22:24:22] Palma vs Vigo - C Values: {"T1_C": 29, "T2_C": 1.016, "T3_C": 27}
[2025-08-23 22:24:34] Palma vs Vigo - C Values: {"T1_C": 30, "T2_C": 1.016, "T3_C": 30}
[2025-08-23 22:24:52] Palma vs Vigo - C Values: {"T1_C": 26, "T2_C": 1.016, "T3_C": 23}
