[2025-08-23 22:02:15] Sassuolo vs Napoli - C Values: {"T1_C": 5.75, "T2_C": 3.74, "T3_C": 1.63, "T4_C": 2.29, "T5_C": 1.29, "T6_C": 1.155, "T7_C": 1.752, "T8_C": 2.07, "T9_C": 2.07, "T10_C": 1.752, "T11_C": 1.648, "T12_C": 2.245, "T13_C": 1.765, "T14_C": 2.06, "T180_C": 1.904, "T181_C": 1.896}
[2025-08-23 22:03:01] Sassuolo vs Napoli - C Values: {"T1_C": 5.85, "T2_C": 3.78, "T3_C": 1.616, "T4_C": 2.32, "T5_C": 1.285, "T6_C": 1.152, "T7_C": 1.752, "T8_C": 2.07, "T9_C": 2.07, "T10_C": 1.752, "T11_C": 1.648, "T12_C": 2.245, "T13_C": 1.765, "T14_C": 2.06, "T180_C": 1.904, "T181_C": 1.896}
[2025-08-23 22:03:13] Sassuolo vs Napoli - C Values: {"T1_C": 5.85, "T2_C": 3.78, "T3_C": 1.616, "T4_C": 2.32, "T5_C": 1.285, "T6_C": 1.152, "T7_C": 1.752, "T8_C": 2.07, "T9_C": 2.07, "T10_C": 1.752, "T11_C": 1.704, "T12_C": 2.145, "T13_C": 1.765, "T14_C": 2.06, "T180_C": 1.904, "T181_C": 1.896}
[2025-08-23 22:03:23] Sassuolo vs Napoli - C Values: {"T1_C": 5.85, "T2_C": 3.78, "T3_C": 1.616, "T4_C": 2.32, "T5_C": 1.285, "T6_C": 1.152, "T7_C": 1.752, "T8_C": 2.07, "T9_C": 1.975, "T10_C": 1.83, "T11_C": 1.67, "T12_C": 2.2, "T13_C": 1.765, "T14_C": 2.06, "T180_C": 1.904, "T181_C": 1.896}
[2025-08-23 22:04:44] Sassuolo vs Napoli - C Values: {"T1_C": 5.75, "T2_C": 3.72, "T3_C": 1.635, "T4_C": 2.275, "T5_C": 1.295, "T6_C": 1.155, "T7_C": 1.725, "T8_C": 2.115, "T9_C": 1.975, "T10_C": 1.83, "T11_C": 1.616, "T12_C": 2.3, "T13_C": 1.765, "T14_C": 2.06, "T180_C": 1.904, "T181_C": 1.896}
[2025-08-23 22:05:08] Sassuolo vs Napoli - C Values: {"T1_C": 5.75, "T2_C": 3.72, "T3_C": 1.635, "T4_C": 2.275, "T5_C": 1.295, "T6_C": 1.155, "T7_C": 1.725, "T8_C": 2.115, "T9_C": 2.07, "T10_C": 1.752, "T11_C": 1.648, "T12_C": 2.245, "T13_C": 1.765, "T14_C": 2.06, "T180_C": 1.904, "T181_C": 1.896}
[2025-08-23 22:05:27] Sassuolo vs Napoli - C Values: {"T1_C": 5.8, "T2_C": 3.62, "T3_C": 1.65, "T4_C": 2.245, "T5_C": 1.304, "T6_C": 1.155, "T7_C": 1.725, "T8_C": 2.115, "T9_C": 2.184, "T10_C": 1.68, "T11_C": 1.704, "T12_C": 2.145, "T13_C": 1.81, "T14_C": 2, "T180_C": 1.955, "T181_C": 1.845}
[2025-08-23 22:07:15] Sassuolo vs Napoli - C Values: {"T1_C": 5.8, "T2_C": 3.62, "T3_C": 1.65, "T4_C": 2.245, "T5_C": 1.304, "T6_C": 1.155, "T7_C": 1.696, "T8_C": 2.16, "T9_C": 2.184, "T10_C": 1.68, "T11_C": 1.704, "T12_C": 2.145, "T13_C": 1.81, "T14_C": 2, "T180_C": 1.955, "T181_C": 1.845}
[2025-08-23 22:08:10] Sassuolo vs Napoli - C Values: {"T1_C": 5.8, "T2_C": 3.62, "T3_C": 1.65, "T4_C": 2.245, "T5_C": 1.304, "T6_C": 1.155, "T7_C": 1.696, "T8_C": 2.16, "T9_C": 2.184, "T10_C": 1.68, "T11_C": 1.77, "T12_C": 2.05, "T13_C": 1.81, "T14_C": 2, "T180_C": 2.015, "T181_C": 1.795}
[2025-08-23 22:08:28] Sassuolo vs Napoli - C Values: {"T1_C": 5.8, "T2_C": 3.62, "T3_C": 1.65, "T4_C": 2.245, "T5_C": 1.304, "T6_C": 1.155, "T7_C": 1.696, "T8_C": 2.16, "T9_C": 2.08, "T10_C": 1.75, "T11_C": 1.735, "T12_C": 2.1, "T13_C": 1.81, "T14_C": 2, "T180_C": 2.015, "T181_C": 1.795}
[2025-08-23 22:08:47] Sassuolo vs Napoli - C Values: {"T1_C": 5.8, "T2_C": 3.62, "T3_C": 1.65, "T4_C": 2.245, "T5_C": 1.304, "T6_C": 1.155, "T7_C": 1.725, "T8_C": 2.115, "T9_C": 2.175, "T10_C": 1.685, "T11_C": 1.735, "T12_C": 2.1, "T13_C": 1.81, "T14_C": 2, "T180_C": 2.015, "T181_C": 1.795}
[2025-08-23 22:09:05] Sassuolo vs Napoli - C Values: {"T1_C": 5.8, "T2_C": 3.62, "T3_C": 1.65, "T4_C": 2.245, "T5_C": 1.304, "T6_C": 1.155, "T7_C": 1.696, "T8_C": 2.16, "T9_C": 2.175, "T10_C": 1.685, "T11_C": 1.735, "T12_C": 2.1, "T13_C": 1.81, "T14_C": 2, "T180_C": 2.015, "T181_C": 1.795}
[2025-08-23 22:09:31] Sassuolo vs Napoli - C Values: {"T1_C": 5.8, "T2_C": 3.62, "T3_C": 1.65, "T4_C": 2.245, "T5_C": 1.304, "T6_C": 1.155, "T7_C": 1.696, "T8_C": 2.16, "T9_C": 2.175, "T10_C": 1.685, "T11_C": 1.735, "T12_C": 2.1, "T13_C": 1.864, "T14_C": 1.936, "T180_C": 2.015, "T181_C": 1.795}
[2025-08-23 22:09:48] Sassuolo vs Napoli - C Values: {"T1_C": 5.85, "T2_C": 3.54, "T3_C": 1.664, "T4_C": 2.225, "T5_C": 1.315, "T6_C": 1.152, "T7_C": 1.664, "T8_C": 2.21, "T9_C": 2.175, "T10_C": 1.685, "T11_C": 1.735, "T12_C": 2.1, "T13_C": 1.864, "T14_C": 1.936, "T180_C": 2.015, "T181_C": 1.795}
[2025-08-23 22:10:30] Sassuolo vs Napoli - C Values: {"T1_C": 5.85, "T2_C": 3.54, "T3_C": 1.664, "T4_C": 2.225, "T5_C": 1.315, "T6_C": 1.152, "T7_C": 1.664, "T8_C": 2.21, "T9_C": 2.13, "T10_C": 1.712, "T11_C": 1.735, "T12_C": 2.1, "T13_C": 1.864, "T14_C": 1.936, "T180_C": 2.064, "T181_C": 1.76}
[2025-08-23 22:11:38] Sassuolo vs Napoli - C Values: {"T1_C": 5.85, "T2_C": 3.54, "T3_C": 1.664, "T4_C": 2.225, "T5_C": 1.315, "T6_C": 1.152, "T7_C": 1.64, "T8_C": 2.26, "T9_C": 1.7, "T10_C": 2.152, "T11_C": 1.735, "T12_C": 2.1, "T13_C": 1.95, "T14_C": 1.85, "T180_C": 2.064, "T181_C": 1.76}
[2025-08-23 22:11:51] Sassuolo vs Napoli - C Values: {"T1_C": 5.75, "T2_C": 3.46, "T3_C": 1.69, "T4_C": 2.18, "T5_C": 1.325, "T6_C": 1.16, "T7_C": 1.64, "T8_C": 2.26, "T9_C": 1.7, "T10_C": 2.152, "T11_C": 1.735, "T12_C": 2.1, "T13_C": 1.95, "T14_C": 1.85, "T180_C": 2.064, "T181_C": 1.76}
[2025-08-23 22:12:08] Sassuolo vs Napoli - C Values: {"T1_C": 5.75, "T2_C": 3.46, "T3_C": 1.69, "T4_C": 2.18, "T5_C": 1.325, "T6_C": 1.16, "T7_C": 1.64, "T8_C": 2.26, "T9_C": 1.715, "T10_C": 2.13, "T11_C": 1.735, "T12_C": 2.1, "T13_C": 1.95, "T14_C": 1.85, "T180_C": 2.064, "T181_C": 1.76}
[2025-08-23 22:12:20] Sassuolo vs Napoli - C Values: {"T1_C": 5.85, "T2_C": 3.54, "T3_C": 1.664, "T4_C": 2.225, "T5_C": 1.315, "T6_C": 1.152, "T7_C": 1.64, "T8_C": 2.26, "T9_C": 1.715, "T10_C": 2.13, "T11_C": 1.8, "T12_C": 2.008, "T13_C": 1.95, "T14_C": 1.85, "T180_C": 2.16, "T181_C": 1.696}
[2025-08-23 22:13:11] Sassuolo vs Napoli - C Values: {"T1_C": 5.85, "T2_C": 3.54, "T3_C": 1.664, "T4_C": 2.225, "T5_C": 1.315, "T6_C": 1.152, "T7_C": 1.664, "T8_C": 2.21, "T9_C": 1.7, "T10_C": 2.152, "T11_C": 1.8, "T12_C": 2.008, "T13_C": 1.95, "T14_C": 1.85, "T180_C": 2.064, "T181_C": 1.76}
[2025-08-23 22:13:23] Sassuolo vs Napoli - C Values: {"T1_C": 5.85, "T2_C": 3.54, "T3_C": 1.664, "T4_C": 2.225, "T5_C": 1.315, "T6_C": 1.152, "T7_C": 1.64, "T8_C": 2.26, "T9_C": 1.715, "T10_C": 2.13, "T11_C": 1.8, "T12_C": 2.008, "T13_C": 1.95, "T14_C": 1.85, "T180_C": 2.16, "T181_C": 1.696}
[2025-08-23 22:13:29] Sassuolo vs Napoli - C Values: {"T1_C": 5.85, "T2_C": 3.54, "T3_C": 1.664, "T4_C": 2.225, "T5_C": 1.315, "T6_C": 1.152, "T7_C": 1.696, "T8_C": 2.16, "T9_C": 1.715, "T10_C": 2.13, "T11_C": 1.8, "T12_C": 2.008, "T13_C": 1.864, "T14_C": 1.936, "T180_C": 2.16, "T181_C": 1.696}
[2025-08-23 22:13:54] Sassuolo vs Napoli - C Values: {"T1_C": 6.3, "T2_C": 3.48, "T3_C": 1.645, "T4_C": 2.26, "T5_C": 1.32, "T6_C": 1.14, "T7_C": 1.696, "T8_C": 2.16, "T9_C": 1.735, "T10_C": 2.1, "T11_C": 1.855, "T12_C": 1.945, "T13_C": 1.95, "T14_C": 1.85, "T180_C": 2.16, "T181_C": 1.696}
[2025-08-23 22:14:25] Sassuolo vs Napoli - C Values: {"T1_C": 6.3, "T2_C": 3.48, "T3_C": 1.645, "T4_C": 2.26, "T5_C": 1.32, "T6_C": 1.14, "T7_C": 1.696, "T8_C": 2.16, "T9_C": 1.735, "T10_C": 2.1, "T11_C": 1.855, "T12_C": 1.945, "T13_C": 1.95, "T14_C": 1.85, "T180_C": 2.22, "T181_C": 1.66}
[2025-08-23 22:15:09] Sassuolo vs Napoli - C Values: {"T1_C": 6.35, "T2_C": 3.42, "T3_C": 1.656, "T4_C": 2.24, "T5_C": 1.335, "T6_C": 1.136, "T7_C": 1.664, "T8_C": 2.21, "T9_C": 1.75, "T10_C": 2.075, "T11_C": 1.855, "T12_C": 1.945, "T13_C": 1.95, "T14_C": 1.85, "T180_C": 2.22, "T181_C": 1.66}
[2025-08-23 22:16:03] Sassuolo vs Napoli - C Values: {"T1_C": 6.35, "T2_C": 3.42, "T3_C": 1.656, "T4_C": 2.24, "T5_C": 1.335, "T6_C": 1.136, "T7_C": 1.664, "T8_C": 2.21, "T9_C": 1.77, "T10_C": 2.05, "T11_C": 1.855, "T12_C": 1.945, "T13_C": 1.95, "T14_C": 1.85, "T180_C": 2.22, "T181_C": 1.66}
[2025-08-23 22:17:10] Sassuolo vs Napoli - C Values: {"T1_C": 6.35, "T2_C": 3.42, "T3_C": 1.656, "T4_C": 2.24, "T5_C": 1.335, "T6_C": 1.136, "T7_C": 1.664, "T8_C": 2.21, "T9_C": 1.785, "T10_C": 2.025, "T11_C": 1.91, "T12_C": 1.89, "T13_C": 1.95, "T14_C": 1.85, "T180_C": 2.33, "T181_C": 1.605}
[2025-08-23 22:17:47] Sassuolo vs Napoli - C Values: {"T1_C": 18, "T2_C": 6.25, "T3_C": 1.19, "T4_C": 4.69, "T5_C": 1.14, "T6_C": 1.02, "T7_C": 2.085, "T8_C": 1.744, "T9_C": 1.785, "T10_C": 2.025, "T11_C": 1.784, "T12_C": 2.03, "T13_C": 2.136, "T14_C": 1.71, "T180_C": 1.784, "T181_C": 2.03}
[2025-08-23 22:17:58] Sassuolo vs Napoli - C Values: {"T1_C": 21, "T2_C": 7, "T3_C": 1.155, "T4_C": 5.31, "T5_C": 1.12, "T6_C": 1.016, "T7_C": 2.225, "T8_C": 1.656, "T9_C": 1.735, "T10_C": 2.1, "T11_C": 1.784, "T12_C": 2.03, "T13_C": 1.95, "T14_C": 1.85, "T180_C": 1.784, "T181_C": 2.03}
[2025-08-23 22:18:23] Sassuolo vs Napoli - C Values: {"T1_C": 21, "T2_C": 7, "T3_C": 1.155, "T4_C": 5.31, "T5_C": 1.12, "T6_C": 1.016, "T7_C": 2.145, "T8_C": 1.704, "T9_C": 1.83, "T10_C": 1.975, "T11_C": 1.784, "T12_C": 2.03, "T13_C": 2.045, "T14_C": 1.775, "T180_C": 1.784, "T181_C": 2.03}
[2025-08-23 22:18:41] Sassuolo vs Napoli - C Values: {"T1_C": 17, "T2_C": 6.45, "T3_C": 1.19, "T4_C": 4.69, "T5_C": 1.135, "T6_C": 1.025, "T7_C": 2.055, "T8_C": 1.768, "T9_C": 1.83, "T10_C": 1.975, "T11_C": 1.744, "T12_C": 2.09, "T13_C": 2.136, "T14_C": 1.71, "T180_C": 1.744, "T181_C": 2.09}
[2025-08-23 22:19:10] Sassuolo vs Napoli - C Values: {"T1_C": 17, "T2_C": 6.45, "T3_C": 1.19, "T4_C": 4.69, "T5_C": 1.135, "T6_C": 1.025, "T7_C": 2.055, "T8_C": 1.768, "T9_C": 1.856, "T10_C": 1.944, "T11_C": 1.784, "T12_C": 2.03, "T13_C": 2.2, "T14_C": 1.67, "T180_C": 1.784, "T181_C": 2.03}
[2025-08-23 22:19:15] Sassuolo vs Napoli - C Values: {"T1_C": 17, "T2_C": 6.45, "T3_C": 1.19, "T4_C": 4.69, "T5_C": 1.135, "T6_C": 1.025, "T7_C": 2.025, "T8_C": 1.785, "T9_C": 1.885, "T10_C": 1.915, "T11_C": 1.744, "T12_C": 2.09, "T13_C": 2.2, "T14_C": 1.67, "T180_C": 1.744, "T181_C": 2.09}
[2025-08-23 22:19:21] Sassuolo vs Napoli - C Values: {"T1_C": 17, "T2_C": 6.45, "T3_C": 1.19, "T4_C": 4.69, "T5_C": 1.135, "T6_C": 1.025, "T7_C": 2.025, "T8_C": 1.785, "T9_C": 1.856, "T10_C": 1.944, "T11_C": 1.744, "T12_C": 2.09, "T13_C": 2.2, "T14_C": 1.67, "T180_C": 1.744, "T181_C": 2.09}
[2025-08-23 22:19:28] Sassuolo vs Napoli - C Values: {"T1_C": 17, "T2_C": 6.45, "T3_C": 1.19, "T4_C": 4.69, "T5_C": 1.135, "T6_C": 1.025, "T7_C": 2.025, "T8_C": 1.785, "T9_C": 1.885, "T10_C": 1.915, "T11_C": 1.744, "T12_C": 2.09, "T13_C": 2.2, "T14_C": 1.67, "T180_C": 1.744, "T181_C": 2.09}
[2025-08-23 22:19:40] Sassuolo vs Napoli - C Values: {"T1_C": 18, "T2_C": 6.25, "T3_C": 1.19, "T4_C": 4.69, "T5_C": 1.14, "T6_C": 1.02, "T7_C": 2.055, "T8_C": 1.768, "T9_C": 1.885, "T10_C": 1.915, "T11_C": 1.784, "T12_C": 2.03, "T13_C": 2.2, "T14_C": 1.67, "T180_C": 1.784, "T181_C": 2.03}
[2025-08-23 22:20:13] Sassuolo vs Napoli - C Values: {"T1_C": 17, "T2_C": 6.45, "T3_C": 1.19, "T4_C": 4.69, "T5_C": 1.135, "T6_C": 1.025, "T7_C": 2.025, "T8_C": 1.785, "T9_C": 1.885, "T10_C": 1.915, "T11_C": 1.744, "T12_C": 2.09, "T13_C": 2.2, "T14_C": 1.67, "T180_C": 1.744, "T181_C": 2.09}
[2025-08-23 22:20:56] Sassuolo vs Napoli - C Values: {"T1_C": 15, "T2_C": 6, "T3_C": 1.22, "T4_C": 4.3, "T5_C": 1.145, "T6_C": 1.035, "T7_C": 1.95, "T8_C": 1.85, "T9_C": 1.912, "T10_C": 1.888, "T11_C": 1.744, "T12_C": 2.09, "T13_C": 2.2, "T14_C": 1.67, "T180_C": 1.744, "T181_C": 2.09}
[2025-08-23 22:21:01] Sassuolo vs Napoli - C Values: {"T1_C": 15, "T2_C": 6, "T3_C": 1.22, "T4_C": 4.3, "T5_C": 1.145, "T6_C": 1.035, "T7_C": 1.95, "T8_C": 1.85, "T9_C": 1.94, "T10_C": 1.86, "T11_C": 1.784, "T12_C": 2.03, "T13_C": 2.305, "T14_C": 1.616, "T180_C": 1.784, "T181_C": 2.03}
[2025-08-23 22:21:07] Sassuolo vs Napoli - C Values: {"T1_C": 15, "T2_C": 6, "T3_C": 1.215, "T4_C": 4.36, "T5_C": 1.145, "T6_C": 1.03, "T7_C": 2, "T8_C": 1.808, "T9_C": 1.94, "T10_C": 1.86, "T11_C": 1.784, "T12_C": 2.03, "T13_C": 2.305, "T14_C": 1.616, "T180_C": 1.784, "T181_C": 2.03}
[2025-08-23 22:21:13] Sassuolo vs Napoli - C Values: {"T1_C": 17, "T2_C": 6.45, "T3_C": 1.19, "T4_C": 4.69, "T5_C": 1.135, "T6_C": 1.025, "T7_C": 2, "T8_C": 1.808, "T9_C": 1.975, "T10_C": 1.83, "T11_C": 1.784, "T12_C": 2.03, "T13_C": 2.305, "T14_C": 1.616, "T180_C": 1.784, "T181_C": 2.03}
[2025-08-23 22:21:32] Sassuolo vs Napoli - C Values: {"T1_C": 18, "T2_C": 6.25, "T3_C": 1.19, "T4_C": 4.69, "T5_C": 1.14, "T6_C": 1.02, "T7_C": 2, "T8_C": 1.808, "T9_C": 2.12, "T10_C": 1.72, "T11_C": 1.784, "T12_C": 2.03, "T13_C": 1.61, "T14_C": 2.32, "T180_C": 1.784, "T181_C": 2.03}
[2025-08-23 22:21:52] Sassuolo vs Napoli - C Values: {"T1_C": 18, "T2_C": 6.25, "T3_C": 1.19, "T4_C": 4.69, "T5_C": 1.14, "T6_C": 1.02, "T7_C": 2, "T8_C": 1.808, "T9_C": 2.165, "T10_C": 1.69, "T11_C": 1.855, "T12_C": 1.945, "T13_C": 1.61, "T14_C": 2.32, "T180_C": 1.855, "T181_C": 1.945}
[2025-08-23 22:22:23] Sassuolo vs Napoli - C Values: {"T1_C": 18, "T2_C": 6.25, "T3_C": 1.19, "T4_C": 4.69, "T5_C": 1.14, "T6_C": 1.02, "T7_C": 1.975, "T8_C": 1.83, "T9_C": 2.165, "T10_C": 1.69, "T11_C": 1.784, "T12_C": 2.03, "T13_C": 1.61, "T14_C": 2.32, "T180_C": 1.784, "T181_C": 2.03}
[2025-08-23 22:22:43] Sassuolo vs Napoli - C Values: {"T1_C": 18, "T2_C": 6.25, "T3_C": 1.19, "T4_C": 4.69, "T5_C": 1.14, "T6_C": 1.02, "T7_C": 1.975, "T8_C": 1.83, "T9_C": 2.165, "T10_C": 1.696, "T11_C": 1.855, "T12_C": 1.945, "T13_C": 1.61, "T14_C": 2.32, "T180_C": 1.855, "T181_C": 1.945}
[2025-08-23 22:22:56] Sassuolo vs Napoli - C Values: {"T1_C": 19, "T2_C": 6.1, "T3_C": 1.19, "T4_C": 4.68, "T5_C": 1.144, "T6_C": 1.02, "T7_C": 1.95, "T8_C": 1.85, "T9_C": 2.165, "T10_C": 1.696, "T11_C": 1.855, "T12_C": 1.945, "T13_C": 1.61, "T14_C": 2.32, "T180_C": 1.855, "T181_C": 1.945}
[2025-08-23 22:23:02] Sassuolo vs Napoli - C Values: {"T1_C": 18, "T2_C": 6.25, "T3_C": 1.19, "T4_C": 4.69, "T5_C": 1.14, "T6_C": 1.02, "T7_C": 1.975, "T8_C": 1.83, "T9_C": 2.165, "T10_C": 1.696, "T11_C": 1.855, "T12_C": 1.945, "T13_C": 1.61, "T14_C": 2.32, "T180_C": 1.855, "T181_C": 1.945}
[2025-08-23 22:23:46] Sassuolo vs Napoli - C Values: {"T1_C": 18, "T2_C": 6.25, "T3_C": 1.19, "T4_C": 4.69, "T5_C": 1.14, "T6_C": 1.02, "T7_C": 1.95, "T8_C": 1.85, "T9_C": 2.165, "T10_C": 1.696, "T11_C": 1.855, "T12_C": 1.945, "T13_C": 1.61, "T14_C": 2.32, "T180_C": 1.855, "T181_C": 1.945}
[2025-08-23 22:24:16] Sassuolo vs Napoli - C Values: {"T1_C": 18, "T2_C": 6.25, "T3_C": 1.19, "T4_C": 4.69, "T5_C": 1.14, "T6_C": 1.02, "T7_C": 1.95, "T8_C": 1.85, "T9_C": 2.208, "T10_C": 1.665, "T11_C": 1.855, "T12_C": 1.945, "T13_C": 1.67, "T14_C": 2.195, "T180_C": 1.855, "T181_C": 1.945}
[2025-08-23 22:24:41] Sassuolo vs Napoli - C Values: {"T1_C": 18, "T2_C": 6.25, "T3_C": 1.19, "T4_C": 4.69, "T5_C": 1.14, "T6_C": 1.02, "T7_C": 1.975, "T8_C": 1.83, "T9_C": 2.208, "T10_C": 1.665, "T11_C": 1.93, "T12_C": 1.87, "T13_C": 1.61, "T14_C": 2.32, "T180_C": 1.93, "T181_C": 1.87}
[2025-08-23 22:24:46] Sassuolo vs Napoli - C Values: {"T1_C": 18, "T2_C": 6.25, "T3_C": 1.19, "T4_C": 4.69, "T5_C": 1.14, "T6_C": 1.02, "T7_C": 1.95, "T8_C": 1.85, "T9_C": 2.208, "T10_C": 1.665, "T11_C": 1.855, "T12_C": 1.945, "T13_C": 1.67, "T14_C": 2.195, "T180_C": 1.855, "T181_C": 1.945}
[2025-08-23 22:25:17] Sassuolo vs Napoli - C Values: {"T1_C": 18, "T2_C": 6.25, "T3_C": 1.19, "T4_C": 4.69, "T5_C": 1.14, "T6_C": 1.02, "T7_C": 1.95, "T8_C": 1.85, "T9_C": 1.64, "T10_C": 2.256, "T11_C": 1.93, "T12_C": 1.87, "T13_C": 1.67, "T14_C": 2.195, "T180_C": 1.93, "T181_C": 1.87}
[2025-08-23 22:25:59] Sassuolo vs Napoli - C Values: {"T1_C": 18, "T2_C": 6.25, "T3_C": 1.19, "T4_C": 4.69, "T5_C": 1.14, "T6_C": 1.02, "T7_C": 1.95, "T8_C": 1.85, "T9_C": 1.7, "T10_C": 2.152, "T11_C": 1.93, "T12_C": 1.87, "T13_C": 1.67, "T14_C": 2.195, "T180_C": 1.93, "T181_C": 1.87}
[2025-08-23 22:28:02] Sassuolo vs Napoli - C Values: {"T1_C": 18, "T2_C": 6.25, "T3_C": 1.19, "T4_C": 4.69, "T5_C": 1.14, "T6_C": 1.02, "T7_C": 1.92, "T8_C": 1.88, "T9_C": 1.7, "T10_C": 2.152, "T11_C": 1.93, "T12_C": 1.87, "T13_C": 1.67, "T14_C": 2.195, "T180_C": 1.93, "T181_C": 1.87}
[2025-08-23 22:28:27] Sassuolo vs Napoli - C Values: {"T1_C": 16, "T2_C": 5.85, "T3_C": 1.215, "T4_C": 4.36, "T5_C": 1.15, "T6_C": 1.03, "T7_C": 1.87, "T8_C": 1.93, "T9_C": 1.64, "T10_C": 2.256, "T11_C": 1.784, "T12_C": 2.03, "T13_C": 1.67, "T14_C": 2.195, "T180_C": 1.784, "T181_C": 2.03}
[2025-08-23 22:28:39] Sassuolo vs Napoli - C Values: {"T1_C": 19, "T2_C": 6.1, "T3_C": 1.19, "T4_C": 4.68, "T5_C": 1.144, "T6_C": 1.02, "T7_C": 1.896, "T8_C": 1.9, "T9_C": 1.7, "T10_C": 2.152, "T11_C": 1.93, "T12_C": 1.87, "T13_C": 1.67, "T14_C": 2.195, "T180_C": 1.93, "T181_C": 1.87}
[2025-08-23 22:29:22] Sassuolo vs Napoli - C Values: {"T1_C": 16, "T2_C": 5.85, "T3_C": 1.215, "T4_C": 4.36, "T5_C": 1.15, "T6_C": 1.03, "T7_C": 1.87, "T8_C": 1.93, "T9_C": 1.7, "T10_C": 2.152, "T11_C": 1.855, "T12_C": 1.945, "T13_C": 1.67, "T14_C": 2.195, "T180_C": 1.855, "T181_C": 1.945}
[2025-08-23 22:29:34] Sassuolo vs Napoli - C Values: {"T1_C": 18, "T2_C": 5.7, "T3_C": 1.215, "T4_C": 4.36, "T5_C": 1.16, "T6_C": 1.025, "T7_C": 1.87, "T8_C": 1.93, "T9_C": 1.7, "T10_C": 2.152, "T11_C": 1.855, "T12_C": 1.945, "T13_C": 1.67, "T14_C": 2.195, "T180_C": 1.855, "T181_C": 1.945}
[2025-08-23 22:29:46] Sassuolo vs Napoli - C Values: {"T1_C": 18, "T2_C": 6.25, "T3_C": 1.19, "T4_C": 4.69, "T5_C": 1.14, "T6_C": 1.02, "T7_C": 1.896, "T8_C": 1.9, "T9_C": 1.77, "T10_C": 2.05, "T11_C": 1.93, "T12_C": 1.87, "T13_C": 1.808, "T14_C": 2.005, "T180_C": 1.93, "T181_C": 1.87}
[2025-08-23 22:29:52] Sassuolo vs Napoli - C Values: {"T1_C": 16, "T2_C": 5.85, "T3_C": 1.215, "T4_C": 4.36, "T5_C": 1.15, "T6_C": 1.03, "T7_C": 1.848, "T8_C": 1.955, "T9_C": 1.7, "T10_C": 2.152, "T11_C": 1.93, "T12_C": 1.87, "T13_C": 1.795, "T14_C": 2.016, "T180_C": 1.93, "T181_C": 1.87}
[2025-08-23 22:30:05] Sassuolo vs Napoli - C Values: {"T1_C": 18, "T2_C": 5.7, "T3_C": 1.215, "T4_C": 4.36, "T5_C": 1.16, "T6_C": 1.025, "T7_C": 1.87, "T8_C": 1.93, "T9_C": 1.7, "T10_C": 2.152, "T11_C": 1.93, "T12_C": 1.87, "T13_C": 1.78, "T14_C": 2.035, "T180_C": 1.93, "T181_C": 1.87}
[2025-08-23 22:30:24] Sassuolo vs Napoli - C Values: {"T1_C": 19, "T2_C": 6.1, "T3_C": 1.19, "T4_C": 4.68, "T5_C": 1.144, "T6_C": 1.02, "T7_C": 1.87, "T8_C": 1.93, "T9_C": 1.77, "T10_C": 2.05, "T11_C": 1.93, "T12_C": 1.87, "T13_C": 1.825, "T14_C": 1.984, "T180_C": 1.93, "T181_C": 1.87}
[2025-08-23 22:30:30] Sassuolo vs Napoli - C Values: {"T1_C": 18, "T2_C": 5.7, "T3_C": 1.215, "T4_C": 4.36, "T5_C": 1.16, "T6_C": 1.025, "T7_C": 1.848, "T8_C": 1.955, "T9_C": 1.77, "T10_C": 2.05, "T11_C": 1.93, "T12_C": 1.87, "T13_C": 1.84, "T14_C": 1.96, "T180_C": 1.93, "T181_C": 1.87}
[2025-08-23 22:31:40] Sassuolo vs Napoli - C Values: {"T1_C": 16, "T2_C": 5.85, "T3_C": 1.215, "T4_C": 4.36, "T5_C": 1.15, "T6_C": 1.03, "T7_C": 1.825, "T8_C": 1.98, "T9_C": 1.77, "T10_C": 2.05, "T11_C": 1.93, "T12_C": 1.87, "T13_C": 1.86, "T14_C": 1.94, "T180_C": 1.93, "T181_C": 1.87}
[2025-08-23 22:31:46] Sassuolo vs Napoli - C Values: {"T1_C": 18, "T2_C": 5.7, "T3_C": 1.215, "T4_C": 4.36, "T5_C": 1.16, "T6_C": 1.025, "T7_C": 1.825, "T8_C": 1.98, "T9_C": 1.77, "T10_C": 2.05, "T11_C": 1.93, "T12_C": 1.87, "T13_C": 1.86, "T14_C": 1.94, "T180_C": 1.93, "T181_C": 1.87}
[2025-08-23 22:32:11] Sassuolo vs Napoli - C Values: {"T1_C": 16, "T2_C": 5.85, "T3_C": 1.215, "T4_C": 4.36, "T5_C": 1.15, "T6_C": 1.03, "T7_C": 1.79, "T8_C": 2.02, "T9_C": 1.77, "T10_C": 2.05, "T11_C": 1.93, "T12_C": 1.87, "T13_C": 1.89, "T14_C": 1.91, "T180_C": 1.93, "T181_C": 1.87}
[2025-08-23 22:32:30] Sassuolo vs Napoli - C Values: {"T1_C": 18, "T2_C": 5.7, "T3_C": 1.215, "T4_C": 4.36, "T5_C": 1.16, "T6_C": 1.025, "T7_C": 1.825, "T8_C": 1.98, "T9_C": 1.77, "T10_C": 2.05, "T11_C": 1.93, "T12_C": 1.87, "T13_C": 1.86, "T14_C": 1.94, "T180_C": 1.93, "T181_C": 1.87}
[2025-08-23 22:33:08] Sassuolo vs Napoli - C Values: {"T1_C": 18, "T2_C": 5.7, "T3_C": 1.215, "T4_C": 4.36, "T5_C": 1.16, "T6_C": 1.025, "T7_C": 1.79, "T8_C": 2.02, "T9_C": 1.85, "T10_C": 1.95, "T11_C": 1.93, "T12_C": 1.87, "T13_C": 2.02, "T14_C": 1.792, "T180_C": 1.93, "T181_C": 1.87}
[2025-08-23 22:34:04] Sassuolo vs Napoli - C Values: {"T1_C": 18, "T2_C": 5.7, "T3_C": 1.215, "T4_C": 4.36, "T5_C": 1.16, "T6_C": 1.025, "T7_C": 1.79, "T8_C": 2.02, "T9_C": 1.85, "T10_C": 1.95, "T11_C": 1.984, "T12_C": 1.82, "T13_C": 2.02, "T14_C": 1.792, "T180_C": 1.984, "T181_C": 1.82}
[2025-08-23 22:34:22] Sassuolo vs Napoli - C Values: {"T1_C": 18, "T2_C": 5.7, "T3_C": 1.215, "T4_C": 4.36, "T5_C": 1.16, "T6_C": 1.025, "T7_C": 1.77, "T8_C": 2.05, "T9_C": 1.85, "T10_C": 1.95, "T11_C": 1.93, "T12_C": 1.87, "T13_C": 2.02, "T14_C": 1.792, "T180_C": 1.93, "T181_C": 1.87}
[2025-08-23 22:34:59] Sassuolo vs Napoli - C Values: {"T1_C": 16, "T2_C": 5.85, "T3_C": 1.215, "T4_C": 4.36, "T5_C": 1.15, "T6_C": 1.03, "T7_C": 1.775, "T8_C": 2.04, "T9_C": 1.85, "T10_C": 1.95, "T11_C": 1.93, "T12_C": 1.87, "T13_C": 2.02, "T14_C": 1.792, "T180_C": 1.93, "T181_C": 1.87}
[2025-08-23 22:35:06] Sassuolo vs Napoli - C Values: {"T1_C": 18, "T2_C": 5.7, "T3_C": 1.215, "T4_C": 4.36, "T5_C": 1.16, "T6_C": 1.025, "T7_C": 1.775, "T8_C": 2.04, "T9_C": 1.85, "T10_C": 1.95, "T11_C": 1.984, "T12_C": 1.82, "T13_C": 2.02, "T14_C": 1.792, "T180_C": 1.984, "T181_C": 1.82}
[2025-08-23 22:35:19] Sassuolo vs Napoli - C Values: {"T1_C": 16, "T2_C": 5.85, "T3_C": 1.215, "T4_C": 4.36, "T5_C": 1.15, "T6_C": 1.03, "T7_C": 1.752, "T8_C": 2.07, "T9_C": 1.85, "T10_C": 1.95, "T11_C": 1.93, "T12_C": 1.87, "T13_C": 2.02, "T14_C": 1.792, "T180_C": 1.93, "T181_C": 1.87}
[2025-08-23 22:35:44] Sassuolo vs Napoli - C Values: {"T1_C": 16, "T2_C": 5.85, "T3_C": 1.215, "T4_C": 4.36, "T5_C": 1.15, "T6_C": 1.03, "T7_C": 1.752, "T8_C": 2.07, "T9_C": 1.85, "T10_C": 1.95, "T11_C": 1.984, "T12_C": 1.82, "T13_C": 2.02, "T14_C": 1.792, "T180_C": 1.984, "T181_C": 1.82}
[2025-08-23 22:36:09] Sassuolo vs Napoli - C Values: {"T1_C": 18, "T2_C": 5.7, "T3_C": 1.215, "T4_C": 4.36, "T5_C": 1.16, "T6_C": 1.025, "T7_C": 1.752, "T8_C": 2.07, "T9_C": 1.975, "T10_C": 1.83, "T11_C": 1.984, "T12_C": 1.82, "T13_C": 2.152, "T14_C": 1.7, "T180_C": 1.984, "T181_C": 1.82}
[2025-08-23 22:36:33] Sassuolo vs Napoli - C Values: {"T1_C": 18, "T2_C": 5.7, "T3_C": 1.215, "T4_C": 4.36, "T5_C": 1.16, "T6_C": 1.025, "T7_C": 1.752, "T8_C": 2.07, "T9_C": 1.975, "T10_C": 1.83, "T11_C": 1.984, "T12_C": 1.82, "T13_C": 2.155, "T14_C": 1.696, "T180_C": 1.984, "T181_C": 1.82}
[2025-08-23 22:36:57] Sassuolo vs Napoli - C Values: {"T1_C": 15, "T2_C": 5.45, "T3_C": 1.24, "T4_C": 4.06, "T5_C": 1.17, "T6_C": 1.03, "T7_C": 1.725, "T8_C": 2.115, "T9_C": 1.975, "T10_C": 1.83, "T11_C": 1.984, "T12_C": 1.82, "T13_C": 2.155, "T14_C": 1.696, "T180_C": 1.984, "T181_C": 1.82}
[2025-08-23 22:37:09] Sassuolo vs Napoli - C Values: {"T1_C": 16, "T2_C": 5.85, "T3_C": 1.215, "T4_C": 4.36, "T5_C": 1.15, "T6_C": 1.03, "T7_C": 1.725, "T8_C": 2.115, "T9_C": 1.975, "T10_C": 1.83, "T11_C": 1.984, "T12_C": 1.82, "T13_C": 2.155, "T14_C": 1.696, "T180_C": 1.984, "T181_C": 1.82}
[2025-08-23 22:37:25] Sassuolo vs Napoli - C Values: {"T1_C": 16, "T2_C": 5.25, "T3_C": 1.245, "T4_C": 4.02, "T5_C": 1.175, "T6_C": 1.03, "T7_C": 1.696, "T8_C": 2.16, "T9_C": 1.975, "T10_C": 1.83, "T11_C": 1.984, "T12_C": 1.82, "T13_C": 2.155, "T14_C": 1.696, "T180_C": 1.984, "T181_C": 1.82}
[2025-08-23 22:38:33] Sassuolo vs Napoli - C Values: {"T1_C": 16, "T2_C": 5.25, "T3_C": 1.245, "T4_C": 4.02, "T5_C": 1.175, "T6_C": 1.03, "T7_C": 1.696, "T8_C": 2.16, "T9_C": 1.975, "T10_C": 1.83, "T11_C": 1.984, "T12_C": 1.82, "T13_C": 2.29, "T14_C": 1.625, "T180_C": 1.984, "T181_C": 1.82}
[2025-08-23 22:38:43] Sassuolo vs Napoli - C Values: {"T1_C": 16, "T2_C": 5.25, "T3_C": 1.245, "T4_C": 4.02, "T5_C": 1.175, "T6_C": 1.03, "T7_C": 1.696, "T8_C": 2.16, "T9_C": 1.975, "T10_C": 1.83, "T11_C": 1.984, "T12_C": 1.82, "T13_C": 2.29, "T14_C": 1.625, "T180_C": 1.984, "T181_C": 1.82}
[2025-08-23 22:39:56] Sassuolo vs Napoli - C Values: {"T1_C": 19, "T2_C": 5.55, "T3_C": 1.216, "T4_C": 4.35, "T5_C": 1.165, "T6_C": 1.02, "T7_C": 1.664, "T8_C": 2.21, "T9_C": 2.08, "T10_C": 1.75, "T11_C": 2.045, "T12_C": 1.775, "T13_C": 1.56, "T14_C": 2.43, "T180_C": 2.045, "T181_C": 1.775}
[2025-08-23 22:41:03] Sassuolo vs Napoli - C Values: {"T1_C": 19, "T2_C": 5.55, "T3_C": 1.216, "T4_C": 4.35, "T5_C": 1.165, "T6_C": 1.02, "T7_C": 1.664, "T8_C": 2.21, "T9_C": 2.175, "T10_C": 1.685, "T11_C": 2.096, "T12_C": 1.74, "T13_C": 1.56, "T14_C": 2.43, "T180_C": 2.096, "T181_C": 1.74}
[2025-08-23 22:41:39] Sassuolo vs Napoli - C Values: {"T1_C": 18, "T2_C": 5.7, "T3_C": 1.215, "T4_C": 4.36, "T5_C": 1.16, "T6_C": 1.025, "T7_C": 1.696, "T8_C": 2.16, "T9_C": 2.08, "T10_C": 1.75, "T11_C": 2.096, "T12_C": 1.74, "T13_C": 2.29, "T14_C": 1.625, "T180_C": 2.096, "T181_C": 1.74}
[2025-08-23 22:41:53] Sassuolo vs Napoli - C Values: {"T1_C": 18, "T2_C": 5.7, "T3_C": 1.215, "T4_C": 4.36, "T5_C": 1.16, "T6_C": 1.025, "T7_C": 1.696, "T8_C": 2.16, "T9_C": 2.08, "T10_C": 1.75, "T11_C": 2.096, "T12_C": 1.74, "T13_C": 1.56, "T14_C": 2.43, "T180_C": 2.096, "T181_C": 1.74}
[2025-08-23 22:42:18] Sassuolo vs Napoli - C Values: {"T1_C": 18, "T2_C": 5.7, "T3_C": 1.215, "T4_C": 4.36, "T5_C": 1.16, "T6_C": 1.025, "T7_C": 1.696, "T8_C": 2.16, "T9_C": 2.175, "T10_C": 1.685, "T11_C": 2.096, "T12_C": 1.74, "T13_C": 1.56, "T14_C": 2.43, "T180_C": 2.096, "T181_C": 1.74}
[2025-08-23 22:42:32] Sassuolo vs Napoli - C Values: {"T1_C": 18, "T2_C": 5.7, "T3_C": 1.215, "T4_C": 4.36, "T5_C": 1.16, "T6_C": 1.025, "T7_C": 1.664, "T8_C": 2.21, "T9_C": 2.175, "T10_C": 1.685, "T11_C": 2.096, "T12_C": 1.74, "T13_C": 1.56, "T14_C": 2.43, "T180_C": 2.096, "T181_C": 1.74}
[2025-08-23 22:43:41] Sassuolo vs Napoli - C Values: {"T1_C": 20, "T2_C": 5.55, "T3_C": 1.215, "T4_C": 4.35, "T5_C": 1.165, "T6_C": 1.02, "T7_C": 1.696, "T8_C": 2.16, "T9_C": 2.175, "T10_C": 1.685, "T11_C": 2.185, "T12_C": 1.68, "T13_C": 1.56, "T14_C": 2.43, "T180_C": 2.185, "T181_C": 1.68}
[2025-08-23 22:43:47] Sassuolo vs Napoli - C Values: {"T1_C": 18, "T2_C": 5.7, "T3_C": 1.215, "T4_C": 4.36, "T5_C": 1.16, "T6_C": 1.025, "T7_C": 1.664, "T8_C": 2.21, "T9_C": 2.175, "T10_C": 1.685, "T11_C": 2.185, "T12_C": 1.68, "T13_C": 1.59, "T14_C": 2.36, "T180_C": 2.185, "T181_C": 1.68}
[2025-08-23 22:43:59] Sassuolo vs Napoli - C Values: {"T1_C": 18, "T2_C": 5.7, "T3_C": 1.215, "T4_C": 4.36, "T5_C": 1.16, "T6_C": 1.025, "T7_C": 1.664, "T8_C": 2.21, "T9_C": 2.28, "T10_C": 1.625, "T11_C": 2.185, "T12_C": 1.68, "T13_C": 1.59, "T14_C": 2.36, "T180_C": 2.185, "T181_C": 1.68}
[2025-08-23 22:44:05] Sassuolo vs Napoli - C Values: {"T1_C": 20, "T2_C": 5.55, "T3_C": 1.215, "T4_C": 4.35, "T5_C": 1.165, "T6_C": 1.02, "T7_C": 1.696, "T8_C": 2.16, "T9_C": 2.28, "T10_C": 1.625, "T11_C": 2.185, "T12_C": 1.68, "T13_C": 1.56, "T14_C": 2.43, "T180_C": 2.185, "T181_C": 1.68}
[2025-08-23 22:44:24] Sassuolo vs Napoli - C Values: {"T1_C": 18, "T2_C": 5.7, "T3_C": 1.215, "T4_C": 4.36, "T5_C": 1.16, "T6_C": 1.025, "T7_C": 1.664, "T8_C": 2.21, "T9_C": 2.28, "T10_C": 1.625, "T11_C": 2.185, "T12_C": 1.68, "T13_C": 1.59, "T14_C": 2.36, "T180_C": 2.185, "T181_C": 1.68}
[2025-08-23 22:45:01] Sassuolo vs Napoli - C Values: {"T1_C": 20, "T2_C": 5.55, "T3_C": 1.215, "T4_C": 4.35, "T5_C": 1.165, "T6_C": 1.02, "T7_C": 1.664, "T8_C": 2.21, "T9_C": 2.28, "T10_C": 1.625, "T11_C": 2.185, "T12_C": 1.68, "T13_C": 1.59, "T14_C": 2.36, "T180_C": 2.185, "T181_C": 1.68}
[2025-08-23 22:46:23] Sassuolo vs Napoli - C Values: {"T1_C": 21, "T2_C": 5.95, "T3_C": 1.19, "T4_C": 4.68, "T5_C": 1.15, "T6_C": 1.016, "T7_C": 1.664, "T8_C": 2.21, "T9_C": 2.325, "T10_C": 1.608, "T11_C": 2.256, "T12_C": 1.64, "T13_C": 1.59, "T14_C": 2.36, "T180_C": 2.256, "T181_C": 1.64}
[2025-08-23 22:46:29] Sassuolo vs Napoli - C Values: {"T1_C": 20, "T2_C": 5.55, "T3_C": 1.215, "T4_C": 4.35, "T5_C": 1.165, "T6_C": 1.02, "T7_C": 1.64, "T8_C": 2.26, "T9_C": 2.325, "T10_C": 1.608, "T11_C": 2.256, "T12_C": 1.64, "T13_C": 1.64, "T14_C": 2.26, "T180_C": 2.256, "T181_C": 1.64}
[2025-08-23 22:46:43] Sassuolo vs Napoli - C Values: {"T1_C": 21, "T2_C": 5.95, "T3_C": 1.19, "T4_C": 4.68, "T5_C": 1.15, "T6_C": 1.016, "T7_C": 1.64, "T8_C": 2.26, "T9_C": 2.325, "T10_C": 1.608, "T11_C": 2.256, "T12_C": 1.64, "T13_C": 1.64, "T14_C": 2.26, "T180_C": 2.256, "T181_C": 1.64}
[2025-08-23 22:47:24] Sassuolo vs Napoli - C Values: {"T1_C": 21, "T2_C": 5.95, "T3_C": 1.19, "T4_C": 4.68, "T5_C": 1.15, "T6_C": 1.016, "T7_C": 1.64, "T8_C": 2.26, "T9_C": 1.615, "T10_C": 2.31, "T11_C": 2.256, "T12_C": 1.64, "T13_C": 1.64, "T14_C": 2.26, "T180_C": 2.256, "T181_C": 1.64}
[2025-08-23 22:48:12] Sassuolo vs Napoli - C Values: {"T1_C": 23, "T2_C": 5.85, "T3_C": 1.19, "T4_C": 4.67, "T5_C": 1.152, "T6_C": 1.01, "T7_C": 1.64, "T8_C": 2.26, "T9_C": 1.64, "T10_C": 2.256, "T11_C": 2.36, "T12_C": 1.59, "T13_C": 1.64, "T14_C": 2.26, "T180_C": 2.36, "T181_C": 1.59}
[2025-08-23 22:48:36] Sassuolo vs Napoli - C Values: {"T1_C": 23, "T2_C": 5.85, "T3_C": 1.19, "T4_C": 4.67, "T5_C": 1.152, "T6_C": 1.01, "T7_C": 1.615, "T8_C": 2.31, "T9_C": 1.665, "T10_C": 2.208, "T11_C": 2.36, "T12_C": 1.59, "T13_C": 1.64, "T14_C": 2.26, "T180_C": 2.36, "T181_C": 1.59}
[2025-08-23 22:48:48] Sassuolo vs Napoli - C Values: {"T1_C": 21, "T2_C": 5.95, "T3_C": 1.19, "T4_C": 4.68, "T5_C": 1.15, "T6_C": 1.016, "T7_C": 1.64, "T8_C": 2.26, "T9_C": 1.64, "T10_C": 2.256, "T11_C": 2.36, "T12_C": 1.59, "T13_C": 1.64, "T14_C": 2.26, "T180_C": 2.36, "T181_C": 1.59}
[2025-08-23 22:49:26] Sassuolo vs Napoli - C Values: {"T1_C": 23, "T2_C": 5.85, "T3_C": 1.19, "T4_C": 4.67, "T5_C": 1.152, "T6_C": 1.01, "T7_C": 1.615, "T8_C": 2.31, "T9_C": 1.665, "T10_C": 2.208, "T11_C": 2.36, "T12_C": 1.59, "T13_C": 1.696, "T14_C": 2.16, "T180_C": 2.36, "T181_C": 1.59}
[2025-08-23 22:52:32] Sassuolo vs Napoli - C Values: {"T1_C": 23, "T2_C": 5.85, "T3_C": 1.19, "T4_C": 4.67, "T5_C": 1.152, "T6_C": 1.01, "T7_C": 1.615, "T8_C": 2.31, "T9_C": 1.685, "T10_C": 2.175, "T11_C": 2.47, "T12_C": 1.544, "T13_C": 1.696, "T14_C": 2.16, "T180_C": 2.47, "T181_C": 1.544}
[2025-08-23 22:52:38] Sassuolo vs Napoli - C Values: {"T1_C": 23, "T2_C": 5.85, "T3_C": 1.19, "T4_C": 4.67, "T5_C": 1.152, "T6_C": 1.01, "T7_C": 1.615, "T8_C": 2.31, "T9_C": 1.665, "T10_C": 2.208, "T11_C": 2.36, "T12_C": 1.59, "T13_C": 1.696, "T14_C": 2.16, "T180_C": 2.36, "T181_C": 1.59}
[2025-08-23 22:53:08] Sassuolo vs Napoli - C Values: {"T1_C": 23, "T2_C": 5.85, "T3_C": 1.19, "T4_C": 4.67, "T5_C": 1.152, "T6_C": 1.01, "T7_C": 1.615, "T8_C": 2.31, "T9_C": 1.64, "T10_C": 2.256, "T11_C": 2.36, "T12_C": 1.59, "T13_C": 1.696, "T14_C": 2.16, "T180_C": 2.36, "T181_C": 1.59}
[2025-08-23 22:53:26] Sassuolo vs Napoli - C Values: {"T1_C": 23, "T2_C": 5.85, "T3_C": 1.19, "T4_C": 4.67, "T5_C": 1.152, "T6_C": 1.01, "T7_C": 1.64, "T8_C": 2.26, "T9_C": 1.64, "T10_C": 2.256, "T11_C": 2.36, "T12_C": 1.59, "T13_C": 1.64, "T14_C": 2.26, "T180_C": 2.36, "T181_C": 1.59}
[2025-08-23 22:53:33] Sassuolo vs Napoli - C Values: {"T1_C": 23, "T2_C": 5.85, "T3_C": 1.19, "T4_C": 4.67, "T5_C": 1.152, "T6_C": 1.01, "T7_C": 1.64, "T8_C": 2.26, "T9_C": 1.665, "T10_C": 2.208, "T11_C": 2.36, "T12_C": 1.59, "T13_C": 1.64, "T14_C": 2.26, "T180_C": 2.36, "T181_C": 1.59}
[2025-08-23 22:53:52] Sassuolo vs Napoli - C Values: {"T1_C": 23, "T2_C": 5.85, "T3_C": 1.19, "T4_C": 4.67, "T5_C": 1.152, "T6_C": 1.01, "T7_C": 1.64, "T8_C": 2.26, "T9_C": 1.64, "T10_C": 2.256, "T11_C": 2.36, "T12_C": 1.59, "T13_C": 1.64, "T14_C": 2.26, "T180_C": 2.36, "T181_C": 1.59}
[2025-08-23 22:54:12] Sassuolo vs Napoli - C Values: {"T1_C": 23, "T2_C": 5.85, "T3_C": 1.19, "T4_C": 4.67, "T5_C": 1.152, "T6_C": 1.01, "T7_C": 1.64, "T8_C": 2.26, "T9_C": 1.665, "T10_C": 2.208, "T11_C": 2.36, "T12_C": 1.59, "T13_C": 1.64, "T14_C": 2.26, "T180_C": 2.36, "T181_C": 1.59}
[2025-08-23 22:57:16] Sassuolo vs Napoli - C Values: {"T1_C": 23, "T2_C": 5.85, "T3_C": 1.19, "T4_C": 4.67, "T5_C": 1.152, "T6_C": 1.01, "T7_C": 1.64, "T8_C": 2.26, "T9_C": 1.81, "T10_C": 1.995, "T11_C": 2.485, "T12_C": 1.54, "T13_C": 1.775, "T14_C": 2.045, "T180_C": 2.485, "T181_C": 1.54}
[2025-08-23 23:01:51] Sassuolo vs Napoli - C Values: {"T1_C": 23, "T2_C": 5.85, "T3_C": 1.19, "T4_C": 4.67, "T5_C": 1.152, "T6_C": 1.01, "T7_C": 1.64, "T8_C": 2.26, "T9_C": 1.74, "T10_C": 2.096, "T11_C": 2.42, "T12_C": 1.565, "T13_C": 1.64, "T14_C": 2.26, "T180_C": 2.42, "T181_C": 1.565}
[2025-08-23 23:04:13] Sassuolo vs Napoli - C Values: {"T1_C": 23, "T2_C": 5.85, "T3_C": 1.19, "T4_C": 4.67, "T5_C": 1.152, "T6_C": 1.01, "T7_C": 1.64, "T8_C": 2.26, "T9_C": 1.74, "T10_C": 2.096, "T11_C": 2.535, "T12_C": 1.52, "T13_C": 1.696, "T14_C": 2.16, "T180_C": 2.535, "T181_C": 1.52}
[2025-08-23 23:04:25] Sassuolo vs Napoli - C Values: {"T1_C": 23, "T2_C": 5.85, "T3_C": 1.19, "T4_C": 4.67, "T5_C": 1.152, "T6_C": 1.01, "T7_C": 1.615, "T8_C": 2.31, "T9_C": 1.74, "T10_C": 2.096, "T11_C": 2.42, "T12_C": 1.565, "T13_C": 1.696, "T14_C": 2.16, "T180_C": 2.42, "T181_C": 1.565}
[2025-08-23 23:04:43] Sassuolo vs Napoli - C Values: {"T1_C": 23, "T2_C": 5.85, "T3_C": 1.19, "T4_C": 4.67, "T5_C": 1.152, "T6_C": 1.01, "T7_C": 1.64, "T8_C": 2.26, "T9_C": 1.752, "T10_C": 2.07, "T11_C": 2.535, "T12_C": 1.52, "T13_C": 1.696, "T14_C": 2.16, "T180_C": 2.535, "T181_C": 1.52}
[2025-08-23 23:04:49] Sassuolo vs Napoli - C Values: {"T1_C": 20, "T2_C": 5.55, "T3_C": 1.215, "T4_C": 4.35, "T5_C": 1.165, "T6_C": 1.02, "T7_C": 1.595, "T8_C": 2.344, "T9_C": 1.74, "T10_C": 2.096, "T11_C": 2.31, "T12_C": 1.615, "T13_C": 1.696, "T14_C": 2.16, "T180_C": 2.31, "T181_C": 1.615}
[2025-08-23 23:04:55] Sassuolo vs Napoli - C Values: {"T1_C": 23, "T2_C": 5.85, "T3_C": 1.19, "T4_C": 4.67, "T5_C": 1.152, "T6_C": 1.01, "T7_C": 1.615, "T8_C": 2.31, "T9_C": 1.74, "T10_C": 2.096, "T11_C": 2.42, "T12_C": 1.565, "T13_C": 1.696, "T14_C": 2.16, "T180_C": 2.42, "T181_C": 1.565}
[2025-08-23 23:05:27] Sassuolo vs Napoli - C Values: {"T1_C": 23, "T2_C": 5.85, "T3_C": 1.19, "T4_C": 4.67, "T5_C": 1.152, "T6_C": 1.01, "T7_C": 1.615, "T8_C": 2.31, "T9_C": 1.665, "T10_C": 2.208, "T11_C": 2.36, "T12_C": 1.59, "T13_C": 1.696, "T14_C": 2.16, "T180_C": 2.36, "T181_C": 1.59}
[2025-08-23 23:05:33] Sassuolo vs Napoli - C Values: {"T1_C": 23, "T2_C": 5.85, "T3_C": 1.19, "T4_C": 4.67, "T5_C": 1.152, "T6_C": 1.01, "T7_C": 1.615, "T8_C": 2.31, "T9_C": 1.685, "T10_C": 2.175, "T11_C": 2.47, "T12_C": 1.544, "T13_C": 1.696, "T14_C": 2.16, "T180_C": 2.47, "T181_C": 1.544}
[2025-08-23 23:05:59] Sassuolo vs Napoli - C Values: {"T1_C": 23, "T2_C": 5.85, "T3_C": 1.19, "T4_C": 4.67, "T5_C": 1.152, "T6_C": 1.01, "T7_C": 1.615, "T8_C": 2.31, "T9_C": 1.7, "T10_C": 2.152, "T11_C": 2.47, "T12_C": 1.544, "T13_C": 1.696, "T14_C": 2.16, "T180_C": 2.47, "T181_C": 1.544}
[2025-08-23 23:06:29] Sassuolo vs Napoli - C Values: {"T1_C": 25, "T2_C": 6.25, "T3_C": 1.17, "T4_C": 4.99, "T5_C": 1.14, "T6_C": 1.009, "T7_C": 1.615, "T8_C": 2.31, "T9_C": 1.735, "T10_C": 2.1, "T11_C": 2.47, "T12_C": 1.544, "T13_C": 1.696, "T14_C": 2.16, "T180_C": 2.47, "T181_C": 1.544}
[2025-08-23 23:07:20] Sassuolo vs Napoli - C Values: {"T1_C": 25, "T2_C": 6.25, "T3_C": 1.17, "T4_C": 4.99, "T5_C": 1.14, "T6_C": 1.009, "T7_C": 1.696, "T8_C": 2.16, "T9_C": 1.7, "T10_C": 2.152, "T11_C": 2.47, "T12_C": 1.544, "T13_C": 1.64, "T14_C": 2.26, "T180_C": 2.47, "T181_C": 1.544}
[2025-08-23 23:07:26] Sassuolo vs Napoli - C Values: {"T1_C": 25, "T2_C": 6.25, "T3_C": 1.17, "T4_C": 4.99, "T5_C": 1.14, "T6_C": 1.009, "T7_C": 1.696, "T8_C": 2.16, "T9_C": 1.64, "T10_C": 2.256, "T11_C": 2.47, "T12_C": 1.544, "T13_C": 1.64, "T14_C": 2.26, "T180_C": 2.47, "T181_C": 1.544}
[2025-08-23 23:07:33] Sassuolo vs Napoli - C Values: {"T1_C": 26, "T2_C": 6.6, "T3_C": 1.155, "T4_C": 5.3, "T5_C": 1.13, "T6_C": 1.006, "T7_C": 1.752, "T8_C": 2.07, "T9_C": 2.325, "T10_C": 1.608, "T11_C": 2.47, "T12_C": 1.544, "T13_C": 1.56, "T14_C": 2.43, "T180_C": 2.47, "T181_C": 1.544}
[2025-08-23 23:07:45] Sassuolo vs Napoli - C Values: {"T1_C": 26, "T2_C": 6.6, "T3_C": 1.155, "T4_C": 5.3, "T5_C": 1.13, "T6_C": 1.006, "T7_C": 1.752, "T8_C": 2.07, "T9_C": 1.65, "T10_C": 2.245, "T11_C": 2.535, "T12_C": 1.52, "T13_C": 1.56, "T14_C": 2.43, "T180_C": 2.535, "T181_C": 1.52}
[2025-08-23 23:07:51] Sassuolo vs Napoli - C Values: {"T1_C": 26, "T2_C": 6.6, "T3_C": 1.155, "T4_C": 5.3, "T5_C": 1.13, "T6_C": 1.006, "T7_C": 1.752, "T8_C": 2.07, "T9_C": 1.59, "T10_C": 2.36, "T11_C": 2.47, "T12_C": 1.544, "T13_C": 1.56, "T14_C": 2.43, "T180_C": 2.47, "T181_C": 1.544}
[2025-08-23 23:07:57] Sassuolo vs Napoli - C Values: {"T1_C": 26, "T2_C": 6.6, "T3_C": 1.155, "T4_C": 5.3, "T5_C": 1.13, "T6_C": 1.006, "T7_C": 1.752, "T8_C": 2.07, "T9_C": 1.615, "T10_C": 2.31, "T11_C": 2.47, "T12_C": 1.544, "T13_C": 1.56, "T14_C": 2.43, "T180_C": 2.47, "T181_C": 1.544}
[2025-08-23 23:08:03] Sassuolo vs Napoli - C Values: {"T1_C": 26, "T2_C": 6.6, "T3_C": 1.155, "T4_C": 5.3, "T5_C": 1.13, "T6_C": 1.006, "T7_C": 1.752, "T8_C": 2.07, "T9_C": 1.615, "T10_C": 2.31, "T11_C": 2.47, "T12_C": 1.544, "T13_C": 1.59, "T14_C": 2.36, "T180_C": 2.47, "T181_C": 1.544}
[2025-08-23 23:08:28] Sassuolo vs Napoli - C Values: {"T1_C": 26, "T2_C": 6.6, "T3_C": 1.155, "T4_C": 5.3, "T5_C": 1.13, "T6_C": 1.006, "T7_C": 1.752, "T8_C": 2.07, "T9_C": 1.615, "T10_C": 2.31, "T11_C": 2.608, "T12_C": 1.496, "T13_C": 1.59, "T14_C": 2.36, "T180_C": 2.608, "T181_C": 1.496}
[2025-08-23 23:08:34] Sassuolo vs Napoli - C Values: {"T1_C": 27, "T2_C": 6.1, "T3_C": 1.17, "T4_C": 4.99, "T5_C": 1.144, "T6_C": 1.006, "T7_C": 1.615, "T8_C": 2.31, "T9_C": 1.77, "T10_C": 2.05, "T11_C": 2.608, "T12_C": 1.496, "T13_C": 1.765, "T14_C": 2.06, "T180_C": 2.608, "T181_C": 1.496}
[2025-08-23 23:08:41] Sassuolo vs Napoli - C Values: {"T1_C": 27, "T2_C": 6.1, "T3_C": 1.17, "T4_C": 4.99, "T5_C": 1.144, "T6_C": 1.006, "T7_C": 1.595, "T8_C": 2.344, "T9_C": 1.83, "T10_C": 1.975, "T11_C": 2.608, "T12_C": 1.496, "T13_C": 1.765, "T14_C": 2.06, "T180_C": 2.608, "T181_C": 1.496}
[2025-08-23 23:09:01] Sassuolo vs Napoli - C Values: {"T1_C": 25, "T2_C": 6.25, "T3_C": 1.17, "T4_C": 4.99, "T5_C": 1.14, "T6_C": 1.009, "T7_C": 1.595, "T8_C": 2.344, "T9_C": 1.856, "T10_C": 1.944, "T11_C": 2.608, "T12_C": 1.496, "T13_C": 1.765, "T14_C": 2.06, "T180_C": 2.608, "T181_C": 1.496}
[2025-08-23 23:09:59] Sassuolo vs Napoli - C Values: {"T1_C": 25, "T2_C": 6.25, "T3_C": 1.17, "T4_C": 4.99, "T5_C": 1.14, "T6_C": 1.009, "T7_C": 1.595, "T8_C": 2.344, "T9_C": 1.885, "T10_C": 1.915, "T11_C": 2.608, "T12_C": 1.496, "T13_C": 1.765, "T14_C": 2.06, "T180_C": 2.608, "T181_C": 1.496}
[2025-08-23 23:10:17] Sassuolo vs Napoli - C Values: {"T1_C": 26, "T2_C": 6.6, "T3_C": 1.155, "T4_C": 5.3, "T5_C": 1.13, "T6_C": 1.006, "T7_C": 1.595, "T8_C": 2.344, "T9_C": 1.912, "T10_C": 1.888, "T11_C": 2.745, "T12_C": 1.45, "T13_C": 1.81, "T14_C": 2, "T180_C": 2.745, "T181_C": 1.45}
[2025-08-23 23:10:47] Sassuolo vs Napoli - C Values: {"T1_C": 27, "T2_C": 6, "T3_C": 1.165, "T4_C": 4.97, "T5_C": 1.15, "T6_C": 1.008, "T7_C": 1.595, "T8_C": 2.344, "T9_C": 1.94, "T10_C": 1.86, "T11_C": 2.745, "T12_C": 1.45, "T13_C": 1.81, "T14_C": 2, "T180_C": 2.745, "T181_C": 1.45}
[2025-08-23 23:11:07] Sassuolo vs Napoli - C Values: {"T1_C": 27, "T2_C": 6, "T3_C": 1.165, "T4_C": 4.97, "T5_C": 1.15, "T6_C": 1.008, "T7_C": 1.595, "T8_C": 2.344, "T9_C": 1.94, "T10_C": 1.86, "T11_C": 2.745, "T12_C": 1.45, "T13_C": 1.81, "T14_C": 2, "T180_C": 2.745, "T181_C": 1.45}
[2025-08-23 23:11:55] Sassuolo vs Napoli - C Values: {"T1_C": 27, "T2_C": 6, "T3_C": 1.165, "T4_C": 4.97, "T5_C": 1.15, "T6_C": 1.008, "T7_C": 1.595, "T8_C": 2.344, "T9_C": 1.975, "T10_C": 1.83, "T11_C": 2.745, "T12_C": 1.45, "T13_C": 1.81, "T14_C": 2, "T180_C": 2.745, "T181_C": 1.45}
[2025-08-23 23:12:14] Sassuolo vs Napoli - C Values: {"T1_C": 27, "T2_C": 6, "T3_C": 1.165, "T4_C": 4.97, "T5_C": 1.15, "T6_C": 1.008, "T7_C": 1.595, "T8_C": 2.344, "T9_C": 2.008, "T10_C": 1.8, "T11_C": 2.745, "T12_C": 1.45, "T13_C": 1.81, "T14_C": 2, "T180_C": 2.745, "T181_C": 1.45}
[2025-08-23 23:12:40] Sassuolo vs Napoli - C Values: {"T1_C": 27, "T2_C": 6, "T3_C": 1.165, "T4_C": 4.97, "T5_C": 1.15, "T6_C": 1.008, "T7_C": 1.595, "T8_C": 2.344, "T9_C": 1.99, "T10_C": 1.82, "T11_C": 2.736, "T12_C": 1.456, "T13_C": 1.81, "T14_C": 2, "T180_C": 2.736, "T181_C": 1.456}
[2025-08-23 23:13:23] Sassuolo vs Napoli - C Values: {"T1_C": 27, "T2_C": 6, "T3_C": 1.165, "T4_C": 4.97, "T5_C": 1.15, "T6_C": 1.008, "T7_C": 1.595, "T8_C": 2.344, "T9_C": 2.02, "T10_C": 1.79, "T11_C": 2.736, "T12_C": 1.456, "T13_C": 1.81, "T14_C": 2, "T180_C": 2.736, "T181_C": 1.456}
[2025-08-23 23:13:30] Sassuolo vs Napoli - C Values: {"T1_C": 27, "T2_C": 6, "T3_C": 1.165, "T4_C": 4.97, "T5_C": 1.15, "T6_C": 1.008, "T7_C": 1.57, "T8_C": 2.4, "T9_C": 2.06, "T10_C": 1.765, "T11_C": 2.95, "T12_C": 1.4, "T13_C": 1.81, "T14_C": 2, "T180_C": 2.95, "T181_C": 1.4}
[2025-08-23 23:13:37] Sassuolo vs Napoli - C Values: {"T1_C": 27, "T2_C": 6, "T3_C": 1.165, "T4_C": 4.97, "T5_C": 1.15, "T6_C": 1.008, "T7_C": 1.595, "T8_C": 2.344, "T9_C": 2.02, "T10_C": 1.79, "T11_C": 2.736, "T12_C": 1.456, "T13_C": 1.81, "T14_C": 2, "T180_C": 2.736, "T181_C": 1.456}
[2025-08-23 23:13:54] Sassuolo vs Napoli - C Values: {"T1_C": 27, "T2_C": 6, "T3_C": 1.165, "T4_C": 4.97, "T5_C": 1.15, "T6_C": 1.008, "T7_C": 1.57, "T8_C": 2.4, "T9_C": 2.06, "T10_C": 1.765, "T11_C": 2.736, "T12_C": 1.456, "T13_C": 1.81, "T14_C": 2, "T180_C": 2.736, "T181_C": 1.456}
[2025-08-23 23:14:01] Sassuolo vs Napoli - C Values: {"T1_C": 27, "T2_C": 6, "T3_C": 1.165, "T4_C": 4.97, "T5_C": 1.15, "T6_C": 1.008, "T7_C": 1.57, "T8_C": 2.4, "T9_C": 2.06, "T10_C": 1.765, "T11_C": 2.95, "T12_C": 1.4, "T13_C": 1.81, "T14_C": 2, "T180_C": 2.95, "T181_C": 1.4}
[2025-08-23 23:14:18] Sassuolo vs Napoli - C Values: {"T1_C": 31, "T2_C": 6.5, "T3_C": 1.14, "T4_C": 5.41, "T5_C": 1.136, "T6_C": 1.005, "T7_C": 1.64, "T8_C": 2.26, "T9_C": 1.925, "T10_C": 1.875, "T11_C": 2.95, "T12_C": 1.4, "T13_C": 1.765, "T14_C": 2.06, "T180_C": 2.95, "T181_C": 1.4}
[2025-08-23 23:14:31] Sassuolo vs Napoli - C Values: {"T1_C": 31, "T2_C": 6, "T3_C": 1.165, "T4_C": 5.04, "T5_C": 1.15, "T6_C": 1.004, "T7_C": 1.595, "T8_C": 2.344, "T9_C": 2.06, "T10_C": 1.765, "T11_C": 2.95, "T12_C": 1.4, "T13_C": 1.81, "T14_C": 2, "T180_C": 2.95, "T181_C": 1.4}
[2025-08-23 23:15:04] Sassuolo vs Napoli - C Values: {"T1_C": 31, "T2_C": 6, "T3_C": 1.14, "T4_C": 5.14, "T5_C": 1.14, "T6_C": 1.006, "T7_C": 1.595, "T8_C": 2.344, "T9_C": 2.06, "T10_C": 1.765, "T11_C": 2.95, "T12_C": 1.4, "T13_C": 1.81, "T14_C": 2, "T180_C": 2.95, "T181_C": 1.4}
[2025-08-23 23:15:23] Sassuolo vs Napoli - C Values: {"T1_C": 65, "T2_C": 19, "T3_C": 1.016, "T4_C": 15.9, "T5_C": 1.016, "T6_C": 1.001, "T7_C": 1.54, "T8_C": 2.47, "T9_C": 2.192, "T10_C": 1.675, "T11_C": 2.95, "T12_C": 1.4, "T13_C": 1.864, "T14_C": 1.936, "T180_C": 2.95, "T181_C": 1.4}
[2025-08-23 23:15:54] Sassuolo vs Napoli - C Values: {"T1_C": 68, "T2_C": 20, "T3_C": 1.01, "T4_C": 16, "T5_C": 1.016, "T6_C": 1.001, "T7_C": 1.54, "T8_C": 2.47, "T9_C": 2.24, "T10_C": 1.65, "T11_C": 2.95, "T12_C": 1.4, "T13_C": 1.864, "T14_C": 1.936, "T180_C": 2.95, "T181_C": 1.4}
[2025-08-23 23:16:24] Sassuolo vs Napoli - C Values: {"T1_C": 68, "T2_C": 20, "T3_C": 1.01, "T4_C": 16, "T5_C": 1.016, "T6_C": 1.001, "T7_C": 1.54, "T8_C": 2.47, "T9_C": 2.296, "T10_C": 1.62, "T11_C": 3.17, "T12_C": 1.355, "T13_C": 1.95, "T14_C": 1.85, "T180_C": 3.17, "T181_C": 1.355}
[2025-08-23 23:16:36] Sassuolo vs Napoli - C Values: {"T1_C": 68, "T2_C": 20, "T3_C": 1.01, "T4_C": 16, "T5_C": 1.016, "T6_C": 1.001, "T7_C": 1.54, "T8_C": 2.47, "T9_C": 2.24, "T10_C": 1.65, "T11_C": 2.95, "T12_C": 1.4, "T13_C": 1.864, "T14_C": 1.936, "T180_C": 2.95, "T181_C": 1.4}
[2025-08-23 23:17:27] Sassuolo vs Napoli - C Values: {"T1_C": 68, "T2_C": 20, "T3_C": 1.01, "T4_C": 16, "T5_C": 1.016, "T6_C": 1.001, "T7_C": 1.54, "T8_C": 2.47, "T9_C": 2.296, "T10_C": 1.62, "T11_C": 2.95, "T12_C": 1.4, "T13_C": 1.95, "T14_C": 1.85, "T180_C": 2.95, "T181_C": 1.4}
[2025-08-23 23:18:03] Sassuolo vs Napoli - C Values: {"T1_C": 68, "T2_C": 20, "T3_C": 1.01, "T4_C": 16, "T5_C": 1.016, "T6_C": 1.001, "T7_C": 1.54, "T8_C": 2.47, "T9_C": 2.352, "T10_C": 1.592, "T11_C": 3.17, "T12_C": 1.355, "T13_C": 1.95, "T14_C": 1.85, "T180_C": 3.17, "T181_C": 1.355}
[2025-08-23 23:18:59] Sassuolo vs Napoli - C Values: {"T1_C": 68, "T2_C": 20, "T3_C": 1.01, "T4_C": 16, "T5_C": 1.016, "T6_C": 1.001, "T7_C": 1.51, "T8_C": 2.56, "T9_C": 2.352, "T10_C": 1.592, "T11_C": 3.17, "T12_C": 1.355, "T13_C": 1.95, "T14_C": 1.85, "T180_C": 3.17, "T181_C": 1.355}
[2025-08-23 23:19:20] Sassuolo vs Napoli - C Values: {"T1_C": 68, "T2_C": 20, "T3_C": 1.01, "T4_C": 16, "T5_C": 1.016, "T6_C": 1.001, "T7_C": 1.51, "T8_C": 2.56, "T9_C": 2.42, "T10_C": 1.565, "T11_C": 3.17, "T12_C": 1.355, "T13_C": 1.95, "T14_C": 1.85, "T180_C": 3.17, "T181_C": 1.355}
[2025-08-23 23:20:01] Sassuolo vs Napoli - C Values: {"T1_C": 79, "T2_C": 19, "T3_C": 1.01, "T4_C": 16.6, "T5_C": 1.016, "T6_C": 1.001, "T7_C": 1.51, "T8_C": 2.56, "T9_C": 1.58, "T10_C": 2.384, "T11_C": 3.32, "T12_C": 1.33, "T13_C": 1.95, "T14_C": 1.85, "T180_C": 3.32, "T181_C": 1.33}
[2025-08-23 23:20:33] Sassuolo vs Napoli - C Values: {"T1_C": 68, "T2_C": 20, "T3_C": 1.01, "T4_C": 16, "T5_C": 1.016, "T6_C": 1.001, "T7_C": 1.51, "T8_C": 2.56, "T9_C": 1.58, "T10_C": 2.384, "T11_C": 3.32, "T12_C": 1.33, "T13_C": 2.045, "T14_C": 1.775, "T180_C": 3.32, "T181_C": 1.33}
[2025-08-23 23:21:03] Sassuolo vs Napoli - C Values: {"T1_C": 79, "T2_C": 19, "T3_C": 1.01, "T4_C": 16.6, "T5_C": 1.016, "T6_C": 1.001, "T7_C": 1.485, "T8_C": 2.632, "T9_C": 1.58, "T10_C": 2.384, "T11_C": 3.32, "T12_C": 1.33, "T13_C": 2.045, "T14_C": 1.775, "T180_C": 3.32, "T181_C": 1.33}
[2025-08-23 23:22:23] Sassuolo vs Napoli - C Values: {"T1_C": 78, "T2_C": 21, "T3_C": 1.008, "T4_C": 17.9, "T5_C": 1.01, "T6_C": 1.001, "T7_C": 1.485, "T8_C": 2.632, "T9_C": 1.63, "T10_C": 2.28, "T11_C": 3.32, "T12_C": 1.33, "T13_C": 2.045, "T14_C": 1.775, "T180_C": 3.32, "T181_C": 1.33}
[2025-08-23 23:22:54] Sassuolo vs Napoli - C Values: {"T1_C": 78, "T2_C": 21, "T3_C": 1.008, "T4_C": 17.9, "T5_C": 1.01, "T6_C": 1.001, "T7_C": 1.485, "T8_C": 2.632, "T9_C": 1.63, "T10_C": 2.28, "T11_C": 3.32, "T12_C": 1.33, "T13_C": 2.136, "T14_C": 1.71, "T180_C": 3.32, "T181_C": 1.33}
[2025-08-23 23:23:19] Sassuolo vs Napoli - C Values: {"T1_C": 78, "T2_C": 21, "T3_C": 1.008, "T4_C": 17.9, "T5_C": 1.01, "T6_C": 1.001, "T7_C": 1.485, "T8_C": 2.632, "T9_C": 1.63, "T10_C": 2.28, "T11_C": 3.432, "T12_C": 1.312, "T13_C": 2.136, "T14_C": 1.71, "T180_C": 3.432, "T181_C": 1.312}
[2025-08-23 23:23:45] Sassuolo vs Napoli - C Values: {"T1_C": 79, "T2_C": 19, "T3_C": 1.01, "T4_C": 16.6, "T5_C": 1.016, "T6_C": 1.001, "T7_C": 1.46, "T8_C": 2.712, "T9_C": 1.63, "T10_C": 2.28, "T11_C": 3.32, "T12_C": 1.33, "T13_C": 2.136, "T14_C": 1.71, "T180_C": 3.32, "T181_C": 1.33}
[2025-08-23 23:24:05] Sassuolo vs Napoli - C Values: {"T1_C": 78, "T2_C": 21, "T3_C": 1.008, "T4_C": 17.9, "T5_C": 1.01, "T6_C": 1.001, "T7_C": 1.46, "T8_C": 2.712, "T9_C": 1.685, "T10_C": 2.175, "T11_C": 3.432, "T12_C": 1.312, "T13_C": 2.136, "T14_C": 1.71, "T180_C": 3.432, "T181_C": 1.312}
[2025-08-23 23:24:41] Sassuolo vs Napoli - C Values: {"T1_C": 78, "T2_C": 21, "T3_C": 1.008, "T4_C": 17.9, "T5_C": 1.01, "T6_C": 1.001, "T7_C": 1.46, "T8_C": 2.712, "T9_C": 1.685, "T10_C": 2.175, "T11_C": 3.432, "T12_C": 1.312, "T13_C": 2.2, "T14_C": 1.67, "T180_C": 3.432, "T181_C": 1.312}
[2025-08-23 23:24:53] Sassuolo vs Napoli - C Values: {"T1_C": 78, "T2_C": 21, "T3_C": 1.008, "T4_C": 17.9, "T5_C": 1.01, "T6_C": 1.001, "T7_C": 1.432, "T8_C": 2.815, "T9_C": 1.685, "T10_C": 2.175, "T11_C": 3.432, "T12_C": 1.312, "T13_C": 2.2, "T14_C": 1.67, "T180_C": 3.432, "T181_C": 1.312}
[2025-08-23 23:25:00] Sassuolo vs Napoli - C Values: {"T1_C": 78, "T2_C": 21, "T3_C": 1.008, "T4_C": 17.9, "T5_C": 1.01, "T6_C": 1.001, "T7_C": 1.485, "T8_C": 2.632, "T9_C": 1.63, "T10_C": 2.28, "T11_C": 3.432, "T12_C": 1.312, "T13_C": 2.136, "T14_C": 1.71, "T180_C": 3.432, "T181_C": 1.312}
[2025-08-23 23:25:18] Sassuolo vs Napoli - C Values: {"T1_C": 78, "T2_C": 21, "T3_C": 1.008, "T4_C": 17.9, "T5_C": 1.01, "T6_C": 1.001, "T7_C": 1.432, "T8_C": 2.815, "T9_C": 1.685, "T10_C": 2.175, "T11_C": 3.432, "T12_C": 1.312, "T13_C": 2.2, "T14_C": 1.67, "T180_C": 3.432, "T181_C": 1.312}
[2025-08-23 23:25:31] Sassuolo vs Napoli - C Values: {"T1_C": 78, "T2_C": 21, "T3_C": 1.008, "T4_C": 17.9, "T5_C": 1.01, "T6_C": 1.001, "T7_C": 1.432, "T8_C": 2.815, "T9_C": 1.752, "T10_C": 2.075, "T11_C": 3.68, "T12_C": 1.28, "T13_C": 2.305, "T14_C": 1.616, "T180_C": 3.68, "T181_C": 1.28}
[2025-08-23 23:25:43] Sassuolo vs Napoli - C Values: {"T1_C": 78, "T2_C": 21, "T3_C": 1.008, "T4_C": 17.9, "T5_C": 1.01, "T6_C": 1.001, "T7_C": 1.432, "T8_C": 2.815, "T9_C": 1.752, "T10_C": 2.075, "T11_C": 3.6, "T12_C": 1.29, "T13_C": 2.305, "T14_C": 1.616, "T180_C": 3.6, "T181_C": 1.29}
[2025-08-23 23:27:33] Sassuolo vs Napoli - C Values: {"T1_C": 72, "T2_C": 22, "T3_C": 1.008, "T4_C": 26, "T5_C": 1.009, "T6_C": 1.001, "T7_C": 1.432, "T8_C": 2.815, "T9_C": 1.752, "T10_C": 2.075, "T11_C": 3.6, "T12_C": 1.29, "T13_C": 2.305, "T14_C": 1.616, "T180_C": 3.6, "T181_C": 1.29}
[2025-08-23 23:28:04] Sassuolo vs Napoli - C Values: {"T1_C": 86, "T2_C": 21, "T3_C": 1.008, "T4_C": 26, "T5_C": 1.009, "T6_C": 1.001, "T7_C": 1.42, "T8_C": 2.87, "T9_C": 1.752, "T10_C": 2.075, "T11_C": 3.86, "T12_C": 1.26, "T13_C": 2.41, "T14_C": 1.568, "T180_C": 3.86, "T181_C": 1.26}
[2025-08-23 23:28:17] Sassuolo vs Napoli - C Values: {"T1_C": 86, "T2_C": 21, "T3_C": 1.008, "T4_C": 26, "T5_C": 1.009, "T6_C": 1.001, "T7_C": 1.4, "T8_C": 2.95, "T9_C": 1.83, "T10_C": 1.975, "T11_C": 3.86, "T12_C": 1.26, "T13_C": 2.41, "T14_C": 1.568, "T180_C": 3.86, "T181_C": 1.26}
[2025-08-23 23:28:36] Sassuolo vs Napoli - C Values: {"T1_C": 86, "T2_C": 21, "T3_C": 1.008, "T4_C": 26, "T5_C": 1.009, "T6_C": 1.001, "T7_C": 1.4, "T8_C": 2.95, "T9_C": 1.85, "T10_C": 1.95, "T11_C": 3.86, "T12_C": 1.26, "T13_C": 2.41, "T14_C": 1.568, "T180_C": 3.86, "T181_C": 1.26}
[2025-08-23 23:29:04] Sassuolo vs Napoli - C Values: {"T1_C": 86, "T2_C": 21, "T3_C": 1.008, "T4_C": 26, "T5_C": 1.009, "T6_C": 1.001, "T7_C": 2.856, "T8_C": 1.42, "T9_C": 1.85, "T10_C": 1.95, "T11_C": 3.86, "T12_C": 1.26, "T13_C": 2.41, "T14_C": 1.568, "T180_C": 3.86, "T181_C": 1.26}
[2025-08-23 23:29:26] Sassuolo vs Napoli - C Values: {"T1_C": 86, "T2_C": 21, "T3_C": 1.008, "T4_C": 26, "T5_C": 1.009, "T6_C": 1.001, "T7_C": 1.4, "T8_C": 2.95, "T9_C": 1.85, "T10_C": 1.95, "T11_C": 3.86, "T12_C": 1.26, "T13_C": 2.41, "T14_C": 1.568, "T180_C": 3.86, "T181_C": 1.26}
[2025-08-23 23:29:39] Sassuolo vs Napoli - C Values: {"T1_C": 88, "T2_C": 21, "T3_C": 1.005, "T4_C": 26, "T5_C": 1.007, "T6_C": 1.001, "T7_C": 1.4, "T8_C": 2.95, "T9_C": 1.85, "T10_C": 1.95, "T11_C": 3.86, "T12_C": 1.26, "T13_C": 2.41, "T14_C": 1.568, "T180_C": 3.86, "T181_C": 1.26}
[2025-08-23 23:29:57] Sassuolo vs Napoli - C Values: {"T1_C": 86, "T2_C": 21, "T3_C": 1.008, "T4_C": 26, "T5_C": 1.009, "T6_C": 1.001, "T7_C": 1.4, "T8_C": 2.95, "T9_C": 1.85, "T10_C": 1.95, "T11_C": 3.86, "T12_C": 1.26, "T13_C": 2.41, "T14_C": 1.568, "T180_C": 3.86, "T181_C": 1.26}
[2025-08-23 23:30:03] Sassuolo vs Napoli - C Values: {"T1_C": 86, "T2_C": 21, "T3_C": 1.008, "T4_C": 26, "T5_C": 1.009, "T6_C": 1.001, "T7_C": 2.77, "T8_C": 1.445, "T9_C": 1.85, "T10_C": 1.95, "T11_C": 3.86, "T12_C": 1.26, "T13_C": 2.55, "T14_C": 1.512, "T180_C": 3.86, "T181_C": 1.26}
[2025-08-23 23:30:17] Sassuolo vs Napoli - C Values: {"T1_C": 86, "T2_C": 21, "T3_C": 1.008, "T4_C": 26, "T5_C": 1.009, "T6_C": 1.001, "T7_C": 2.856, "T8_C": 1.42, "T9_C": 1.85, "T10_C": 1.95, "T11_C": 3.86, "T12_C": 1.26, "T13_C": 2.55, "T14_C": 1.512, "T180_C": 3.86, "T181_C": 1.26}
[2025-08-23 23:30:48] Sassuolo vs Napoli - C Values: {"T1_C": 88, "T2_C": 21, "T3_C": 1.005, "T4_C": 26, "T5_C": 1.007, "T6_C": 1.001, "T7_C": 2.856, "T8_C": 1.42, "T9_C": 1.85, "T10_C": 1.95, "T11_C": 4.17, "T12_C": 1.23, "T13_C": 2.55, "T14_C": 1.512, "T180_C": 4.17, "T181_C": 1.23}
[2025-08-23 23:31:00] Sassuolo vs Napoli - C Values: {"T1_C": 88, "T2_C": 21, "T3_C": 1.005, "T4_C": 26, "T5_C": 1.007, "T6_C": 1.001, "T7_C": 3.015, "T8_C": 1.384, "T9_C": 1.975, "T10_C": 1.83, "T11_C": 4.17, "T12_C": 1.23, "T13_C": 2.55, "T14_C": 1.512, "T180_C": 4.17, "T181_C": 1.23}
[2025-08-23 23:31:07] Sassuolo vs Napoli - C Values: {"T1_C": 88, "T2_C": 21, "T3_C": 1.005, "T4_C": 26, "T5_C": 1.007, "T6_C": 1.001, "T7_C": 2.856, "T8_C": 1.42, "T9_C": 1.975, "T10_C": 1.83, "T11_C": 4.17, "T12_C": 1.23, "T13_C": 2.55, "T14_C": 1.512, "T180_C": 4.17, "T181_C": 1.23}
[2025-08-23 23:31:18] Sassuolo vs Napoli - C Values: {"T1_C": 88, "T2_C": 21, "T3_C": 1.005, "T4_C": 26, "T5_C": 1.007, "T6_C": 1.001, "T7_C": 3.015, "T8_C": 1.384, "T9_C": 1.975, "T10_C": 1.83, "T11_C": 4.17, "T12_C": 1.23, "T13_C": 2.55, "T14_C": 1.512, "T180_C": 4.17, "T181_C": 1.23}
[2025-08-23 23:31:42] Sassuolo vs Napoli - C Values: {"T1_C": 88, "T2_C": 21, "T3_C": 1.005, "T4_C": 26, "T5_C": 1.007, "T6_C": 1.001, "T7_C": 2.856, "T8_C": 1.42, "T9_C": 1.975, "T10_C": 1.83, "T11_C": 4.17, "T12_C": 1.23, "T13_C": 2.55, "T14_C": 1.512, "T180_C": 4.17, "T181_C": 1.23}
[2025-08-23 23:31:55] Sassuolo vs Napoli - C Values: {"T1_C": 88, "T2_C": 21, "T3_C": 1.005, "T4_C": 26, "T5_C": 1.007, "T6_C": 1.001, "T7_C": 2.77, "T8_C": 1.445, "T9_C": 1.975, "T10_C": 1.83, "T11_C": 4.17, "T12_C": 1.23, "T13_C": 2.55, "T14_C": 1.512, "T180_C": 4.17, "T181_C": 1.23}
[2025-08-23 23:32:13] Sassuolo vs Napoli - C Values: {"T1_C": 88, "T2_C": 21, "T3_C": 1.005, "T4_C": 26, "T5_C": 1.007, "T6_C": 1.001, "T7_C": 2.856, "T8_C": 1.42, "T9_C": 1.975, "T10_C": 1.83, "T11_C": 4.17, "T12_C": 1.23, "T13_C": 2.55, "T14_C": 1.512, "T180_C": 4.17, "T181_C": 1.23}
[2025-08-23 23:32:39] Sassuolo vs Napoli - C Values: {"T1_C": 88, "T2_C": 21, "T3_C": 1.005, "T4_C": 26, "T5_C": 1.007, "T6_C": 1.001, "T7_C": 2.856, "T8_C": 1.42, "T9_C": 1.975, "T10_C": 1.83, "T11_C": 4.34, "T12_C": 1.216, "T13_C": 2.68, "T14_C": 1.47, "T180_C": 4.34, "T181_C": 1.216}
[2025-08-23 23:33:09] Sassuolo vs Napoli - C Values: {"T1_C": 88, "T2_C": 21, "T3_C": 1.005, "T4_C": 26, "T5_C": 1.007, "T6_C": 1.001, "T7_C": 2.77, "T8_C": 1.445, "T9_C": 2.08, "T10_C": 1.75, "T11_C": 4.34, "T12_C": 1.216, "T13_C": 2.68, "T14_C": 1.47, "T180_C": 4.34, "T181_C": 1.216}
[2025-08-23 23:33:17] Sassuolo vs Napoli - C Values: {"T1_C": 88, "T2_C": 21, "T3_C": 1.005, "T4_C": 26, "T5_C": 1.007, "T6_C": 1.001, "T7_C": 2.77, "T8_C": 1.445, "T9_C": 2.056, "T10_C": 1.765, "T11_C": 4.34, "T12_C": 1.216, "T13_C": 2.68, "T14_C": 1.47, "T180_C": 4.34, "T181_C": 1.216}
[2025-08-23 23:33:28] Sassuolo vs Napoli - C Values: {"T1_C": 81, "T2_C": 22, "T3_C": 1.005, "T4_C": 29, "T5_C": 1.006, "T6_C": 1.001, "T7_C": 2.856, "T8_C": 1.42, "T9_C": 2.056, "T10_C": 1.765, "T11_C": 4.34, "T12_C": 1.216, "T13_C": 2.68, "T14_C": 1.47, "T180_C": 4.34, "T181_C": 1.216}
[2025-08-23 23:33:53] Sassuolo vs Napoli - C Values: {"T1_C": 88, "T2_C": 21, "T3_C": 1.005, "T4_C": 26, "T5_C": 1.007, "T6_C": 1.001, "T7_C": 2.77, "T8_C": 1.445, "T9_C": 2.056, "T10_C": 1.765, "T11_C": 4.34, "T12_C": 1.216, "T13_C": 2.89, "T14_C": 1.416, "T180_C": 4.34, "T181_C": 1.216}
[2025-08-23 23:34:12] Sassuolo vs Napoli - C Values: {"T1_C": 81, "T2_C": 22, "T3_C": 1.005, "T4_C": 29, "T5_C": 1.006, "T6_C": 1.001, "T7_C": 2.77, "T8_C": 1.445, "T9_C": 2.056, "T10_C": 1.765, "T11_C": 4.34, "T12_C": 1.216, "T13_C": 2.89, "T14_C": 1.416, "T180_C": 4.34, "T181_C": 1.216}
[2025-08-23 23:34:50] Sassuolo vs Napoli - C Values: {"T1_C": 98, "T2_C": 21, "T3_C": 1.005, "T7_C": 2.856, "T8_C": 1.42, "T9_C": 2.16, "T10_C": 1.696, "T11_C": 4.78, "T12_C": 1.184, "T13_C": 2.89, "T14_C": 1.416, "T180_C": 4.78, "T181_C": 1.184}
[2025-08-23 23:34:56] Sassuolo vs Napoli - C Values: {"T1_C": 81, "T2_C": 22, "T3_C": 1.005, "T4_C": 29, "T5_C": 1.006, "T6_C": 1.001, "T7_C": 2.696, "T8_C": 1.465, "T9_C": 2.16, "T10_C": 1.696, "T11_C": 4.34, "T12_C": 1.216, "T13_C": 2.89, "T14_C": 1.416, "T180_C": 4.34, "T181_C": 1.216}
[2025-08-23 23:35:26] Sassuolo vs Napoli - C Values: {"T1_C": 98, "T2_C": 21, "T3_C": 1.005, "T7_C": 2.77, "T8_C": 1.445, "T9_C": 2.16, "T10_C": 1.696, "T11_C": 4.78, "T12_C": 1.184, "T13_C": 3.105, "T14_C": 1.37, "T180_C": 4.78, "T181_C": 1.184}
[2025-08-23 23:36:02] Sassuolo vs Napoli - C Values: {"T1_C": 132, "T2_C": 20, "T3_C": 1.005, "T7_C": 2.856, "T8_C": 1.42, "T9_C": 2.26, "T10_C": 1.64, "T11_C": 4.78, "T12_C": 1.184, "T13_C": 3.105, "T14_C": 1.37, "T180_C": 4.78, "T181_C": 1.184}
[2025-08-23 23:36:32] Sassuolo vs Napoli - C Values: {"T1_C": 155, "T2_C": 20, "T3_C": 1.005, "T7_C": 3.015, "T8_C": 1.384, "T9_C": 2.26, "T10_C": 1.64, "T11_C": 5.25, "T12_C": 1.16, "T13_C": 3.105, "T14_C": 1.37, "T180_C": 5.25, "T181_C": 1.16}
[2025-08-23 23:36:39] Sassuolo vs Napoli - C Values: {"T1_C": 97, "T2_C": 21, "T3_C": 1.005, "T7_C": 2.6, "T8_C": 1.496, "T9_C": 2.26, "T10_C": 1.64, "T11_C": 4.78, "T12_C": 1.184, "T13_C": 3.26, "T14_C": 1.34, "T180_C": 4.78, "T181_C": 1.184}
[2025-08-23 23:37:04] Sassuolo vs Napoli - C Values: {"T1_C": 129, "T2_C": 20, "T3_C": 1.005, "T7_C": 2.696, "T8_C": 1.464, "T9_C": 2.36, "T10_C": 1.59, "T11_C": 4.78, "T12_C": 1.184, "T13_C": 3.26, "T14_C": 1.34, "T180_C": 4.78, "T181_C": 1.184}
[2025-08-23 23:37:16] Sassuolo vs Napoli - C Values: {"T1_C": 132, "T2_C": 20, "T3_C": 1.005, "T7_C": 2.6, "T8_C": 1.496, "T9_C": 2.36, "T10_C": 1.59, "T11_C": 4.78, "T12_C": 1.184, "T13_C": 3.36, "T14_C": 1.325, "T180_C": 4.78, "T181_C": 1.184}
[2025-08-23 23:37:53] Sassuolo vs Napoli - C Values: {"T1_C": 155, "T2_C": 20, "T3_C": 1.005, "T7_C": 2.6, "T8_C": 1.496, "T9_C": 2.46, "T10_C": 1.545, "T11_C": 5.25, "T12_C": 1.16, "T13_C": 3.36, "T14_C": 1.325, "T180_C": 5.25, "T181_C": 1.16}
[2025-08-23 23:38:21] Sassuolo vs Napoli - C Values: {"T1_C": 155, "T2_C": 20, "T3_C": 1.005, "T7_C": 2.696, "T8_C": 1.464, "T9_C": 2.56, "T10_C": 1.51, "T11_C": 5.25, "T12_C": 1.16, "T13_C": 3.6, "T14_C": 1.29, "T180_C": 5.25, "T181_C": 1.16}
[2025-08-23 23:38:28] Sassuolo vs Napoli - C Values: {"T1_C": 155, "T2_C": 20, "T3_C": 1.005, "T7_C": 2.696, "T8_C": 1.464, "T9_C": 2.46, "T10_C": 1.545, "T11_C": 5.25, "T12_C": 1.16, "T13_C": 3.36, "T14_C": 1.325, "T180_C": 5.25, "T181_C": 1.16}
[2025-08-23 23:38:34] Sassuolo vs Napoli - C Values: {"T1_C": 171, "T2_C": 20, "T3_C": 1.001, "T7_C": 1.365, "T8_C": 3.13, "T9_C": 2.26, "T10_C": 1.64, "T11_C": 6.65, "T12_C": 1.11, "T13_C": 2.68, "T14_C": 1.47, "T180_C": 6.65, "T181_C": 1.11}
[2025-08-23 23:38:56] Sassuolo vs Napoli - C Values: {"T1_C": 171, "T2_C": 20, "T3_C": 1.001, "T7_C": 1.365, "T8_C": 3.13, "T9_C": 2.36, "T10_C": 1.59, "T11_C": 7.5, "T12_C": 1.085, "T13_C": 2.89, "T14_C": 1.416, "T180_C": 7.5, "T181_C": 1.085}
[2025-08-23 23:39:02] Sassuolo vs Napoli - C Values: {"T7_C": 1.4, "T8_C": 2.94, "T9_C": 2.36, "T10_C": 1.59, "T11_C": 9.42, "T12_C": 1.056, "T13_C": 2.68, "T14_C": 1.47, "T180_C": 9.42, "T181_C": 1.056}
[2025-08-23 23:39:13] Sassuolo vs Napoli - C Values: {"T7_C": 1.4, "T8_C": 2.94, "T9_C": 2.36, "T10_C": 1.59, "T11_C": 10, "T12_C": 1.048, "T13_C": 2.656, "T14_C": 1.48, "T180_C": 10, "T181_C": 1.048}
[2025-08-23 23:39:25] Sassuolo vs Napoli - C Values: {"T7_C": 1.375, "T8_C": 3.064, "T9_C": 2.56, "T10_C": 1.51, "T11_C": 11.9, "T12_C": 1.03, "T13_C": 2.656, "T14_C": 1.48, "T180_C": 11.9, "T181_C": 1.03}
[2025-08-23 23:39:32] Sassuolo vs Napoli - C Values: {"T7_C": 1.375, "T8_C": 3.064, "T9_C": 2.56, "T10_C": 1.51, "T11_C": 12.2, "T12_C": 1.03, "T13_C": 2.656, "T14_C": 1.48, "T180_C": 12.2, "T181_C": 1.03}
[2025-08-23 23:39:38] Sassuolo vs Napoli - C Values: {"T7_C": 1.375, "T8_C": 3.064, "T9_C": 2.56, "T10_C": 1.51, "T11_C": 10.5, "T12_C": 1.045, "T13_C": 2.656, "T14_C": 1.48, "T180_C": 10.5, "T181_C": 1.045}
[2025-08-23 23:39:56] Sassuolo vs Napoli - C Values: {"T7_C": 1.375, "T8_C": 3.064, "T9_C": 2.56, "T10_C": 1.51, "T11_C": 12.2, "T12_C": 1.03, "T13_C": 2.865, "T14_C": 1.42, "T180_C": 12.2, "T181_C": 1.03}
[2025-08-23 23:40:32] Sassuolo vs Napoli - C Values: {"T7_C": 1.35, "T8_C": 3.2, "T9_C": 2.755, "T10_C": 1.45, "T11_C": 12.2, "T12_C": 1.03, "T13_C": 2.865, "T14_C": 1.42, "T180_C": 12.2, "T181_C": 1.03}
[2025-08-23 23:40:57] Sassuolo vs Napoli - C Values: {"T7_C": 1.35, "T8_C": 3.2, "T9_C": 2.755, "T10_C": 1.45, "T11_C": 12.2, "T12_C": 1.03, "T13_C": 2.89, "T14_C": 1.416, "T180_C": 12.2, "T181_C": 1.03}
[2025-08-23 23:41:44] Sassuolo vs Napoli - C Values: {"T7_C": 1.32, "T8_C": 3.36, "T9_C": 2.755, "T10_C": 1.45, "T11_C": 13, "T12_C": 1.025, "T13_C": 3.105, "T14_C": 1.37, "T180_C": 13, "T181_C": 1.025}
[2025-08-23 23:42:03] Sassuolo vs Napoli - C Values: {"T7_C": 1.32, "T8_C": 3.36, "T9_C": 2.755, "T10_C": 1.45, "T11_C": 13, "T12_C": 1.025, "T13_C": 3.08, "T14_C": 1.375, "T180_C": 13, "T181_C": 1.025}
[2025-08-23 23:42:29] Sassuolo vs Napoli - C Values: {"T7_C": 1.32, "T8_C": 3.36, "T9_C": 2.755, "T10_C": 1.45, "T11_C": 10.5, "T12_C": 1.045, "T13_C": 3.08, "T14_C": 1.375, "T180_C": 10.5, "T181_C": 1.045}
[2025-08-23 23:42:48] Sassuolo vs Napoli - C Values: {"T7_C": 1.296, "T8_C": 3.54, "T9_C": 2.755, "T10_C": 1.45, "T11_C": 10.5, "T12_C": 1.045, "T13_C": 3.08, "T14_C": 1.375, "T180_C": 10.5, "T181_C": 1.045}
[2025-08-23 23:43:13] Sassuolo vs Napoli - C Values: {"T7_C": 1.296, "T8_C": 3.54, "T9_C": 2.95, "T10_C": 1.4, "T11_C": 13.5, "T12_C": 1.02, "T13_C": 3.24, "T14_C": 1.344, "T180_C": 13.5, "T181_C": 1.02}
[2025-08-23 23:43:32] Sassuolo vs Napoli - C Values: {"T7_C": 1.296, "T8_C": 3.54, "T9_C": 2.95, "T10_C": 1.4, "T11_C": 12.2, "T12_C": 1.03, "T13_C": 3.24, "T14_C": 1.344, "T180_C": 12.2, "T181_C": 1.03}
[2025-08-23 23:43:38] Sassuolo vs Napoli - C Values: {"T7_C": 1.27, "T8_C": 3.76, "T9_C": 2.95, "T10_C": 1.4, "T11_C": 12.2, "T12_C": 1.03, "T13_C": 3.32, "T14_C": 1.33, "T180_C": 12.2, "T181_C": 1.03}
[2025-08-23 23:44:18] Sassuolo vs Napoli - C Values: {"T7_C": 1.35, "T8_C": 3.2, "T9_C": 2.56, "T10_C": 1.51, "T11_C": 12.2, "T12_C": 1.03, "T13_C": 2.865, "T14_C": 1.42, "T180_C": 12.2, "T181_C": 1.03}
[2025-08-23 23:44:24] Sassuolo vs Napoli - C Values: {"T7_C": 1.44, "T8_C": 2.78, "T9_C": 2.36, "T10_C": 1.59, "T11_C": 12.2, "T12_C": 1.03, "T13_C": 2.525, "T14_C": 1.525, "T180_C": 12.2, "T181_C": 1.03}
[2025-08-23 23:44:46] Sassuolo vs Napoli - C Values: {"T7_C": 1.4, "T8_C": 2.94, "T9_C": 2.46, "T10_C": 1.545, "T11_C": 12.2, "T12_C": 1.03, "T13_C": 2.525, "T14_C": 1.525, "T180_C": 12.2, "T181_C": 1.03}
[2025-08-23 23:44:59] Sassuolo vs Napoli - C Values: {"T7_C": 1.4, "T8_C": 2.94, "T9_C": 2.46, "T10_C": 1.545, "T11_C": 12.2, "T12_C": 1.03, "T13_C": 2.656, "T14_C": 1.48, "T180_C": 12.2, "T181_C": 1.03}
[2025-08-23 23:45:17] Sassuolo vs Napoli - C Values: {"T7_C": 1.21, "T8_C": 4.42, "T9_C": 15, "T10_C": 1.01, "T11_C": 13.5, "T12_C": 1.02, "T13_C": 3.82, "T14_C": 1.264, "T180_C": 13.5, "T181_C": 1.02}
[2025-08-23 23:45:23] Sassuolo vs Napoli - C Values: {"T7_C": 1.21, "T8_C": 4.42, "T9_C": 3.7, "T10_C": 1.275, "T11_C": 14.6, "T12_C": 1.016, "T13_C": 3.82, "T14_C": 1.264, "T180_C": 14.6, "T181_C": 1.016}
[2025-08-23 23:45:48] Sassuolo vs Napoli - C Values: {"T7_C": 1.19, "T8_C": 4.72, "T9_C": 15, "T10_C": 1.01, "T11_C": 14.6, "T12_C": 1.016, "T13_C": 4.13, "T14_C": 1.232, "T180_C": 14.6, "T181_C": 1.016}
[2025-08-23 23:45:54] Sassuolo vs Napoli - C Values: {"T7_C": 1.2, "T8_C": 4.56, "T9_C": 15, "T10_C": 1.016, "T11_C": 13, "T12_C": 1.025, "T13_C": 4.13, "T14_C": 1.232, "T180_C": 13, "T181_C": 1.025}
[2025-08-23 23:46:01] Sassuolo vs Napoli - C Values: {"T7_C": 4.6, "T8_C": 1.195, "T9_C": 3.74, "T10_C": 1.275, "T11_C": 13, "T12_C": 1.025, "T13_C": 4.17, "T14_C": 1.23, "T180_C": 13, "T181_C": 1.025}
[2025-08-23 23:46:08] Sassuolo vs Napoli - C Values: {"T7_C": 4.6, "T8_C": 1.195, "T9_C": 3.74, "T10_C": 1.275, "T11_C": 12.5, "T12_C": 1.025, "T13_C": 4.17, "T14_C": 1.23, "T180_C": 12.5, "T181_C": 1.025}
[2025-08-23 23:46:14] Sassuolo vs Napoli - C Values: {"T7_C": 1.175, "T8_C": 4.9, "T9_C": 15, "T10_C": 1.01, "T11_C": 12.5, "T12_C": 1.025, "T13_C": 4.17, "T14_C": 1.23, "T180_C": 12.5, "T181_C": 1.025}
[2025-08-23 23:46:27] Sassuolo vs Napoli - C Values: {"T7_C": 4.56, "T8_C": 1.2, "T9_C": 15, "T10_C": 1.01, "T11_C": 11.9, "T12_C": 1.03, "T13_C": 4.34, "T14_C": 1.216, "T180_C": 11.9, "T181_C": 1.03}
[2025-08-23 23:46:33] Sassuolo vs Napoli - C Values: {"T7_C": 4.76, "T8_C": 1.184, "T9_C": 4.1, "T10_C": 1.235, "T11_C": 12.5, "T12_C": 1.025, "T13_C": 4.34, "T14_C": 1.216, "T180_C": 12.5, "T181_C": 1.025}
[2025-08-23 23:46:40] Sassuolo vs Napoli - C Values: {"T7_C": 4.26, "T8_C": 1.22, "T9_C": 4.06, "T10_C": 1.24, "T11_C": 11.9, "T12_C": 1.03, "T13_C": 4.72, "T14_C": 1.19, "T180_C": 11.9, "T181_C": 1.03}
[2025-08-23 23:47:10] Sassuolo vs Napoli - C Values: {"T7_C": 4.26, "T8_C": 1.22, "T11_C": 12.5, "T12_C": 1.025, "T13_C": 4.72, "T14_C": 1.19, "T180_C": 12.5, "T181_C": 1.025}
[2025-08-23 23:47:21] Sassuolo vs Napoli - C Values: {"T7_C": 4.26, "T8_C": 1.22, "T11_C": 12.5, "T12_C": 1.025, "T13_C": 4.78, "T14_C": 1.184, "T180_C": 12.5, "T181_C": 1.025}
[2025-08-23 23:47:28] Sassuolo vs Napoli - C Values: {"T7_C": 4.26, "T8_C": 1.22, "T11_C": 13.7, "T12_C": 1.02, "T13_C": 5.21, "T14_C": 1.16, "T180_C": 13.7, "T181_C": 1.02}
[2025-08-23 23:47:34] Sassuolo vs Napoli - C Values: {"T7_C": 4.26, "T8_C": 1.22, "T9_C": 4.3, "T10_C": 1.22, "T11_C": 12, "T12_C": 1.025, "T13_C": 4.72, "T14_C": 1.19, "T180_C": 12, "T181_C": 1.025}
[2025-08-23 23:47:47] Sassuolo vs Napoli - C Values: {"T7_C": 4.26, "T8_C": 1.22, "T9_C": 4.06, "T10_C": 1.24, "T11_C": 12.2, "T12_C": 1.03, "T13_C": 4.72, "T14_C": 1.19, "T180_C": 12.2, "T181_C": 1.03}
[2025-08-23 23:48:05] Sassuolo vs Napoli - C Values: {"T7_C": 4.26, "T8_C": 1.22, "T11_C": 13, "T12_C": 1.025, "T13_C": 4.72, "T14_C": 1.19, "T180_C": 13, "T181_C": 1.025}
[2025-08-23 23:48:11] Sassuolo vs Napoli - C Values: {"T7_C": 4.26, "T8_C": 1.22, "T11_C": 12.5, "T12_C": 1.025, "T13_C": 4.78, "T14_C": 1.184, "T180_C": 12.5, "T181_C": 1.025}
[2025-08-23 23:48:23] Sassuolo vs Napoli - C Values: {"T7_C": 4.26, "T8_C": 1.22, "T11_C": 12.5, "T12_C": 1.025, "T13_C": 5.25, "T14_C": 1.16, "T180_C": 12.5, "T181_C": 1.025}
[2025-08-23 23:48:29] Sassuolo vs Napoli - C Values: {"T7_C": 4.26, "T8_C": 1.22, "T9_C": 4.46, "T10_C": 1.208, "T11_C": 12.5, "T12_C": 1.025, "T13_C": 5.25, "T14_C": 1.16, "T180_C": 12.5, "T181_C": 1.025}
[2025-08-23 23:48:35] Sassuolo vs Napoli - C Values: {"T7_C": 4.26, "T8_C": 1.22, "T9_C": 4.1, "T10_C": 1.235, "T11_C": 11.9, "T12_C": 1.03, "T13_C": 4.78, "T14_C": 1.184, "T180_C": 11.9, "T181_C": 1.03}
[2025-08-23 23:48:41] Sassuolo vs Napoli - C Values: {"T7_C": 4.26, "T8_C": 1.22, "T9_C": 4.06, "T10_C": 1.24, "T11_C": 11.9, "T12_C": 1.03, "T13_C": 4.72, "T14_C": 1.19, "T180_C": 11.9, "T181_C": 1.03}
[2025-08-23 23:48:54] Sassuolo vs Napoli - C Values: {"T7_C": 4.14, "T8_C": 1.23, "T9_C": 6.7, "T10_C": 1.104, "T11_C": 14.3, "T12_C": 1.016, "T13_C": 7.5, "T14_C": 1.09, "T180_C": 14.3, "T181_C": 1.016}
[2025-08-23 23:49:13] Sassuolo vs Napoli - C Values: {"T7_C": 4.14, "T8_C": 1.23, "T11_C": 15, "T12_C": 1.016, "T13_C": 7.5, "T14_C": 1.09, "T180_C": 15, "T181_C": 1.016}
[2025-08-23 23:49:31] Sassuolo vs Napoli - C Values: {"T7_C": 4.14, "T8_C": 1.23, "T9_C": 6.95, "T10_C": 1.1, "T11_C": 15, "T12_C": 1.016, "T13_C": 8.43, "T14_C": 1.07, "T180_C": 15, "T181_C": 1.016}
[2025-08-23 23:49:38] Sassuolo vs Napoli - C Values: {"T7_C": 4.14, "T8_C": 1.23, "T9_C": 6.55, "T10_C": 1.11, "T11_C": 15, "T12_C": 1.016, "T13_C": 8.43, "T14_C": 1.07, "T180_C": 15, "T181_C": 1.016}
[2025-08-23 23:49:51] Sassuolo vs Napoli - C Values: {"T7_C": 4.14, "T8_C": 1.23, "T9_C": 7, "T10_C": 1.1, "T11_C": 15, "T12_C": 1.016, "T13_C": 8.43, "T14_C": 1.07, "T180_C": 15, "T181_C": 1.016}
[2025-08-23 23:50:08] Sassuolo vs Napoli - C Values: {"T7_C": 4.14, "T8_C": 1.23, "T11_C": 15, "T12_C": 1.01, "T13_C": 9.3, "T14_C": 1.056, "T180_C": 15, "T181_C": 1.01}
[2025-08-23 23:50:34] Sassuolo vs Napoli - C Values: {"T7_C": 4.14, "T8_C": 1.23, "T13_C": 10, "T14_C": 1.048, "T180_C": 16, "T181_C": 1.008}
[2025-08-23 23:50:45] Sassuolo vs Napoli - C Values: {"T7_C": 4.14, "T8_C": 1.23}
[2025-08-23 23:51:04] Sassuolo vs Napoli - C Values: {"T7_C": 4.14, "T8_C": 1.23, "T9_C": 9.1, "T10_C": 1.06}
[2025-08-23 23:51:24] Sassuolo vs Napoli - C Values: {"T7_C": 4.14, "T8_C": 1.23, "T9_C": 8.6, "T10_C": 1.065}
[2025-08-23 23:51:29] Sassuolo vs Napoli - C Values: {"T7_C": 4.14, "T8_C": 1.23, "T9_C": 9.3, "T10_C": 1.056}
